#
# There is insufficient memory for the Java Runtime Environment to continue.
# Native memory allocation (malloc) failed to allocate 603056 bytes for Chunk::new
# Possible reasons:
#   The system is out of physical RAM or swap space
#   In 32 bit mode, the process size limit was hit
# Possible solutions:
#   Reduce memory load on the system
#   Increase physical memory or swap space
#   Check if swap backing store is full
#   Use 64 bit Java on a 64 bit OS
#   Decrease Java heap size (-Xmx/-Xms)
#   Decrease number of Java threads
#   Decrease Java thread stack sizes (-Xss)
#   Set larger code cache with -XX:ReservedCodeCacheSize=
# This output file may be truncated or incomplete.
#
#  Out of Memory Error (allocation.cpp:390), pid=1092, tid=8492
#
# JRE version: Java(TM) SE Runtime Environment (8.0_60-b27) (build 1.8.0_60-b27)
# Java VM: Java HotSpot(TM) 64-Bit Server VM (25.60-b23 mixed mode windows-amd64 compressed oops)
# Failed to write core dump. Minidumps are not enabled by default on client versions of Windows
#

---------------  T H R E A D  ---------------

Current thread (0x0000000014f00000):  JavaThread "C2 CompilerThread1" daemon [_thread_in_native, id=8492, stack(0x0000000016640000,0x0000000016740000)]

Stack: [0x0000000016640000,0x0000000016740000]
[error occurred during error reporting (printing stack bounds), id 0xc0000005]

Native frames: (J=compiled Java code, j=interpreted, Vv=VM code, C=native code)


Current CompileTask:
C2:   6210 2153 %     4       com.android.dx.dex.code.LocalList::make @ 16 (102 bytes)


---------------  P R O C E S S  ---------------

Java Threads: ( => current thread )
  0x0000000016a7d000 JavaThread "pool-1-thread-1" [_thread_in_Java, id=8448, stack(0x0000000018b10000,0x0000000018c10000)]
  0x0000000014f5e000 JavaThread "Service Thread" daemon [_thread_blocked, id=6796, stack(0x0000000016c40000,0x0000000016d40000)]
  0x0000000016748800 JavaThread "C1 CompilerThread2" daemon [_thread_blocked, id=7080, stack(0x0000000016b40000,0x0000000016c40000)]
=>0x0000000014f00000 JavaThread "C2 CompilerThread1" daemon [_thread_in_native, id=8492, stack(0x0000000016640000,0x0000000016740000)]
  0x0000000014ef9800 JavaThread "C2 CompilerThread0" daemon [_thread_in_native, id=2768, stack(0x0000000016540000,0x0000000016640000)]
  0x0000000014ef7800 JavaThread "Attach Listener" daemon [_thread_blocked, id=8620, stack(0x0000000016440000,0x0000000016540000)]
  0x0000000014ef6000 JavaThread "Signal Dispatcher" daemon [_thread_blocked, id=7180, stack(0x0000000016340000,0x0000000016440000)]
  0x0000000002800800 JavaThread "Finalizer" daemon [_thread_blocked, id=5544, stack(0x0000000016150000,0x0000000016250000)]
  0x00000000027fd000 JavaThread "Reference Handler" daemon [_thread_blocked, id=2160, stack(0x0000000016050000,0x0000000016150000)]
  0x0000000002711000 JavaThread "main" [_thread_blocked, id=5568, stack(0x00000000025e0000,0x00000000026e0000)]

Other Threads:
  0x0000000014ec8000 VMThread [stack: 0x0000000015f50000,0x0000000016050000] [id=5220]
  0x0000000016761000 WatcherThread [stack: 0x0000000016d40000,0x0000000016e40000] [id=4328]

VM state:not at safepoint (normal execution)

VM Mutex/Monitor currently owned by a thread: None

Heap:
 PSYoungGen      total 28672K, used 3248K [0x00000000eab00000, 0x00000000efd00000, 0x0000000100000000)
  eden space 26112K, 2% used [0x00000000eab00000,0x00000000eabac220,0x00000000ec480000)
  from space 2560K, 100% used [0x00000000ecd80000,0x00000000ed000000,0x00000000ed000000)
  to   space 9216K, 0% used [0x00000000ec480000,0x00000000ec480000,0x00000000ecd80000)
 ParOldGen       total 44032K, used 18944K [0x00000000c0000000, 0x00000000c2b00000, 0x00000000eab00000)
  object space 44032K, 43% used [0x00000000c0000000,0x00000000c12800c0,0x00000000c2b00000)
 Metaspace       used 6594K, capacity 7352K, committed 7552K, reserved 1056768K
  class space    used 619K, capacity 624K, committed 640K, reserved 1048576K

Card table byte_map: [0x0000000011bd0000,0x0000000011de0000] byte_map_base: 0x00000000115d0000

Marking Bits: (ParMarkBitMap*) 0x00000000626ba5b0
 Begin Bits: [0x0000000012340000, 0x0000000013340000)
 End Bits:   [0x0000000013340000, 0x0000000014340000)

Polling page: 0x0000000000d80000

CodeCache: size=245760Kb used=8491Kb max_used=8492Kb free=237268Kb
 bounds [0x0000000002810000, 0x0000000003070000, 0x0000000011810000]
 total_blobs=2400 nmethods=2130 adapters=182
 compilation: enabled

Compilation events (10 events):
Event: 6.187 Thread 0x0000000014f00000 2153 %     4       com.android.dx.dex.code.LocalList::make @ 16 (102 bytes)
Event: 6.192 Thread 0x0000000014ef9800 nmethod 2152% 0x000000000304fc50 code [0x000000000304fdc0, 0x00000000030502d8]
Event: 6.192 Thread 0x0000000014ef9800 2154 %     4       com.android.dx.dex.code.OutputFinisher::assignIndices @ 8 (46 bytes)
Event: 6.202 Thread 0x0000000014ef9800 nmethod 2154% 0x0000000003062190 code [0x0000000003062320, 0x0000000003062818]
Event: 6.202 Thread 0x0000000014ef9800 2155       4       com.android.dx.dex.code.OutputFinisher::assignIndices (46 bytes)
Event: 6.204 Thread 0x0000000016748800 2158       3       java.util.TreeMap::put (247 bytes)
Event: 6.205 Thread 0x0000000016748800 nmethod 2158 0x0000000003050710 code [0x0000000003050980, 0x0000000003051b58]
Event: 6.206 Thread 0x0000000016748800 2159       1       com.android.dx.dex.code.CatchHandlerList$Entry::getHandler (5 bytes)
Event: 6.206 Thread 0x0000000016748800 nmethod 2159 0x000000000304ba90 code [0x000000000304bbe0, 0x000000000304bcf0]
Event: 6.206 Thread 0x0000000016748800 2160       3       com.android.dx.dex.file.StringIdsSection::get (49 bytes)

GC Heap History (10 events):
Event: 1.571 GC heap before
{Heap before GC invocations=2 (full 0):
 PSYoungGen      total 18944K, used 18936K [0x00000000eab00000, 0x00000000ec000000, 0x0000000100000000)
  eden space 16384K, 100% used [0x00000000eab00000,0x00000000ebb00000,0x00000000ebb00000)
  from space 2560K, 99% used [0x00000000ebb00000,0x00000000ebd7e068,0x00000000ebd80000)
  to   space 2560K, 0% used [0x00000000ebd80000,0x00000000ebd80000,0x00000000ec000000)
 ParOldGen       total 44032K, used 1015K [0x00000000c0000000, 0x00000000c2b00000, 0x00000000eab00000)
  object space 44032K, 2% used [0x00000000c0000000,0x00000000c00fdf80,0x00000000c2b00000)
 Metaspace       used 5919K, capacity 6832K, committed 7040K, reserved 1056768K
  class space    used 597K, capacity 616K, committed 640K, reserved 1048576K
Event: 1.591 GC heap after
Heap after GC invocations=2 (full 0):
 PSYoungGen      total 18944K, used 2554K [0x00000000eab00000, 0x00000000ed000000, 0x0000000100000000)
  eden space 16384K, 0% used [0x00000000eab00000,0x00000000eab00000,0x00000000ebb00000)
  from space 2560K, 99% used [0x00000000ebd80000,0x00000000ebffeaa8,0x00000000ec000000)
  to   space 2560K, 0% used [0x00000000ebb00000,0x00000000ebb00000,0x00000000ebd80000)
 ParOldGen       total 44032K, used 2667K [0x00000000c0000000, 0x00000000c2b00000, 0x00000000eab00000)
  object space 44032K, 6% used [0x00000000c0000000,0x00000000c029ae40,0x00000000c2b00000)
 Metaspace       used 5919K, capacity 6832K, committed 7040K, reserved 1056768K
  class space    used 597K, capacity 616K, committed 640K, reserved 1048576K
}
Event: 2.412 GC heap before
{Heap before GC invocations=3 (full 0):
 PSYoungGen      total 18944K, used 18938K [0x00000000eab00000, 0x00000000ed000000, 0x0000000100000000)
  eden space 16384K, 100% used [0x00000000eab00000,0x00000000ebb00000,0x00000000ebb00000)
  from space 2560K, 99% used [0x00000000ebd80000,0x00000000ebffeaa8,0x00000000ec000000)
  to   space 2560K, 0% used [0x00000000ebb00000,0x00000000ebb00000,0x00000000ebd80000)
 ParOldGen       total 44032K, used 2667K [0x00000000c0000000, 0x00000000c2b00000, 0x00000000eab00000)
  object space 44032K, 6% used [0x00000000c0000000,0x00000000c029ae40,0x00000000c2b00000)
 Metaspace       used 6093K, capacity 7024K, committed 7296K, reserved 1056768K
  class space    used 598K, capacity 616K, committed 640K, reserved 1048576K
Event: 2.432 GC heap after
Heap after GC invocations=3 (full 0):
 PSYoungGen      total 18944K, used 2528K [0x00000000eab00000, 0x00000000ed000000, 0x0000000100000000)
  eden space 16384K, 0% used [0x00000000eab00000,0x00000000eab00000,0x00000000ebb00000)
  from space 2560K, 98% used [0x00000000ebb00000,0x00000000ebd78038,0x00000000ebd80000)
  to   space 2560K, 0% used [0x00000000ecd80000,0x00000000ecd80000,0x00000000ed000000)
 ParOldGen       total 44032K, used 5413K [0x00000000c0000000, 0x00000000c2b00000, 0x00000000eab00000)
  object space 44032K, 12% used [0x00000000c0000000,0x00000000c0549538,0x00000000c2b00000)
 Metaspace       used 6093K, capacity 7024K, committed 7296K, reserved 1056768K
  class space    used 598K, capacity 616K, committed 640K, reserved 1048576K
}
Event: 3.151 GC heap before
{Heap before GC invocations=4 (full 0):
 PSYoungGen      total 18944K, used 18912K [0x00000000eab00000, 0x00000000ed000000, 0x0000000100000000)
  eden space 16384K, 100% used [0x00000000eab00000,0x00000000ebb00000,0x00000000ebb00000)
  from space 2560K, 98% used [0x00000000ebb00000,0x00000000ebd78038,0x00000000ebd80000)
  to   space 2560K, 0% used [0x00000000ecd80000,0x00000000ecd80000,0x00000000ed000000)
 ParOldGen       total 44032K, used 5413K [0x00000000c0000000, 0x00000000c2b00000, 0x00000000eab00000)
  object space 44032K, 12% used [0x00000000c0000000,0x00000000c0549538,0x00000000c2b00000)
 Metaspace       used 6197K, capacity 7088K, committed 7296K, reserved 1056768K
  class space    used 598K, capacity 616K, committed 640K, reserved 1048576K
Event: 3.261 GC heap after
Heap after GC invocations=4 (full 0):
 PSYoungGen      total 35328K, used 2544K [0x00000000eab00000, 0x00000000ed000000, 0x0000000100000000)
  eden space 32768K, 0% used [0x00000000eab00000,0x00000000eab00000,0x00000000ecb00000)
  from space 2560K, 99% used [0x00000000ecd80000,0x00000000ecffc028,0x00000000ed000000)
  to   space 2560K, 0% used [0x00000000ecb00000,0x00000000ecb00000,0x00000000ecd80000)
 ParOldGen       total 44032K, used 8266K [0x00000000c0000000, 0x00000000c2b00000, 0x00000000eab00000)
  object space 44032K, 18% used [0x00000000c0000000,0x00000000c0812880,0x00000000c2b00000)
 Metaspace       used 6197K, capacity 7088K, committed 7296K, reserved 1056768K
  class space    used 598K, capacity 616K, committed 640K, reserved 1048576K
}
Event: 4.335 GC heap before
{Heap before GC invocations=5 (full 0):
 PSYoungGen      total 35328K, used 35312K [0x00000000eab00000, 0x00000000ed000000, 0x0000000100000000)
  eden space 32768K, 100% used [0x00000000eab00000,0x00000000ecb00000,0x00000000ecb00000)
  from space 2560K, 99% used [0x00000000ecd80000,0x00000000ecffc028,0x00000000ed000000)
  to   space 2560K, 0% used [0x00000000ecb00000,0x00000000ecb00000,0x00000000ecd80000)
 ParOldGen       total 44032K, used 8266K [0x00000000c0000000, 0x00000000c2b00000, 0x00000000eab00000)
  object space 44032K, 18% used [0x00000000c0000000,0x00000000c0812880,0x00000000c2b00000)
 Metaspace       used 6256K, capacity 7088K, committed 7296K, reserved 1056768K
  class space    used 598K, capacity 616K, committed 640K, reserved 1048576K
Event: 4.372 GC heap after
Heap after GC invocations=5 (full 0):
 PSYoungGen      total 35328K, used 2560K [0x00000000eab00000, 0x00000000ed000000, 0x0000000100000000)
  eden space 32768K, 0% used [0x00000000eab00000,0x00000000eab00000,0x00000000ecb00000)
  from space 2560K, 100% used [0x00000000ecb00000,0x00000000ecd80000,0x00000000ecd80000)
  to   space 2560K, 0% used [0x00000000ecd80000,0x00000000ecd80000,0x00000000ed000000)
 ParOldGen       total 44032K, used 13732K [0x00000000c0000000, 0x00000000c2b00000, 0x00000000eab00000)
  object space 44032K, 31% used [0x00000000c0000000,0x00000000c0d69228,0x00000000c2b00000)
 Metaspace       used 6256K, capacity 7088K, committed 7296K, reserved 1056768K
  class space    used 598K, capacity 616K, committed 640K, reserved 1048576K
}
Event: 6.017 GC heap before
{Heap before GC invocations=6 (full 0):
 PSYoungGen      total 35328K, used 35328K [0x00000000eab00000, 0x00000000ed000000, 0x0000000100000000)
  eden space 32768K, 100% used [0x00000000eab00000,0x00000000ecb00000,0x00000000ecb00000)
  from space 2560K, 100% used [0x00000000ecb00000,0x00000000ecd80000,0x00000000ecd80000)
  to   space 2560K, 0% used [0x00000000ecd80000,0x00000000ecd80000,0x00000000ed000000)
 ParOldGen       total 44032K, used 13732K [0x00000000c0000000, 0x00000000c2b00000, 0x00000000eab00000)
  object space 44032K, 31% used [0x00000000c0000000,0x00000000c0d69228,0x00000000c2b00000)
 Metaspace       used 6585K, capacity 7352K, committed 7552K, reserved 1056768K
  class space    used 619K, capacity 624K, committed 640K, reserved 1048576K
Event: 6.087 GC heap after
Heap after GC invocations=6 (full 0):
 PSYoungGen      total 28672K, used 2560K [0x00000000eab00000, 0x00000000efd00000, 0x0000000100000000)
  eden space 26112K, 0% used [0x00000000eab00000,0x00000000eab00000,0x00000000ec480000)
  from space 2560K, 100% used [0x00000000ecd80000,0x00000000ed000000,0x00000000ed000000)
  to   space 9216K, 0% used [0x00000000ec480000,0x00000000ec480000,0x00000000ecd80000)
 ParOldGen       total 44032K, used 18944K [0x00000000c0000000, 0x00000000c2b00000, 0x00000000eab00000)
  object space 44032K, 43% used [0x00000000c0000000,0x00000000c12800c0,0x00000000c2b00000)
 Metaspace       used 6585K, capacity 7352K, committed 7552K, reserved 1056768K
  class space    used 619K, capacity 624K, committed 640K, reserved 1048576K
}

Deoptimization events (10 events):
Event: 4.720 Thread 0x0000000016a7d000 Uncommon trap: reason=class_check action=maybe_recompile pc=0x0000000002f967fc method=java.util.HashMap.putVal(ILjava/lang/Object;Ljava/lang/Object;ZZ)Ljava/lang/Object; @ 203
Event: 5.507 Thread 0x0000000016a7d000 Uncommon trap: reason=speculate_class_check action=maybe_recompile pc=0x0000000002b82598 method=com.android.dx.util.FixedSizeList.equals(Ljava/lang/Object;)Z @ 25
Event: 5.507 Thread 0x0000000016a7d000 Uncommon trap: reason=class_check action=maybe_recompile pc=0x0000000002b81064 method=java.util.Arrays.equals([Ljava/lang/Object;[Ljava/lang/Object;)Z @ 62
Event: 5.507 Thread 0x0000000016a7d000 Uncommon trap: reason=speculate_class_check action=maybe_recompile pc=0x0000000002b82598 method=com.android.dx.util.FixedSizeList.equals(Ljava/lang/Object;)Z @ 25
Event: 5.507 Thread 0x0000000016a7d000 Uncommon trap: reason=class_check action=maybe_recompile pc=0x0000000002b81064 method=java.util.Arrays.equals([Ljava/lang/Object;[Ljava/lang/Object;)Z @ 62
Event: 5.507 Thread 0x0000000016a7d000 Uncommon trap: reason=speculate_class_check action=maybe_recompile pc=0x0000000002b82598 method=com.android.dx.util.FixedSizeList.equals(Ljava/lang/Object;)Z @ 25
Event: 5.507 Thread 0x0000000016a7d000 Uncommon trap: reason=unstable_if action=reinterpret pc=0x0000000002b81094 method=java.util.Arrays.equals([Ljava/lang/Object;[Ljava/lang/Object;)Z @ 23
Event: 5.516 Thread 0x0000000016a7d000 Uncommon trap: reason=speculate_class_check action=maybe_recompile pc=0x0000000002b82598 method=com.android.dx.util.FixedSizeList.equals(Ljava/lang/Object;)Z @ 25
Event: 5.526 Thread 0x0000000016a7d000 Uncommon trap: reason=unstable_if action=reinterpret pc=0x0000000002eed0ac method=java.util.TreeMap.put(Ljava/lang/Object;Ljava/lang/Object;)Ljava/lang/Object; @ 163
Event: 6.102 Thread 0x0000000016a7d000 Uncommon trap: reason=unstable_if action=reinterpret pc=0x0000000003023f48 method=com.android.dx.rop.code.RegisterSpec.matchesVariable(Lcom/android/dx/rop/code/RegisterSpec;)Z @ 59

Internal exceptions (3 events):
Event: 0.082 Thread 0x0000000002711000 Exception <a 'java/lang/NoSuchMethodError': Method sun.misc.Unsafe.defineClass(Ljava/lang/String;[BII)Ljava/lang/Class; name or signature does not match> (0x00000000eab0d5b0) thrown at [C:\re\workspace\8-2-build-windows-amd64-cygwin\jdk8u60\4407\hotspot\srƒë•i	µ?
Event: 0.082 Thread 0x0000000002711000 Exception <a 'java/lang/NoSuchMethodError': Method sun.misc.Unsafe.prefetchRead(Ljava/lang/Object;J)V name or signature does not match> (0x00000000eab0d898) thrown at [C:\re\workspace\8-2-build-windows-amd64-cygwin\jdk8u60\4407\hotspot\src\share\vm\prims\jÀøŒVámô?
Event: 1.277 Thread 0x0000000016a7e000 Implicit null exception at 0x0000000002b053f5 to 0x0000000002b06c59

Events (10 events):
Event: 5.526 Thread 0x0000000016a7d000 DEOPT UNPACKING pc=0x000000000285582a sp=0x0000000018c0edf0 mode 2
Event: 6.017 Executing VM operation: ParallelGCFailedAllocation
Event: 6.087 Executing VM operation: ParallelGCFailedAllocation done
Event: 6.102 Thread 0x0000000016a7d000 Uncommon trap: trap_request=0xffffff65 fr.pc=0x0000000003023f48
Event: 6.102 Thread 0x0000000016a7d000 DEOPT PACKING pc=0x0000000003023f48 sp=0x0000000018c0ec30
Event: 6.102 Thread 0x0000000016a7d000 DEOPT UNPACKING pc=0x000000000285582a sp=0x0000000018c0ebd8 mode 2
Event: 6.159 Thread 0x0000000016a7d000 DEOPT PACKING pc=0x000000000301aa06 sp=0x0000000018c0ebf0
Event: 6.159 Thread 0x0000000016a7d000 DEOPT UNPACKING pc=0x000000000285787f sp=0x0000000018c0e9b8 mode 0
Event: 6.202 Thread 0x0000000016a7d000 DEOPT PACKING pc=0x0000000003016395 sp=0x0000000018c0ee70
Event: 6.202 Thread 0x0000000016a7d000 DEOPT UNPACKING pc=0x000000000285787f sp=0x0000000018c0ebe0 mode 0


Dynamic libraries:
0x00007ff67a4e0000 - 0x00007ff67a517000 	C:\Program Files\Java\jdk1.8.0_60\bin\java.exe
0x00007ffc7f0e0000 - 0x00007ffc7f2a1000 	C:\Windows\SYSTEM32\ntdll.dll
0x00007ffc7e590000 - 0x00007ffc7e63d000 	C:\Windows\system32\KERNEL32.DLL
0x00007ffc7b810000 - 0x00007ffc7b9f8000 	C:\Windows\system32\KERNELBASE.dll
0x00007ffc7e870000 - 0x00007ffc7e917000 	C:\Windows\system32\ADVAPI32.dll
0x00007ffc7ed60000 - 0x00007ffc7edfd000 	C:\Windows\system32\msvcrt.dll
0x00007ffc7ec90000 - 0x00007ffc7eceb000 	C:\Windows\system32\sechost.dll
0x00007ffc7c5b0000 - 0x00007ffc7c6cc000 	C:\Windows\system32\RPCRT4.dll
0x00007ffc7e920000 - 0x00007ffc7ea76000 	C:\Windows\system32\USER32.dll
0x00007ffc7c6e0000 - 0x00007ffc7c866000 	C:\Windows\system32\GDI32.dll
0x00007ffc6fce0000 - 0x00007ffc6ff54000 	C:\Windows\WinSxS\amd64_microsoft.windows.common-controls_6595b64144ccf1df_6.0.10586.589_none_a2ddb3caa539acce\COMCTL32.dll
0x00007ffc7e310000 - 0x00007ffc7e58d000 	C:\Windows\system32\combase.dll
0x00007ffc7ba00000 - 0x00007ffc7ba6a000 	C:\Windows\system32\bcryptPrimitives.dll
0x00007ffc7ef60000 - 0x00007ffc7ef9b000 	C:\Windows\system32\IMM32.DLL
0x0000000061950000 - 0x0000000061a22000 	C:\Program Files\Java\jdk1.8.0_60\jre\bin\msvcr100.dll
0x0000000061eb0000 - 0x0000000062739000 	C:\Program Files\Java\jdk1.8.0_60\jre\bin\server\jvm.dll
0x00007ffc7ee00000 - 0x00007ffc7ee08000 	C:\Windows\system32\PSAPI.DLL
0x00007ffc6bdd0000 - 0x00007ffc6bdd9000 	C:\Windows\SYSTEM32\WSOCK32.dll
0x00007ffc7e6a0000 - 0x00007ffc7e70b000 	C:\Windows\system32\WS2_32.dll
0x00007ffc79e00000 - 0x00007ffc79e23000 	C:\Windows\SYSTEM32\WINMM.dll
0x00007ffc6f100000 - 0x00007ffc6f10a000 	C:\Windows\SYSTEM32\VERSION.dll
0x00007ffc79cc0000 - 0x00007ffc79cec000 	C:\Windows\SYSTEM32\WINMMBASE.dll
0x00007ffc7ba70000 - 0x00007ffc7bab3000 	C:\Windows\system32\cfgmgr32.dll
0x0000000061dc0000 - 0x0000000061dcf000 	C:\Program Files\Java\jdk1.8.0_60\jre\bin\verify.dll
0x0000000061d90000 - 0x0000000061db9000 	C:\Program Files\Java\jdk1.8.0_60\jre\bin\java.dll
0x0000000061d70000 - 0x0000000061d86000 	C:\Program Files\Java\jdk1.8.0_60\jre\bin\zip.dll
0x00007ffc7c870000 - 0x00007ffc7ddcc000 	C:\Windows\system32\SHELL32.dll
0x00007ffc7bac0000 - 0x00007ffc7c105000 	C:\Windows\system32\windows.storage.dll
0x00007ffc7e200000 - 0x00007ffc7e252000 	C:\Windows\system32\shlwapi.dll
0x00007ffc7b700000 - 0x00007ffc7b70f000 	C:\Windows\system32\kernel.appcore.dll
0x00007ffc7c1c0000 - 0x00007ffc7c275000 	C:\Windows\system32\shcore.dll
0x00007ffc7b730000 - 0x00007ffc7b77b000 	C:\Windows\system32\powrprof.dll
0x00007ffc7b710000 - 0x00007ffc7b724000 	C:\Windows\system32\profapi.dll

VM Arguments:
jvm_args: -Djava.awt.headless=true -Xmx1024M -Dfile.encoding=windows-1252 -Duser.country=IN -Duser.language=en -Duser.variant 
java_command: com.android.dx.command.Main --dex --force-jumbo --num-threads=4 --multi-dex --output E:\work\HomeImage\app\build\intermediates\transforms\dex\debug\folders\1000\10\junit-4.12_90048af5780309bd0d213dbc1c200b1713fadad9 C:\Users\Family\.gradle\caches\modules-2\files-2.1\junit\junit\4.12\2973d150c0dc1fefe998f834810d68f278ea58ec\junit-4.12.jar
java_class_path (initial): E:\Android\sdk\build-tools\24.0.2\lib\dx.jar
Launcher Type: SUN_STANDARD

Environment Variables:
PATH=C:\ProgramData\Oracle\Java\javapath;C:\Program Files (x86)\Intel\iCLS Client\;C:\Program Files\Intel\iCLS Client\;C:\Windows\system32;C:\Windows;C:\Windows\System32\Wbem;C:\Windows\System32\WindowsPowerShell\v1.0\;C:\Program Files (x86)\AMD\ATI.ACE\Core-Static;C:\Program Files\Intel\Intel(R) Management Engine Components\DAL;C:\Program Files\Intel\Intel(R) Management Engine Components\IPT;C:\Program Files (x86)\Intel\Intel(R) Management Engine Components\DAL;C:\Program Files (x86)\Intel\Intel(R) Management Engine Components\IPT;E:\Android\sdk\ndk-bundle;E:\Android\sdk\platform-tools;C:\Program Files (x86)\Skype\Phone\;C:\Program Files (x86)\Windows Live\Shared
USERNAME=Family
OS=Windows_NT
PROCESSOR_IDENTIFIER=Intel64 Family 6 Model 69 Stepping 1, GenuineIntel



---------------  S Y S T E M  ---------------

OS: Windows 10.0 , 64 bit Build 10586 (10.0.10586.589)

CPU:total 4 (2 cores per cpu, 2 threads per core) family 6 model 69 stepping 1, cmov, cx8, fxsr, mmx, sse, sse2, sse3, ssse3, sse4.1, sse4.2, popcnt, avx, avx2, aes, clmul, erms, lzcnt, ht, tsc, tscinvbit, bmi1, bmi2

Memory: 4k page, physical 4072408k(247972k free), swap 5755872k(5284k free)

vm_info: Java HotSpot(TM) 64-Bit Server VM (25.60-b23) for windows-amd64 JRE (1.8.0_60-b27), built on Aug  4 2015 11:06:27 by "java_re" with MS VC++ 10.0 (VS2010)

time: Tue Sep 20 15:01:04 2016
elapsed time: 6 seconds (0d 0h 0m 6s)

