#
# There is insufficient memory for the Java Runtime Environment to continue.
# Native memory allocation (malloc) failed to allocate 32744 bytes for ChunkPool::allocate
# Possible reasons:
#   The system is out of physical RAM or swap space
#   In 32 bit mode, the process size limit was hit
# Possible solutions:
#   Reduce memory load on the system
#   Increase physical memory or swap space
#   Check if swap backing store is full
#   Use 64 bit Java on a 64 bit OS
#   Decrease Java heap size (-Xmx/-Xms)
#   Decrease number of Java threads
#   Decrease Java thread stack sizes (-Xss)
#   Set larger code cache with -XX:ReservedCodeCacheSize=
# This output file may be truncated or incomplete.
#
#  Out of Memory Error (allocation.cpp:273), pid=6500, tid=8080
#
# JRE version: Java(TM) SE Runtime Environment (8.0_60-b27) (build 1.8.0_60-b27)
# Java VM: Java HotSpot(TM) 64-Bit Server VM (25.60-b23 mixed mode windows-amd64 compressed oops)
# Failed to write core dump. Minidumps are not enabled by default on client versions of Windows
#

---------------  T H R E A D  ---------------

Current thread (0x0000000015870000):  JavaThread "C2 CompilerThread1" daemon [_thread_in_native, id=8080, stack(0x0000000016fb0000,0x00000000170b0000)]

Stack: [0x0000000016fb0000,0x00000000170b0000]
[error occurred during error reporting (printing stack bounds), id 0xc0000005]

Native frames: (J=compiled Java code, j=interpreted, Vv=VM code, C=native code)


Current CompileTask:
C2:   6771 1604 %     4       com.android.dx.ssa.back.IdenticalBlockCombiner::process @ 25 (323 bytes)


---------------  P R O C E S S  ---------------

Java Threads: ( => current thread )
  0x0000000017410800 JavaThread "pool-2-thread-4" [_thread_in_Java, id=7660, stack(0x0000000017bb0000,0x0000000017cb0000)]
  0x000000001740f800 JavaThread "pool-2-thread-3" [_thread_in_Java, id=11124, stack(0x0000000017ab0000,0x0000000017bb0000)]
  0x0000000017407800 JavaThread "pool-2-thread-2" [_thread_in_Java, id=11012, stack(0x00000000179b0000,0x0000000017ab0000)]
  0x0000000017336000 JavaThread "pool-3-thread-1" [_thread_blocked, id=7048, stack(0x00000000178b0000,0x00000000179b0000)]
  0x0000000017334000 JavaThread "pool-2-thread-1" [_thread_in_Java, id=3184, stack(0x00000000177b0000,0x00000000178b0000)]
  0x00000000158ce000 JavaThread "Service Thread" daemon [_thread_blocked, id=7036, stack(0x00000000175b0000,0x00000000176b0000)]
  0x00000000158cc000 JavaThread "C1 CompilerThread2" daemon [_thread_blocked, id=9692, stack(0x00000000170b0000,0x00000000171b0000)]
=>0x0000000015870000 JavaThread "C2 CompilerThread1" daemon [_thread_in_native, id=8080, stack(0x0000000016fb0000,0x00000000170b0000)]
  0x000000001586a000 JavaThread "C2 CompilerThread0" daemon [_thread_in_native, id=1460, stack(0x0000000016eb0000,0x0000000016fb0000)]
  0x0000000015868800 JavaThread "Attach Listener" daemon [_thread_blocked, id=5128, stack(0x0000000016db0000,0x0000000016eb0000)]
  0x0000000015867800 JavaThread "Signal Dispatcher" daemon [_thread_blocked, id=10360, stack(0x0000000016cb0000,0x0000000016db0000)]
  0x0000000003196000 JavaThread "Finalizer" daemon [_thread_blocked, id=5076, stack(0x0000000016ad0000,0x0000000016bd0000)]
  0x000000000318d000 JavaThread "Reference Handler" daemon [_thread_blocked, id=5480, stack(0x00000000169d0000,0x0000000016ad0000)]
  0x00000000030a0800 JavaThread "main" [_thread_in_vm, id=3388, stack(0x0000000002fa0000,0x00000000030a0000)]

Other Threads:
  0x0000000015838000 VMThread [stack: 0x00000000168d0000,0x00000000169d0000] [id=12084]
  0x00000000171cb000 WatcherThread [stack: 0x00000000176b0000,0x00000000177b0000] [id=12152]

VM state:not at safepoint (normal execution)

VM Mutex/Monitor currently owned by a thread: None

Heap:
 PSYoungGen      total 68096K, used 32889K [0x00000000eab00000, 0x00000000f3880000, 0x0000000100000000)
  eden space 65536K, 50% used [0x00000000eab00000,0x00000000ecb1e640,0x00000000eeb00000)
  from space 2560K, 0% used [0x00000000eeb00000,0x00000000eeb00000,0x00000000eed80000)
  to   space 28672K, 0% used [0x00000000f1c80000,0x00000000f1c80000,0x00000000f3880000)
 ParOldGen       total 112640K, used 39914K [0x00000000c0000000, 0x00000000c6e00000, 0x00000000eab00000)
  object space 112640K, 35% used [0x00000000c0000000,0x00000000c26faad0,0x00000000c6e00000)
 Metaspace       used 5881K, capacity 6960K, committed 7040K, reserved 1056768K
  class space    used 583K, capacity 616K, committed 640K, reserved 1048576K

Card table byte_map: [0x0000000012560000,0x0000000012770000] byte_map_base: 0x0000000011f60000

Marking Bits: (ParMarkBitMap*) 0x0000000056f3a5b0
 Begin Bits: [0x0000000012cd0000, 0x0000000013cd0000)
 End Bits:   [0x0000000013cd0000, 0x0000000014cd0000)

Polling page: 0x0000000001230000

CodeCache: size=245760Kb used=6699Kb max_used=6699Kb free=239060Kb
 bounds [0x00000000031a0000, 0x0000000003830000, 0x00000000121a0000]
 total_blobs=1822 nmethods=1560 adapters=175
 compilation: enabled

Compilation events (10 events):
Event: 6.738 Thread 0x00000000158cc000 1625       2       com.android.dx.cf.code.BytecodeArray::parseLookupswitch (175 bytes)
Event: 6.739 Thread 0x00000000158cc000 nmethod 1625 0x000000000382d650 code [0x000000000382d880, 0x000000000382e028]
Event: 6.755 Thread 0x00000000158cc000 1627       2       com.android.dx.rop.code.Rops::opInvokeStatic (17 bytes)
Event: 6.756 Thread 0x00000000158cc000 nmethod 1627 0x000000000382e9d0 code [0x000000000382eb40, 0x000000000382ed58]
Event: 6.756 Thread 0x00000000158cc000 1628       2       java.util.Vector::grow (57 bytes)
Event: 6.756 Thread 0x00000000158cc000 nmethod 1628 0x000000000382ee90 code [0x000000000382f000, 0x000000000382f298]
Event: 6.757 Thread 0x00000000158cc000 1629       2       com.android.dx.rop.code.Rop::<init> (15 bytes)
Event: 6.757 Thread 0x00000000158cc000 nmethod 1629 0x000000000382f450 code [0x000000000382f5c0, 0x000000000382f748]
Event: 6.759 Thread 0x00000000158cc000 1630       2       com.android.dx.cf.attrib.BaseLocalVariables::byteLength (14 bytes)
Event: 6.759 Thread 0x00000000158cc000 nmethod 1630 0x000000000382f810 code [0x000000000382f960, 0x000000000382fad0]

GC Heap History (10 events):
Event: 2.392 GC heap before
{Heap before GC invocations=3 (full 0):
 PSYoungGen      total 35328K, used 35312K [0x00000000eab00000, 0x00000000ed000000, 0x0000000100000000)
  eden space 32768K, 100% used [0x00000000eab00000,0x00000000ecb00000,0x00000000ecb00000)
  from space 2560K, 99% used [0x00000000ecd80000,0x00000000ecffc288,0x00000000ed000000)
  to   space 2560K, 0% used [0x00000000ecb00000,0x00000000ecb00000,0x00000000ecd80000)
 ParOldGen       total 44032K, used 5868K [0x00000000c0000000, 0x00000000c2b00000, 0x00000000eab00000)
  object space 44032K, 13% used [0x00000000c0000000,0x00000000c05bb028,0x00000000c2b00000)
 Metaspace       used 5740K, capacity 6832K, committed 7040K, reserved 1056768K
  class space    used 580K, capacity 616K, committed 640K, reserved 1048576K
Event: 2.583 GC heap after
Heap after GC invocations=3 (full 0):
 PSYoungGen      total 35328K, used 2544K [0x00000000eab00000, 0x00000000ef000000, 0x0000000100000000)
  eden space 32768K, 0% used [0x00000000eab00000,0x00000000eab00000,0x00000000ecb00000)
  from space 2560K, 99% used [0x00000000ecb00000,0x00000000ecd7c2a8,0x00000000ecd80000)
  to   space 2560K, 0% used [0x00000000eed80000,0x00000000eed80000,0x00000000ef000000)
 ParOldGen       total 44032K, used 22947K [0x00000000c0000000, 0x00000000c2b00000, 0x00000000eab00000)
  object space 44032K, 52% used [0x00000000c0000000,0x00000000c1668e70,0x00000000c2b00000)
 Metaspace       used 5740K, capacity 6832K, committed 7040K, reserved 1056768K
  class space    used 580K, capacity 616K, committed 640K, reserved 1048576K
}
Event: 3.131 GC heap before
{Heap before GC invocations=4 (full 0):
 PSYoungGen      total 35328K, used 35312K [0x00000000eab00000, 0x00000000ef000000, 0x0000000100000000)
  eden space 32768K, 100% used [0x00000000eab00000,0x00000000ecb00000,0x00000000ecb00000)
  from space 2560K, 99% used [0x00000000ecb00000,0x00000000ecd7c2a8,0x00000000ecd80000)
  to   space 2560K, 0% used [0x00000000eed80000,0x00000000eed80000,0x00000000ef000000)
 ParOldGen       total 44032K, used 22947K [0x00000000c0000000, 0x00000000c2b00000, 0x00000000eab00000)
  object space 44032K, 52% used [0x00000000c0000000,0x00000000c1668e70,0x00000000c2b00000)
 Metaspace       used 5764K, capacity 6896K, committed 7040K, reserved 1056768K
  class space    used 581K, capacity 616K, committed 640K, reserved 1048576K
Event: 3.360 GC heap after
Heap after GC invocations=4 (full 0):
 PSYoungGen      total 68096K, used 2528K [0x00000000eab00000, 0x00000000ef000000, 0x0000000100000000)
  eden space 65536K, 0% used [0x00000000eab00000,0x00000000eab00000,0x00000000eeb00000)
  from space 2560K, 98% used [0x00000000eed80000,0x00000000eeff8298,0x00000000ef000000)
  to   space 2560K, 0% used [0x00000000eeb00000,0x00000000eeb00000,0x00000000eed80000)
 ParOldGen       total 44032K, used 35123K [0x00000000c0000000, 0x00000000c2b00000, 0x00000000eab00000)
  object space 44032K, 79% used [0x00000000c0000000,0x00000000c224cf88,0x00000000c2b00000)
 Metaspace       used 5764K, capacity 6896K, committed 7040K, reserved 1056768K
  class space    used 581K, capacity 616K, committed 640K, reserved 1048576K
}
Event: 3.360 GC heap before
{Heap before GC invocations=5 (full 1):
 PSYoungGen      total 68096K, used 2528K [0x00000000eab00000, 0x00000000ef000000, 0x0000000100000000)
  eden space 65536K, 0% used [0x00000000eab00000,0x00000000eab00000,0x00000000eeb00000)
  from space 2560K, 98% used [0x00000000eed80000,0x00000000eeff8298,0x00000000ef000000)
  to   space 2560K, 0% used [0x00000000eeb00000,0x00000000eeb00000,0x00000000eed80000)
 ParOldGen       total 44032K, used 35123K [0x00000000c0000000, 0x00000000c2b00000, 0x00000000eab00000)
  object space 44032K, 79% used [0x00000000c0000000,0x00000000c224cf88,0x00000000c2b00000)
 Metaspace       used 5764K, capacity 6896K, committed 7040K, reserved 1056768K
  class space    used 581K, capacity 616K, committed 640K, reserved 1048576K
Event: 4.389 GC heap after
Heap after GC invocations=5 (full 1):
 PSYoungGen      total 68096K, used 0K [0x00000000eab00000, 0x00000000ef000000, 0x0000000100000000)
  eden space 65536K, 0% used [0x00000000eab00000,0x00000000eab00000,0x00000000eeb00000)
  from space 2560K, 0% used [0x00000000eed80000,0x00000000eed80000,0x00000000ef000000)
  to   space 2560K, 0% used [0x00000000eeb00000,0x00000000eeb00000,0x00000000eed80000)
 ParOldGen       total 78336K, used 32214K [0x00000000c0000000, 0x00000000c4c80000, 0x00000000eab00000)
  object space 78336K, 41% used [0x00000000c0000000,0x00000000c1f75b28,0x00000000c4c80000)
 Metaspace       used 5764K, capacity 6896K, committed 7040K, reserved 1056768K
  class space    used 581K, capacity 616K, committed 640K, reserved 1048576K
}
Event: 5.574 GC heap before
{Heap before GC invocations=6 (full 1):
 PSYoungGen      total 68096K, used 65536K [0x00000000eab00000, 0x00000000ef000000, 0x0000000100000000)
  eden space 65536K, 100% used [0x00000000eab00000,0x00000000eeb00000,0x00000000eeb00000)
  from space 2560K, 0% used [0x00000000eed80000,0x00000000eed80000,0x00000000ef000000)
  to   space 2560K, 0% used [0x00000000eeb00000,0x00000000eeb00000,0x00000000eed80000)
 ParOldGen       total 78336K, used 32214K [0x00000000c0000000, 0x00000000c4c80000, 0x00000000eab00000)
  object space 78336K, 41% used [0x00000000c0000000,0x00000000c1f75b28,0x00000000c4c80000)
 Metaspace       used 5829K, capacity 6960K, committed 7040K, reserved 1056768K
  class space    used 581K, capacity 616K, committed 640K, reserved 1048576K
Event: 5.599 GC heap after
Heap after GC invocations=6 (full 1):
 PSYoungGen      total 68096K, used 2560K [0x00000000eab00000, 0x00000000f3880000, 0x0000000100000000)
  eden space 65536K, 0% used [0x00000000eab00000,0x00000000eab00000,0x00000000eeb00000)
  from space 2560K, 100% used [0x00000000eeb00000,0x00000000eed80000,0x00000000eed80000)
  to   space 28672K, 0% used [0x00000000f1c80000,0x00000000f1c80000,0x00000000f3880000)
 ParOldGen       total 78336K, used 53791K [0x00000000c0000000, 0x00000000c4c80000, 0x00000000eab00000)
  object space 78336K, 68% used [0x00000000c0000000,0x00000000c3487c48,0x00000000c4c80000)
 Metaspace       used 5829K, capacity 6960K, committed 7040K, reserved 1056768K
  class space    used 581K, capacity 616K, committed 640K, reserved 1048576K
}
Event: 5.599 GC heap before
{Heap before GC invocations=7 (full 2):
 PSYoungGen      total 68096K, used 2560K [0x00000000eab00000, 0x00000000f3880000, 0x0000000100000000)
  eden space 65536K, 0% used [0x00000000eab00000,0x00000000eab00000,0x00000000eeb00000)
  from space 2560K, 100% used [0x00000000eeb00000,0x00000000eed80000,0x00000000eed80000)
  to   space 28672K, 0% used [0x00000000f1c80000,0x00000000f1c80000,0x00000000f3880000)
 ParOldGen       total 78336K, used 53791K [0x00000000c0000000, 0x00000000c4c80000, 0x00000000eab00000)
  object space 78336K, 68% used [0x00000000c0000000,0x00000000c3487c48,0x00000000c4c80000)
 Metaspace       used 5829K, capacity 6960K, committed 7040K, reserved 1056768K
  class space    used 581K, capacity 616K, committed 640K, reserved 1048576K
Event: 6.473 GC heap after
Heap after GC invocations=7 (full 2):
 PSYoungGen      total 68096K, used 0K [0x00000000eab00000, 0x00000000f3880000, 0x0000000100000000)
  eden space 65536K, 0% used [0x00000000eab00000,0x00000000eab00000,0x00000000eeb00000)
  from space 2560K, 0% used [0x00000000eeb00000,0x00000000eeb00000,0x00000000eed80000)
  to   space 28672K, 0% used [0x00000000f1c80000,0x00000000f1c80000,0x00000000f3880000)
 ParOldGen       total 112640K, used 39914K [0x00000000c0000000, 0x00000000c6e00000, 0x00000000eab00000)
  object space 112640K, 35% used [0x00000000c0000000,0x00000000c26faad0,0x00000000c6e00000)
 Metaspace       used 5829K, capacity 6960K, committed 7040K, reserved 1056768K
  class space    used 581K, capacity 616K, committed 640K, reserved 1048576K
}

Deoptimization events (10 events):
Event: 6.513 Thread 0x0000000017407800 Uncommon trap: reason=unstable_if action=reinterpret pc=0x000000000371c354 method=java.util.BitSet.ensureCapacity(I)V @ 6
Event: 6.522 Thread 0x0000000017334000 Uncommon trap: reason=bimorphic action=maybe_recompile pc=0x000000000355f2c8 method=java.util.HashMap.getNode(ILjava/lang/Object;)Ljava/util/HashMap$Node; @ 126
Event: 6.522 Thread 0x0000000017334000 Uncommon trap: reason=class_check action=maybe_recompile pc=0x000000000364bf58 method=java.util.HashMap.putVal(ILjava/lang/Object;Ljava/lang/Object;ZZ)Ljava/lang/Object; @ 203
Event: 6.543 Thread 0x0000000017334000 Uncommon trap: reason=bimorphic action=maybe_recompile pc=0x00000000037c4e44 method=com.android.dx.rop.code.InsnList.contentEquals(Lcom/android/dx/rop/code/InsnList;)Z @ 38
Event: 6.544 Thread 0x0000000017334000 Uncommon trap: reason=bimorphic action=maybe_recompile pc=0x00000000037c4e44 method=com.android.dx.rop.code.InsnList.contentEquals(Lcom/android/dx/rop/code/InsnList;)Z @ 38
Event: 6.544 Thread 0x0000000017334000 Uncommon trap: reason=bimorphic action=maybe_recompile pc=0x00000000037c4e44 method=com.android.dx.rop.code.InsnList.contentEquals(Lcom/android/dx/rop/code/InsnList;)Z @ 38
Event: 6.709 Thread 0x000000001740f800 Uncommon trap: reason=unstable_if action=reinterpret pc=0x00000000037d5670 method=com.android.dx.rop.code.Insn.equalsHandleNulls(Ljava/lang/Object;Ljava/lang/Object;)Z @ 14
Event: 6.718 Thread 0x000000001740f800 Uncommon trap: reason=unstable_if action=reinterpret pc=0x00000000037bdec4 method=com.android.dx.rop.code.Insn.equalsHandleNulls(Ljava/lang/Object;Ljava/lang/Object;)Z @ 14
Event: 6.738 Thread 0x000000001740f800 Uncommon trap: reason=bimorphic action=maybe_recompile pc=0x000000000355f2c8 method=java.util.HashMap.getNode(ILjava/lang/Object;)Ljava/util/HashMap$Node; @ 126
Event: 6.738 Thread 0x000000001740f800 Uncommon trap: reason=class_check action=maybe_recompile pc=0x000000000364bf58 method=java.util.HashMap.putVal(ILjava/lang/Object;Ljava/lang/Object;ZZ)Ljava/lang/Object; @ 203

Internal exceptions (4 events):
Event: 0.083 Thread 0x00000000030a0800 Exception <a 'java/lang/NoSuchMethodError': Method sun.misc.Unsafe.defineClass(Ljava/lang/String;[BII)Ljava/lang/Class; name or signature does not match> (0x00000000eab0d520) thrown at [C:\re\workspace\8-2-build-windows-amd64-cygwin\jdk8u60\4407\hotspot\srM&√/_µ?
Event: 0.083 Thread 0x00000000030a0800 Exception <a 'java/lang/NoSuchMethodError': Method sun.misc.Unsafe.prefetchRead(Ljava/lang/Object;J)V name or signature does not match> (0x00000000eab0d808) thrown at [C:\re\workspace\8-2-build-windows-amd64-cygwin\jdk8u60\4407\hotspot\src\share\vm\prims\jÃ2 ŸπıÌ?
Event: 0.936 Thread 0x0000000017410800 Implicit null exception at 0x00000000034a018e to 0x00000000034a1ebd
Event: 0.936 Thread 0x0000000017410800 Implicit null exception at 0x00000000034631a0 to 0x0000000003464865

Events (10 events):
Event: 6.709 Thread 0x000000001740f800 DEOPT UNPACKING pc=0x00000000031e582a sp=0x0000000017baea38 mode 2
Event: 6.718 Thread 0x000000001740f800 Uncommon trap: trap_request=0xffffff65 fr.pc=0x00000000037bdec4
Event: 6.718 Thread 0x000000001740f800 DEOPT PACKING pc=0x00000000037bdec4 sp=0x0000000017baea50
Event: 6.718 Thread 0x000000001740f800 DEOPT UNPACKING pc=0x00000000031e582a sp=0x0000000017bae9b8 mode 2
Event: 6.738 Thread 0x000000001740f800 Uncommon trap: trap_request=0xffffffc6 fr.pc=0x000000000355f2c8
Event: 6.738 Thread 0x000000001740f800 DEOPT PACKING pc=0x000000000355f2c8 sp=0x0000000017baea20
Event: 6.738 Thread 0x000000001740f800 DEOPT UNPACKING pc=0x00000000031e582a sp=0x0000000017bae9a0 mode 2
Event: 6.738 Thread 0x000000001740f800 Uncommon trap: trap_request=0xffffffde fr.pc=0x000000000364bf58
Event: 6.738 Thread 0x000000001740f800 DEOPT PACKING pc=0x000000000364bf58 sp=0x0000000017baea00
Event: 6.738 Thread 0x000000001740f800 DEOPT UNPACKING pc=0x00000000031e582a sp=0x0000000017bae978 mode 2


Dynamic libraries:
0x00007ff7abe70000 - 0x00007ff7abea7000 	C:\Program Files\Java\jdk1.8.0_60\bin\java.exe
0x00007ffb5dad0000 - 0x00007ffb5dc91000 	C:\Windows\SYSTEM32\ntdll.dll
0x00007ffb5af30000 - 0x00007ffb5afdd000 	C:\Windows\system32\KERNEL32.DLL
0x00007ffb5abe0000 - 0x00007ffb5adc8000 	C:\Windows\system32\KERNELBASE.dll
0x00007ffb5b250000 - 0x00007ffb5b2f7000 	C:\Windows\system32\ADVAPI32.dll
0x00007ffb5b960000 - 0x00007ffb5b9fd000 	C:\Windows\system32\msvcrt.dll
0x00007ffb5aed0000 - 0x00007ffb5af2b000 	C:\Windows\system32\sechost.dll
0x00007ffb5ba00000 - 0x00007ffb5bb1c000 	C:\Windows\system32\RPCRT4.dll
0x00007ffb5b040000 - 0x00007ffb5b196000 	C:\Windows\system32\USER32.dll
0x00007ffb5b450000 - 0x00007ffb5b5d6000 	C:\Windows\system32\GDI32.dll
0x00007ffb4f9d0000 - 0x00007ffb4fc44000 	C:\Windows\WinSxS\amd64_microsoft.windows.common-controls_6595b64144ccf1df_6.0.10586.589_none_a2ddb3caa539acce\COMCTL32.dll
0x00007ffb5d7e0000 - 0x00007ffb5da5d000 	C:\Windows\system32\combase.dll
0x00007ffb5a180000 - 0x00007ffb5a1ea000 	C:\Windows\system32\bcryptPrimitives.dll
0x00007ffb5bb20000 - 0x00007ffb5bb5b000 	C:\Windows\system32\IMM32.DLL
0x00000000561d0000 - 0x00000000562a2000 	C:\Program Files\Java\jdk1.8.0_60\jre\bin\msvcr100.dll
0x0000000056730000 - 0x0000000056fb9000 	C:\Program Files\Java\jdk1.8.0_60\jre\bin\server\jvm.dll
0x00007ffb5d580000 - 0x00007ffb5d588000 	C:\Windows\system32\PSAPI.DLL
0x00007ffb49200000 - 0x00007ffb49209000 	C:\Windows\SYSTEM32\WSOCK32.dll
0x00007ffb5b5e0000 - 0x00007ffb5b64b000 	C:\Windows\system32\WS2_32.dll
0x00007ffb4dee0000 - 0x00007ffb4deea000 	C:\Windows\SYSTEM32\VERSION.dll
0x00007ffb586f0000 - 0x00007ffb58713000 	C:\Windows\SYSTEM32\WINMM.dll
0x00007ffb58690000 - 0x00007ffb586bc000 	C:\Windows\SYSTEM32\WINMMBASE.dll
0x00007ffb5add0000 - 0x00007ffb5ae13000 	C:\Windows\system32\cfgmgr32.dll
0x0000000056640000 - 0x000000005664f000 	C:\Program Files\Java\jdk1.8.0_60\jre\bin\verify.dll
0x0000000056610000 - 0x0000000056639000 	C:\Program Files\Java\jdk1.8.0_60\jre\bin\java.dll
0x00000000565f0000 - 0x0000000056606000 	C:\Program Files\Java\jdk1.8.0_60\jre\bin\zip.dll
0x00007ffb5c000000 - 0x00007ffb5d55c000 	C:\Windows\system32\SHELL32.dll
0x00007ffb5a2b0000 - 0x00007ffb5a8f5000 	C:\Windows\system32\windows.storage.dll
0x00007ffb5d590000 - 0x00007ffb5d5e2000 	C:\Windows\system32\shlwapi.dll
0x00007ffb5a110000 - 0x00007ffb5a11f000 	C:\Windows\system32\kernel.appcore.dll
0x00007ffb5a1f0000 - 0x00007ffb5a2a5000 	C:\Windows\system32\shcore.dll
0x00007ffb5a120000 - 0x00007ffb5a16b000 	C:\Windows\system32\powrprof.dll
0x00007ffb5a0f0000 - 0x00007ffb5a104000 	C:\Windows\system32\profapi.dll

VM Arguments:
jvm_args: -Djava.awt.headless=true -Xmx1024M -Dfile.encoding=windows-1252 -Duser.country=IN -Duser.language=en -Duser.variant 
java_command: com.android.dx.command.Main --dex --force-jumbo --num-threads=4 --multi-dex --output E:\work\HomeImage\app\build\intermediates\transforms\dex\debug\folders\1000\5\slice_9 E:\work\HomeImage\app\build\intermediates\transforms\instantRunSlicer\debug\folders\1\5\slice_9
java_class_path (initial): E:\Android\sdk\build-tools\24.0.2\lib\dx.jar
Launcher Type: SUN_STANDARD

Environment Variables:
PATH=C:\ProgramData\Oracle\Java\javapath;C:\Program Files (x86)\Intel\iCLS Client\;C:\Program Files\Intel\iCLS Client\;C:\Windows\system32;C:\Windows;C:\Windows\System32\Wbem;C:\Windows\System32\WindowsPowerShell\v1.0\;C:\Program Files (x86)\AMD\ATI.ACE\Core-Static;C:\Program Files\Intel\Intel(R) Management Engine Components\DAL;C:\Program Files\Intel\Intel(R) Management Engine Components\IPT;C:\Program Files (x86)\Intel\Intel(R) Management Engine Components\DAL;C:\Program Files (x86)\Intel\Intel(R) Management Engine Components\IPT;E:\Android\sdk\ndk-bundle;E:\Android\sdk\platform-tools;C:\Program Files (x86)\Skype\Phone\;C:\Program Files (x86)\Windows Live\Shared
USERNAME=Family
OS=Windows_NT
PROCESSOR_IDENTIFIER=Intel64 Family 6 Model 69 Stepping 1, GenuineIntel



---------------  S Y S T E M  ---------------

OS: Windows 10.0 , 64 bit Build 10586 (10.0.10586.589)

CPU:total 4 (2 cores per cpu, 2 threads per core) family 6 model 69 stepping 1, cmov, cx8, fxsr, mmx, sse, sse2, sse3, ssse3, sse4.1, sse4.2, popcnt, avx, avx2, aes, clmul, erms, lzcnt, ht, tsc, tscinvbit, bmi1, bmi2

Memory: 4k page, physical 4072408k(327888k free), swap 5832536k(5424k free)

vm_info: Java HotSpot(TM) 64-Bit Server VM (25.60-b23) for windows-amd64 JRE (1.8.0_60-b27), built on Aug  4 2015 11:06:27 by "java_re" with MS VC++ 10.0 (VS2010)

time: Tue Sep 20 12:35:18 2016
elapsed time: 6 seconds (0d 0h 0m 6s)

