#
# There is insufficient memory for the Java Runtime Environment to continue.
# Native memory allocation (malloc) failed to allocate 32744 bytes for ChunkPool::allocate
# Possible reasons:
#   The system is out of physical RAM or swap space
#   In 32 bit mode, the process size limit was hit
# Possible solutions:
#   Reduce memory load on the system
#   Increase physical memory or swap space
#   Check if swap backing store is full
#   Use 64 bit Java on a 64 bit OS
#   Decrease Java heap size (-Xmx/-Xms)
#   Decrease number of Java threads
#   Decrease Java thread stack sizes (-Xss)
#   Set larger code cache with -XX:ReservedCodeCacheSize=
# This output file may be truncated or incomplete.
#
#  Out of Memory Error (allocation.cpp:273), pid=6872, tid=9148
#
# JRE version: Java(TM) SE Runtime Environment (8.0_60-b27) (build 1.8.0_60-b27)
# Java VM: Java HotSpot(TM) 64-Bit Server VM (25.60-b23 mixed mode windows-amd64 compressed oops)
# Failed to write core dump. Minidumps are not enabled by default on client versions of Windows
#

---------------  T H R E A D  ---------------

Current thread (0x0000000014b1c000):  JavaThread "C1 CompilerThread2" daemon [_thread_in_native, id=9148, stack(0x00000000162f0000,0x00000000163f0000)]

Stack: [0x00000000162f0000,0x00000000163f0000]
[error occurred during error reporting (printing stack bounds), id 0xc0000005]

Native frames: (J=compiled Java code, j=interpreted, Vv=VM code, C=native code)


Current CompileTask:
C1:    889  539   !   3       com.android.dx.cf.code.BytecodeArray::parseInstruction (2764 bytes)


---------------  P R O C E S S  ---------------

Java Threads: ( => current thread )
  0x00000000165f0800 JavaThread "pool-2-thread-4" [_thread_in_vm, id=5780, stack(0x0000000016df0000,0x0000000016ef0000)]
  0x00000000165ef800 JavaThread "pool-2-thread-3" [_thread_blocked, id=8064, stack(0x0000000016cf0000,0x0000000016df0000)]
  0x00000000165ee800 JavaThread "pool-2-thread-2" [_thread_blocked, id=852, stack(0x0000000016bf0000,0x0000000016cf0000)]
  0x00000000165e0000 JavaThread "pool-3-thread-1" [_thread_blocked, id=444, stack(0x0000000016af0000,0x0000000016bf0000)]
  0x00000000165b3800 JavaThread "pool-2-thread-1" [_thread_blocked, id=7732, stack(0x00000000169f0000,0x0000000016af0000)]
  0x0000000014b1e800 JavaThread "Service Thread" daemon [_thread_blocked, id=4332, stack(0x00000000167f0000,0x00000000168f0000)]
=>0x0000000014b1c000 JavaThread "C1 CompilerThread2" daemon [_thread_in_native, id=9148, stack(0x00000000162f0000,0x00000000163f0000)]
  0x0000000014b11800 JavaThread "C2 CompilerThread1" daemon [_thread_blocked, id=3392, stack(0x00000000161f0000,0x00000000162f0000)]
  0x0000000014ab8800 JavaThread "C2 CompilerThread0" daemon [_thread_blocked, id=8496, stack(0x00000000160f0000,0x00000000161f0000)]
  0x0000000014ab6800 JavaThread "Attach Listener" daemon [_thread_blocked, id=7624, stack(0x0000000015ff0000,0x00000000160f0000)]
  0x0000000014ab5000 JavaThread "Signal Dispatcher" daemon [_thread_blocked, id=1936, stack(0x0000000015ef0000,0x0000000015ff0000)]
  0x00000000023e0800 JavaThread "Finalizer" daemon [_thread_blocked, id=6684, stack(0x0000000015d10000,0x0000000015e10000)]
  0x00000000023dd000 JavaThread "Reference Handler" daemon [_thread_blocked, id=7612, stack(0x0000000015c10000,0x0000000015d10000)]
  0x00000000022f1000 JavaThread "main" [_thread_in_vm, id=7512, stack(0x0000000002030000,0x0000000002130000)]

Other Threads:
  0x0000000014a88000 VMThread [stack: 0x0000000015b10000,0x0000000015c10000] [id=3472]
  0x0000000016401000 WatcherThread [stack: 0x00000000168f0000,0x00000000169f0000] [id=2648]

VM state:not at safepoint (normal execution)

VM Mutex/Monitor currently owned by a thread:  ([mutex/lock_event])
[0x00000000008fd2c0] MethodData_lock - owner thread: 0x00000000022f1000

Heap:
 PSYoungGen      total 18944K, used 11826K [0x00000000eab00000, 0x00000000ec000000, 0x0000000100000000)
  eden space 16384K, 72% used [0x00000000eab00000,0x00000000eb68ca88,0x00000000ebb00000)
  from space 2560K, 0% used [0x00000000ebd80000,0x00000000ebd80000,0x00000000ec000000)
  to   space 2560K, 0% used [0x00000000ebb00000,0x00000000ebb00000,0x00000000ebd80000)
 ParOldGen       total 44032K, used 0K [0x00000000c0000000, 0x00000000c2b00000, 0x00000000eab00000)
  object space 44032K, 0% used [0x00000000c0000000,0x00000000c0000000,0x00000000c2b00000)
 Metaspace       used 5444K, capacity 6448K, committed 6528K, reserved 1056768K
  class space    used 591K, capacity 616K, committed 640K, reserved 1048576K

Card table byte_map: [0x00000000117b0000,0x00000000119c0000] byte_map_base: 0x00000000111b0000

Marking Bits: (ParMarkBitMap*) 0x00000000626ba5b0
 Begin Bits: [0x0000000011f20000, 0x0000000012f20000)
 End Bits:   [0x0000000012f20000, 0x0000000013f20000)

Polling page: 0x00000000008b0000

CodeCache: size=245760Kb used=2132Kb max_used=2143Kb free=243627Kb
 bounds [0x00000000023f0000, 0x0000000002660000, 0x00000000113f0000]
 total_blobs=812 nmethods=543 adapters=182
 compilation: enabled

Compilation events (10 events):
Event: 0.802 Thread 0x0000000014b1c000 nmethod 541 0x00000000025fbed0 code [0x00000000025fc040, 0x00000000025fc248]
Event: 0.802 Thread 0x0000000014b1c000  544       3       com.android.dx.util.LabeledList::set (45 bytes)
Event: 0.803 Thread 0x0000000014b1c000 nmethod 544 0x0000000002603a90 code [0x0000000002603cc0, 0x0000000002604a28]
Event: 0.803 Thread 0x0000000014b1c000  551       3       com.android.dx.rop.code.LocalItem::compareHandlesNulls (25 bytes)
Event: 0.804 Thread 0x0000000014b1c000 nmethod 551 0x0000000002605210 code [0x00000000026053e0, 0x0000000002605d38]
Event: 0.804 Thread 0x0000000014b1c000  538       3       com.android.dx.cf.code.ByteOps::opInfo (6 bytes)
Event: 0.804 Thread 0x0000000014b1c000 nmethod 538 0x00000000026060d0 code [0x0000000002606220, 0x0000000002606370]
Event: 0.804 Thread 0x0000000014b1c000  539   !   3       com.android.dx.cf.code.BytecodeArray::parseInstruction (2764 bytes)
Event: 0.804 Thread 0x0000000014ab8800  554       4       com.android.dx.util.MutabilityControl::throwIfImmutable (18 bytes)
Event: 0.805 Thread 0x0000000014ab8800 nmethod 554 0x00000000025e8f90 code [0x00000000025e90c0, 0x00000000025e9138]

GC Heap History (0 events):
No events

Deoptimization events (1 events):
Event: 0.792 Thread 0x00000000022f1000 Uncommon trap: reason=unstable_if action=reinterpret pc=0x00000000025e6170 method=java.util.HashMap.getNode(ILjava/lang/Object;)Ljava/util/HashMap$Node; @ 129

Internal exceptions (2 events):
Event: 0.067 Thread 0x00000000022f1000 Exception <a 'java/lang/NoSuchMethodError': Method sun.misc.Unsafe.defineClass(Ljava/lang/String;[BII)Ljava/lang/Class; name or signature does not match> (0x00000000eab0d5c8) thrown at [C:\re\workspace\8-2-build-windows-amd64-cygwin\jdk8u60\4407\hotspot\sr	¿švB±?
Event: 0.067 Thread 0x00000000022f1000 Exception <a 'java/lang/NoSuchMethodError': Method sun.misc.Unsafe.prefetchRead(Ljava/lang/Object;J)V name or signature does not match> (0x00000000eab0d8b0) thrown at [C:\re\workspace\8-2-build-windows-amd64-cygwin\jdk8u60\4407\hotspot\src\share\vm\prims\j

Events (10 events):
Event: 0.758 loading class com/android/dx/cf/code/Ropper$ExceptionHandlerSetup done
Event: 0.761 loading class com/android/dx/ssa/PhiInsn$Operand
Event: 0.761 loading class com/android/dx/ssa/PhiInsn$Operand done
Event: 0.763 loading class com/android/dx/ssa/back/FirstFitLocalCombiningAllocator$Multiset
Event: 0.763 loading class com/android/dx/ssa/back/FirstFitLocalCombiningAllocator$Multiset done
Event: 0.773 loading class com/android/dx/cf/attrib/AttDeprecated
Event: 0.773 loading class com/android/dx/cf/attrib/AttDeprecated done
Event: 0.792 Thread 0x00000000022f1000 Uncommon trap: trap_request=0xffffff65 fr.pc=0x00000000025e6170
Event: 0.792 Thread 0x00000000022f1000 DEOPT PACKING pc=0x00000000025e6170 sp=0x000000000212e2f0
Event: 0.792 Thread 0x00000000022f1000 DEOPT UNPACKING pc=0x000000000243582a sp=0x000000000212e268 mode 2


Dynamic libraries:
0x00007ff67a4e0000 - 0x00007ff67a517000 	C:\Program Files\Java\jdk1.8.0_60\bin\java.exe
0x00007ffc7f0e0000 - 0x00007ffc7f2a1000 	C:\Windows\SYSTEM32\ntdll.dll
0x00007ffc7e590000 - 0x00007ffc7e63d000 	C:\Windows\system32\KERNEL32.DLL
0x00007ffc7b810000 - 0x00007ffc7b9f8000 	C:\Windows\system32\KERNELBASE.dll
0x00007ffc7e870000 - 0x00007ffc7e917000 	C:\Windows\system32\ADVAPI32.dll
0x00007ffc7ed60000 - 0x00007ffc7edfd000 	C:\Windows\system32\msvcrt.dll
0x00007ffc7ec90000 - 0x00007ffc7eceb000 	C:\Windows\system32\sechost.dll
0x00007ffc7c5b0000 - 0x00007ffc7c6cc000 	C:\Windows\system32\RPCRT4.dll
0x00007ffc7e920000 - 0x00007ffc7ea76000 	C:\Windows\system32\USER32.dll
0x00007ffc7c6e0000 - 0x00007ffc7c866000 	C:\Windows\system32\GDI32.dll
0x00007ffc6fce0000 - 0x00007ffc6ff54000 	C:\Windows\WinSxS\amd64_microsoft.windows.common-controls_6595b64144ccf1df_6.0.10586.589_none_a2ddb3caa539acce\COMCTL32.dll
0x00007ffc7e310000 - 0x00007ffc7e58d000 	C:\Windows\system32\combase.dll
0x00007ffc7ba00000 - 0x00007ffc7ba6a000 	C:\Windows\system32\bcryptPrimitives.dll
0x00007ffc7ef60000 - 0x00007ffc7ef9b000 	C:\Windows\system32\IMM32.DLL
0x0000000061950000 - 0x0000000061a22000 	C:\Program Files\Java\jdk1.8.0_60\jre\bin\msvcr100.dll
0x0000000061eb0000 - 0x0000000062739000 	C:\Program Files\Java\jdk1.8.0_60\jre\bin\server\jvm.dll
0x00007ffc7ee00000 - 0x00007ffc7ee08000 	C:\Windows\system32\PSAPI.DLL
0x00007ffc6bdd0000 - 0x00007ffc6bdd9000 	C:\Windows\SYSTEM32\WSOCK32.dll
0x00007ffc7e6a0000 - 0x00007ffc7e70b000 	C:\Windows\system32\WS2_32.dll
0x00007ffc79e00000 - 0x00007ffc79e23000 	C:\Windows\SYSTEM32\WINMM.dll
0x00007ffc6f100000 - 0x00007ffc6f10a000 	C:\Windows\SYSTEM32\VERSION.dll
0x00007ffc79cc0000 - 0x00007ffc79cec000 	C:\Windows\SYSTEM32\WINMMBASE.dll
0x00007ffc7ba70000 - 0x00007ffc7bab3000 	C:\Windows\system32\cfgmgr32.dll
0x0000000061dc0000 - 0x0000000061dcf000 	C:\Program Files\Java\jdk1.8.0_60\jre\bin\verify.dll
0x0000000061d90000 - 0x0000000061db9000 	C:\Program Files\Java\jdk1.8.0_60\jre\bin\java.dll
0x0000000061d70000 - 0x0000000061d86000 	C:\Program Files\Java\jdk1.8.0_60\jre\bin\zip.dll
0x00007ffc7c870000 - 0x00007ffc7ddcc000 	C:\Windows\system32\SHELL32.dll
0x00007ffc7bac0000 - 0x00007ffc7c105000 	C:\Windows\system32\windows.storage.dll
0x00007ffc7e200000 - 0x00007ffc7e252000 	C:\Windows\system32\shlwapi.dll
0x00007ffc7b700000 - 0x00007ffc7b70f000 	C:\Windows\system32\kernel.appcore.dll
0x00007ffc7c1c0000 - 0x00007ffc7c275000 	C:\Windows\system32\shcore.dll
0x00007ffc7b730000 - 0x00007ffc7b77b000 	C:\Windows\system32\powrprof.dll
0x00007ffc7b710000 - 0x00007ffc7b724000 	C:\Windows\system32\profapi.dll

VM Arguments:
jvm_args: -Djava.awt.headless=true -Xmx1024M -Dfile.encoding=windows-1252 -Duser.country=IN -Duser.language=en -Duser.variant 
java_command: com.android.dx.command.Main --dex --force-jumbo --num-threads=4 --multi-dex --output E:\work\HomeImage\app\build\intermediates\transforms\dex\debug\folders\1000\10\com.mcxiaoke.volley-library-aar-1.0.0_dee37b2fe5183e4e71c49fc85c47384e949b80d3 E:\work\HomeImage\app\build\intermediates\exploded-aar\com.mcxiaoke.volley\library-aar\1.0.0\jars\classes.jar
java_class_path (initial): E:\Android\sdk\build-tools\24.0.2\lib\dx.jar
Launcher Type: SUN_STANDARD

Environment Variables:
PATH=C:\ProgramData\Oracle\Java\javapath;C:\Program Files (x86)\Intel\iCLS Client\;C:\Program Files\Intel\iCLS Client\;C:\Windows\system32;C:\Windows;C:\Windows\System32\Wbem;C:\Windows\System32\WindowsPowerShell\v1.0\;C:\Program Files (x86)\AMD\ATI.ACE\Core-Static;C:\Program Files\Intel\Intel(R) Management Engine Components\DAL;C:\Program Files\Intel\Intel(R) Management Engine Components\IPT;C:\Program Files (x86)\Intel\Intel(R) Management Engine Components\DAL;C:\Program Files (x86)\Intel\Intel(R) Management Engine Components\IPT;E:\Android\sdk\ndk-bundle;E:\Android\sdk\platform-tools;C:\Program Files (x86)\Skype\Phone\;C:\Program Files (x86)\Windows Live\Shared
USERNAME=Family
OS=Windows_NT
PROCESSOR_IDENTIFIER=Intel64 Family 6 Model 69 Stepping 1, GenuineIntel



---------------  S Y S T E M  ---------------

OS: Windows 10.0 , 64 bit Build 10586 (10.0.10586.589)

CPU:total 4 (2 cores per cpu, 2 threads per core) family 6 model 69 stepping 1, cmov, cx8, fxsr, mmx, sse, sse2, sse3, ssse3, sse4.1, sse4.2, popcnt, avx, avx2, aes, clmul, erms, lzcnt, ht, tsc, tscinvbit, bmi1, bmi2

Memory: 4k page, physical 4072408k(347620k free), swap 5755872k(127480k free)

vm_info: Java HotSpot(TM) 64-Bit Server VM (25.60-b23) for windows-amd64 JRE (1.8.0_60-b27), built on Aug  4 2015 11:06:27 by "java_re" with MS VC++ 10.0 (VS2010)

time: Tue Sep 20 15:01:15 2016
elapsed time: 0 seconds (0d 0h 0m 0s)

