#
# There is insufficient memory for the Java Runtime Environment to continue.
# Native memory allocation (malloc) failed to allocate 974096 bytes for Chunk::new
# Possible reasons:
#   The system is out of physical RAM or swap space
#   In 32 bit mode, the process size limit was hit
# Possible solutions:
#   Reduce memory load on the system
#   Increase physical memory or swap space
#   Check if swap backing store is full
#   Use 64 bit Java on a 64 bit OS
#   Decrease Java heap size (-Xmx/-Xms)
#   Decrease number of Java threads
#   Decrease Java thread stack sizes (-Xss)
#   Set larger code cache with -XX:ReservedCodeCacheSize=
# This output file may be truncated or incomplete.
#
#  Out of Memory Error (allocation.cpp:390), pid=11620, tid=1708
#
# JRE version: Java(TM) SE Runtime Environment (8.0_60-b27) (build 1.8.0_60-b27)
# Java VM: Java HotSpot(TM) 64-Bit Server VM (25.60-b23 mixed mode windows-amd64 compressed oops)
# Failed to write core dump. Minidumps are not enabled by default on client versions of Windows
#

---------------  T H R E A D  ---------------

Current thread (0x0000000014f00000):  JavaThread "C2 CompilerThread1" daemon [_thread_in_native, id=1708, stack(0x0000000016560000,0x0000000016660000)]

Stack: [0x0000000016560000,0x0000000016660000]
[error occurred during error reporting (printing stack bounds), id 0xc0000005]

Native frames: (J=compiled Java code, j=interpreted, Vv=VM code, C=native code)


Current CompileTask:
C2:   5174 1533       4       com.android.dx.ssa.SCCP::simulateBranch (666 bytes)


---------------  P R O C E S S  ---------------

Java Threads: ( => current thread )
  0x00000000168cb800 JavaThread "pool-2-thread-4" [_thread_in_Java, id=11436, stack(0x0000000017160000,0x0000000017260000)]
  0x00000000168cb000 JavaThread "pool-2-thread-3" [_thread_in_Java, id=9000, stack(0x0000000017060000,0x0000000017160000)]
  0x00000000168c6800 JavaThread "pool-2-thread-2" [_thread_in_vm, id=4060, stack(0x0000000016f60000,0x0000000017060000)]
  0x00000000168ab000 JavaThread "pool-3-thread-1" [_thread_blocked, id=9824, stack(0x0000000016e60000,0x0000000016f60000)]
  0x00000000168ae000 JavaThread "pool-2-thread-1" [_thread_in_Java, id=12024, stack(0x0000000016d60000,0x0000000016e60000)]
  0x0000000016673800 JavaThread "Service Thread" daemon [_thread_blocked, id=10972, stack(0x0000000016b60000,0x0000000016c60000)]
  0x0000000016668800 JavaThread "C1 CompilerThread2" daemon [_thread_blocked, id=8804, stack(0x0000000016a60000,0x0000000016b60000)]
=>0x0000000014f00000 JavaThread "C2 CompilerThread1" daemon [_thread_in_native, id=1708, stack(0x0000000016560000,0x0000000016660000)]
  0x0000000014ef9800 JavaThread "C2 CompilerThread0" daemon [_thread_in_native, id=6476, stack(0x0000000016460000,0x0000000016560000)]
  0x0000000014ef7800 JavaThread "Attach Listener" daemon [_thread_blocked, id=9168, stack(0x0000000016360000,0x0000000016460000)]
  0x0000000014ef6000 JavaThread "Signal Dispatcher" daemon [_thread_blocked, id=11920, stack(0x0000000016260000,0x0000000016360000)]
  0x0000000002820800 JavaThread "Finalizer" daemon [_thread_blocked, id=5240, stack(0x0000000016160000,0x0000000016260000)]
  0x000000000281d000 JavaThread "Reference Handler" daemon [_thread_blocked, id=10636, stack(0x0000000016060000,0x0000000016160000)]
  0x0000000002730800 JavaThread "main" [_thread_in_vm, id=11780, stack(0x0000000002630000,0x0000000002730000)]

Other Threads:
  0x0000000014ec8800 VMThread [stack: 0x0000000015f60000,0x0000000016060000] [id=6500]
  0x000000001666e800 WatcherThread [stack: 0x0000000016c60000,0x0000000016d60000] [id=11468]

VM state:not at safepoint (normal execution)

VM Mutex/Monitor currently owned by a thread: None

Heap:
 PSYoungGen      total 35328K, used 30801K [0x00000000eab00000, 0x00000000ed000000, 0x0000000100000000)
  eden space 32768K, 86% used [0x00000000eab00000,0x00000000ec697638,0x00000000ecb00000)
  from space 2560K, 99% used [0x00000000ecd80000,0x00000000ecffce58,0x00000000ed000000)
  to   space 2560K, 0% used [0x00000000ecb00000,0x00000000ecb00000,0x00000000ecd80000)
 ParOldGen       total 44032K, used 3611K [0x00000000c0000000, 0x00000000c2b00000, 0x00000000eab00000)
  object space 44032K, 8% used [0x00000000c0000000,0x00000000c0386c20,0x00000000c2b00000)
 Metaspace       used 6187K, capacity 7088K, committed 7296K, reserved 1056768K
  class space    used 601K, capacity 616K, committed 640K, reserved 1048576K

Card table byte_map: [0x0000000011bf0000,0x0000000011e00000] byte_map_base: 0x00000000115f0000

Marking Bits: (ParMarkBitMap*) 0x0000000056f3a5b0
 Begin Bits: [0x0000000012360000, 0x0000000013360000)
 End Bits:   [0x0000000013360000, 0x0000000014360000)

Polling page: 0x0000000000960000

CodeCache: size=245760Kb used=6599Kb max_used=6599Kb free=239160Kb
 bounds [0x0000000002830000, 0x0000000002eb0000, 0x0000000011830000]
 total_blobs=1840 nmethods=1571 adapters=182
 compilation: enabled

Compilation events (10 events):
Event: 5.158 Thread 0x0000000016668800 1574       3       sun.util.calendar.Gregorian$Date::getNormalizedYear (5 bytes)
Event: 5.158 Thread 0x0000000016668800 nmethod 1574 0x0000000002ea3750 code [0x0000000002ea38a0, 0x0000000002ea3a90]
Event: 5.158 Thread 0x0000000016668800 1575       3       sun.util.calendar.BaseCalendar::isLeapYear (5 bytes)
Event: 5.158 Thread 0x0000000016668800 nmethod 1575 0x0000000002ea3b10 code [0x0000000002ea3c80, 0x0000000002ea3f70]
Event: 5.158 Thread 0x0000000016668800 1576       3       com.android.dx.cf.direct.MemberListParser::parseIfNecessary (12 bytes)
Event: 5.158 Thread 0x0000000016668800 nmethod 1576 0x0000000002ea4090 code [0x0000000002ea4200, 0x0000000002ea43c8]
Event: 5.167 Thread 0x0000000016668800 1577       3       java.util.concurrent.locks.AbstractQueuedSynchronizer::setState (6 bytes)
Event: 5.167 Thread 0x0000000016668800 nmethod 1577 0x0000000002ea4450 code [0x0000000002ea45a0, 0x0000000002ea46f0]
Event: 5.167 Thread 0x0000000016668800 1578       3       com.android.dx.rop.code.Rops::opReturn (89 bytes)
Event: 5.169 Thread 0x0000000016668800 nmethod 1578 0x0000000002ea4750 code [0x0000000002ea4980, 0x0000000002ea5578]

GC Heap History (4 events):
Event: 2.086 GC heap before
{Heap before GC invocations=1 (full 0):
 PSYoungGen      total 18944K, used 16384K [0x00000000eab00000, 0x00000000ec000000, 0x0000000100000000)
  eden space 16384K, 100% used [0x00000000eab00000,0x00000000ebb00000,0x00000000ebb00000)
  from space 2560K, 0% used [0x00000000ebd80000,0x00000000ebd80000,0x00000000ec000000)
  to   space 2560K, 0% used [0x00000000ebb00000,0x00000000ebb00000,0x00000000ebd80000)
 ParOldGen       total 44032K, used 0K [0x00000000c0000000, 0x00000000c2b00000, 0x00000000eab00000)
  object space 44032K, 0% used [0x00000000c0000000,0x00000000c0000000,0x00000000c2b00000)
 Metaspace       used 5719K, capacity 6704K, committed 6784K, reserved 1056768K
  class space    used 598K, capacity 616K, committed 640K, reserved 1048576K
Event: 2.356 GC heap after
Heap after GC invocations=1 (full 0):
 PSYoungGen      total 18944K, used 2554K [0x00000000eab00000, 0x00000000ed000000, 0x0000000100000000)
  eden space 16384K, 0% used [0x00000000eab00000,0x00000000eab00000,0x00000000ebb00000)
  from space 2560K, 99% used [0x00000000ebb00000,0x00000000ebd7ea98,0x00000000ebd80000)
  to   space 2560K, 0% used [0x00000000ecd80000,0x00000000ecd80000,0x00000000ed000000)
 ParOldGen       total 44032K, used 1440K [0x00000000c0000000, 0x00000000c2b00000, 0x00000000eab00000)
  object space 44032K, 3% used [0x00000000c0000000,0x00000000c0168140,0x00000000c2b00000)
 Metaspace       used 5719K, capacity 6704K, committed 6784K, reserved 1056768K
  class space    used 598K, capacity 616K, committed 640K, reserved 1048576K
}
Event: 3.860 GC heap before
{Heap before GC invocations=2 (full 0):
 PSYoungGen      total 18944K, used 18938K [0x00000000eab00000, 0x00000000ed000000, 0x0000000100000000)
  eden space 16384K, 100% used [0x00000000eab00000,0x00000000ebb00000,0x00000000ebb00000)
  from space 2560K, 99% used [0x00000000ebb00000,0x00000000ebd7ea98,0x00000000ebd80000)
  to   space 2560K, 0% used [0x00000000ecd80000,0x00000000ecd80000,0x00000000ed000000)
 ParOldGen       total 44032K, used 1440K [0x00000000c0000000, 0x00000000c2b00000, 0x00000000eab00000)
  object space 44032K, 3% used [0x00000000c0000000,0x00000000c0168140,0x00000000c2b00000)
 Metaspace       used 6034K, capacity 6960K, committed 7040K, reserved 1056768K
  class space    used 601K, capacity 616K, committed 640K, reserved 1048576K
Event: 3.884 GC heap after
Heap after GC invocations=2 (full 0):
 PSYoungGen      total 35328K, used 2547K [0x00000000eab00000, 0x00000000ed000000, 0x0000000100000000)
  eden space 32768K, 0% used [0x00000000eab00000,0x00000000eab00000,0x00000000ecb00000)
  from space 2560K, 99% used [0x00000000ecd80000,0x00000000ecffce58,0x00000000ed000000)
  to   space 2560K, 0% used [0x00000000ecb00000,0x00000000ecb00000,0x00000000ecd80000)
 ParOldGen       total 44032K, used 3611K [0x00000000c0000000, 0x00000000c2b00000, 0x00000000eab00000)
  object space 44032K, 8% used [0x00000000c0000000,0x00000000c0386c20,0x00000000c2b00000)
 Metaspace       used 6034K, capacity 6960K, committed 7040K, reserved 1056768K
  class space    used 601K, capacity 616K, committed 640K, reserved 1048576K
}

Deoptimization events (10 events):
Event: 4.238 Thread 0x00000000168cb000 Uncommon trap: reason=unstable_if action=reinterpret pc=0x0000000002de43bc method=com.android.dx.rop.code.RegisterSpecSet.put(Lcom/android/dx/rop/code/RegisterSpec;)V @ 77
Event: 4.238 Thread 0x00000000168cb000 Uncommon trap: reason=unstable_if action=reinterpret pc=0x0000000002be2fac method=com.android.dx.rop.code.RegisterSpecSet.put(Lcom/android/dx/rop/code/RegisterSpec;)V @ 77
Event: 4.238 Thread 0x00000000168cb000 Uncommon trap: reason=unstable_if action=reinterpret pc=0x0000000002b80bec method=com.android.dx.rop.code.RegisterSpecSet.put(Lcom/android/dx/rop/code/RegisterSpec;)V @ 77
Event: 4.267 Thread 0x00000000168cb800 Uncommon trap: reason=uninitialized action=reinterpret pc=0x0000000002d663f8 method=com.android.dx.cf.code.BytecodeArray.parseInstruction(ILcom/android/dx/cf/code/BytecodeArray$Visitor;)I @ 999
Event: 5.091 Thread 0x00000000168cb800 Uncommon trap: reason=unstable_if action=reinterpret pc=0x0000000002b07c7c method=com.android.dx.rop.code.RegisterSpec.equals(ILcom/android/dx/rop/type/TypeBearer;Lcom/android/dx/rop/code/LocalItem;)Z @ 42
Event: 5.105 Thread 0x00000000168cb800 Uncommon trap: reason=unstable_if action=reinterpret pc=0x0000000002e5e964 method=com.android.dx.ssa.SsaRenamer$BlockRenamer.addMapping(ILcom/android/dx/rop/code/RegisterSpec;)V @ 120
Event: 5.105 Thread 0x00000000168cb800 Uncommon trap: reason=unstable_if action=reinterpret pc=0x0000000002cfb73c method=com.android.dx.ssa.SsaRenamer$BlockRenamer.addMapping(ILcom/android/dx/rop/code/RegisterSpec;)V @ 120
Event: 5.107 Thread 0x00000000168cb800 Uncommon trap: reason=unstable_if action=reinterpret pc=0x0000000002c54944 method=com.android.dx.ssa.SsaRenamer$BlockRenamer.addMapping(ILcom/android/dx/rop/code/RegisterSpec;)V @ 120
Event: 5.133 Thread 0x0000000002730800 Uncommon trap: reason=unstable_if action=reinterpret pc=0x0000000002dd6b88 method=com.android.dx.ssa.LiteralOpUpgrader$1.visitNonMoveInsn(Lcom/android/dx/ssa/NormalSsaInsn;)V @ 55
Event: 5.134 Thread 0x0000000002730800 Uncommon trap: reason=unstable_if action=reinterpret pc=0x0000000002c5bbdc method=com.android.dx.ssa.SsaMethod.updateOneDefinition(Lcom/android/dx/ssa/SsaInsn;Lcom/android/dx/rop/code/RegisterSpec;)V @ 4

Internal exceptions (3 events):
Event: 0.071 Thread 0x0000000002730800 Exception <a 'java/lang/NoSuchMethodError': Method sun.misc.Unsafe.defineClass(Ljava/lang/String;[BII)Ljava/lang/Class; name or signature does not match> (0x00000000eab0d5f0) thrown at [C:\re\workspace\8-2-build-windows-amd64-cygwin\jdk8u60\4407\hotspot\srdﬁ⁄ı|≤?
Event: 0.071 Thread 0x0000000002730800 Exception <a 'java/lang/NoSuchMethodError': Method sun.misc.Unsafe.prefetchRead(Ljava/lang/Object;J)V name or signature does not match> (0x00000000eab0d8d8) thrown at [C:\re\workspace\8-2-build-windows-amd64-cygwin\jdk8u60\4407\hotspot\src\share\vm\prims\j≤á€‰Á@
Event: 4.226 Thread 0x00000000168ae000 Implicit null exception at 0x0000000002c66fc7 to 0x0000000002c67d19

Events (10 events):
Event: 5.107 Thread 0x00000000168cb800 DEOPT PACKING pc=0x0000000002c54944 sp=0x000000001725e630
Event: 5.107 Thread 0x00000000168cb800 DEOPT UNPACKING pc=0x000000000287582a sp=0x000000001725e5c0 mode 2
Event: 5.133 Thread 0x0000000002730800 Uncommon trap: trap_request=0xffffff65 fr.pc=0x0000000002dd6b88
Event: 5.133 Thread 0x0000000002730800 DEOPT PACKING pc=0x0000000002dd6b88 sp=0x000000000272e370
Event: 5.133 Thread 0x0000000002730800 DEOPT UNPACKING pc=0x000000000287582a sp=0x000000000272e360 mode 2
Event: 5.133 loading class com/android/dx/rop/code/RegOps
Event: 5.133 loading class com/android/dx/rop/code/RegOps done
Event: 5.134 Thread 0x0000000002730800 Uncommon trap: trap_request=0xffffff65 fr.pc=0x0000000002c5bbdc
Event: 5.134 Thread 0x0000000002730800 DEOPT PACKING pc=0x0000000002c5bbdc sp=0x000000000272e1c0
Event: 5.134 Thread 0x0000000002730800 DEOPT UNPACKING pc=0x000000000287582a sp=0x000000000272e168 mode 2


Dynamic libraries:
0x00007ff7abe70000 - 0x00007ff7abea7000 	C:\Program Files\Java\jdk1.8.0_60\bin\java.exe
0x00007ffb5dad0000 - 0x00007ffb5dc91000 	C:\Windows\SYSTEM32\ntdll.dll
0x00007ffb5af30000 - 0x00007ffb5afdd000 	C:\Windows\system32\KERNEL32.DLL
0x00007ffb5abe0000 - 0x00007ffb5adc8000 	C:\Windows\system32\KERNELBASE.dll
0x00007ffb5b250000 - 0x00007ffb5b2f7000 	C:\Windows\system32\ADVAPI32.dll
0x00007ffb5b960000 - 0x00007ffb5b9fd000 	C:\Windows\system32\msvcrt.dll
0x00007ffb5aed0000 - 0x00007ffb5af2b000 	C:\Windows\system32\sechost.dll
0x00007ffb5ba00000 - 0x00007ffb5bb1c000 	C:\Windows\system32\RPCRT4.dll
0x00007ffb5b040000 - 0x00007ffb5b196000 	C:\Windows\system32\USER32.dll
0x00007ffb5b450000 - 0x00007ffb5b5d6000 	C:\Windows\system32\GDI32.dll
0x00007ffb4f9d0000 - 0x00007ffb4fc44000 	C:\Windows\WinSxS\amd64_microsoft.windows.common-controls_6595b64144ccf1df_6.0.10586.589_none_a2ddb3caa539acce\COMCTL32.dll
0x00007ffb5d7e0000 - 0x00007ffb5da5d000 	C:\Windows\system32\combase.dll
0x00007ffb5a180000 - 0x00007ffb5a1ea000 	C:\Windows\system32\bcryptPrimitives.dll
0x00007ffb5bb20000 - 0x00007ffb5bb5b000 	C:\Windows\system32\IMM32.DLL
0x00000000561d0000 - 0x00000000562a2000 	C:\Program Files\Java\jdk1.8.0_60\jre\bin\msvcr100.dll
0x0000000056730000 - 0x0000000056fb9000 	C:\Program Files\Java\jdk1.8.0_60\jre\bin\server\jvm.dll
0x00007ffb5d580000 - 0x00007ffb5d588000 	C:\Windows\system32\PSAPI.DLL
0x00007ffb49200000 - 0x00007ffb49209000 	C:\Windows\SYSTEM32\WSOCK32.dll
0x00007ffb5b5e0000 - 0x00007ffb5b64b000 	C:\Windows\system32\WS2_32.dll
0x00007ffb586f0000 - 0x00007ffb58713000 	C:\Windows\SYSTEM32\WINMM.dll
0x00007ffb4dee0000 - 0x00007ffb4deea000 	C:\Windows\SYSTEM32\VERSION.dll
0x00007ffb58690000 - 0x00007ffb586bc000 	C:\Windows\SYSTEM32\WINMMBASE.dll
0x00007ffb5add0000 - 0x00007ffb5ae13000 	C:\Windows\system32\cfgmgr32.dll
0x0000000056640000 - 0x000000005664f000 	C:\Program Files\Java\jdk1.8.0_60\jre\bin\verify.dll
0x0000000056610000 - 0x0000000056639000 	C:\Program Files\Java\jdk1.8.0_60\jre\bin\java.dll
0x00000000565f0000 - 0x0000000056606000 	C:\Program Files\Java\jdk1.8.0_60\jre\bin\zip.dll
0x00007ffb5c000000 - 0x00007ffb5d55c000 	C:\Windows\system32\SHELL32.dll
0x00007ffb5a2b0000 - 0x00007ffb5a8f5000 	C:\Windows\system32\windows.storage.dll
0x00007ffb5d590000 - 0x00007ffb5d5e2000 	C:\Windows\system32\shlwapi.dll
0x00007ffb5a110000 - 0x00007ffb5a11f000 	C:\Windows\system32\kernel.appcore.dll
0x00007ffb5a1f0000 - 0x00007ffb5a2a5000 	C:\Windows\system32\shcore.dll
0x00007ffb5a120000 - 0x00007ffb5a16b000 	C:\Windows\system32\powrprof.dll
0x00007ffb5a0f0000 - 0x00007ffb5a104000 	C:\Windows\system32\profapi.dll

VM Arguments:
jvm_args: -Djava.awt.headless=true -Xmx1024M -Dfile.encoding=windows-1252 -Duser.country=IN -Duser.language=en -Duser.variant 
java_command: com.android.dx.command.Main --dex --force-jumbo --num-threads=4 --multi-dex --output E:\work\HomeImage\app\build\intermediates\transforms\dex\debug\folders\1000\10\com.android.support-support-media-compat-24.2.0_18dcf230439b8f3e6e26e22856d72fac60497399 E:\work\HomeImage\app\build\intermediates\exploded-aar\com.android.support\support-media-compat\24.2.0\jars\classes.jar
java_class_path (initial): E:\Android\sdk\build-tools\24.0.2\lib\dx.jar
Launcher Type: SUN_STANDARD

Environment Variables:
PATH=C:\ProgramData\Oracle\Java\javapath;C:\Program Files (x86)\Intel\iCLS Client\;C:\Program Files\Intel\iCLS Client\;C:\Windows\system32;C:\Windows;C:\Windows\System32\Wbem;C:\Windows\System32\WindowsPowerShell\v1.0\;C:\Program Files (x86)\AMD\ATI.ACE\Core-Static;C:\Program Files\Intel\Intel(R) Management Engine Components\DAL;C:\Program Files\Intel\Intel(R) Management Engine Components\IPT;C:\Program Files (x86)\Intel\Intel(R) Management Engine Components\DAL;C:\Program Files (x86)\Intel\Intel(R) Management Engine Components\IPT;E:\Android\sdk\ndk-bundle;E:\Android\sdk\platform-tools;C:\Program Files (x86)\Skype\Phone\;C:\Program Files (x86)\Windows Live\Shared
USERNAME=Family
OS=Windows_NT
PROCESSOR_IDENTIFIER=Intel64 Family 6 Model 69 Stepping 1, GenuineIntel



---------------  S Y S T E M  ---------------

OS: Windows 10.0 , 64 bit Build 10586 (10.0.10586.589)

CPU:total 4 (2 cores per cpu, 2 threads per core) family 6 model 69 stepping 1, cmov, cx8, fxsr, mmx, sse, sse2, sse3, ssse3, sse4.1, sse4.2, popcnt, avx, avx2, aes, clmul, erms, lzcnt, ht, tsc, tscinvbit, bmi1, bmi2

Memory: 4k page, physical 4072408k(385456k free), swap 5832536k(29244k free)

vm_info: Java HotSpot(TM) 64-Bit Server VM (25.60-b23) for windows-amd64 JRE (1.8.0_60-b27), built on Aug  4 2015 11:06:27 by "java_re" with MS VC++ 10.0 (VS2010)

time: Tue Sep 20 12:34:57 2016
elapsed time: 5 seconds (0d 0h 0m 5s)

