#
# There is insufficient memory for the Java Runtime Environment to continue.
# Native memory allocation (malloc) failed to allocate 1126256 bytes for Chunk::new
# Possible reasons:
#   The system is out of physical RAM or swap space
#   In 32 bit mode, the process size limit was hit
# Possible solutions:
#   Reduce memory load on the system
#   Increase physical memory or swap space
#   Check if swap backing store is full
#   Use 64 bit Java on a 64 bit OS
#   Decrease Java heap size (-Xmx/-Xms)
#   Decrease number of Java threads
#   Decrease Java thread stack sizes (-Xss)
#   Set larger code cache with -XX:ReservedCodeCacheSize=
# This output file may be truncated or incomplete.
#
#  Out of Memory Error (allocation.cpp:390), pid=5148, tid=6888
#
# JRE version: Java(TM) SE Runtime Environment (8.0_60-b27) (build 1.8.0_60-b27)
# Java VM: Java HotSpot(TM) 64-Bit Server VM (25.60-b23 mixed mode windows-amd64 compressed oops)
# Failed to write core dump. Minidumps are not enabled by default on client versions of Windows
#

---------------  T H R E A D  ---------------

Current thread (0x00000000150da800):  JavaThread "C2 CompilerThread0" daemon [_thread_in_native, id=6888, stack(0x0000000016710000,0x0000000016810000)]

Stack: [0x0000000016710000,0x0000000016810000]
[error occurred during error reporting (printing stack bounds), id 0xc0000005]

Native frames: (J=compiled Java code, j=interpreted, Vv=VM code, C=native code)


Current CompileTask:
C2:   5146 1368       4       com.android.dx.dex.code.OutputFinisher::addConstants (93 bytes)


---------------  P R O C E S S  ---------------

Java Threads: ( => current thread )
  0x000000001781c000 JavaThread "pool-1-thread-1" [_thread_in_Java, id=4836, stack(0x0000000018ce0000,0x0000000018de0000)]
  0x000000001691d000 JavaThread "Service Thread" daemon [_thread_blocked, id=9636, stack(0x0000000016e10000,0x0000000016f10000)]
  0x0000000016918800 JavaThread "C1 CompilerThread2" daemon [_thread_blocked, id=11688, stack(0x0000000016d10000,0x0000000016e10000)]
  0x00000000150e0000 JavaThread "C2 CompilerThread1" daemon [_thread_blocked, id=12124, stack(0x0000000016810000,0x0000000016910000)]
=>0x00000000150da800 JavaThread "C2 CompilerThread0" daemon [_thread_in_native, id=6888, stack(0x0000000016710000,0x0000000016810000)]
  0x00000000150d8800 JavaThread "Attach Listener" daemon [_thread_blocked, id=4148, stack(0x0000000016610000,0x0000000016710000)]
  0x00000000150d7800 JavaThread "Signal Dispatcher" daemon [_thread_blocked, id=10796, stack(0x0000000016510000,0x0000000016610000)]
  0x0000000002a00800 JavaThread "Finalizer" daemon [_thread_blocked, id=11852, stack(0x0000000016330000,0x0000000016430000)]
  0x00000000029fd000 JavaThread "Reference Handler" daemon [_thread_blocked, id=11464, stack(0x0000000016230000,0x0000000016330000)]
  0x0000000002910800 JavaThread "main" [_thread_blocked, id=11692, stack(0x0000000002810000,0x0000000002910000)]

Other Threads:
  0x00000000150a8000 VMThread [stack: 0x0000000016130000,0x0000000016230000] [id=11936]
  0x0000000016932000 WatcherThread [stack: 0x0000000016f10000,0x0000000017010000] [id=2444]

VM state:not at safepoint (normal execution)

VM Mutex/Monitor currently owned by a thread: None

Heap:
 PSYoungGen      total 18944K, used 16281K [0x00000000eab00000, 0x00000000ed000000, 0x0000000100000000)
  eden space 16384K, 83% used [0x00000000eab00000,0x00000000eb86c950,0x00000000ebb00000)
  from space 2560K, 99% used [0x00000000ebb00000,0x00000000ebd79c88,0x00000000ebd80000)
  to   space 2560K, 0% used [0x00000000ecd80000,0x00000000ecd80000,0x00000000ed000000)
 ParOldGen       total 44032K, used 1495K [0x00000000c0000000, 0x00000000c2b00000, 0x00000000eab00000)
  object space 44032K, 3% used [0x00000000c0000000,0x00000000c0175fa0,0x00000000c2b00000)
 Metaspace       used 6282K, capacity 7160K, committed 7296K, reserved 1056768K
  class space    used 617K, capacity 624K, committed 640K, reserved 1048576K

Card table byte_map: [0x0000000011dd0000,0x0000000011fe0000] byte_map_base: 0x00000000117d0000

Marking Bits: (ParMarkBitMap*) 0x0000000056f3a5b0
 Begin Bits: [0x0000000012540000, 0x0000000013540000)
 End Bits:   [0x0000000013540000, 0x0000000014540000)

Polling page: 0x0000000000a90000

CodeCache: size=245760Kb used=5725Kb max_used=5739Kb free=240034Kb
 bounds [0x0000000002a10000, 0x0000000002fb0000, 0x0000000011a10000]
 total_blobs=1736 nmethods=1467 adapters=182
 compilation: enabled

Compilation events (10 events):
Event: 5.099 Thread 0x0000000016918800 nmethod 1464 0x0000000002f9ced0 code [0x0000000002f9d060, 0x0000000002f9d398]
Event: 5.099 Thread 0x0000000016918800 1465       3       com.android.dx.dex.code.InsnFormat::unsignedFitsInShort (14 bytes)
Event: 5.100 Thread 0x0000000016918800 nmethod 1465 0x0000000002fa5f90 code [0x0000000002fa60e0, 0x0000000002fa6270]
Event: 5.100 Thread 0x0000000016918800 1466       1       com.android.dx.dex.code.form.Form11x::codeSize (2 bytes)
Event: 5.100 Thread 0x0000000016918800 nmethod 1466 0x0000000002f96c90 code [0x0000000002f96de0, 0x0000000002f96ef0]
Event: 5.101 Thread 0x0000000016918800 1468       3       com.android.dx.dex.code.PositionList::make (224 bytes)
Event: 5.103 Thread 0x0000000016918800 nmethod 1468 0x0000000002fa6310 code [0x0000000002fa6600, 0x0000000002fa80e8]
Event: 5.103 Thread 0x0000000016918800 1469       3       com.android.dx.dex.file.OffsettedItem::place (78 bytes)
Event: 5.104 Thread 0x0000000016918800 nmethod 1469 0x0000000002fa91d0 code [0x0000000002fa9380, 0x0000000002fa9898]
Event: 5.121 Thread 0x00000000150e0000 nmethod 1467 0x0000000002fad2d0 code [0x0000000002fad480, 0x0000000002fae098]

GC Heap History (2 events):
Event: 2.073 GC heap before
{Heap before GC invocations=1 (full 0):
 PSYoungGen      total 18944K, used 16384K [0x00000000eab00000, 0x00000000ec000000, 0x0000000100000000)
  eden space 16384K, 100% used [0x00000000eab00000,0x00000000ebb00000,0x00000000ebb00000)
  from space 2560K, 0% used [0x00000000ebd80000,0x00000000ebd80000,0x00000000ec000000)
  to   space 2560K, 0% used [0x00000000ebb00000,0x00000000ebb00000,0x00000000ebd80000)
 ParOldGen       total 44032K, used 0K [0x00000000c0000000, 0x00000000c2b00000, 0x00000000eab00000)
  object space 44032K, 0% used [0x00000000c0000000,0x00000000c0000000,0x00000000c2b00000)
 Metaspace       used 5787K, capacity 6704K, committed 6784K, reserved 1056768K
  class space    used 596K, capacity 616K, committed 640K, reserved 1048576K
Event: 2.132 GC heap after
Heap after GC invocations=1 (full 0):
 PSYoungGen      total 18944K, used 2535K [0x00000000eab00000, 0x00000000ed000000, 0x0000000100000000)
  eden space 16384K, 0% used [0x00000000eab00000,0x00000000eab00000,0x00000000ebb00000)
  from space 2560K, 99% used [0x00000000ebb00000,0x00000000ebd79c88,0x00000000ebd80000)
  to   space 2560K, 0% used [0x00000000ecd80000,0x00000000ecd80000,0x00000000ed000000)
 ParOldGen       total 44032K, used 1495K [0x00000000c0000000, 0x00000000c2b00000, 0x00000000eab00000)
  object space 44032K, 3% used [0x00000000c0000000,0x00000000c0175fa0,0x00000000c2b00000)
 Metaspace       used 5787K, capacity 6704K, committed 6784K, reserved 1056768K
  class space    used 596K, capacity 616K, committed 640K, reserved 1048576K
}

Deoptimization events (10 events):
Event: 3.980 Thread 0x000000001781c000 Uncommon trap: reason=class_check action=maybe_recompile pc=0x0000000002ef1d80 method=java.util.HashMap.putVal(ILjava/lang/Object;Ljava/lang/Object;ZZ)Ljava/lang/Object; @ 203
Event: 3.991 Thread 0x000000001781c000 Uncommon trap: reason=bimorphic action=maybe_recompile pc=0x0000000002d5c89c method=java.util.HashMap.getNode(ILjava/lang/Object;)Ljava/util/HashMap$Node; @ 126
Event: 3.991 Thread 0x000000001781c000 Uncommon trap: reason=bimorphic action=maybe_recompile pc=0x0000000002d5c89c method=java.util.HashMap.getNode(ILjava/lang/Object;)Ljava/util/HashMap$Node; @ 126
Event: 5.077 Thread 0x000000001781c000 Uncommon trap: reason=speculate_class_check action=maybe_recompile pc=0x0000000002db2608 method=com.android.dx.util.FixedSizeList.equals(Ljava/lang/Object;)Z @ 25
Event: 5.077 Thread 0x000000001781c000 Uncommon trap: reason=class_check action=maybe_recompile pc=0x0000000002db3a94 method=java.util.Arrays.equals([Ljava/lang/Object;[Ljava/lang/Object;)Z @ 62
Event: 5.077 Thread 0x000000001781c000 Uncommon trap: reason=speculate_class_check action=maybe_recompile pc=0x0000000002db2608 method=com.android.dx.util.FixedSizeList.equals(Ljava/lang/Object;)Z @ 25
Event: 5.077 Thread 0x000000001781c000 Uncommon trap: reason=class_check action=maybe_recompile pc=0x0000000002db3a94 method=java.util.Arrays.equals([Ljava/lang/Object;[Ljava/lang/Object;)Z @ 62
Event: 5.077 Thread 0x000000001781c000 Uncommon trap: reason=speculate_class_check action=maybe_recompile pc=0x0000000002db2608 method=com.android.dx.util.FixedSizeList.equals(Ljava/lang/Object;)Z @ 25
Event: 5.077 Thread 0x000000001781c000 Uncommon trap: reason=unstable_if action=reinterpret pc=0x0000000002db3a6c method=java.util.Arrays.equals([Ljava/lang/Object;[Ljava/lang/Object;)Z @ 23
Event: 5.079 Thread 0x000000001781c000 Uncommon trap: reason=speculate_class_check action=maybe_recompile pc=0x0000000002db2608 method=com.android.dx.util.FixedSizeList.equals(Ljava/lang/Object;)Z @ 25

Internal exceptions (2 events):
Event: 0.071 Thread 0x0000000002910800 Exception <a 'java/lang/NoSuchMethodError': Method sun.misc.Unsafe.defineClass(Ljava/lang/String;[BII)Ljava/lang/Class; name or signature does not match> (0x00000000eab0d5e0) thrown at [C:\re\workspace\8-2-build-windows-amd64-cygwin\jdk8u60\4407\hotspot\srè¢Â™7H≤?
Event: 0.071 Thread 0x0000000002910800 Exception <a 'java/lang/NoSuchMethodError': Method sun.misc.Unsafe.prefetchRead(Ljava/lang/Object;J)V name or signature does not match> (0x00000000eab0d8c8) thrown at [C:\re\workspace\8-2-build-windows-amd64-cygwin\jdk8u60\4407\hotspot\src\share\vm\prims\j

Events (10 events):
Event: 5.077 Thread 0x000000001781c000 Uncommon trap: trap_request=0xffffff65 fr.pc=0x0000000002db3a6c
Event: 5.077 Thread 0x000000001781c000 DEOPT PACKING pc=0x0000000002db3a6c sp=0x0000000018dde980
Event: 5.077 Thread 0x000000001781c000 DEOPT UNPACKING pc=0x0000000002a5582a sp=0x0000000018dde920 mode 2
Event: 5.077 loading class com/android/dx/dex/code/CatchTable$Entry
Event: 5.077 loading class com/android/dx/dex/code/CatchTable$Entry done
Event: 5.077 loading class com/android/dx/util/ByteArrayAnnotatedOutput
Event: 5.078 loading class com/android/dx/util/ByteArrayAnnotatedOutput done
Event: 5.079 Thread 0x000000001781c000 Uncommon trap: trap_request=0xffffff76 fr.pc=0x0000000002db2608
Event: 5.079 Thread 0x000000001781c000 DEOPT PACKING pc=0x0000000002db2608 sp=0x0000000018dde9f0
Event: 5.079 Thread 0x000000001781c000 DEOPT UNPACKING pc=0x0000000002a5582a sp=0x0000000018dde9b0 mode 2


Dynamic libraries:
0x00007ff7abe70000 - 0x00007ff7abea7000 	C:\Program Files\Java\jdk1.8.0_60\bin\java.exe
0x00007ffb5dad0000 - 0x00007ffb5dc91000 	C:\Windows\SYSTEM32\ntdll.dll
0x00007ffb5af30000 - 0x00007ffb5afdd000 	C:\Windows\system32\KERNEL32.DLL
0x00007ffb5abe0000 - 0x00007ffb5adc8000 	C:\Windows\system32\KERNELBASE.dll
0x00007ffb5b250000 - 0x00007ffb5b2f7000 	C:\Windows\system32\ADVAPI32.dll
0x00007ffb5b960000 - 0x00007ffb5b9fd000 	C:\Windows\system32\msvcrt.dll
0x00007ffb5aed0000 - 0x00007ffb5af2b000 	C:\Windows\system32\sechost.dll
0x00007ffb5ba00000 - 0x00007ffb5bb1c000 	C:\Windows\system32\RPCRT4.dll
0x00007ffb5b040000 - 0x00007ffb5b196000 	C:\Windows\system32\USER32.dll
0x00007ffb5b450000 - 0x00007ffb5b5d6000 	C:\Windows\system32\GDI32.dll
0x00007ffb4f9d0000 - 0x00007ffb4fc44000 	C:\Windows\WinSxS\amd64_microsoft.windows.common-controls_6595b64144ccf1df_6.0.10586.589_none_a2ddb3caa539acce\COMCTL32.dll
0x00007ffb5d7e0000 - 0x00007ffb5da5d000 	C:\Windows\system32\combase.dll
0x00007ffb5a180000 - 0x00007ffb5a1ea000 	C:\Windows\system32\bcryptPrimitives.dll
0x00007ffb5bb20000 - 0x00007ffb5bb5b000 	C:\Windows\system32\IMM32.DLL
0x00000000561d0000 - 0x00000000562a2000 	C:\Program Files\Java\jdk1.8.0_60\jre\bin\msvcr100.dll
0x0000000056730000 - 0x0000000056fb9000 	C:\Program Files\Java\jdk1.8.0_60\jre\bin\server\jvm.dll
0x00007ffb5d580000 - 0x00007ffb5d588000 	C:\Windows\system32\PSAPI.DLL
0x00007ffb49200000 - 0x00007ffb49209000 	C:\Windows\SYSTEM32\WSOCK32.dll
0x00007ffb586f0000 - 0x00007ffb58713000 	C:\Windows\SYSTEM32\WINMM.dll
0x00007ffb4dee0000 - 0x00007ffb4deea000 	C:\Windows\SYSTEM32\VERSION.dll
0x00007ffb5b5e0000 - 0x00007ffb5b64b000 	C:\Windows\system32\WS2_32.dll
0x00007ffb58690000 - 0x00007ffb586bc000 	C:\Windows\SYSTEM32\WINMMBASE.dll
0x00007ffb5add0000 - 0x00007ffb5ae13000 	C:\Windows\system32\cfgmgr32.dll
0x0000000056640000 - 0x000000005664f000 	C:\Program Files\Java\jdk1.8.0_60\jre\bin\verify.dll
0x0000000056610000 - 0x0000000056639000 	C:\Program Files\Java\jdk1.8.0_60\jre\bin\java.dll
0x00000000565f0000 - 0x0000000056606000 	C:\Program Files\Java\jdk1.8.0_60\jre\bin\zip.dll
0x00007ffb5c000000 - 0x00007ffb5d55c000 	C:\Windows\system32\SHELL32.dll
0x00007ffb5a2b0000 - 0x00007ffb5a8f5000 	C:\Windows\system32\windows.storage.dll
0x00007ffb5d590000 - 0x00007ffb5d5e2000 	C:\Windows\system32\shlwapi.dll
0x00007ffb5a110000 - 0x00007ffb5a11f000 	C:\Windows\system32\kernel.appcore.dll
0x00007ffb5a1f0000 - 0x00007ffb5a2a5000 	C:\Windows\system32\shcore.dll
0x00007ffb5a120000 - 0x00007ffb5a16b000 	C:\Windows\system32\powrprof.dll
0x00007ffb5a0f0000 - 0x00007ffb5a104000 	C:\Windows\system32\profapi.dll

VM Arguments:
jvm_args: -Djava.awt.headless=true -Xmx1024M -Dfile.encoding=windows-1252 -Duser.country=IN -Duser.language=en -Duser.variant 
java_command: com.android.dx.command.Main --dex --force-jumbo --num-threads=4 --multi-dex --output E:\work\HomeImage\app\build\intermediates\transforms\dex\debug\folders\1000\10\internal_impl-24.2.0_3eac97e958c3579f6b2908082c340d8edcab2cf3 E:\work\HomeImage\app\build\intermediates\exploded-aar\com.android.support\support-media-compat\24.2.0\jars\libs\internal_impl-24.2.0.jar
java_class_path (initial): E:\Android\sdk\build-tools\24.0.2\lib\dx.jar
Launcher Type: SUN_STANDARD

Environment Variables:
PATH=C:\ProgramData\Oracle\Java\javapath;C:\Program Files (x86)\Intel\iCLS Client\;C:\Program Files\Intel\iCLS Client\;C:\Windows\system32;C:\Windows;C:\Windows\System32\Wbem;C:\Windows\System32\WindowsPowerShell\v1.0\;C:\Program Files (x86)\AMD\ATI.ACE\Core-Static;C:\Program Files\Intel\Intel(R) Management Engine Components\DAL;C:\Program Files\Intel\Intel(R) Management Engine Components\IPT;C:\Program Files (x86)\Intel\Intel(R) Management Engine Components\DAL;C:\Program Files (x86)\Intel\Intel(R) Management Engine Components\IPT;E:\Android\sdk\ndk-bundle;E:\Android\sdk\platform-tools;C:\Program Files (x86)\Skype\Phone\;C:\Program Files (x86)\Windows Live\Shared
USERNAME=Family
OS=Windows_NT
PROCESSOR_IDENTIFIER=Intel64 Family 6 Model 69 Stepping 1, GenuineIntel



---------------  S Y S T E M  ---------------

OS: Windows 10.0 , 64 bit Build 10586 (10.0.10586.589)

CPU:total 4 (2 cores per cpu, 2 threads per core) family 6 model 69 stepping 1, cmov, cx8, fxsr, mmx, sse, sse2, sse3, ssse3, sse4.1, sse4.2, popcnt, avx, avx2, aes, clmul, erms, lzcnt, ht, tsc, tscinvbit, bmi1, bmi2

Memory: 4k page, physical 4072408k(385456k free), swap 5832536k(29244k free)

vm_info: Java HotSpot(TM) 64-Bit Server VM (25.60-b23) for windows-amd64 JRE (1.8.0_60-b27), built on Aug  4 2015 11:06:27 by "java_re" with MS VC++ 10.0 (VS2010)

time: Tue Sep 20 12:34:57 2016
elapsed time: 5 seconds (0d 0h 0m 5s)

