#
# There is insufficient memory for the Java Runtime Environment to continue.
# Native memory allocation (malloc) failed to allocate 400176 bytes for Chunk::new
# Possible reasons:
#   The system is out of physical RAM or swap space
#   In 32 bit mode, the process size limit was hit
# Possible solutions:
#   Reduce memory load on the system
#   Increase physical memory or swap space
#   Check if swap backing store is full
#   Use 64 bit Java on a 64 bit OS
#   Decrease Java heap size (-Xmx/-Xms)
#   Decrease number of Java threads
#   Decrease Java thread stack sizes (-Xss)
#   Set larger code cache with -XX:ReservedCodeCacheSize=
# This output file may be truncated or incomplete.
#
#  Out of Memory Error (allocation.cpp:390), pid=3792, tid=8680
#
# JRE version: Java(TM) SE Runtime Environment (8.0_60-b27) (build 1.8.0_60-b27)
# Java VM: Java HotSpot(TM) 64-Bit Server VM (25.60-b23 mixed mode windows-amd64 compressed oops)
# Failed to write core dump. Minidumps are not enabled by default on client versions of Windows
#

---------------  T H R E A D  ---------------

Current thread (0x0000000014f89000):  JavaThread "C2 CompilerThread0" daemon [_thread_in_native, id=8680, stack(0x00000000165e0000,0x00000000166e0000)]

Stack: [0x00000000165e0000,0x00000000166e0000]
[error occurred during error reporting (printing stack bounds), id 0xc0000005]

Native frames: (J=compiled Java code, j=interpreted, Vv=VM code, C=native code)


Current CompileTask:
C2:   5559  670       4       com.android.dx.ssa.NormalSsaInsn::accept (25 bytes)


---------------  P R O C E S S  ---------------

Java Threads: ( => current thread )
  0x0000000016b4a800 JavaThread "pool-2-thread-4" [_thread_in_Java, id=6604, stack(0x00000000172e0000,0x00000000173e0000)]
  0x0000000016b49000 JavaThread "pool-2-thread-3" [_thread_in_vm, id=392, stack(0x00000000171e0000,0x00000000172e0000)]
  0x0000000016b43800 JavaThread "pool-2-thread-2" [_thread_in_Java, id=8908, stack(0x00000000170e0000,0x00000000171e0000)]
  0x0000000016a14800 JavaThread "pool-3-thread-1" [_thread_blocked, id=5056, stack(0x0000000016fe0000,0x00000000170e0000)]
  0x0000000016a14000 JavaThread "pool-2-thread-1" [_thread_in_vm, id=1176, stack(0x0000000016ee0000,0x0000000016fe0000)]
  0x0000000014fed000 JavaThread "Service Thread" daemon [_thread_blocked, id=8436, stack(0x0000000016ce0000,0x0000000016de0000)]
  0x0000000014fe8800 JavaThread "C1 CompilerThread2" daemon [_thread_blocked, id=8188, stack(0x00000000167e0000,0x00000000168e0000)]
  0x0000000014f90000 JavaThread "C2 CompilerThread1" daemon [_thread_in_native, id=2204, stack(0x00000000166e0000,0x00000000167e0000)]
=>0x0000000014f89000 JavaThread "C2 CompilerThread0" daemon [_thread_in_native, id=8680, stack(0x00000000165e0000,0x00000000166e0000)]
  0x0000000014f87800 JavaThread "Attach Listener" daemon [_thread_blocked, id=8996, stack(0x00000000164e0000,0x00000000165e0000)]
  0x0000000014f86000 JavaThread "Signal Dispatcher" daemon [_thread_blocked, id=7780, stack(0x00000000163e0000,0x00000000164e0000)]
  0x00000000028b0800 JavaThread "Finalizer" daemon [_thread_blocked, id=1940, stack(0x0000000016200000,0x0000000016300000)]
  0x00000000028ad000 JavaThread "Reference Handler" daemon [_thread_blocked, id=9152, stack(0x0000000016100000,0x0000000016200000)]
  0x00000000027c1000 JavaThread "main" [_thread_in_Java, id=1608, stack(0x00000000026c0000,0x00000000027c0000)]

Other Threads:
  0x0000000014f58000 VMThread [stack: 0x0000000016000000,0x0000000016100000] [id=5780]
  0x00000000168e9800 WatcherThread [stack: 0x0000000016de0000,0x0000000016ee0000] [id=6076]

VM state:not at safepoint (normal execution)

VM Mutex/Monitor currently owned by a thread:  ([mutex/lock_event])
[0x000000000265e040] MethodData_lock - owner thread: 0x0000000016a14000

Heap:
 PSYoungGen      total 18944K, used 13867K [0x00000000eab00000, 0x00000000ec000000, 0x0000000100000000)
  eden space 16384K, 84% used [0x00000000eab00000,0x00000000eb88ac68,0x00000000ebb00000)
  from space 2560K, 0% used [0x00000000ebd80000,0x00000000ebd80000,0x00000000ec000000)
  to   space 2560K, 0% used [0x00000000ebb00000,0x00000000ebb00000,0x00000000ebd80000)
 ParOldGen       total 44032K, used 0K [0x00000000c0000000, 0x00000000c2b00000, 0x00000000eab00000)
  object space 44032K, 0% used [0x00000000c0000000,0x00000000c0000000,0x00000000c2b00000)
 Metaspace       used 5535K, capacity 6704K, committed 6784K, reserved 1056768K
  class space    used 578K, capacity 616K, committed 640K, reserved 1048576K

Card table byte_map: [0x0000000011c80000,0x0000000011e90000] byte_map_base: 0x0000000011680000

Marking Bits: (ParMarkBitMap*) 0x00000000626ba5b0
 Begin Bits: [0x00000000123f0000, 0x00000000133f0000)
 End Bits:   [0x00000000133f0000, 0x00000000143f0000)

Polling page: 0x0000000000d90000

CodeCache: size=245760Kb used=3074Kb max_used=3074Kb free=242685Kb
 bounds [0x00000000028c0000, 0x0000000002bd0000, 0x00000000118c0000]
 total_blobs=967 nmethods=705 adapters=175
 compilation: enabled

Compilation events (10 events):
Event: 5.487 Thread 0x0000000014fe8800  712       3       com.android.dx.cf.code.Frame::setImmutable (15 bytes)
Event: 5.487 Thread 0x0000000014fe8800 nmethod 712 0x0000000002bbf490 code [0x0000000002bbf600, 0x0000000002bbf908]
Event: 5.487 Thread 0x0000000014fe8800  713       3       com.android.dx.cf.code.OneLocalsArray::copy (33 bytes)
Event: 5.488 Thread 0x0000000014fe8800 nmethod 713 0x0000000002bbfa10 code [0x0000000002bbfba0, 0x0000000002bc0148]
Event: 5.488 Thread 0x0000000014fe8800  714       3       com.android.dx.cf.code.ByteBlockList::labelToBlock (46 bytes)
Event: 5.489 Thread 0x0000000014fe8800 nmethod 714 0x0000000002bc0390 code [0x0000000002bc05c0, 0x0000000002bc1308]
Event: 5.490 Thread 0x0000000014fe8800  715       3       com.android.dx.cf.code.Frame::copy (26 bytes)
Event: 5.491 Thread 0x0000000014fe8800 nmethod 715 0x0000000002bc1810 code [0x0000000002bc19a0, 0x0000000002bc1d28]
Event: 5.491 Thread 0x0000000014fe8800  716       3       com.android.dx.cf.code.OneLocalsArray::copy (5 bytes)
Event: 5.491 Thread 0x0000000014fe8800 nmethod 716 0x0000000002bc1e50 code [0x0000000002bc2000, 0x0000000002bc2628]

GC Heap History (0 events):
No events

Deoptimization events (3 events):
Event: 4.928 Thread 0x0000000016b49000 Uncommon trap: reason=unstable_if action=reinterpret pc=0x0000000002ae9230 method=java.util.HashMap.getNode(ILjava/lang/Object;)Ljava/util/HashMap$Node; @ 62
Event: 5.286 Thread 0x0000000016b43800 Uncommon trap: reason=unstable_if action=reinterpret pc=0x0000000002b193f0 method=java.util.BitSet.nextSetBit(I)I @ 87
Event: 5.391 Thread 0x0000000016b4a800 Uncommon trap: reason=unstable_if action=reinterpret pc=0x0000000002b57cd8 method=java.util.HashMap.getNode(ILjava/lang/Object;)Ljava/util/HashMap$Node; @ 129

Internal exceptions (2 events):
Event: 0.167 Thread 0x00000000027c1000 Exception <a 'java/lang/NoSuchMethodError': Method sun.misc.Unsafe.defineClass(Ljava/lang/String;[BII)Ljava/lang/Class; name or signature does not match> (0x00000000eab0d520) thrown at [C:\re\workspace\8-2-build-windows-amd64-cygwin\jdk8u60\4407\hotspot\srûŒÎJ³lÅ?
Event: 0.167 Thread 0x00000000027c1000 Exception <a 'java/lang/NoSuchMethodError': Method sun.misc.Unsafe.prefetchRead(Ljava/lang/Object;J)V name or signature does not match> (0x00000000eab0d808) thrown at [C:\re\workspace\8-2-build-windows-amd64-cygwin\jdk8u60\4407\hotspot\src\share\vm\prims\j

Events (10 events):
Event: 5.385 loading class com/android/dx/cf/code/Ropper$ExceptionHandlerSetup done
Event: 5.391 Thread 0x0000000016b4a800 Uncommon trap: trap_request=0xffffff65 fr.pc=0x0000000002b57cd8
Event: 5.391 Thread 0x0000000016b4a800 DEOPT PACKING pc=0x0000000002b57cd8 sp=0x00000000173de780
Event: 5.391 Thread 0x0000000016b4a800 DEOPT UNPACKING pc=0x000000000290582a sp=0x00000000173de6f8 mode 2
Event: 5.416 loading class java/util/HashMap$Values
Event: 5.417 loading class java/util/HashMap$Values done
Event: 5.417 loading class java/util/HashMap$ValueIterator
Event: 5.417 loading class java/util/HashMap$ValueIterator done
Event: 5.421 loading class com/android/dx/dex/file/MethodAnnotationStruct
Event: 5.421 loading class com/android/dx/dex/file/MethodAnnotationStruct done


Dynamic libraries:
0x00007ff67a4e0000 - 0x00007ff67a517000 	C:\Program Files\Java\jdk1.8.0_60\bin\java.exe
0x00007ffc7f0e0000 - 0x00007ffc7f2a1000 	C:\Windows\SYSTEM32\ntdll.dll
0x00007ffc7e590000 - 0x00007ffc7e63d000 	C:\Windows\system32\KERNEL32.DLL
0x00007ffc7b810000 - 0x00007ffc7b9f8000 	C:\Windows\system32\KERNELBASE.dll
0x00007ffc7e870000 - 0x00007ffc7e917000 	C:\Windows\system32\ADVAPI32.dll
0x00007ffc7ed60000 - 0x00007ffc7edfd000 	C:\Windows\system32\msvcrt.dll
0x00007ffc7ec90000 - 0x00007ffc7eceb000 	C:\Windows\system32\sechost.dll
0x00007ffc7c5b0000 - 0x00007ffc7c6cc000 	C:\Windows\system32\RPCRT4.dll
0x00007ffc7e920000 - 0x00007ffc7ea76000 	C:\Windows\system32\USER32.dll
0x00007ffc7c6e0000 - 0x00007ffc7c866000 	C:\Windows\system32\GDI32.dll
0x00007ffc6fce0000 - 0x00007ffc6ff54000 	C:\Windows\WinSxS\amd64_microsoft.windows.common-controls_6595b64144ccf1df_6.0.10586.589_none_a2ddb3caa539acce\COMCTL32.dll
0x00007ffc7e310000 - 0x00007ffc7e58d000 	C:\Windows\system32\combase.dll
0x00007ffc7ba00000 - 0x00007ffc7ba6a000 	C:\Windows\system32\bcryptPrimitives.dll
0x00007ffc7ef60000 - 0x00007ffc7ef9b000 	C:\Windows\system32\IMM32.DLL
0x0000000061950000 - 0x0000000061a22000 	C:\Program Files\Java\jdk1.8.0_60\jre\bin\msvcr100.dll
0x0000000061eb0000 - 0x0000000062739000 	C:\Program Files\Java\jdk1.8.0_60\jre\bin\server\jvm.dll
0x00007ffc7ee00000 - 0x00007ffc7ee08000 	C:\Windows\system32\PSAPI.DLL
0x00007ffc6bdd0000 - 0x00007ffc6bdd9000 	C:\Windows\SYSTEM32\WSOCK32.dll
0x00007ffc7e6a0000 - 0x00007ffc7e70b000 	C:\Windows\system32\WS2_32.dll
0x00007ffc79e00000 - 0x00007ffc79e23000 	C:\Windows\SYSTEM32\WINMM.dll
0x00007ffc6f100000 - 0x00007ffc6f10a000 	C:\Windows\SYSTEM32\VERSION.dll
0x00007ffc79cc0000 - 0x00007ffc79cec000 	C:\Windows\SYSTEM32\WINMMBASE.dll
0x00007ffc7ba70000 - 0x00007ffc7bab3000 	C:\Windows\system32\cfgmgr32.dll
0x0000000061dc0000 - 0x0000000061dcf000 	C:\Program Files\Java\jdk1.8.0_60\jre\bin\verify.dll
0x0000000061d90000 - 0x0000000061db9000 	C:\Program Files\Java\jdk1.8.0_60\jre\bin\java.dll
0x0000000061d70000 - 0x0000000061d86000 	C:\Program Files\Java\jdk1.8.0_60\jre\bin\zip.dll
0x00007ffc7c870000 - 0x00007ffc7ddcc000 	C:\Windows\system32\SHELL32.dll
0x00007ffc7bac0000 - 0x00007ffc7c105000 	C:\Windows\system32\windows.storage.dll
0x00007ffc7e200000 - 0x00007ffc7e252000 	C:\Windows\system32\shlwapi.dll
0x00007ffc7b700000 - 0x00007ffc7b70f000 	C:\Windows\system32\kernel.appcore.dll
0x00007ffc7c1c0000 - 0x00007ffc7c275000 	C:\Windows\system32\shcore.dll
0x00007ffc7b730000 - 0x00007ffc7b77b000 	C:\Windows\system32\powrprof.dll
0x00007ffc7b710000 - 0x00007ffc7b724000 	C:\Windows\system32\profapi.dll

VM Arguments:
jvm_args: -Djava.awt.headless=true -Xmx1024M -Dfile.encoding=windows-1252 -Duser.country=IN -Duser.language=en -Duser.variant 
java_command: com.android.dx.command.Main --dex --force-jumbo --num-threads=4 --multi-dex --output E:\work\HomeImage\app\build\intermediates\transforms\dex\debug\folders\1000\5\slice_9 E:\work\HomeImage\app\build\intermediates\transforms\instantRunSlicer\debug\folders\1\5\slice_9
java_class_path (initial): E:\Android\sdk\build-tools\24.0.2\lib\dx.jar
Launcher Type: SUN_STANDARD

Environment Variables:
PATH=C:\ProgramData\Oracle\Java\javapath;C:\Program Files (x86)\Intel\iCLS Client\;C:\Program Files\Intel\iCLS Client\;C:\Windows\system32;C:\Windows;C:\Windows\System32\Wbem;C:\Windows\System32\WindowsPowerShell\v1.0\;C:\Program Files (x86)\AMD\ATI.ACE\Core-Static;C:\Program Files\Intel\Intel(R) Management Engine Components\DAL;C:\Program Files\Intel\Intel(R) Management Engine Components\IPT;C:\Program Files (x86)\Intel\Intel(R) Management Engine Components\DAL;C:\Program Files (x86)\Intel\Intel(R) Management Engine Components\IPT;E:\Android\sdk\ndk-bundle;E:\Android\sdk\platform-tools;C:\Program Files (x86)\Skype\Phone\;C:\Program Files (x86)\Windows Live\Shared
USERNAME=Family
OS=Windows_NT
PROCESSOR_IDENTIFIER=Intel64 Family 6 Model 69 Stepping 1, GenuineIntel



---------------  S Y S T E M  ---------------

OS: Windows 10.0 , 64 bit Build 10586 (10.0.10586.589)

CPU:total 4 (2 cores per cpu, 2 threads per core) family 6 model 69 stepping 1, cmov, cx8, fxsr, mmx, sse, sse2, sse3, ssse3, sse4.1, sse4.2, popcnt, avx, avx2, aes, clmul, erms, lzcnt, ht, tsc, tscinvbit, bmi1, bmi2

Memory: 4k page, physical 4072408k(343628k free), swap 5755872k(4344k free)

vm_info: Java HotSpot(TM) 64-Bit Server VM (25.60-b23) for windows-amd64 JRE (1.8.0_60-b27), built on Aug  4 2015 11:06:27 by "java_re" with MS VC++ 10.0 (VS2010)

time: Tue Sep 20 14:53:52 2016
elapsed time: 5 seconds (0d 0h 0m 5s)

