#
# There is insufficient memory for the Java Runtime Environment to continue.
# Native memory allocation (malloc) failed to allocate 704496 bytes for Chunk::new
# Possible reasons:
#   The system is out of physical RAM or swap space
#   In 32 bit mode, the process size limit was hit
# Possible solutions:
#   Reduce memory load on the system
#   Increase physical memory or swap space
#   Check if swap backing store is full
#   Use 64 bit Java on a 64 bit OS
#   Decrease Java heap size (-Xmx/-Xms)
#   Decrease number of Java threads
#   Decrease Java thread stack sizes (-Xss)
#   Set larger code cache with -XX:ReservedCodeCacheSize=
# This output file may be truncated or incomplete.
#
#  Out of Memory Error (allocation.cpp:390), pid=8772, tid=10692
#
# JRE version: Java(TM) SE Runtime Environment (8.0_60-b27) (build 1.8.0_60-b27)
# Java VM: Java HotSpot(TM) 64-Bit Server VM (25.60-b23 mixed mode windows-amd64 compressed oops)
# Failed to write core dump. Minidumps are not enabled by default on client versions of Windows
#

---------------  T H R E A D  ---------------

Current thread (0x0000000014cb6000):  JavaThread "C2 CompilerThread1" daemon [_thread_in_native, id=10692, stack(0x0000000016390000,0x0000000016490000)]

Stack: [0x0000000016390000,0x0000000016490000]
[error occurred during error reporting (printing stack bounds), id 0xc0000005]

Native frames: (J=compiled Java code, j=interpreted, Vv=VM code, C=native code)


Current CompileTask:
C2:   3701 1612       4       com.android.dx.ssa.LocalVariableExtractor::processBlock (383 bytes)


---------------  P R O C E S S  ---------------

Java Threads: ( => current thread )
  0x000000001682a000 JavaThread "pool-2-thread-4" [_thread_in_Java, id=12200, stack(0x0000000016f90000,0x0000000017090000)]
  0x0000000016829000 JavaThread "pool-2-thread-3" [_thread_in_Java, id=10504, stack(0x0000000016e90000,0x0000000016f90000)]
  0x0000000016828000 JavaThread "pool-2-thread-2" [_thread_blocked, id=8792, stack(0x0000000016d90000,0x0000000016e90000)]
  0x000000001685f800 JavaThread "pool-3-thread-1" [_thread_blocked, id=10292, stack(0x0000000016c90000,0x0000000016d90000)]
  0x000000001685e800 JavaThread "pool-2-thread-1" [_thread_blocked, id=11804, stack(0x0000000016b90000,0x0000000016c90000)]
  0x0000000016595800 JavaThread "Service Thread" daemon [_thread_blocked, id=3160, stack(0x0000000016990000,0x0000000016a90000)]
  0x0000000014cb8800 JavaThread "C1 CompilerThread2" daemon [_thread_blocked, id=12064, stack(0x0000000016490000,0x0000000016590000)]
=>0x0000000014cb6000 JavaThread "C2 CompilerThread1" daemon [_thread_in_native, id=10692, stack(0x0000000016390000,0x0000000016490000)]
  0x0000000014c59800 JavaThread "C2 CompilerThread0" daemon [_thread_in_native, id=9244, stack(0x0000000016290000,0x0000000016390000)]
  0x0000000014c57800 JavaThread "Attach Listener" daemon [_thread_blocked, id=3276, stack(0x0000000016190000,0x0000000016290000)]
  0x0000000014c56000 JavaThread "Signal Dispatcher" daemon [_thread_blocked, id=5840, stack(0x0000000016090000,0x0000000016190000)]
  0x0000000002580800 JavaThread "Finalizer" daemon [_thread_blocked, id=3180, stack(0x0000000015eb0000,0x0000000015fb0000)]
  0x000000000257d000 JavaThread "Reference Handler" daemon [_thread_blocked, id=7288, stack(0x0000000015db0000,0x0000000015eb0000)]
  0x0000000002490800 JavaThread "main" [_thread_in_vm, id=11988, stack(0x0000000002290000,0x0000000002390000)]

Other Threads:
  0x0000000014c28000 VMThread [stack: 0x0000000015cb0000,0x0000000015db0000] [id=11780]
  0x00000000165b2000 WatcherThread [stack: 0x0000000016a90000,0x0000000016b90000] [id=2452]

VM state:not at safepoint (normal execution)

VM Mutex/Monitor currently owned by a thread: None

Heap:
 PSYoungGen      total 35328K, used 14815K [0x00000000eab00000, 0x00000000ef000000, 0x0000000100000000)
  eden space 32768K, 37% used [0x00000000eab00000,0x00000000eb6ffcb8,0x00000000ecb00000)
  from space 2560K, 98% used [0x00000000ecb00000,0x00000000ecd78028,0x00000000ecd80000)
  to   space 2560K, 0% used [0x00000000eed80000,0x00000000eed80000,0x00000000ef000000)
 ParOldGen       total 44032K, used 6883K [0x00000000c0000000, 0x00000000c2b00000, 0x00000000eab00000)
  object space 44032K, 15% used [0x00000000c0000000,0x00000000c06b8c18,0x00000000c2b00000)
 Metaspace       used 6260K, capacity 7088K, committed 7296K, reserved 1056768K
  class space    used 603K, capacity 616K, committed 640K, reserved 1048576K

Card table byte_map: [0x0000000011950000,0x0000000011b60000] byte_map_base: 0x0000000011350000

Marking Bits: (ParMarkBitMap*) 0x0000000056f3a5b0
 Begin Bits: [0x00000000120c0000, 0x00000000130c0000)
 End Bits:   [0x00000000130c0000, 0x00000000140c0000)

Polling page: 0x0000000002200000

CodeCache: size=245760Kb used=6979Kb max_used=6992Kb free=238781Kb
 bounds [0x0000000002590000, 0x0000000002c70000, 0x0000000011590000]
 total_blobs=1943 nmethods=1673 adapters=182
 compilation: enabled

Compilation events (10 events):
Event: 3.593 Thread 0x0000000014cb8800 1696   !   2       com.android.dx.cf.direct.MemberListParser::parse (641 bytes)
Event: 3.601 Thread 0x0000000014cb8800 nmethod 1696 0x0000000002c55890 code [0x0000000002c55fe0, 0x0000000002c58bd8]
Event: 3.602 Thread 0x0000000014cb8800 1697       1       com.android.dx.cf.attrib.InnerClassList$Item::getInnerName (5 bytes)
Event: 3.602 Thread 0x0000000014cb8800 nmethod 1697 0x0000000002c5e990 code [0x0000000002c5eae0, 0x0000000002c5ebf0]
Event: 3.602 Thread 0x0000000014cb8800 1698       1       com.android.dx.cf.attrib.InnerClassList$Item::getAccessFlags (5 bytes)
Event: 3.602 Thread 0x0000000014cb8800 nmethod 1698 0x0000000002c5ec50 code [0x0000000002c5eda0, 0x0000000002c5eeb0]
Event: 3.634 Thread 0x0000000014c59800 nmethod 1446 0x0000000002c62190 code [0x0000000002c62600, 0x0000000002c64ac8]
Event: 3.635 Thread 0x0000000014c59800 1649       4       java.util.HashMap::put (13 bytes)
Event: 3.649 Thread 0x0000000014c59800 nmethod 1649 0x0000000002c5fad0 code [0x0000000002c5fca0, 0x0000000002c60510]
Event: 3.649 Thread 0x0000000014c59800 1674   !   4       com.android.dx.cf.cst.ConstantPoolParser::parse0 (731 bytes)

GC Heap History (6 events):
Event: 0.916 GC heap before
{Heap before GC invocations=1 (full 0):
 PSYoungGen      total 18944K, used 16214K [0x00000000eab00000, 0x00000000ec000000, 0x0000000100000000)
  eden space 16384K, 98% used [0x00000000eab00000,0x00000000ebad5bd0,0x00000000ebb00000)
  from space 2560K, 0% used [0x00000000ebd80000,0x00000000ebd80000,0x00000000ec000000)
  to   space 2560K, 0% used [0x00000000ebb00000,0x00000000ebb00000,0x00000000ebd80000)
 ParOldGen       total 44032K, used 0K [0x00000000c0000000, 0x00000000c2b00000, 0x00000000eab00000)
  object space 44032K, 0% used [0x00000000c0000000,0x00000000c0000000,0x00000000c2b00000)
 Metaspace       used 5249K, capacity 6256K, committed 6528K, reserved 1056768K
  class space    used 582K, capacity 616K, committed 640K, reserved 1048576K
Event: 1.036 GC heap after
Heap after GC invocations=1 (full 0):
 PSYoungGen      total 18944K, used 2535K [0x00000000eab00000, 0x00000000ed000000, 0x0000000100000000)
  eden space 16384K, 0% used [0x00000000eab00000,0x00000000eab00000,0x00000000ebb00000)
  from space 2560K, 99% used [0x00000000ebb00000,0x00000000ebd79d98,0x00000000ebd80000)
  to   space 2560K, 0% used [0x00000000ecd80000,0x00000000ecd80000,0x00000000ed000000)
 ParOldGen       total 44032K, used 267K [0x00000000c0000000, 0x00000000c2b00000, 0x00000000eab00000)
  object space 44032K, 0% used [0x00000000c0000000,0x00000000c0042ee0,0x00000000c2b00000)
 Metaspace       used 5249K, capacity 6256K, committed 6528K, reserved 1056768K
  class space    used 582K, capacity 616K, committed 640K, reserved 1048576K
}
Event: 1.915 GC heap before
{Heap before GC invocations=2 (full 0):
 PSYoungGen      total 18944K, used 18919K [0x00000000eab00000, 0x00000000ed000000, 0x0000000100000000)
  eden space 16384K, 100% used [0x00000000eab00000,0x00000000ebb00000,0x00000000ebb00000)
  from space 2560K, 99% used [0x00000000ebb00000,0x00000000ebd79d98,0x00000000ebd80000)
  to   space 2560K, 0% used [0x00000000ecd80000,0x00000000ecd80000,0x00000000ed000000)
 ParOldGen       total 44032K, used 267K [0x00000000c0000000, 0x00000000c2b00000, 0x00000000eab00000)
  object space 44032K, 0% used [0x00000000c0000000,0x00000000c0042ee0,0x00000000c2b00000)
 Metaspace       used 5961K, capacity 6896K, committed 7040K, reserved 1056768K
  class space    used 603K, capacity 616K, committed 640K, reserved 1048576K
Event: 2.037 GC heap after
Heap after GC invocations=2 (full 0):
 PSYoungGen      total 35328K, used 2554K [0x00000000eab00000, 0x00000000ed000000, 0x0000000100000000)
  eden space 32768K, 0% used [0x00000000eab00000,0x00000000eab00000,0x00000000ecb00000)
  from space 2560K, 99% used [0x00000000ecd80000,0x00000000ecffeab8,0x00000000ed000000)
  to   space 2560K, 0% used [0x00000000ecb00000,0x00000000ecb00000,0x00000000ecd80000)
 ParOldGen       total 44032K, used 1898K [0x00000000c0000000, 0x00000000c2b00000, 0x00000000eab00000)
  object space 44032K, 4% used [0x00000000c0000000,0x00000000c01da948,0x00000000c2b00000)
 Metaspace       used 5961K, capacity 6896K, committed 7040K, reserved 1056768K
  class space    used 603K, capacity 616K, committed 640K, reserved 1048576K
}
Event: 3.402 GC heap before
{Heap before GC invocations=3 (full 0):
 PSYoungGen      total 35328K, used 35322K [0x00000000eab00000, 0x00000000ed000000, 0x0000000100000000)
  eden space 32768K, 100% used [0x00000000eab00000,0x00000000ecb00000,0x00000000ecb00000)
  from space 2560K, 99% used [0x00000000ecd80000,0x00000000ecffeab8,0x00000000ed000000)
  to   space 2560K, 0% used [0x00000000ecb00000,0x00000000ecb00000,0x00000000ecd80000)
 ParOldGen       total 44032K, used 1898K [0x00000000c0000000, 0x00000000c2b00000, 0x00000000eab00000)
  object space 44032K, 4% used [0x00000000c0000000,0x00000000c01da948,0x00000000c2b00000)
 Metaspace       used 6214K, capacity 7088K, committed 7296K, reserved 1056768K
  class space    used 603K, capacity 616K, committed 640K, reserved 1048576K
Event: 3.460 GC heap after
Heap after GC invocations=3 (full 0):
 PSYoungGen      total 35328K, used 2528K [0x00000000eab00000, 0x00000000ef000000, 0x0000000100000000)
  eden space 32768K, 0% used [0x00000000eab00000,0x00000000eab00000,0x00000000ecb00000)
  from space 2560K, 98% used [0x00000000ecb00000,0x00000000ecd78028,0x00000000ecd80000)
  to   space 2560K, 0% used [0x00000000eed80000,0x00000000eed80000,0x00000000ef000000)
 ParOldGen       total 44032K, used 6883K [0x00000000c0000000, 0x00000000c2b00000, 0x00000000eab00000)
  object space 44032K, 15% used [0x00000000c0000000,0x00000000c06b8c18,0x00000000c2b00000)
 Metaspace       used 6214K, capacity 7088K, committed 7296K, reserved 1056768K
  class space    used 603K, capacity 616K, committed 640K, reserved 1048576K
}

Deoptimization events (10 events):
Event: 1.635 Thread 0x0000000016829000 Uncommon trap: reason=class_check action=maybe_recompile pc=0x000000000291a3b8 method=com.android.dx.rop.type.Type.equals(Ljava/lang/Object;)Z @ 8
Event: 1.635 Thread 0x0000000016829000 Uncommon trap: reason=unstable_if action=reinterpret pc=0x000000000287c530 method=com.android.dx.rop.code.RegisterSpec.equals(ILcom/android/dx/rop/type/TypeBearer;Lcom/android/dx/rop/code/LocalItem;)Z @ 16
Event: 1.635 Thread 0x0000000016829000 Uncommon trap: reason=class_check action=maybe_recompile pc=0x000000000291a3b8 method=com.android.dx.rop.type.Type.equals(Ljava/lang/Object;)Z @ 8
Event: 1.635 Thread 0x0000000016829000 Uncommon trap: reason=unstable_if action=reinterpret pc=0x00000000028c58d8 method=java.util.HashMap.putVal(ILjava/lang/Object;Ljava/lang/Object;ZZ)Ljava/lang/Object; @ 193
Event: 1.635 Thread 0x0000000016829000 Uncommon trap: reason=class_check action=maybe_recompile pc=0x000000000291a3b8 method=com.android.dx.rop.type.Type.equals(Ljava/lang/Object;)Z @ 8
Event: 1.635 Thread 0x0000000016829000 Uncommon trap: reason=class_check action=maybe_recompile pc=0x000000000291a3b8 method=com.android.dx.rop.type.Type.equals(Ljava/lang/Object;)Z @ 8
Event: 2.580 Thread 0x0000000002490800 Uncommon trap: reason=null_check action=make_not_entrant pc=0x000000000286e00c method=com.android.dx.ssa.SsaRenamer.getLocalForNewReg(I)Lcom/android/dx/rop/code/LocalItem; @ 19
Event: 3.297 Thread 0x0000000016829000 Uncommon trap: reason=unstable_if action=reinterpret pc=0x0000000002b713e8 method=com.android.dx.ssa.SsaRenamer$BlockRenamer.process()V @ 90
Event: 3.384 Thread 0x000000001685e800 Uncommon trap: reason=unstable_if action=reinterpret pc=0x000000000287911c method=com.android.dx.rop.cst.Constant.compareTo(Lcom/android/dx/rop/cst/Constant;)I @ 12
Event: 3.489 Thread 0x0000000016829000 Uncommon trap: reason=uninitialized action=reinterpret pc=0x0000000002bf0fd4 method=com.android.dx.cf.code.BytecodeArray.parseInstruction(ILcom/android/dx/cf/code/BytecodeArray$Visitor;)I @ 1015

Internal exceptions (3 events):
Event: 0.089 Thread 0x0000000002490800 Exception <a 'java/lang/NoSuchMethodError': Method sun.misc.Unsafe.defineClass(Ljava/lang/String;[BII)Ljava/lang/Class; name or signature does not match> (0x00000000eab0d5d8) thrown at [C:\re\workspace\8-2-build-windows-amd64-cygwin\jdk8u60\4407\hotspot\srId»¡‡∂?
Event: 0.089 Thread 0x0000000002490800 Exception <a 'java/lang/NoSuchMethodError': Method sun.misc.Unsafe.prefetchRead(Ljava/lang/Object;J)V name or signature does not match> (0x00000000eab0d8c0) thrown at [C:\re\workspace\8-2-build-windows-amd64-cygwin\jdk8u60\4407\hotspot\src\share\vm\prims\jYßNûå§@
Event: 2.580 Thread 0x0000000002490800 Implicit null exception at 0x000000000286c834 to 0x000000000286dfc1

Events (10 events):
Event: 3.297 Thread 0x0000000016829000 DEOPT PACKING pc=0x0000000002b713e8 sp=0x0000000016f8e520
Event: 3.297 Thread 0x0000000016829000 DEOPT UNPACKING pc=0x00000000025d582a sp=0x0000000016f8e500 mode 2
Event: 3.384 Thread 0x000000001685e800 Uncommon trap: trap_request=0xffffff65 fr.pc=0x000000000287911c
Event: 3.384 Thread 0x000000001685e800 DEOPT PACKING pc=0x000000000287911c sp=0x0000000016c8e750
Event: 3.384 Thread 0x000000001685e800 DEOPT UNPACKING pc=0x00000000025d582a sp=0x0000000016c8e6f0 mode 2
Event: 3.401 Executing VM operation: ParallelGCFailedAllocation
Event: 3.460 Executing VM operation: ParallelGCFailedAllocation done
Event: 3.489 Thread 0x0000000016829000 Uncommon trap: trap_request=0xffffffb5 fr.pc=0x0000000002bf0fd4
Event: 3.489 Thread 0x0000000016829000 DEOPT PACKING pc=0x0000000002bf0fd4 sp=0x0000000016f8e420
Event: 3.489 Thread 0x0000000016829000 DEOPT UNPACKING pc=0x00000000025d582a sp=0x0000000016f8e3e0 mode 2


Dynamic libraries:
0x00007ff7abe70000 - 0x00007ff7abea7000 	C:\Program Files\Java\jdk1.8.0_60\bin\java.exe
0x00007ffb5dad0000 - 0x00007ffb5dc91000 	C:\Windows\SYSTEM32\ntdll.dll
0x00007ffb5af30000 - 0x00007ffb5afdd000 	C:\Windows\system32\KERNEL32.DLL
0x00007ffb5abe0000 - 0x00007ffb5adc8000 	C:\Windows\system32\KERNELBASE.dll
0x00007ffb5b250000 - 0x00007ffb5b2f7000 	C:\Windows\system32\ADVAPI32.dll
0x00007ffb5b960000 - 0x00007ffb5b9fd000 	C:\Windows\system32\msvcrt.dll
0x00007ffb5aed0000 - 0x00007ffb5af2b000 	C:\Windows\system32\sechost.dll
0x00007ffb5ba00000 - 0x00007ffb5bb1c000 	C:\Windows\system32\RPCRT4.dll
0x00007ffb5b040000 - 0x00007ffb5b196000 	C:\Windows\system32\USER32.dll
0x00007ffb5b450000 - 0x00007ffb5b5d6000 	C:\Windows\system32\GDI32.dll
0x00007ffb4f9d0000 - 0x00007ffb4fc44000 	C:\Windows\WinSxS\amd64_microsoft.windows.common-controls_6595b64144ccf1df_6.0.10586.589_none_a2ddb3caa539acce\COMCTL32.dll
0x00007ffb5d7e0000 - 0x00007ffb5da5d000 	C:\Windows\system32\combase.dll
0x00007ffb5a180000 - 0x00007ffb5a1ea000 	C:\Windows\system32\bcryptPrimitives.dll
0x00007ffb5bb20000 - 0x00007ffb5bb5b000 	C:\Windows\system32\IMM32.DLL
0x00000000561d0000 - 0x00000000562a2000 	C:\Program Files\Java\jdk1.8.0_60\jre\bin\msvcr100.dll
0x0000000056730000 - 0x0000000056fb9000 	C:\Program Files\Java\jdk1.8.0_60\jre\bin\server\jvm.dll
0x00007ffb5d580000 - 0x00007ffb5d588000 	C:\Windows\system32\PSAPI.DLL
0x00007ffb49200000 - 0x00007ffb49209000 	C:\Windows\SYSTEM32\WSOCK32.dll
0x00007ffb5b5e0000 - 0x00007ffb5b64b000 	C:\Windows\system32\WS2_32.dll
0x00007ffb586f0000 - 0x00007ffb58713000 	C:\Windows\SYSTEM32\WINMM.dll
0x00007ffb4dee0000 - 0x00007ffb4deea000 	C:\Windows\SYSTEM32\VERSION.dll
0x00007ffb58690000 - 0x00007ffb586bc000 	C:\Windows\SYSTEM32\WINMMBASE.dll
0x00007ffb5add0000 - 0x00007ffb5ae13000 	C:\Windows\system32\cfgmgr32.dll
0x0000000056640000 - 0x000000005664f000 	C:\Program Files\Java\jdk1.8.0_60\jre\bin\verify.dll
0x0000000056610000 - 0x0000000056639000 	C:\Program Files\Java\jdk1.8.0_60\jre\bin\java.dll
0x00000000565f0000 - 0x0000000056606000 	C:\Program Files\Java\jdk1.8.0_60\jre\bin\zip.dll
0x00007ffb5c000000 - 0x00007ffb5d55c000 	C:\Windows\system32\SHELL32.dll
0x00007ffb5a2b0000 - 0x00007ffb5a8f5000 	C:\Windows\system32\windows.storage.dll
0x00007ffb5d590000 - 0x00007ffb5d5e2000 	C:\Windows\system32\shlwapi.dll
0x00007ffb5a110000 - 0x00007ffb5a11f000 	C:\Windows\system32\kernel.appcore.dll
0x00007ffb5a1f0000 - 0x00007ffb5a2a5000 	C:\Windows\system32\shcore.dll
0x00007ffb5a120000 - 0x00007ffb5a16b000 	C:\Windows\system32\powrprof.dll
0x00007ffb5a0f0000 - 0x00007ffb5a104000 	C:\Windows\system32\profapi.dll

VM Arguments:
jvm_args: -Djava.awt.headless=true -Xmx1024M -Dfile.encoding=windows-1252 -Duser.country=IN -Duser.language=en -Duser.variant 
java_command: com.android.dx.command.Main --dex --force-jumbo --num-threads=4 --multi-dex --output E:\work\HomeImage\app\build\intermediates\transforms\dex\debug\folders\1000\10\com.android.support-support-compat-24.2.0_d497db11b3e24f58950f02df9edbb9d44ce73ad4 E:\work\HomeImage\app\build\intermediates\exploded-aar\com.android.support\support-compat\24.2.0\jars\classes.jar
java_class_path (initial): E:\Android\sdk\build-tools\24.0.2\lib\dx.jar
Launcher Type: SUN_STANDARD

Environment Variables:
PATH=C:\ProgramData\Oracle\Java\javapath;C:\Program Files (x86)\Intel\iCLS Client\;C:\Program Files\Intel\iCLS Client\;C:\Windows\system32;C:\Windows;C:\Windows\System32\Wbem;C:\Windows\System32\WindowsPowerShell\v1.0\;C:\Program Files (x86)\AMD\ATI.ACE\Core-Static;C:\Program Files\Intel\Intel(R) Management Engine Components\DAL;C:\Program Files\Intel\Intel(R) Management Engine Components\IPT;C:\Program Files (x86)\Intel\Intel(R) Management Engine Components\DAL;C:\Program Files (x86)\Intel\Intel(R) Management Engine Components\IPT;E:\Android\sdk\ndk-bundle;E:\Android\sdk\platform-tools;C:\Program Files (x86)\Skype\Phone\;C:\Program Files (x86)\Windows Live\Shared
USERNAME=Family
OS=Windows_NT
PROCESSOR_IDENTIFIER=Intel64 Family 6 Model 69 Stepping 1, GenuineIntel



---------------  S Y S T E M  ---------------

OS: Windows 10.0 , 64 bit Build 10586 (10.0.10586.589)

CPU:total 4 (2 cores per cpu, 2 threads per core) family 6 model 69 stepping 1, cmov, cx8, fxsr, mmx, sse, sse2, sse3, ssse3, sse4.1, sse4.2, popcnt, avx, avx2, aes, clmul, erms, lzcnt, ht, tsc, tscinvbit, bmi1, bmi2

Memory: 4k page, physical 4072408k(367576k free), swap 5832536k(5624k free)

vm_info: Java HotSpot(TM) 64-Bit Server VM (25.60-b23) for windows-amd64 JRE (1.8.0_60-b27), built on Aug  4 2015 11:06:27 by "java_re" with MS VC++ 10.0 (VS2010)

time: Tue Sep 20 12:35:15 2016
elapsed time: 3 seconds (0d 0h 0m 3s)

