#
# There is insufficient memory for the Java Runtime Environment to continue.
# Native memory allocation (malloc) failed to allocate 1630496 bytes for Chunk::new
# Possible reasons:
#   The system is out of physical RAM or swap space
#   In 32 bit mode, the process size limit was hit
# Possible solutions:
#   Reduce memory load on the system
#   Increase physical memory or swap space
#   Check if swap backing store is full
#   Use 64 bit Java on a 64 bit OS
#   Decrease Java heap size (-Xmx/-Xms)
#   Decrease number of Java threads
#   Decrease Java thread stack sizes (-Xss)
#   Set larger code cache with -XX:ReservedCodeCacheSize=
# This output file may be truncated or incomplete.
#
#  Out of Memory Error (allocation.cpp:390), pid=10920, tid=12032
#
# JRE version: Java(TM) SE Runtime Environment (8.0_60-b27) (build 1.8.0_60-b27)
# Java VM: Java HotSpot(TM) 64-Bit Server VM (25.60-b23 mixed mode windows-amd64 compressed oops)
# Failed to write core dump. Minidumps are not enabled by default on client versions of Windows
#

---------------  T H R E A D  ---------------

Current thread (0x0000000014fcc000):  JavaThread "C2 CompilerThread1" daemon [_thread_in_native, id=12032, stack(0x0000000016740000,0x0000000016840000)]

Stack: [0x0000000016740000,0x0000000016840000]
[error occurred during error reporting (printing stack bounds), id 0xc0000005]

Native frames: (J=compiled Java code, j=interpreted, Vv=VM code, C=native code)


Current CompileTask:
C2:   5080 1274   !   4       com.android.dx.cf.code.BytecodeArray::parseInstruction (2764 bytes)


---------------  P R O C E S S  ---------------

Java Threads: ( => current thread )
  0x0000000016c4a000 JavaThread "pool-2-thread-4" [_thread_in_Java, id=11800, stack(0x0000000017b40000,0x0000000017c40000)]
  0x0000000016c46000 JavaThread "pool-2-thread-3" [_thread_blocked, id=11572, stack(0x0000000017a40000,0x0000000017b40000)]
  0x0000000016c45000 JavaThread "pool-2-thread-2" [_thread_blocked, id=11864, stack(0x0000000017940000,0x0000000017a40000)]
  0x0000000016c1b800 JavaThread "pool-3-thread-1" [_thread_blocked, id=10116, stack(0x0000000017840000,0x0000000017940000)]
  0x0000000016c4b000 JavaThread "pool-2-thread-1" [_thread_blocked, id=12268, stack(0x0000000017740000,0x0000000017840000)]
  0x000000001502e800 JavaThread "Service Thread" daemon [_thread_blocked, id=11544, stack(0x0000000016d40000,0x0000000016e40000)]
  0x0000000014fd6000 JavaThread "C1 CompilerThread2" daemon [_thread_blocked, id=11832, stack(0x0000000016840000,0x0000000016940000)]
=>0x0000000014fcc000 JavaThread "C2 CompilerThread1" daemon [_thread_in_native, id=12032, stack(0x0000000016740000,0x0000000016840000)]
  0x0000000014fca000 JavaThread "C2 CompilerThread0" daemon [_thread_in_native, id=11976, stack(0x0000000016640000,0x0000000016740000)]
  0x0000000014fc8000 JavaThread "Attach Listener" daemon [_thread_blocked, id=3432, stack(0x0000000016540000,0x0000000016640000)]
  0x0000000014fc7000 JavaThread "Signal Dispatcher" daemon [_thread_blocked, id=1952, stack(0x0000000016440000,0x0000000016540000)]
  0x00000000028f7800 JavaThread "Finalizer" daemon [_thread_blocked, id=9528, stack(0x0000000016260000,0x0000000016360000)]
  0x00000000028ef000 JavaThread "Reference Handler" daemon [_thread_blocked, id=4004, stack(0x0000000016160000,0x0000000016260000)]
  0x0000000002800800 JavaThread "main" [_thread_in_Java, id=6868, stack(0x0000000002670000,0x0000000002770000)]

Other Threads:
  0x0000000014f98800 VMThread [stack: 0x0000000016060000,0x0000000016160000] [id=7208]
  0x000000001698e000 WatcherThread [stack: 0x0000000016e40000,0x0000000016f40000] [id=11792]

VM state:not at safepoint (normal execution)

VM Mutex/Monitor currently owned by a thread: None

Heap:
 PSYoungGen      total 18944K, used 17139K [0x00000000eab00000, 0x00000000ec000000, 0x0000000100000000)
  eden space 16384K, 89% used [0x00000000eab00000,0x00000000eb944868,0x00000000ebb00000)
  from space 2560K, 98% used [0x00000000ebd80000,0x00000000ebff86e0,0x00000000ec000000)
  to   space 2560K, 0% used [0x00000000ebb00000,0x00000000ebb00000,0x00000000ebd80000)
 ParOldGen       total 44032K, used 4083K [0x00000000c0000000, 0x00000000c2b00000, 0x00000000eab00000)
  object space 44032K, 9% used [0x00000000c0000000,0x00000000c03fcd20,0x00000000c2b00000)
 Metaspace       used 6081K, capacity 7024K, committed 7296K, reserved 1056768K
  class space    used 601K, capacity 616K, committed 640K, reserved 1048576K

Card table byte_map: [0x0000000011cc0000,0x0000000011ed0000] byte_map_base: 0x00000000116c0000

Marking Bits: (ParMarkBitMap*) 0x0000000056f3a5b0
 Begin Bits: [0x0000000012430000, 0x0000000013430000)
 End Bits:   [0x0000000013430000, 0x0000000014430000)

Polling page: 0x0000000000e80000

CodeCache: size=245760Kb used=5518Kb max_used=5530Kb free=240241Kb
 bounds [0x0000000002900000, 0x0000000002e70000, 0x0000000011900000]
 total_blobs=1628 nmethods=1359 adapters=182
 compilation: enabled

Compilation events (10 events):
Event: 5.000 Thread 0x0000000014fcc000 nmethod 1345 0x0000000002e69d50 code [0x0000000002e69ee0, 0x0000000002e6a5f8]
Event: 5.000 Thread 0x0000000014fcc000 1348       4       java.util.ArrayList$SubList::<init> (46 bytes)
Event: 5.001 Thread 0x0000000014fcc000 nmethod 1348 0x0000000002e64c50 code [0x0000000002e64d80, 0x0000000002e64e18]
Event: 5.001 Thread 0x0000000014fcc000 1339       4       java.util.ArrayList::subListRangeCheck (110 bytes)
Event: 5.002 Thread 0x0000000014fcc000 nmethod 1339 0x0000000002e649d0 code [0x0000000002e64b00, 0x0000000002e64b98]
Event: 5.002 Thread 0x0000000014fcc000 1340       4       java.util.ArrayList$SubList::size (9 bytes)
Event: 5.002 Thread 0x0000000014fcc000 nmethod 1340 0x0000000002e64750 code [0x0000000002e64880, 0x0000000002e64918]
Event: 5.003 Thread 0x0000000014fcc000 1333       4       java.util.Collections$UnmodifiableCollection::iterator (9 bytes)
Event: 5.008 Thread 0x0000000014fcc000 nmethod 1333 0x0000000002e65f50 code [0x0000000002e660c0, 0x0000000002e66378]
Event: 5.008 Thread 0x0000000014fcc000 1274   !   4       com.android.dx.cf.code.BytecodeArray::parseInstruction (2764 bytes)

GC Heap History (4 events):
Event: 3.534 GC heap before
{Heap before GC invocations=1 (full 0):
 PSYoungGen      total 18944K, used 16384K [0x00000000eab00000, 0x00000000ec000000, 0x0000000100000000)
  eden space 16384K, 100% used [0x00000000eab00000,0x00000000ebb00000,0x00000000ebb00000)
  from space 2560K, 0% used [0x00000000ebd80000,0x00000000ebd80000,0x00000000ec000000)
  to   space 2560K, 0% used [0x00000000ebb00000,0x00000000ebb00000,0x00000000ebd80000)
 ParOldGen       total 44032K, used 0K [0x00000000c0000000, 0x00000000c2b00000, 0x00000000eab00000)
  object space 44032K, 0% used [0x00000000c0000000,0x00000000c0000000,0x00000000c2b00000)
 Metaspace       used 5726K, capacity 6704K, committed 6784K, reserved 1056768K
  class space    used 598K, capacity 616K, committed 640K, reserved 1048576K
Event: 3.603 GC heap after
Heap after GC invocations=1 (full 0):
 PSYoungGen      total 18944K, used 2554K [0x00000000eab00000, 0x00000000ec000000, 0x0000000100000000)
  eden space 16384K, 0% used [0x00000000eab00000,0x00000000eab00000,0x00000000ebb00000)
  from space 2560K, 99% used [0x00000000ebb00000,0x00000000ebd7eab8,0x00000000ebd80000)
  to   space 2560K, 0% used [0x00000000ebd80000,0x00000000ebd80000,0x00000000ec000000)
 ParOldGen       total 44032K, used 1623K [0x00000000c0000000, 0x00000000c2b00000, 0x00000000eab00000)
  object space 44032K, 3% used [0x00000000c0000000,0x00000000c0195e80,0x00000000c2b00000)
 Metaspace       used 5726K, capacity 6704K, committed 6784K, reserved 1056768K
  class space    used 598K, capacity 616K, committed 640K, reserved 1048576K
}
Event: 4.507 GC heap before
{Heap before GC invocations=2 (full 0):
 PSYoungGen      total 18944K, used 18938K [0x00000000eab00000, 0x00000000ec000000, 0x0000000100000000)
  eden space 16384K, 100% used [0x00000000eab00000,0x00000000ebb00000,0x00000000ebb00000)
  from space 2560K, 99% used [0x00000000ebb00000,0x00000000ebd7eab8,0x00000000ebd80000)
  to   space 2560K, 0% used [0x00000000ebd80000,0x00000000ebd80000,0x00000000ec000000)
 ParOldGen       total 44032K, used 1623K [0x00000000c0000000, 0x00000000c2b00000, 0x00000000eab00000)
  object space 44032K, 3% used [0x00000000c0000000,0x00000000c0195e80,0x00000000c2b00000)
 Metaspace       used 5958K, capacity 6896K, committed 7040K, reserved 1056768K
  class space    used 599K, capacity 616K, committed 640K, reserved 1048576K
Event: 4.641 GC heap after
Heap after GC invocations=2 (full 0):
 PSYoungGen      total 18944K, used 2529K [0x00000000eab00000, 0x00000000ec000000, 0x0000000100000000)
  eden space 16384K, 0% used [0x00000000eab00000,0x00000000eab00000,0x00000000ebb00000)
  from space 2560K, 98% used [0x00000000ebd80000,0x00000000ebff86e0,0x00000000ec000000)
  to   space 2560K, 0% used [0x00000000ebb00000,0x00000000ebb00000,0x00000000ebd80000)
 ParOldGen       total 44032K, used 4083K [0x00000000c0000000, 0x00000000c2b00000, 0x00000000eab00000)
  object space 44032K, 9% used [0x00000000c0000000,0x00000000c03fcd20,0x00000000c2b00000)
 Metaspace       used 5958K, capacity 6896K, committed 7040K, reserved 1056768K
  class space    used 599K, capacity 616K, committed 640K, reserved 1048576K
}

Deoptimization events (10 events):
Event: 3.110 Thread 0x0000000016c45000 Uncommon trap: reason=unstable_if action=reinterpret pc=0x0000000002b1bc44 method=java.util.HashMap.getNode(ILjava/lang/Object;)Ljava/util/HashMap$Node; @ 62
Event: 3.138 Thread 0x0000000002800800 Uncommon trap: reason=unstable_if action=reinterpret pc=0x0000000002b33f70 method=java.util.BitSet.nextSetBit(I)I @ 87
Event: 3.615 Thread 0x0000000016c4a000 Uncommon trap: reason=unstable_if action=reinterpret pc=0x0000000002b58bb4 method=java.util.BitSet.ensureCapacity(I)V @ 6
Event: 4.221 Thread 0x0000000016c46000 Uncommon trap: reason=class_check action=maybe_recompile pc=0x0000000002bdd294 method=com.android.dx.ssa.NormalSsaInsn.accept(Lcom/android/dx/ssa/SsaInsn$Visitor;)V @ 9
Event: 4.221 Thread 0x0000000016c46000 Uncommon trap: reason=class_check action=maybe_recompile pc=0x0000000002bdd294 method=com.android.dx.ssa.NormalSsaInsn.accept(Lcom/android/dx/ssa/SsaInsn$Visitor;)V @ 9
Event: 4.221 Thread 0x0000000016c46000 Uncommon trap: reason=class_check action=maybe_recompile pc=0x0000000002bdd294 method=com.android.dx.ssa.NormalSsaInsn.accept(Lcom/android/dx/ssa/SsaInsn$Visitor;)V @ 9
Event: 4.221 Thread 0x0000000016c46000 Uncommon trap: reason=class_check action=maybe_recompile pc=0x0000000002bdd294 method=com.android.dx.ssa.NormalSsaInsn.accept(Lcom/android/dx/ssa/SsaInsn$Visitor;)V @ 9
Event: 4.221 Thread 0x0000000016c46000 Uncommon trap: reason=class_check action=maybe_recompile pc=0x0000000002b8a630 method=com.android.dx.ssa.NormalSsaInsn.accept(Lcom/android/dx/ssa/SsaInsn$Visitor;)V @ 9
Event: 4.886 Thread 0x0000000016c4a000 Uncommon trap: reason=unstable_if action=reinterpret pc=0x0000000002bdfc7c method=com.android.dx.rop.code.RegisterSpec.equals(ILcom/android/dx/rop/type/TypeBearer;Lcom/android/dx/rop/code/LocalItem;)Z @ 42
Event: 4.893 Thread 0x0000000016c4a000 Uncommon trap: reason=class_check action=maybe_recompile pc=0x0000000002d732e8 method=com.android.dx.ssa.NormalSsaInsn.accept(Lcom/android/dx/ssa/SsaInsn$Visitor;)V @ 9

Internal exceptions (2 events):
Event: 0.035 Thread 0x0000000002800800 Exception <a 'java/lang/NoSuchMethodError': Method sun.misc.Unsafe.defineClass(Ljava/lang/String;[BII)Ljava/lang/Class; name or signature does not match> (0x00000000eab0d5f0) thrown at [C:\re\workspace\8-2-build-windows-amd64-cygwin\jdk8u60\4407\hotspot\srpðº}¢?
Event: 0.035 Thread 0x0000000002800800 Exception <a 'java/lang/NoSuchMethodError': Method sun.misc.Unsafe.prefetchRead(Ljava/lang/Object;J)V name or signature does not match> (0x00000000eab0d8d8) thrown at [C:\re\workspace\8-2-build-windows-amd64-cygwin\jdk8u60\4407\hotspot\src\share\vm\prims\j

Events (10 events):
Event: 4.652 Executing VM operation: Deoptimize
Event: 4.652 Executing VM operation: Deoptimize done
Event: 4.886 Thread 0x0000000016c4a000 Uncommon trap: trap_request=0xffffff65 fr.pc=0x0000000002bdfc7c
Event: 4.886 Thread 0x0000000016c4a000 DEOPT PACKING pc=0x0000000002bdfc7c sp=0x0000000017c3ea10
Event: 4.886 Thread 0x0000000016c4a000 DEOPT UNPACKING pc=0x000000000294582a sp=0x0000000017c3e998 mode 2
Event: 4.893 Thread 0x0000000016c4a000 Uncommon trap: trap_request=0xffffffde fr.pc=0x0000000002d732e8
Event: 4.893 Thread 0x0000000016c4a000 DEOPT PACKING pc=0x0000000002d732e8 sp=0x0000000017c3eb60
Event: 4.893 Thread 0x0000000016c4a000 DEOPT UNPACKING pc=0x000000000294582a sp=0x0000000017c3ea90 mode 2
Event: 4.902 Thread 0x0000000002800800 DEOPT PACKING pc=0x0000000002c1c8f5 sp=0x000000000276def0
Event: 4.902 Thread 0x0000000002800800 DEOPT UNPACKING pc=0x000000000294787f sp=0x000000000276dc58 mode 0


Dynamic libraries:
0x00007ff7abe70000 - 0x00007ff7abea7000 	C:\Program Files\Java\jdk1.8.0_60\bin\java.exe
0x00007ffb5dad0000 - 0x00007ffb5dc91000 	C:\Windows\SYSTEM32\ntdll.dll
0x00007ffb5af30000 - 0x00007ffb5afdd000 	C:\Windows\system32\KERNEL32.DLL
0x00007ffb5abe0000 - 0x00007ffb5adc8000 	C:\Windows\system32\KERNELBASE.dll
0x00007ffb5b250000 - 0x00007ffb5b2f7000 	C:\Windows\system32\ADVAPI32.dll
0x00007ffb5b960000 - 0x00007ffb5b9fd000 	C:\Windows\system32\msvcrt.dll
0x00007ffb5aed0000 - 0x00007ffb5af2b000 	C:\Windows\system32\sechost.dll
0x00007ffb5ba00000 - 0x00007ffb5bb1c000 	C:\Windows\system32\RPCRT4.dll
0x00007ffb5b040000 - 0x00007ffb5b196000 	C:\Windows\system32\USER32.dll
0x00007ffb5b450000 - 0x00007ffb5b5d6000 	C:\Windows\system32\GDI32.dll
0x00007ffb4f9d0000 - 0x00007ffb4fc44000 	C:\Windows\WinSxS\amd64_microsoft.windows.common-controls_6595b64144ccf1df_6.0.10586.589_none_a2ddb3caa539acce\COMCTL32.dll
0x00007ffb5d7e0000 - 0x00007ffb5da5d000 	C:\Windows\system32\combase.dll
0x00007ffb5a180000 - 0x00007ffb5a1ea000 	C:\Windows\system32\bcryptPrimitives.dll
0x00007ffb5bb20000 - 0x00007ffb5bb5b000 	C:\Windows\system32\IMM32.DLL
0x00000000561d0000 - 0x00000000562a2000 	C:\Program Files\Java\jdk1.8.0_60\jre\bin\msvcr100.dll
0x0000000056730000 - 0x0000000056fb9000 	C:\Program Files\Java\jdk1.8.0_60\jre\bin\server\jvm.dll
0x00007ffb5d580000 - 0x00007ffb5d588000 	C:\Windows\system32\PSAPI.DLL
0x00007ffb586f0000 - 0x00007ffb58713000 	C:\Windows\SYSTEM32\WINMM.dll
0x00007ffb4dee0000 - 0x00007ffb4deea000 	C:\Windows\SYSTEM32\VERSION.dll
0x0000000000e30000 - 0x0000000000e5c000 	C:\Windows\SYSTEM32\WINMMBASE.dll
0x00007ffb49200000 - 0x00007ffb49209000 	C:\Windows\SYSTEM32\WSOCK32.dll
0x00007ffb5add0000 - 0x00007ffb5ae13000 	C:\Windows\system32\cfgmgr32.dll
0x00007ffb5b5e0000 - 0x00007ffb5b64b000 	C:\Windows\system32\WS2_32.dll
0x0000000056640000 - 0x000000005664f000 	C:\Program Files\Java\jdk1.8.0_60\jre\bin\verify.dll
0x0000000056610000 - 0x0000000056639000 	C:\Program Files\Java\jdk1.8.0_60\jre\bin\java.dll
0x00000000565f0000 - 0x0000000056606000 	C:\Program Files\Java\jdk1.8.0_60\jre\bin\zip.dll
0x00007ffb5c000000 - 0x00007ffb5d55c000 	C:\Windows\system32\SHELL32.dll
0x00007ffb5a2b0000 - 0x00007ffb5a8f5000 	C:\Windows\system32\windows.storage.dll
0x00007ffb5d590000 - 0x00007ffb5d5e2000 	C:\Windows\system32\shlwapi.dll
0x00007ffb5a110000 - 0x00007ffb5a11f000 	C:\Windows\system32\kernel.appcore.dll
0x00007ffb5a1f0000 - 0x00007ffb5a2a5000 	C:\Windows\system32\shcore.dll
0x00007ffb5a120000 - 0x00007ffb5a16b000 	C:\Windows\system32\powrprof.dll
0x00007ffb5a0f0000 - 0x00007ffb5a104000 	C:\Windows\system32\profapi.dll

VM Arguments:
jvm_args: -Djava.awt.headless=true -Xmx1024M -Dfile.encoding=windows-1252 -Duser.country=IN -Duser.language=en -Duser.variant 
java_command: com.android.dx.command.Main --dex --force-jumbo --num-threads=4 --multi-dex --output E:\work\HomeImage\app\build\intermediates\transforms\dex\debug\folders\1000\10\com.android.support-support-media-compat-24.2.0_18dcf230439b8f3e6e26e22856d72fac60497399 E:\work\HomeImage\app\build\intermediates\exploded-aar\com.android.support\support-media-compat\24.2.0\jars\classes.jar
java_class_path (initial): E:\Android\sdk\build-tools\24.0.2\lib\dx.jar
Launcher Type: SUN_STANDARD

Environment Variables:
PATH=C:\ProgramData\Oracle\Java\javapath;C:\Program Files (x86)\Intel\iCLS Client\;C:\Program Files\Intel\iCLS Client\;C:\Windows\system32;C:\Windows;C:\Windows\System32\Wbem;C:\Windows\System32\WindowsPowerShell\v1.0\;C:\Program Files (x86)\AMD\ATI.ACE\Core-Static;C:\Program Files\Intel\Intel(R) Management Engine Components\DAL;C:\Program Files\Intel\Intel(R) Management Engine Components\IPT;C:\Program Files (x86)\Intel\Intel(R) Management Engine Components\DAL;C:\Program Files (x86)\Intel\Intel(R) Management Engine Components\IPT;E:\Android\sdk\ndk-bundle;E:\Android\sdk\platform-tools;C:\Program Files (x86)\Skype\Phone\;C:\Program Files (x86)\Windows Live\Shared
USERNAME=Family
OS=Windows_NT
PROCESSOR_IDENTIFIER=Intel64 Family 6 Model 69 Stepping 1, GenuineIntel



---------------  S Y S T E M  ---------------

OS: Windows 10.0 , 64 bit Build 10586 (10.0.10586.589)

CPU:total 4 (2 cores per cpu, 2 threads per core) family 6 model 69 stepping 1, cmov, cx8, fxsr, mmx, sse, sse2, sse3, ssse3, sse4.1, sse4.2, popcnt, avx, avx2, aes, clmul, erms, lzcnt, ht, tsc, tscinvbit, bmi1, bmi2

Memory: 4k page, physical 4072408k(518576k free), swap 5824072k(5780k free)

vm_info: Java HotSpot(TM) 64-Bit Server VM (25.60-b23) for windows-amd64 JRE (1.8.0_60-b27), built on Aug  4 2015 11:06:27 by "java_re" with MS VC++ 10.0 (VS2010)

time: Tue Sep 20 12:15:54 2016
elapsed time: 5 seconds (0d 0h 0m 5s)

