#
# There is insufficient memory for the Java Runtime Environment to continue.
# Native memory allocation (malloc) failed to allocate 1043856 bytes for Chunk::new
# Possible reasons:
#   The system is out of physical RAM or swap space
#   In 32 bit mode, the process size limit was hit
# Possible solutions:
#   Reduce memory load on the system
#   Increase physical memory or swap space
#   Check if swap backing store is full
#   Use 64 bit Java on a 64 bit OS
#   Decrease Java heap size (-Xmx/-Xms)
#   Decrease number of Java threads
#   Decrease Java thread stack sizes (-Xss)
#   Set larger code cache with -XX:ReservedCodeCacheSize=
# This output file may be truncated or incomplete.
#
#  Out of Memory Error (allocation.cpp:390), pid=5264, tid=9872
#
# JRE version: Java(TM) SE Runtime Environment (8.0_60-b27) (build 1.8.0_60-b27)
# Java VM: Java HotSpot(TM) 64-Bit Server VM (25.60-b23 mixed mode windows-amd64 compressed oops)
# Failed to write core dump. Minidumps are not enabled by default on client versions of Windows
#

---------------  T H R E A D  ---------------

Current thread (0x0000000014a99000):  JavaThread "C2 CompilerThread0" daemon [_thread_in_native, id=9872, stack(0x00000000160e0000,0x00000000161e0000)]

Stack: [0x00000000160e0000,0x00000000161e0000]
[error occurred during error reporting (printing stack bounds), id 0xc0000005]

Native frames: (J=compiled Java code, j=interpreted, Vv=VM code, C=native code)


Current CompileTask:
C2:   2567 1000   !   4       com.android.dx.cf.code.RopperMachine::run (1550 bytes)


---------------  P R O C E S S  ---------------

Java Threads: ( => current thread )
  0x0000000016573000 JavaThread "pool-2-thread-4" [_thread_blocked, id=4612, stack(0x0000000016de0000,0x0000000016ee0000)]
  0x000000001654d800 JavaThread "pool-2-thread-3" [_thread_blocked, id=10080, stack(0x0000000016ce0000,0x0000000016de0000)]
  0x0000000016529800 JavaThread "pool-2-thread-2" [_thread_in_Java, id=6772, stack(0x0000000016be0000,0x0000000016ce0000)]
  0x000000001640d800 JavaThread "pool-3-thread-1" [_thread_blocked, id=1204, stack(0x0000000016ae0000,0x0000000016be0000)]
  0x000000001640b800 JavaThread "pool-2-thread-1" [_thread_in_Java, id=11164, stack(0x00000000169e0000,0x0000000016ae0000)]
  0x00000000162ed000 JavaThread "Service Thread" daemon [_thread_blocked, id=8160, stack(0x00000000167e0000,0x00000000168e0000)]
  0x00000000162e8800 JavaThread "C1 CompilerThread2" daemon [_thread_blocked, id=11580, stack(0x00000000166e0000,0x00000000167e0000)]
  0x0000000014aa0000 JavaThread "C2 CompilerThread1" daemon [_thread_in_native, id=10604, stack(0x00000000161e0000,0x00000000162e0000)]
=>0x0000000014a99000 JavaThread "C2 CompilerThread0" daemon [_thread_in_native, id=9872, stack(0x00000000160e0000,0x00000000161e0000)]
  0x0000000014a97800 JavaThread "Attach Listener" daemon [_thread_blocked, id=10012, stack(0x0000000015fe0000,0x00000000160e0000)]
  0x0000000014a96000 JavaThread "Signal Dispatcher" daemon [_thread_blocked, id=4144, stack(0x0000000015ee0000,0x0000000015fe0000)]
  0x00000000023c0800 JavaThread "Finalizer" daemon [_thread_blocked, id=10212, stack(0x0000000015d00000,0x0000000015e00000)]
  0x00000000023bd000 JavaThread "Reference Handler" daemon [_thread_blocked, id=9416, stack(0x0000000015c00000,0x0000000015d00000)]
  0x00000000022d0800 JavaThread "main" [_thread_in_native, id=5032, stack(0x0000000001fd0000,0x00000000020d0000)]

Other Threads:
  0x0000000014a68000 VMThread [stack: 0x0000000015b00000,0x0000000015c00000] [id=11816]
  0x00000000162f2000 WatcherThread [stack: 0x00000000168e0000,0x00000000169e0000] [id=6796]

VM state:not at safepoint (normal execution)

VM Mutex/Monitor currently owned by a thread: None

Heap:
 PSYoungGen      total 18944K, used 8373K [0x00000000eab00000, 0x00000000ed000000, 0x0000000100000000)
  eden space 16384K, 35% used [0x00000000eab00000,0x00000000eb0b0780,0x00000000ebb00000)
  from space 2560K, 99% used [0x00000000ebb00000,0x00000000ebd7cf30,0x00000000ebd80000)
  to   space 2560K, 0% used [0x00000000ecd80000,0x00000000ecd80000,0x00000000ed000000)
 ParOldGen       total 44032K, used 1604K [0x00000000c0000000, 0x00000000c2b00000, 0x00000000eab00000)
  object space 44032K, 3% used [0x00000000c0000000,0x00000000c0191288,0x00000000c2b00000)
 Metaspace       used 5626K, capacity 6768K, committed 7040K, reserved 1056768K
  class space    used 577K, capacity 616K, committed 640K, reserved 1048576K

Card table byte_map: [0x0000000011790000,0x00000000119a0000] byte_map_base: 0x0000000011190000

Marking Bits: (ParMarkBitMap*) 0x0000000056f3a5b0
 Begin Bits: [0x0000000011f00000, 0x0000000012f00000)
 End Bits:   [0x0000000012f00000, 0x0000000013f00000)

Polling page: 0x0000000000850000

CodeCache: size=245760Kb used=4156Kb max_used=4184Kb free=241603Kb
 bounds [0x00000000023d0000, 0x00000000027f0000, 0x00000000113d0000]
 total_blobs=1261 nmethods=999 adapters=175
 compilation: enabled

Compilation events (10 events):
Event: 2.168 Thread 0x0000000014a99000 nmethod 970 0x00000000027d33d0 code [0x00000000027d3520, 0x00000000027d3758]
Event: 2.234 Thread 0x0000000014aa0000 nmethod 868 0x00000000027db150 code [0x00000000027dc5a0, 0x00000000027e2aa8]
Event: 2.513 Thread 0x0000000014a99000  997       4       com.android.dx.rop.code.SourcePosition::<init> (50 bytes)
Event: 2.514 Thread 0x0000000014aa0000  998       4       com.android.dx.cf.code.ValueAwareMachine::run (1142 bytes)
Event: 2.514 Thread 0x0000000014a99000 nmethod 997 0x000000000279d450 code [0x000000000279d580, 0x000000000279d638]
Event: 2.514 Thread 0x0000000014a99000  999       4       com.android.dx.cf.code.BaseMachine::storeResults (90 bytes)
Event: 2.523 Thread 0x0000000014a99000 nmethod 999 0x00000000027da590 code [0x00000000027da720, 0x00000000027dac08]
Event: 2.523 Thread 0x0000000014a99000 1000   !   4       com.android.dx.cf.code.RopperMachine::run (1550 bytes)
Event: 2.550 Thread 0x00000000162e8800 1003       3       java.lang.String::<init> (15 bytes)
Event: 2.551 Thread 0x00000000162e8800 nmethod 1003 0x00000000027d2090 code [0x00000000027d2220, 0x00000000027d2608]

GC Heap History (2 events):
Event: 1.903 GC heap before
{Heap before GC invocations=1 (full 0):
 PSYoungGen      total 18944K, used 16384K [0x00000000eab00000, 0x00000000ec000000, 0x0000000100000000)
  eden space 16384K, 100% used [0x00000000eab00000,0x00000000ebb00000,0x00000000ebb00000)
  from space 2560K, 0% used [0x00000000ebd80000,0x00000000ebd80000,0x00000000ec000000)
  to   space 2560K, 0% used [0x00000000ebb00000,0x00000000ebb00000,0x00000000ebd80000)
 ParOldGen       total 44032K, used 0K [0x00000000c0000000, 0x00000000c2b00000, 0x00000000eab00000)
  object space 44032K, 0% used [0x00000000c0000000,0x00000000c0000000,0x00000000c2b00000)
 Metaspace       used 5573K, capacity 6704K, committed 6784K, reserved 1056768K
  class space    used 577K, capacity 616K, committed 640K, reserved 1048576K
Event: 1.969 GC heap after
Heap after GC invocations=1 (full 0):
 PSYoungGen      total 18944K, used 2547K [0x00000000eab00000, 0x00000000ed000000, 0x0000000100000000)
  eden space 16384K, 0% used [0x00000000eab00000,0x00000000eab00000,0x00000000ebb00000)
  from space 2560K, 99% used [0x00000000ebb00000,0x00000000ebd7cf30,0x00000000ebd80000)
  to   space 2560K, 0% used [0x00000000ecd80000,0x00000000ecd80000,0x00000000ed000000)
 ParOldGen       total 44032K, used 1604K [0x00000000c0000000, 0x00000000c2b00000, 0x00000000eab00000)
  object space 44032K, 3% used [0x00000000c0000000,0x00000000c0191288,0x00000000c2b00000)
 Metaspace       used 5573K, capacity 6704K, committed 6784K, reserved 1056768K
  class space    used 577K, capacity 616K, committed 640K, reserved 1048576K
}

Deoptimization events (4 events):
Event: 1.480 Thread 0x000000001640b800 Uncommon trap: reason=unstable_if action=reinterpret pc=0x000000000260d7b4 method=java.util.BitSet.ensureCapacity(I)V @ 6
Event: 2.099 Thread 0x000000001654d800 Uncommon trap: reason=unstable_if action=reinterpret pc=0x0000000002733988 method=com.android.dx.ssa.SsaRenamer$BlockRenamer.addMapping(ILcom/android/dx/rop/code/RegisterSpec;)V @ 120
Event: 2.099 Thread 0x000000001654d800 Uncommon trap: reason=null_check action=make_not_entrant pc=0x00000000026948d4 method=com.android.dx.ssa.SsaRenamer.getLocalForNewReg(I)Lcom/android/dx/rop/code/LocalItem; @ 19
Event: 2.099 Thread 0x000000001654d800 Uncommon trap: reason=null_check action=make_not_entrant pc=0x000000000268a064 method=com.android.dx.ssa.SsaRenamer.getLocalForNewReg(I)Lcom/android/dx/rop/code/LocalItem; @ 19

Internal exceptions (4 events):
Event: 0.133 Thread 0x00000000022d0800 Exception <a 'java/lang/NoSuchMethodError': Method sun.misc.Unsafe.defineClass(Ljava/lang/String;[BII)Ljava/lang/Class; name or signature does not match> (0x00000000eab0d520) thrown at [C:\re\workspace\8-2-build-windows-amd64-cygwin\jdk8u60\4407\hotspot\srúJ19‹ÿÀ?
Event: 0.133 Thread 0x00000000022d0800 Exception <a 'java/lang/NoSuchMethodError': Method sun.misc.Unsafe.prefetchRead(Ljava/lang/Object;J)V name or signature does not match> (0x00000000eab0d808) thrown at [C:\re\workspace\8-2-build-windows-amd64-cygwin\jdk8u60\4407\hotspot\src\share\vm\prims\jhXbÝÊ
Event: 2.099 Thread 0x000000001654d800 Implicit null exception at 0x0000000002692b56 to 0x0000000002694891
Event: 2.099 Thread 0x000000001654d800 Implicit null exception at 0x000000000268846a to 0x000000000268a045

Events (10 events):
Event: 2.049 Thread 0x000000001640b800 DEOPT UNPACKING pc=0x000000000241787f sp=0x0000000016ade738 mode 0
Event: 2.099 Thread 0x000000001654d800 Uncommon trap: trap_request=0xffffff65 fr.pc=0x0000000002733988
Event: 2.099 Thread 0x000000001654d800 DEOPT PACKING pc=0x0000000002733988 sp=0x0000000016dde920
Event: 2.099 Thread 0x000000001654d800 DEOPT UNPACKING pc=0x000000000241582a sp=0x0000000016dde8b0 mode 2
Event: 2.099 Thread 0x000000001654d800 Uncommon trap: trap_request=0xfffffff4 fr.pc=0x00000000026948d4
Event: 2.099 Thread 0x000000001654d800 DEOPT PACKING pc=0x00000000026948d4 sp=0x0000000016dde970
Event: 2.099 Thread 0x000000001654d800 DEOPT UNPACKING pc=0x000000000241582a sp=0x0000000016dde7e8 mode 2
Event: 2.099 Thread 0x000000001654d800 Uncommon trap: trap_request=0xfffffff4 fr.pc=0x000000000268a064
Event: 2.099 Thread 0x000000001654d800 DEOPT PACKING pc=0x000000000268a064 sp=0x0000000016dde920
Event: 2.099 Thread 0x000000001654d800 DEOPT UNPACKING pc=0x000000000241582a sp=0x0000000016dde7d8 mode 2


Dynamic libraries:
0x00007ff7abe70000 - 0x00007ff7abea7000 	C:\Program Files\Java\jdk1.8.0_60\bin\java.exe
0x00007ffb5dad0000 - 0x00007ffb5dc91000 	C:\Windows\SYSTEM32\ntdll.dll
0x00007ffb5af30000 - 0x00007ffb5afdd000 	C:\Windows\system32\KERNEL32.DLL
0x00007ffb5abe0000 - 0x00007ffb5adc8000 	C:\Windows\system32\KERNELBASE.dll
0x00007ffb5b250000 - 0x00007ffb5b2f7000 	C:\Windows\system32\ADVAPI32.dll
0x00007ffb5b960000 - 0x00007ffb5b9fd000 	C:\Windows\system32\msvcrt.dll
0x00007ffb5aed0000 - 0x00007ffb5af2b000 	C:\Windows\system32\sechost.dll
0x00007ffb5ba00000 - 0x00007ffb5bb1c000 	C:\Windows\system32\RPCRT4.dll
0x00007ffb5b040000 - 0x00007ffb5b196000 	C:\Windows\system32\USER32.dll
0x00007ffb5b450000 - 0x00007ffb5b5d6000 	C:\Windows\system32\GDI32.dll
0x00007ffb4f9d0000 - 0x00007ffb4fc44000 	C:\Windows\WinSxS\amd64_microsoft.windows.common-controls_6595b64144ccf1df_6.0.10586.589_none_a2ddb3caa539acce\COMCTL32.dll
0x00007ffb5d7e0000 - 0x00007ffb5da5d000 	C:\Windows\system32\combase.dll
0x00007ffb5a180000 - 0x00007ffb5a1ea000 	C:\Windows\system32\bcryptPrimitives.dll
0x00007ffb5bb20000 - 0x00007ffb5bb5b000 	C:\Windows\system32\IMM32.DLL
0x00000000561d0000 - 0x00000000562a2000 	C:\Program Files\Java\jdk1.8.0_60\jre\bin\msvcr100.dll
0x0000000056730000 - 0x0000000056fb9000 	C:\Program Files\Java\jdk1.8.0_60\jre\bin\server\jvm.dll
0x00007ffb5d580000 - 0x00007ffb5d588000 	C:\Windows\system32\PSAPI.DLL
0x00007ffb49200000 - 0x00007ffb49209000 	C:\Windows\SYSTEM32\WSOCK32.dll
0x00007ffb5b5e0000 - 0x00007ffb5b64b000 	C:\Windows\system32\WS2_32.dll
0x00007ffb586f0000 - 0x00007ffb58713000 	C:\Windows\SYSTEM32\WINMM.dll
0x00007ffb4dee0000 - 0x00007ffb4deea000 	C:\Windows\SYSTEM32\VERSION.dll
0x00007ffb58690000 - 0x00007ffb586bc000 	C:\Windows\SYSTEM32\WINMMBASE.dll
0x00007ffb5add0000 - 0x00007ffb5ae13000 	C:\Windows\system32\cfgmgr32.dll
0x0000000056640000 - 0x000000005664f000 	C:\Program Files\Java\jdk1.8.0_60\jre\bin\verify.dll
0x0000000056610000 - 0x0000000056639000 	C:\Program Files\Java\jdk1.8.0_60\jre\bin\java.dll
0x00000000565f0000 - 0x0000000056606000 	C:\Program Files\Java\jdk1.8.0_60\jre\bin\zip.dll
0x00007ffb5c000000 - 0x00007ffb5d55c000 	C:\Windows\system32\SHELL32.dll
0x00007ffb5a2b0000 - 0x00007ffb5a8f5000 	C:\Windows\system32\windows.storage.dll
0x00007ffb5d590000 - 0x00007ffb5d5e2000 	C:\Windows\system32\shlwapi.dll
0x00007ffb5a110000 - 0x00007ffb5a11f000 	C:\Windows\system32\kernel.appcore.dll
0x00007ffb5a1f0000 - 0x00007ffb5a2a5000 	C:\Windows\system32\shcore.dll
0x00007ffb5a120000 - 0x00007ffb5a16b000 	C:\Windows\system32\powrprof.dll
0x00007ffb5a0f0000 - 0x00007ffb5a104000 	C:\Windows\system32\profapi.dll

VM Arguments:
jvm_args: -Djava.awt.headless=true -Xmx1024M -Dfile.encoding=windows-1252 -Duser.country=IN -Duser.language=en -Duser.variant 
java_command: com.android.dx.command.Main --dex --force-jumbo --num-threads=4 --multi-dex --output E:\work\HomeImage\app\build\intermediates\transforms\dex\debug\folders\1000\5\slice_9 E:\work\HomeImage\app\build\intermediates\transforms\instantRunSlicer\debug\folders\1\5\slice_9
java_class_path (initial): E:\Android\sdk\build-tools\24.0.2\lib\dx.jar
Launcher Type: SUN_STANDARD

Environment Variables:
PATH=C:\ProgramData\Oracle\Java\javapath;C:\Program Files (x86)\Intel\iCLS Client\;C:\Program Files\Intel\iCLS Client\;C:\Windows\system32;C:\Windows;C:\Windows\System32\Wbem;C:\Windows\System32\WindowsPowerShell\v1.0\;C:\Program Files (x86)\AMD\ATI.ACE\Core-Static;C:\Program Files\Intel\Intel(R) Management Engine Components\DAL;C:\Program Files\Intel\Intel(R) Management Engine Components\IPT;C:\Program Files (x86)\Intel\Intel(R) Management Engine Components\DAL;C:\Program Files (x86)\Intel\Intel(R) Management Engine Components\IPT;E:\Android\sdk\ndk-bundle;E:\Android\sdk\platform-tools;C:\Program Files (x86)\Skype\Phone\;C:\Program Files (x86)\Windows Live\Shared
USERNAME=Family
OS=Windows_NT
PROCESSOR_IDENTIFIER=Intel64 Family 6 Model 69 Stepping 1, GenuineIntel



---------------  S Y S T E M  ---------------

OS: Windows 10.0 , 64 bit Build 10586 (10.0.10586.589)

CPU:total 4 (2 cores per cpu, 2 threads per core) family 6 model 69 stepping 1, cmov, cx8, fxsr, mmx, sse, sse2, sse3, ssse3, sse4.1, sse4.2, popcnt, avx, avx2, aes, clmul, erms, lzcnt, ht, tsc, tscinvbit, bmi1, bmi2

Memory: 4k page, physical 4072408k(415084k free), swap 5824072k(2600k free)

vm_info: Java HotSpot(TM) 64-Bit Server VM (25.60-b23) for windows-amd64 JRE (1.8.0_60-b27), built on Aug  4 2015 11:06:27 by "java_re" with MS VC++ 10.0 (VS2010)

time: Tue Sep 20 12:16:03 2016
elapsed time: 2 seconds (0d 0h 0m 2s)

