#
# There is insufficient memory for the Java Runtime Environment to continue.
# Native memory allocation (malloc) failed to allocate 173456 bytes for Chunk::new
# Possible reasons:
#   The system is out of physical RAM or swap space
#   In 32 bit mode, the process size limit was hit
# Possible solutions:
#   Reduce memory load on the system
#   Increase physical memory or swap space
#   Check if swap backing store is full
#   Use 64 bit Java on a 64 bit OS
#   Decrease Java heap size (-Xmx/-Xms)
#   Decrease number of Java threads
#   Decrease Java thread stack sizes (-Xss)
#   Set larger code cache with -XX:ReservedCodeCacheSize=
# This output file may be truncated or incomplete.
#
#  Out of Memory Error (allocation.cpp:390), pid=11912, tid=6648
#
# JRE version: Java(TM) SE Runtime Environment (8.0_60-b27) (build 1.8.0_60-b27)
# Java VM: Java HotSpot(TM) 64-Bit Server VM (25.60-b23 mixed mode windows-amd64 compressed oops)
# Failed to write core dump. Minidumps are not enabled by default on client versions of Windows
#

---------------  T H R E A D  ---------------

Current thread (0x0000000014bc9000):  JavaThread "C2 CompilerThread0" daemon [_thread_in_native, id=6648, stack(0x0000000016200000,0x0000000016300000)]

Stack: [0x0000000016200000,0x0000000016300000]
[error occurred during error reporting (printing stack bounds), id 0xc0000005]

Native frames: (J=compiled Java code, j=interpreted, Vv=VM code, C=native code)


Current CompileTask:
C2:   3247 1216       4       com.android.dx.ssa.Dominators::eval (29 bytes)


---------------  P R O C E S S  ---------------

Java Threads: ( => current thread )
  0x00000000167ad000 JavaThread "pool-2-thread-4" [_thread_blocked, id=5040, stack(0x0000000016f00000,0x0000000017000000)]
  0x00000000167a6800 JavaThread "pool-2-thread-3" [_thread_blocked, id=12152, stack(0x0000000016e00000,0x0000000016f00000)]
  0x0000000016679000 JavaThread "pool-2-thread-2" [_thread_blocked, id=8132, stack(0x0000000016d00000,0x0000000016e00000)]
  0x000000001663b800 JavaThread "pool-3-thread-1" [_thread_blocked, id=5844, stack(0x0000000016c00000,0x0000000016d00000)]
  0x0000000016622000 JavaThread "pool-2-thread-1" [_thread_in_Java, id=9524, stack(0x0000000016b00000,0x0000000016c00000)]
  0x0000000016502800 JavaThread "Service Thread" daemon [_thread_blocked, id=10080, stack(0x0000000016900000,0x0000000016a00000)]
  0x0000000014c2c000 JavaThread "C1 CompilerThread2" daemon [_thread_blocked, id=11452, stack(0x0000000016400000,0x0000000016500000)]
  0x0000000014bd0000 JavaThread "C2 CompilerThread1" daemon [_thread_in_native, id=5116, stack(0x0000000016300000,0x0000000016400000)]
=>0x0000000014bc9000 JavaThread "C2 CompilerThread0" daemon [_thread_in_native, id=6648, stack(0x0000000016200000,0x0000000016300000)]
  0x0000000014bc7800 JavaThread "Attach Listener" daemon [_thread_blocked, id=1804, stack(0x0000000016100000,0x0000000016200000)]
  0x0000000014bc6000 JavaThread "Signal Dispatcher" daemon [_thread_blocked, id=11300, stack(0x0000000016000000,0x0000000016100000)]
  0x00000000024f0800 JavaThread "Finalizer" daemon [_thread_blocked, id=2028, stack(0x0000000015e20000,0x0000000015f20000)]
  0x00000000024ed000 JavaThread "Reference Handler" daemon [_thread_blocked, id=10216, stack(0x0000000015d20000,0x0000000015e20000)]
  0x0000000002400800 JavaThread "main" [_thread_in_native, id=11852, stack(0x0000000002200000,0x0000000002300000)]

Other Threads:
  0x0000000014b98000 VMThread [stack: 0x0000000015c20000,0x0000000015d20000] [id=784]
  0x000000001652a000 WatcherThread [stack: 0x0000000016a00000,0x0000000016b00000] [id=4612]

VM state:not at safepoint (normal execution)

VM Mutex/Monitor currently owned by a thread: None

Heap:
 PSYoungGen      total 18944K, used 14329K [0x00000000eab00000, 0x00000000ec000000, 0x0000000100000000)
  eden space 16384K, 71% used [0x00000000eab00000,0x00000000eb682568,0x00000000ebb00000)
  from space 2560K, 99% used [0x00000000ebb00000,0x00000000ebd7c028,0x00000000ebd80000)
  to   space 2560K, 0% used [0x00000000ebd80000,0x00000000ebd80000,0x00000000ec000000)
 ParOldGen       total 44032K, used 1421K [0x00000000c0000000, 0x00000000c2b00000, 0x00000000eab00000)
  object space 44032K, 3% used [0x00000000c0000000,0x00000000c0163578,0x00000000c2b00000)
 Metaspace       used 5764K, capacity 6896K, committed 7040K, reserved 1056768K
  class space    used 578K, capacity 616K, committed 640K, reserved 1048576K

Card table byte_map: [0x00000000118c0000,0x0000000011ad0000] byte_map_base: 0x00000000112c0000

Marking Bits: (ParMarkBitMap*) 0x0000000056f3a5b0
 Begin Bits: [0x0000000012030000, 0x0000000013030000)
 End Bits:   [0x0000000013030000, 0x0000000014030000)

Polling page: 0x0000000000650000

CodeCache: size=245760Kb used=4865Kb max_used=4865Kb free=240894Kb
 bounds [0x0000000002500000, 0x00000000029d0000, 0x0000000011500000]
 total_blobs=1486 nmethods=1224 adapters=175
 compilation: enabled

Compilation events (10 events):
Event: 3.231 Thread 0x0000000014c2c000 1224       3       com.android.dx.ssa.PhiTypeResolver::equalsHandlesNulls (23 bytes)
Event: 3.231 Thread 0x0000000014c2c000 nmethod 1224 0x00000000029ba790 code [0x00000000029ba920, 0x00000000029bad68]
Event: 3.235 Thread 0x0000000014c2c000 1225       3       com.android.dx.ssa.SsaBasicBlock::addMoveToEnd (172 bytes)
Event: 3.235 Thread 0x0000000014bd0000 nmethod 1219 0x00000000029bbe50 code [0x00000000029bbfe0, 0x00000000029bc7a8]
Event: 3.235 Thread 0x0000000014bd0000 1223 %     4       com.android.dx.ssa.SsaMethod::deleteInsns @ 42 (239 bytes)
Event: 3.238 Thread 0x0000000014c2c000 nmethod 1225 0x00000000029c1b90 code [0x00000000029c1f20, 0x00000000029c3e48]
Event: 3.240 Thread 0x0000000014c2c000 1227       3       com.android.dx.rop.type.StdTypeList::equalContents (56 bytes)
Event: 3.240 Thread 0x0000000014c2c000 nmethod 1227 0x00000000029c0e50 code [0x00000000029c1020, 0x00000000029c18e8]
Event: 3.242 Thread 0x0000000014c2c000 1228       3       com.android.dx.ssa.SsaMethod::makeNewGotoBlock (52 bytes)
Event: 3.243 Thread 0x0000000014c2c000 nmethod 1228 0x00000000029bf610 code [0x00000000029bf860, 0x00000000029c0688]

GC Heap History (2 events):
Event: 1.671 GC heap before
{Heap before GC invocations=1 (full 0):
 PSYoungGen      total 18944K, used 16384K [0x00000000eab00000, 0x00000000ec000000, 0x0000000100000000)
  eden space 16384K, 100% used [0x00000000eab00000,0x00000000ebb00000,0x00000000ebb00000)
  from space 2560K, 0% used [0x00000000ebd80000,0x00000000ebd80000,0x00000000ec000000)
  to   space 2560K, 0% used [0x00000000ebb00000,0x00000000ebb00000,0x00000000ebd80000)
 ParOldGen       total 44032K, used 0K [0x00000000c0000000, 0x00000000c2b00000, 0x00000000eab00000)
  object space 44032K, 0% used [0x00000000c0000000,0x00000000c0000000,0x00000000c2b00000)
 Metaspace       used 5657K, capacity 6832K, committed 7040K, reserved 1056768K
  class space    used 574K, capacity 616K, committed 640K, reserved 1048576K
Event: 1.678 GC heap after
Heap after GC invocations=1 (full 0):
 PSYoungGen      total 18944K, used 2544K [0x00000000eab00000, 0x00000000ec000000, 0x0000000100000000)
  eden space 16384K, 0% used [0x00000000eab00000,0x00000000eab00000,0x00000000ebb00000)
  from space 2560K, 99% used [0x00000000ebb00000,0x00000000ebd7c028,0x00000000ebd80000)
  to   space 2560K, 0% used [0x00000000ebd80000,0x00000000ebd80000,0x00000000ec000000)
 ParOldGen       total 44032K, used 1421K [0x00000000c0000000, 0x00000000c2b00000, 0x00000000eab00000)
  object space 44032K, 3% used [0x00000000c0000000,0x00000000c0163578,0x00000000c2b00000)
 Metaspace       used 5657K, capacity 6832K, committed 7040K, reserved 1056768K
  class space    used 574K, capacity 616K, committed 640K, reserved 1048576K
}

Deoptimization events (10 events):
Event: 2.336 Thread 0x00000000167a6800 Uncommon trap: reason=unstable_if action=reinterpret pc=0x0000000002929ce0 method=com.android.dx.util.IntList.binarysearch(I)I @ 26
Event: 2.337 Thread 0x00000000167a6800 Uncommon trap: reason=unstable_if action=reinterpret pc=0x0000000002912ff8 method=com.android.dx.cf.code.Ropper.labelToResultIndex(I)I @ 34
Event: 2.337 Thread 0x00000000167a6800 Uncommon trap: reason=class_check action=maybe_recompile pc=0x00000000027a0fb8 method=com.android.dx.rop.type.Type.equals(Ljava/lang/Object;)Z @ 8
Event: 2.339 Thread 0x00000000167a6800 Uncommon trap: reason=class_check action=maybe_recompile pc=0x00000000027a0fb8 method=com.android.dx.rop.type.Type.equals(Ljava/lang/Object;)Z @ 8
Event: 2.347 Thread 0x00000000167a6800 Uncommon trap: reason=unstable_if action=reinterpret pc=0x000000000276d0ac method=java.util.HashMap.getNode(ILjava/lang/Object;)Ljava/util/HashMap$Node; @ 129
Event: 2.347 Thread 0x00000000167a6800 Uncommon trap: reason=unstable_if action=reinterpret pc=0x000000000292fbd4 method=java.util.HashMap.putVal(ILjava/lang/Object;Ljava/lang/Object;ZZ)Ljava/lang/Object; @ 193
Event: 2.351 Thread 0x00000000167a6800 Uncommon trap: reason=class_check action=maybe_recompile pc=0x00000000027a0fb8 method=com.android.dx.rop.type.Type.equals(Ljava/lang/Object;)Z @ 8
Event: 2.353 Thread 0x00000000167a6800 Uncommon trap: reason=class_check action=maybe_recompile pc=0x00000000027a0fb8 method=com.android.dx.rop.type.Type.equals(Ljava/lang/Object;)Z @ 8
Event: 3.208 Thread 0x0000000016622000 Uncommon trap: reason=unstable_if action=reinterpret pc=0x0000000002746f34 method=java.util.BitSet.ensureCapacity(I)V @ 6
Event: 3.208 Thread 0x0000000016622000 Uncommon trap: reason=unstable_if action=reinterpret pc=0x00000000027457f0 method=java.util.BitSet.ensureCapacity(I)V @ 6

Internal exceptions (2 events):
Event: 0.105 Thread 0x0000000002400800 Exception <a 'java/lang/NoSuchMethodError': Method sun.misc.Unsafe.defineClass(Ljava/lang/String;[BII)Ljava/lang/Class; name or signature does not match> (0x00000000eab0d520) thrown at [C:\re\workspace\8-2-build-windows-amd64-cygwin\jdk8u60\4407\hotspot\sr¸¯,äº?
Event: 0.105 Thread 0x0000000002400800 Exception <a 'java/lang/NoSuchMethodError': Method sun.misc.Unsafe.prefetchRead(Ljava/lang/Object;J)V name or signature does not match> (0x00000000eab0d808) thrown at [C:\re\workspace\8-2-build-windows-amd64-cygwin\jdk8u60\4407\hotspot\src\share\vm\prims\j

Events (10 events):
Event: 2.798 loading class com/android/dx/cf/direct/DirectClassFile$DcfTypeList
Event: 2.798 loading class com/android/dx/cf/direct/DirectClassFile$DcfTypeList done
Event: 2.801 loading class com/android/dx/cf/attrib/AttEnclosingMethod
Event: 2.801 loading class com/android/dx/cf/attrib/AttEnclosingMethod done
Event: 3.208 Thread 0x0000000016622000 Uncommon trap: trap_request=0xffffff65 fr.pc=0x0000000002746f34
Event: 3.208 Thread 0x0000000016622000 DEOPT PACKING pc=0x0000000002746f34 sp=0x0000000016bfeab0
Event: 3.208 Thread 0x0000000016622000 DEOPT UNPACKING pc=0x000000000254582a sp=0x0000000016bfe998 mode 2
Event: 3.208 Thread 0x0000000016622000 Uncommon trap: trap_request=0xffffff65 fr.pc=0x00000000027457f0
Event: 3.208 Thread 0x0000000016622000 DEOPT PACKING pc=0x00000000027457f0 sp=0x0000000016bfea50
Event: 3.208 Thread 0x0000000016622000 DEOPT UNPACKING pc=0x000000000254582a sp=0x0000000016bfe990 mode 2


Dynamic libraries:
0x00007ff7abe70000 - 0x00007ff7abea7000 	C:\Program Files\Java\jdk1.8.0_60\bin\java.exe
0x00007ffb5dad0000 - 0x00007ffb5dc91000 	C:\Windows\SYSTEM32\ntdll.dll
0x00007ffb5af30000 - 0x00007ffb5afdd000 	C:\Windows\system32\KERNEL32.DLL
0x00007ffb5abe0000 - 0x00007ffb5adc8000 	C:\Windows\system32\KERNELBASE.dll
0x00007ffb5b250000 - 0x00007ffb5b2f7000 	C:\Windows\system32\ADVAPI32.dll
0x00007ffb5b960000 - 0x00007ffb5b9fd000 	C:\Windows\system32\msvcrt.dll
0x00007ffb5aed0000 - 0x00007ffb5af2b000 	C:\Windows\system32\sechost.dll
0x00007ffb5ba00000 - 0x00007ffb5bb1c000 	C:\Windows\system32\RPCRT4.dll
0x00007ffb5b040000 - 0x00007ffb5b196000 	C:\Windows\system32\USER32.dll
0x00007ffb5b450000 - 0x00007ffb5b5d6000 	C:\Windows\system32\GDI32.dll
0x00007ffb4f9d0000 - 0x00007ffb4fc44000 	C:\Windows\WinSxS\amd64_microsoft.windows.common-controls_6595b64144ccf1df_6.0.10586.589_none_a2ddb3caa539acce\COMCTL32.dll
0x00007ffb5d7e0000 - 0x00007ffb5da5d000 	C:\Windows\system32\combase.dll
0x00007ffb5a180000 - 0x00007ffb5a1ea000 	C:\Windows\system32\bcryptPrimitives.dll
0x00007ffb5bb20000 - 0x00007ffb5bb5b000 	C:\Windows\system32\IMM32.DLL
0x00000000561d0000 - 0x00000000562a2000 	C:\Program Files\Java\jdk1.8.0_60\jre\bin\msvcr100.dll
0x0000000056730000 - 0x0000000056fb9000 	C:\Program Files\Java\jdk1.8.0_60\jre\bin\server\jvm.dll
0x00007ffb5d580000 - 0x00007ffb5d588000 	C:\Windows\system32\PSAPI.DLL
0x00007ffb49200000 - 0x00007ffb49209000 	C:\Windows\SYSTEM32\WSOCK32.dll
0x00007ffb5b5e0000 - 0x00007ffb5b64b000 	C:\Windows\system32\WS2_32.dll
0x00007ffb586f0000 - 0x00007ffb58713000 	C:\Windows\SYSTEM32\WINMM.dll
0x00007ffb4dee0000 - 0x00007ffb4deea000 	C:\Windows\SYSTEM32\VERSION.dll
0x00007ffb58690000 - 0x00007ffb586bc000 	C:\Windows\SYSTEM32\WINMMBASE.dll
0x00007ffb5add0000 - 0x00007ffb5ae13000 	C:\Windows\system32\cfgmgr32.dll
0x0000000056640000 - 0x000000005664f000 	C:\Program Files\Java\jdk1.8.0_60\jre\bin\verify.dll
0x0000000056610000 - 0x0000000056639000 	C:\Program Files\Java\jdk1.8.0_60\jre\bin\java.dll
0x00000000565f0000 - 0x0000000056606000 	C:\Program Files\Java\jdk1.8.0_60\jre\bin\zip.dll
0x00007ffb5c000000 - 0x00007ffb5d55c000 	C:\Windows\system32\SHELL32.dll
0x00007ffb5a2b0000 - 0x00007ffb5a8f5000 	C:\Windows\system32\windows.storage.dll
0x00007ffb5d590000 - 0x00007ffb5d5e2000 	C:\Windows\system32\shlwapi.dll
0x00007ffb5a110000 - 0x00007ffb5a11f000 	C:\Windows\system32\kernel.appcore.dll
0x00007ffb5a1f0000 - 0x00007ffb5a2a5000 	C:\Windows\system32\shcore.dll
0x00007ffb5a120000 - 0x00007ffb5a16b000 	C:\Windows\system32\powrprof.dll
0x00007ffb5a0f0000 - 0x00007ffb5a104000 	C:\Windows\system32\profapi.dll

VM Arguments:
jvm_args: -Djava.awt.headless=true -Xmx1024M -Dfile.encoding=windows-1252 -Duser.country=IN -Duser.language=en -Duser.variant 
java_command: com.android.dx.command.Main --dex --force-jumbo --num-threads=4 --multi-dex --output E:\work\HomeImage\app\build\intermediates\transforms\dex\debug\folders\1000\5\slice_2 E:\work\HomeImage\app\build\intermediates\transforms\instantRunSlicer\debug\folders\1\5\slice_2
java_class_path (initial): E:\Android\sdk\build-tools\24.0.2\lib\dx.jar
Launcher Type: SUN_STANDARD

Environment Variables:
PATH=C:\ProgramData\Oracle\Java\javapath;C:\Program Files (x86)\Intel\iCLS Client\;C:\Program Files\Intel\iCLS Client\;C:\Windows\system32;C:\Windows;C:\Windows\System32\Wbem;C:\Windows\System32\WindowsPowerShell\v1.0\;C:\Program Files (x86)\AMD\ATI.ACE\Core-Static;C:\Program Files\Intel\Intel(R) Management Engine Components\DAL;C:\Program Files\Intel\Intel(R) Management Engine Components\IPT;C:\Program Files (x86)\Intel\Intel(R) Management Engine Components\DAL;C:\Program Files (x86)\Intel\Intel(R) Management Engine Components\IPT;E:\Android\sdk\ndk-bundle;E:\Android\sdk\platform-tools;C:\Program Files (x86)\Skype\Phone\;C:\Program Files (x86)\Windows Live\Shared
USERNAME=Family
OS=Windows_NT
PROCESSOR_IDENTIFIER=Intel64 Family 6 Model 69 Stepping 1, GenuineIntel



---------------  S Y S T E M  ---------------

OS: Windows 10.0 , 64 bit Build 10586 (10.0.10586.589)

CPU:total 4 (2 cores per cpu, 2 threads per core) family 6 model 69 stepping 1, cmov, cx8, fxsr, mmx, sse, sse2, sse3, ssse3, sse4.1, sse4.2, popcnt, avx, avx2, aes, clmul, erms, lzcnt, ht, tsc, tscinvbit, bmi1, bmi2

Memory: 4k page, physical 4072408k(425432k free), swap 5824072k(5296k free)

vm_info: Java HotSpot(TM) 64-Bit Server VM (25.60-b23) for windows-amd64 JRE (1.8.0_60-b27), built on Aug  4 2015 11:06:27 by "java_re" with MS VC++ 10.0 (VS2010)

time: Tue Sep 20 12:15:58 2016
elapsed time: 3 seconds (0d 0h 0m 3s)

