#
# There is insufficient memory for the Java Runtime Environment to continue.
# Native memory allocation (malloc) failed to allocate 32744 bytes for ChunkPool::allocate
# Possible reasons:
#   The system is out of physical RAM or swap space
#   In 32 bit mode, the process size limit was hit
# Possible solutions:
#   Reduce memory load on the system
#   Increase physical memory or swap space
#   Check if swap backing store is full
#   Use 64 bit Java on a 64 bit OS
#   Decrease Java heap size (-Xmx/-Xms)
#   Decrease number of Java threads
#   Decrease Java thread stack sizes (-Xss)
#   Set larger code cache with -XX:ReservedCodeCacheSize=
# This output file may be truncated or incomplete.
#
#  Out of Memory Error (allocation.cpp:273), pid=5404, tid=8836
#
# JRE version: Java(TM) SE Runtime Environment (8.0_60-b27) (build 1.8.0_60-b27)
# Java VM: Java HotSpot(TM) 64-Bit Server VM (25.60-b23 mixed mode windows-amd64 compressed oops)
# Failed to write core dump. Minidumps are not enabled by default on client versions of Windows
#

---------------  T H R E A D  ---------------

Current thread (0x0000000015865800):  JavaThread "C2 CompilerThread1" daemon [_thread_in_native, id=8836, stack(0x0000000016f70000,0x0000000017070000)]

Stack: [0x0000000016f70000,0x0000000017070000]
[error occurred during error reporting (printing stack bounds), id 0xc0000005]

Native frames: (J=compiled Java code, j=interpreted, Vv=VM code, C=native code)


Current CompileTask:
C2:   1580  250   !   4       com.android.dx.cf.cst.ConstantPoolParser::parse0 (731 bytes)


---------------  P R O C E S S  ---------------

Java Threads: ( => current thread )
  0x00000000173f7000 JavaThread "pool-2-thread-4" [_thread_new, id=6520, stack(0x0000000000000000,0x0000000000000000)]
  0x00000000173f8000 JavaThread "pool-2-thread-3" [_thread_new, id=2620, stack(0x0000000000000000,0x0000000000000000)]
  0x00000000173de800 JavaThread "pool-2-thread-2" [_thread_in_vm, id=5996, stack(0x0000000017970000,0x0000000017a70000)]
  0x00000000172cf000 JavaThread "pool-3-thread-1" [_thread_blocked, id=1368, stack(0x0000000017870000,0x0000000017970000)]
  0x000000001728b000 JavaThread "pool-2-thread-1" [_thread_blocked, id=3988, stack(0x0000000017770000,0x0000000017870000)]
  0x0000000017175800 JavaThread "Service Thread" daemon [_thread_blocked, id=8824, stack(0x0000000017570000,0x0000000017670000)]
  0x000000001586c000 JavaThread "C1 CompilerThread2" daemon [_thread_in_native, id=4180, stack(0x0000000017070000,0x0000000017170000)]
=>0x0000000015865800 JavaThread "C2 CompilerThread1" daemon [_thread_in_native, id=8836, stack(0x0000000016f70000,0x0000000017070000)]
  0x0000000015809000 JavaThread "C2 CompilerThread0" daemon [_thread_in_native, id=4156, stack(0x0000000016e70000,0x0000000016f70000)]
  0x0000000015807800 JavaThread "Attach Listener" daemon [_thread_blocked, id=6140, stack(0x0000000016d70000,0x0000000016e70000)]
  0x0000000015806000 JavaThread "Signal Dispatcher" daemon [_thread_blocked, id=6292, stack(0x0000000016c70000,0x0000000016d70000)]
  0x0000000003130800 JavaThread "Finalizer" daemon [_thread_blocked, id=8700, stack(0x0000000016a90000,0x0000000016b90000)]
  0x000000000312d000 JavaThread "Reference Handler" daemon [_thread_blocked, id=1404, stack(0x0000000016990000,0x0000000016a90000)]
  0x0000000003040800 JavaThread "main" [_thread_in_vm, id=6844, stack(0x0000000002ce0000,0x0000000002de0000)]

Other Threads:
  0x00000000157d8800 VMThread [stack: 0x0000000016890000,0x0000000016990000] [id=4588]
  0x000000001717b000 WatcherThread [stack: 0x0000000017670000,0x0000000017770000] [id=8524]

VM state:not at safepoint (normal execution)

VM Mutex/Monitor currently owned by a thread: None

Heap:
 PSYoungGen      total 18944K, used 6012K [0x00000000eab00000, 0x00000000ec000000, 0x0000000100000000)
  eden space 16384K, 36% used [0x00000000eab00000,0x00000000eb0df360,0x00000000ebb00000)
  from space 2560K, 0% used [0x00000000ebd80000,0x00000000ebd80000,0x00000000ec000000)
  to   space 2560K, 0% used [0x00000000ebb00000,0x00000000ebb00000,0x00000000ebd80000)
 ParOldGen       total 44032K, used 0K [0x00000000c0000000, 0x00000000c2b00000, 0x00000000eab00000)
  object space 44032K, 0% used [0x00000000c0000000,0x00000000c0000000,0x00000000c2b00000)
 Metaspace       used 3970K, capacity 5296K, committed 5376K, reserved 1056768K
  class space    used 443K, capacity 488K, committed 512K, reserved 1048576K

Card table byte_map: [0x0000000012500000,0x0000000012710000] byte_map_base: 0x0000000011f00000

Marking Bits: (ParMarkBitMap*) 0x000000005c79a5b0
 Begin Bits: [0x0000000012c70000, 0x0000000013c70000)
 End Bits:   [0x0000000013c70000, 0x0000000014c70000)

Polling page: 0x0000000002de0000

CodeCache: size=245760Kb used=1761Kb max_used=1761Kb free=243998Kb
 bounds [0x0000000003140000, 0x00000000033b0000, 0x0000000012140000]
 total_blobs=520 nmethods=267 adapters=166
 compilation: enabled

Compilation events (10 events):
Event: 1.572 Thread 0x000000001586c000 nmethod 259 0x00000000032e9810 code [0x00000000032e9a40, 0x00000000032ea4e8]
Event: 1.572 Thread 0x000000001586c000  261       3       com.android.dx.cf.code.LineNumberList::<init> (6 bytes)
Event: 1.572 Thread 0x000000001586c000 nmethod 261 0x00000000032e9490 code [0x00000000032e9600, 0x00000000032e9788]
Event: 1.572 Thread 0x000000001586c000  262   !   3       com.android.dx.cf.attrib.AttLineNumberTable::<init> (43 bytes)
Event: 1.573 Thread 0x000000001586c000 nmethod 262 0x00000000032ebd50 code [0x00000000032ebf00, 0x00000000032ec3f8]
Event: 1.573 Thread 0x000000001586c000  263       3       com.android.dx.cf.code.LocalVariableList::<init> (6 bytes)
Event: 1.573 Thread 0x000000001586c000 nmethod 263 0x00000000032e9110 code [0x00000000032e9280, 0x00000000032e9408]
Event: 1.573 Thread 0x000000001586c000  264   !   3       com.android.dx.cf.direct.StdAttributeFactory::parseLocalVariables (274 bytes)
Event: 1.574 Thread 0x0000000015809000 nmethod 260 0x00000000032ef4d0 code [0x00000000032ef620, 0x00000000032ef838]
Event: 1.576 Thread 0x0000000015809000  273       4       java.lang.String::<init> (82 bytes)

GC Heap History (0 events):
No events

Deoptimization events (0 events):
No events

Internal exceptions (2 events):
Event: 0.173 Thread 0x0000000003040800 Exception <a 'java/lang/NoSuchMethodError': Method sun.misc.Unsafe.defineClass(Ljava/lang/String;[BII)Ljava/lang/Class; name or signature does not match> (0x00000000eab0d520) thrown at [C:\re\workspace\8-2-build-windows-amd64-cygwin\jdk8u60\4407\hotspot\sr oW\∆?
Event: 0.173 Thread 0x0000000003040800 Exception <a 'java/lang/NoSuchMethodError': Method sun.misc.Unsafe.prefetchRead(Ljava/lang/Object;J)V name or signature does not match> (0x00000000eab0d808) thrown at [C:\re\workspace\8-2-build-windows-amd64-cygwin\jdk8u60\4407\hotspot\src\share\vm\prims\j

Events (10 events):
Event: 1.545 loading class com/android/dx/dex/file/IdItem
Event: 1.545 loading class com/android/dx/dex/file/IdItem done
Event: 1.545 Thread 0x00000000173f8000 Thread added: 0x00000000173f8000
Event: 1.546 loading class com/android/dx/cf/code/ConcreteMethod
Event: 1.546 loading class com/android/dx/cf/code/ConcreteMethod done
Event: 1.547 Thread 0x00000000173f7000 Thread added: 0x00000000173f7000
Event: 1.547 loading class com/android/dx/rop/code/DexTranslationAdvice
Event: 1.547 loading class com/android/dx/rop/code/DexTranslationAdvice done
Event: 1.548 loading class com/android/dx/cf/code/Ropper
Event: 1.548 loading class com/android/dx/cf/code/Ropper done


Dynamic libraries:
0x00007ff7c5620000 - 0x00007ff7c5657000 	C:\Program Files\Java\jdk1.8.0_60\bin\java.exe
0x00007ff81eea0000 - 0x00007ff81f061000 	C:\Windows\SYSTEM32\ntdll.dll
0x00007ff81ec80000 - 0x00007ff81ed2d000 	C:\Windows\system32\KERNEL32.DLL
0x00007ff81bd10000 - 0x00007ff81bef8000 	C:\Windows\system32\KERNELBASE.dll
0x00007ff81e0c0000 - 0x00007ff81e167000 	C:\Windows\system32\ADVAPI32.dll
0x00007ff81e830000 - 0x00007ff81e8cd000 	C:\Windows\system32\msvcrt.dll
0x00007ff81c5b0000 - 0x00007ff81c60b000 	C:\Windows\system32\sechost.dll
0x00007ff81db70000 - 0x00007ff81dc8c000 	C:\Windows\system32\RPCRT4.dll
0x00007ff81ed30000 - 0x00007ff81ee86000 	C:\Windows\system32\USER32.dll
0x00007ff81de60000 - 0x00007ff81dfe6000 	C:\Windows\system32\GDI32.dll
0x00007ff80ed20000 - 0x00007ff80ef94000 	C:\Windows\WinSxS\amd64_microsoft.windows.common-controls_6595b64144ccf1df_6.0.10586.494_none_a2d8b04ea53e3145\COMCTL32.dll
0x00007ff81e8d0000 - 0x00007ff81eb4d000 	C:\Windows\system32\combase.dll
0x00007ff81b5c0000 - 0x00007ff81b62a000 	C:\Windows\system32\bcryptPrimitives.dll
0x00007ff81c310000 - 0x00007ff81c34b000 	C:\Windows\system32\IMM32.DLL
0x000000005b9f0000 - 0x000000005bac2000 	C:\Program Files\Java\jdk1.8.0_60\jre\bin\msvcr100.dll
0x000000005bf90000 - 0x000000005c819000 	C:\Program Files\Java\jdk1.8.0_60\jre\bin\server\jvm.dll
0x00007ff81e320000 - 0x00007ff81e328000 	C:\Windows\system32\PSAPI.DLL
0x00007ffff3a80000 - 0x00007ffff3a89000 	C:\Windows\SYSTEM32\WSOCK32.dll
0x00007ff81e330000 - 0x00007ff81e39b000 	C:\Windows\system32\WS2_32.dll
0x00007ff819bf0000 - 0x00007ff819c13000 	C:\Windows\SYSTEM32\WINMM.dll
0x00007ff810030000 - 0x00007ff81003a000 	C:\Windows\SYSTEM32\VERSION.dll
0x00007ff819b60000 - 0x00007ff819b8c000 	C:\Windows\SYSTEM32\WINMMBASE.dll
0x00007ff81b570000 - 0x00007ff81b5b3000 	C:\Windows\system32\cfgmgr32.dll
0x000000005bea0000 - 0x000000005beaf000 	C:\Program Files\Java\jdk1.8.0_60\jre\bin\verify.dll
0x000000005be70000 - 0x000000005be99000 	C:\Program Files\Java\jdk1.8.0_60\jre\bin\java.dll
0x000000005be50000 - 0x000000005be66000 	C:\Program Files\Java\jdk1.8.0_60\jre\bin\zip.dll
0x00007ff81c610000 - 0x00007ff81db6c000 	C:\Windows\system32\SHELL32.dll
0x00007ff81b630000 - 0x00007ff81bc75000 	C:\Windows\system32\windows.storage.dll
0x00007ff81c2b0000 - 0x00007ff81c302000 	C:\Windows\system32\shlwapi.dll
0x00007ff81b530000 - 0x00007ff81b53f000 	C:\Windows\system32\kernel.appcore.dll
0x00007ff81bf00000 - 0x00007ff81bfb5000 	C:\Windows\system32\shcore.dll
0x00007ff81b4e0000 - 0x00007ff81b52b000 	C:\Windows\system32\powrprof.dll
0x00007ff81b4c0000 - 0x00007ff81b4d4000 	C:\Windows\system32\profapi.dll

VM Arguments:
jvm_args: -Djava.awt.headless=true -Xmx1024M -Dfile.encoding=windows-1252 -Duser.country=IN -Duser.language=en -Duser.variant 
java_command: com.android.dx.command.Main --dex --force-jumbo --num-threads=4 --multi-dex --output E:\work\HomeImage\app\build\intermediates\transforms\dex\debug\folders\1000\5\slice_4 E:\work\HomeImage\app\build\intermediates\transforms\instantRunSlicer\debug\folders\1\5\slice_4
java_class_path (initial): E:\Android\sdk\build-tools\24.0.2\lib\dx.jar
Launcher Type: SUN_STANDARD

Environment Variables:
PATH=C:\ProgramData\Oracle\Java\javapath;C:\Program Files (x86)\Intel\iCLS Client\;C:\Program Files\Intel\iCLS Client\;C:\Windows\system32;C:\Windows;C:\Windows\System32\Wbem;C:\Windows\System32\WindowsPowerShell\v1.0\;C:\Program Files (x86)\AMD\ATI.ACE\Core-Static;C:\Program Files\Intel\Intel(R) Management Engine Components\DAL;C:\Program Files\Intel\Intel(R) Management Engine Components\IPT;C:\Program Files (x86)\Intel\Intel(R) Management Engine Components\DAL;C:\Program Files (x86)\Intel\Intel(R) Management Engine Components\IPT;E:\Android\sdk\ndk-bundle;E:\Android\sdk\platform-tools;C:\Program Files (x86)\Skype\Phone\;C:\Program Files (x86)\Windows Live\Shared
USERNAME=Family
OS=Windows_NT
PROCESSOR_IDENTIFIER=Intel64 Family 6 Model 69 Stepping 1, GenuineIntel



---------------  S Y S T E M  ---------------

OS: Windows 10.0 , 64 bit Build 10586 (10.0.10586.0)

CPU:total 4 (2 cores per cpu, 2 threads per core) family 6 model 69 stepping 1, cmov, cx8, fxsr, mmx, sse, sse2, sse3, ssse3, sse4.1, sse4.2, popcnt, avx, avx2, aes, clmul, erms, lzcnt, ht, tsc, tscinvbit, bmi1, bmi2

Memory: 4k page, physical 4072408k(541060k free), swap 7498696k(5132k free)

vm_info: Java HotSpot(TM) 64-Bit Server VM (25.60-b23) for windows-amd64 JRE (1.8.0_60-b27), built on Aug  4 2015 11:06:27 by "java_re" with MS VC++ 10.0 (VS2010)

time: Thu Sep 08 14:28:36 2016
elapsed time: 1 seconds (0d 0h 0m 1s)

