#
# There is insufficient memory for the Java Runtime Environment to continue.
# Native memory allocation (malloc) failed to allocate 1048576 bytes for AllocateHeap
# Possible reasons:
#   The system is out of physical RAM or swap space
#   In 32 bit mode, the process size limit was hit
# Possible solutions:
#   Reduce memory load on the system
#   Increase physical memory or swap space
#   Check if swap backing store is full
#   Use 64 bit Java on a 64 bit OS
#   Decrease Java heap size (-Xmx/-Xms)
#   Decrease number of Java threads
#   Decrease Java thread stack sizes (-Xss)
#   Set larger code cache with -XX:ReservedCodeCacheSize=
# This output file may be truncated or incomplete.
#
#  Out of Memory Error (memory/allocation.inline.hpp:61), pid=10128, tid=7688
#
# JRE version:  (8.0_60-b27) (build )
# Java VM: Java HotSpot(TM) 64-Bit Server VM (25.60-b23 mixed mode windows-amd64 compressed oops)
# Failed to write core dump. Minidumps are not enabled by default on client versions of Windows
#

---------------  T H R E A D  ---------------

Current thread (0x0000000002d80800):  JavaThread "Unknown thread" [_thread_in_vm, id=7688, stack(0x0000000002c80000,0x0000000002d80000)]

Stack: [0x0000000002c80000,0x0000000002d80000]
[error occurred during error reporting (printing stack bounds), id 0xc0000005]

Native frames: (J=compiled Java code, j=interpreted, Vv=VM code, C=native code)


---------------  P R O C E S S  ---------------

Java Threads: ( => current thread )

Other Threads:

=>0x0000000002d80800 (exited) JavaThread "Unknown thread" [_thread_in_vm, id=7688, stack(0x0000000002c80000,0x0000000002d80000)]

VM state:not at safepoint (normal execution)

VM Mutex/Monitor currently owned by a thread: None

Heap:
 PSYoungGen      total 18944K, used 327K [0x00000000eab00000, 0x00000000ec000000, 0x0000000100000000)
  eden space 16384K, 2% used [0x00000000eab00000,0x00000000eab51ec8,0x00000000ebb00000)
  from space 2560K, 0% used [0x00000000ebd80000,0x00000000ebd80000,0x00000000ec000000)
  to   space 2560K, 0% used [0x00000000ebb00000,0x00000000ebb00000,0x00000000ebd80000)
 ParOldGen       total 44032K, used 0K [0x00000000c0000000, 0x00000000c2b00000, 0x00000000eab00000)
  object space 44032K, 0% used [0x00000000c0000000,0x00000000c0000000,0x00000000c2b00000)
 Metaspace       used 767K, capacity 4480K, committed 4480K, reserved 1056768K
  class space    used 75K, capacity 384K, committed 384K, reserved 1048576K

Card table byte_map: [0x0000000012240000,0x0000000012450000] byte_map_base: 0x0000000011c40000

Marking Bits: (ParMarkBitMap*) 0x0000000056f3a5b0
 Begin Bits: [0x00000000129b0000, 0x00000000139b0000)
 End Bits:   [0x00000000139b0000, 0x00000000149b0000)

Polling page: 0x00000000013c0000

CodeCache: size=245760Kb used=328Kb max_used=328Kb free=245431Kb
 bounds [0x0000000002e80000, 0x00000000030f0000, 0x0000000011e80000]
 total_blobs=57 nmethods=0 adapters=37
 compilation: enabled

Compilation events (0 events):
No events

GC Heap History (0 events):
No events

Deoptimization events (0 events):
No events

Internal exceptions (0 events):
No events

Events (10 events):
Event: 1.022 loading class java/lang/Short
Event: 1.022 loading class java/lang/Short done
Event: 1.022 loading class java/lang/Integer
Event: 1.022 loading class java/lang/Integer done
Event: 1.022 loading class java/lang/Long
Event: 1.022 loading class java/lang/Long done
Event: 1.023 loading class java/lang/NullPointerException
Event: 1.023 loading class java/lang/NullPointerException done
Event: 1.023 loading class java/lang/ArithmeticException
Event: 1.023 loading class java/lang/ArithmeticException done


Dynamic libraries:
0x00007ff7abe70000 - 0x00007ff7abea7000 	C:\Program Files\Java\jdk1.8.0_60\bin\java.exe
0x00007ffb5dad0000 - 0x00007ffb5dc91000 	C:\Windows\SYSTEM32\ntdll.dll
0x00007ffb5af30000 - 0x00007ffb5afdd000 	C:\Windows\system32\KERNEL32.DLL
0x00007ffb5abe0000 - 0x00007ffb5adc8000 	C:\Windows\system32\KERNELBASE.dll
0x00007ffb5b250000 - 0x00007ffb5b2f7000 	C:\Windows\system32\ADVAPI32.dll
0x00007ffb5b960000 - 0x00007ffb5b9fd000 	C:\Windows\system32\msvcrt.dll
0x00007ffb5aed0000 - 0x00007ffb5af2b000 	C:\Windows\system32\sechost.dll
0x00007ffb5ba00000 - 0x00007ffb5bb1c000 	C:\Windows\system32\RPCRT4.dll
0x00007ffb5b040000 - 0x00007ffb5b196000 	C:\Windows\system32\USER32.dll
0x00007ffb5b450000 - 0x00007ffb5b5d6000 	C:\Windows\system32\GDI32.dll
0x00007ffb4f9d0000 - 0x00007ffb4fc44000 	C:\Windows\WinSxS\amd64_microsoft.windows.common-controls_6595b64144ccf1df_6.0.10586.589_none_a2ddb3caa539acce\COMCTL32.dll
0x00007ffb5d7e0000 - 0x00007ffb5da5d000 	C:\Windows\system32\combase.dll
0x00007ffb5a180000 - 0x00007ffb5a1ea000 	C:\Windows\system32\bcryptPrimitives.dll
0x00007ffb5bb20000 - 0x00007ffb5bb5b000 	C:\Windows\system32\IMM32.DLL
0x00000000561d0000 - 0x00000000562a2000 	C:\Program Files\Java\jdk1.8.0_60\jre\bin\msvcr100.dll
0x0000000056730000 - 0x0000000056fb9000 	C:\Program Files\Java\jdk1.8.0_60\jre\bin\server\jvm.dll
0x00007ffb5d580000 - 0x00007ffb5d588000 	C:\Windows\system32\PSAPI.DLL
0x00007ffb49200000 - 0x00007ffb49209000 	C:\Windows\SYSTEM32\WSOCK32.dll
0x00007ffb5b5e0000 - 0x00007ffb5b64b000 	C:\Windows\system32\WS2_32.dll
0x00007ffb586f0000 - 0x00007ffb58713000 	C:\Windows\SYSTEM32\WINMM.dll
0x00007ffb4dee0000 - 0x00007ffb4deea000 	C:\Windows\SYSTEM32\VERSION.dll
0x00007ffb58690000 - 0x00007ffb586bc000 	C:\Windows\SYSTEM32\WINMMBASE.dll
0x00007ffb5add0000 - 0x00007ffb5ae13000 	C:\Windows\system32\cfgmgr32.dll
0x0000000056640000 - 0x000000005664f000 	C:\Program Files\Java\jdk1.8.0_60\jre\bin\verify.dll
0x0000000056610000 - 0x0000000056639000 	C:\Program Files\Java\jdk1.8.0_60\jre\bin\java.dll
0x00000000565f0000 - 0x0000000056606000 	C:\Program Files\Java\jdk1.8.0_60\jre\bin\zip.dll

VM Arguments:
jvm_args: -Djava.awt.headless=true -Xmx1024M -Dfile.encoding=windows-1252 -Duser.country=IN -Duser.language=en -Duser.variant 
java_command: com.android.dx.command.Main --dex --force-jumbo --num-threads=4 --multi-dex --output E:\work\HomeImage\app\build\intermediates\transforms\dex\debug\folders\1000\10\internal_impl-24.2.0_caf799c64cd254929e38639941e1fe8103f1bbdc E:\work\HomeImage\app\build\intermediates\exploded-aar\com.android.support\support-compat\24.2.0\jars\libs\internal_impl-24.2.0.jar
java_class_path (initial): E:\Android\sdk\build-tools\24.0.2\lib\dx.jar
Launcher Type: SUN_STANDARD

Environment Variables:
PATH=C:\ProgramData\Oracle\Java\javapath;C:\Program Files (x86)\Intel\iCLS Client\;C:\Program Files\Intel\iCLS Client\;C:\Windows\system32;C:\Windows;C:\Windows\System32\Wbem;C:\Windows\System32\WindowsPowerShell\v1.0\;C:\Program Files (x86)\AMD\ATI.ACE\Core-Static;C:\Program Files\Intel\Intel(R) Management Engine Components\DAL;C:\Program Files\Intel\Intel(R) Management Engine Components\IPT;C:\Program Files (x86)\Intel\Intel(R) Management Engine Components\DAL;C:\Program Files (x86)\Intel\Intel(R) Management Engine Components\IPT;E:\Android\sdk\ndk-bundle;E:\Android\sdk\platform-tools;C:\Program Files (x86)\Skype\Phone\;C:\Program Files (x86)\Windows Live\Shared
USERNAME=Family
OS=Windows_NT
PROCESSOR_IDENTIFIER=Intel64 Family 6 Model 69 Stepping 1, GenuineIntel



---------------  S Y S T E M  ---------------

OS: Windows 10.0 , 64 bit Build 10586 (10.0.10586.589)

CPU:total 4 (2 cores per cpu, 2 threads per core) family 6 model 69 stepping 1, cmov, cx8, fxsr, mmx, sse, sse2, sse3, ssse3, sse4.1, sse4.2, popcnt, avx, avx2, aes, clmul, erms, lzcnt, ht, tsc, tscinvbit, bmi1, bmi2

Memory: 4k page, physical 4072408k(371940k free), swap 5824072k(5436k free)

vm_info: Java HotSpot(TM) 64-Bit Server VM (25.60-b23) for windows-amd64 JRE (1.8.0_60-b27), built on Aug  4 2015 11:06:27 by "java_re" with MS VC++ 10.0 (VS2010)

time: Tue Sep 20 12:16:07 2016
elapsed time: 1 seconds (0d 0h 0m 1s)

