#
# There is insufficient memory for the Java Runtime Environment to continue.
# Native memory allocation (malloc) failed to allocate 129232 bytes for Chunk::new
# Possible reasons:
#   The system is out of physical RAM or swap space
#   In 32 bit mode, the process size limit was hit
# Possible solutions:
#   Reduce memory load on the system
#   Increase physical memory or swap space
#   Check if swap backing store is full
#   Use 64 bit Java on a 64 bit OS
#   Decrease Java heap size (-Xmx/-Xms)
#   Decrease number of Java threads
#   Decrease Java thread stack sizes (-Xss)
#   Set larger code cache with -XX:ReservedCodeCacheSize=
# This output file may be truncated or incomplete.
#
#  Out of Memory Error (allocation.cpp:390), pid=7812, tid=8852
#
# JRE version: Java(TM) SE Runtime Environment (8.0_60-b27) (build 1.8.0_60-b27)
# Java VM: Java HotSpot(TM) 64-Bit Server VM (25.60-b23 mixed mode windows-amd64 compressed oops)
# Failed to write core dump. Minidumps are not enabled by default on client versions of Windows
#

---------------  T H R E A D  ---------------

Current thread (0x0000000015869000):  JavaThread "C2 CompilerThread0" daemon [_thread_in_native, id=8852, stack(0x0000000016eb0000,0x0000000016fb0000)]

Stack: [0x0000000016eb0000,0x0000000016fb0000]
[error occurred during error reporting (printing stack bounds), id 0xc0000005]

Native frames: (J=compiled Java code, j=interpreted, Vv=VM code, C=native code)


Current CompileTask:
C2:   5064  923       4       com.android.dx.ssa.RegisterMapper::map (63 bytes)


---------------  P R O C E S S  ---------------

Java Threads: ( => current thread )
  0x0000000017426800 JavaThread "pool-2-thread-4" [_thread_in_Java, id=8888, stack(0x0000000017bb0000,0x0000000017cb0000)]
  0x0000000017425800 JavaThread "pool-2-thread-3" [_thread_blocked, id=7908, stack(0x0000000017ab0000,0x0000000017bb0000)]
  0x0000000017425000 JavaThread "pool-2-thread-2" [_thread_in_vm, id=3724, stack(0x00000000179b0000,0x0000000017ab0000)]
  0x0000000017422000 JavaThread "pool-3-thread-1" [_thread_blocked, id=1288, stack(0x00000000178b0000,0x00000000179b0000)]
  0x0000000017421800 JavaThread "pool-2-thread-1" [_thread_in_Java, id=6712, stack(0x00000000177b0000,0x00000000178b0000)]
  0x00000000171b5800 JavaThread "Service Thread" daemon [_thread_blocked, id=8008, stack(0x00000000175b0000,0x00000000176b0000)]
  0x00000000158cc000 JavaThread "C1 CompilerThread2" daemon [_thread_in_native, id=7520, stack(0x00000000170b0000,0x00000000171b0000)]
  0x00000000158ae000 JavaThread "C2 CompilerThread1" daemon [_thread_in_native, id=8848, stack(0x0000000016fb0000,0x00000000170b0000)]
=>0x0000000015869000 JavaThread "C2 CompilerThread0" daemon [_thread_in_native, id=8852, stack(0x0000000016eb0000,0x0000000016fb0000)]
  0x0000000015867800 JavaThread "Attach Listener" daemon [_thread_blocked, id=6824, stack(0x0000000016db0000,0x0000000016eb0000)]
  0x0000000015866000 JavaThread "Signal Dispatcher" daemon [_thread_blocked, id=1088, stack(0x0000000016cb0000,0x0000000016db0000)]
  0x0000000003130800 JavaThread "Finalizer" daemon [_thread_blocked, id=5568, stack(0x0000000016ad0000,0x0000000016bd0000)]
  0x000000000312d000 JavaThread "Reference Handler" daemon [_thread_blocked, id=1304, stack(0x00000000169d0000,0x0000000016ad0000)]
  0x0000000003040800 JavaThread "main" [_thread_blocked, id=7312, stack(0x0000000002f10000,0x0000000003010000)]

Other Threads:
  0x0000000015838000 VMThread [stack: 0x00000000168d0000,0x00000000169d0000] [id=7784]
  0x00000000171da000 WatcherThread [stack: 0x00000000176b0000,0x00000000177b0000] [id=8028]

VM state:at safepoint (normal execution)

VM Mutex/Monitor currently owned by a thread:  ([mutex/lock_event])
[0x000000000319beb0] Threads_lock - owner thread: 0x0000000015838000
[0x000000000319cb30] Heap_lock - owner thread: 0x0000000017425800

Heap:
 PSYoungGen      total 18944K, used 18935K [0x00000000eab00000, 0x00000000ec000000, 0x0000000100000000)
  eden space 16384K, 100% used [0x00000000eab00000,0x00000000ebb00000,0x00000000ebb00000)
  from space 2560K, 99% used [0x00000000ebb00000,0x00000000ebd7deb8,0x00000000ebd80000)
  to   space 2560K, 3% used [0x00000000ebd80000,0x00000000ebd98000,0x00000000ec000000)
 ParOldGen       total 44032K, used 5656K [0x00000000c0000000, 0x00000000c2b00000, 0x00000000eab00000)
  object space 44032K, 12% used [0x00000000c0000000,0x00000000c05861a0,0x00000000c2b00000)
 Metaspace       used 5919K, capacity 6832K, committed 7040K, reserved 1056768K
  class space    used 603K, capacity 616K, committed 640K, reserved 1048576K

Card table byte_map: [0x0000000012560000,0x0000000012770000] byte_map_base: 0x0000000011f60000

Marking Bits: (ParMarkBitMap*) 0x000000005c79a5b0
 Begin Bits: [0x0000000012cd0000, 0x0000000013cd0000)
 End Bits:   [0x0000000013cd0000, 0x0000000014cd0000)

Polling page: 0x0000000001350000

CodeCache: size=245760Kb used=3365Kb max_used=3388Kb free=242394Kb
 bounds [0x00000000031a0000, 0x0000000003500000, 0x00000000121a0000]
 total_blobs=1165 nmethods=896 adapters=182
 compilation: enabled

Compilation events (10 events):
Event: 4.672 Thread 0x00000000158cc000 nmethod 912 0x00000000034e6750 code [0x00000000034e6940, 0x00000000034e7408]
Event: 4.672 Thread 0x00000000158cc000  908       3       com.android.dx.cf.code.RopperMachine::getSources (264 bytes)
Event: 4.673 Thread 0x0000000015869000 nmethod 894 0x00000000034e9710 code [0x00000000034e9880, 0x00000000034e9f38]
Event: 4.673 Thread 0x0000000015869000  915       4       java.util.Collections$UnmodifiableCollection$1::hasNext (10 bytes)
Event: 4.674 Thread 0x0000000015869000 nmethod 915 0x00000000034d0090 code [0x00000000034d01e0, 0x00000000034d02b8]
Event: 4.674 Thread 0x0000000015869000  919       4       com.android.dx.ssa.DeadCodeRemover$NoSideEffectVisitor::visitNonMoveInsn (28 bytes)
Event: 4.677 Thread 0x00000000158cc000 nmethod 908 0x00000000034ea6d0 code [0x00000000034eace0, 0x00000000034ef678]
Event: 4.677 Thread 0x00000000158cc000  911   !   3       com.android.dx.cf.code.RopperMachine::run (1550 bytes)
Event: 4.681 Thread 0x0000000015869000 nmethod 919 0x00000000034f2c90 code [0x00000000034f2e00, 0x00000000034f3108]
Event: 4.681 Thread 0x0000000015869000  923       4       com.android.dx.ssa.RegisterMapper::map (63 bytes)

GC Heap History (2 events):
Event: 4.372 GC heap before
{Heap before GC invocations=1 (full 0):
 PSYoungGen      total 18944K, used 16384K [0x00000000eab00000, 0x00000000ec000000, 0x0000000100000000)
  eden space 16384K, 100% used [0x00000000eab00000,0x00000000ebb00000,0x00000000ebb00000)
  from space 2560K, 0% used [0x00000000ebd80000,0x00000000ebd80000,0x00000000ec000000)
  to   space 2560K, 0% used [0x00000000ebb00000,0x00000000ebb00000,0x00000000ebd80000)
 ParOldGen       total 44032K, used 0K [0x00000000c0000000, 0x00000000c2b00000, 0x00000000eab00000)
  object space 44032K, 0% used [0x00000000c0000000,0x00000000c0000000,0x00000000c2b00000)
 Metaspace       used 5473K, capacity 6448K, committed 6528K, reserved 1056768K
  class space    used 599K, capacity 616K, committed 640K, reserved 1048576K
Event: 4.407 GC heap after
Heap after GC invocations=1 (full 0):
 PSYoungGen      total 18944K, used 2552K [0x00000000eab00000, 0x00000000ec000000, 0x0000000100000000)
  eden space 16384K, 0% used [0x00000000eab00000,0x00000000eab00000,0x00000000ebb00000)
  from space 2560K, 99% used [0x00000000ebb00000,0x00000000ebd7e088,0x00000000ebd80000)
  to   space 2560K, 0% used [0x00000000ebd80000,0x00000000ebd80000,0x00000000ec000000)
 ParOldGen       total 44032K, used 843K [0x00000000c0000000, 0x00000000c2b00000, 0x00000000eab00000)
  object space 44032K, 1% used [0x00000000c0000000,0x00000000c00d2d08,0x00000000c2b00000)
 Metaspace       used 5473K, capacity 6448K, committed 6528K, reserved 1056768K
  class space    used 599K, capacity 616K, committed 640K, reserved 1048576K
}

Deoptimization events (5 events):
Event: 0.646 Thread 0x0000000003040800 Uncommon trap: reason=unstable_if action=reinterpret pc=0x00000000032f60d4 method=java.lang.String.compareTo(Ljava/lang/String;)I @ 38
Event: 4.465 Thread 0x0000000017425000 Uncommon trap: reason=unstable_if action=reinterpret pc=0x00000000033e2a70 method=java.util.HashMap.getNode(ILjava/lang/Object;)Ljava/util/HashMap$Node; @ 129
Event: 4.624 Thread 0x0000000003040800 Uncommon trap: reason=unstable_if action=reinterpret pc=0x000000000349ac64 method=com.android.dx.rop.code.LocalItem.hashCode()I @ 25
Event: 4.624 Thread 0x0000000003040800 Uncommon trap: reason=unstable_if action=reinterpret pc=0x0000000003483170 method=com.android.dx.rop.code.LocalItem.hashCode()I @ 25
Event: 4.626 Thread 0x0000000003040800 Uncommon trap: reason=unstable_if action=reinterpret pc=0x000000000344ba9c method=com.android.dx.rop.code.LocalItem.hashCode()I @ 25

Internal exceptions (2 events):
Event: 0.072 Thread 0x0000000003040800 Exception <a 'java/lang/NoSuchMethodError': Method sun.misc.Unsafe.defineClass(Ljava/lang/String;[BII)Ljava/lang/Class; name or signature does not match> (0x00000000eab0d5d0) thrown at [C:\re\workspace\8-2-build-windows-amd64-cygwin\jdk8u60\4407\hotspot\srFªH
|²?
Event: 0.072 Thread 0x0000000003040800 Exception <a 'java/lang/NoSuchMethodError': Method sun.misc.Unsafe.prefetchRead(Ljava/lang/Object;J)V name or signature does not match> (0x00000000eab0d8b8) thrown at [C:\re\workspace\8-2-build-windows-amd64-cygwin\jdk8u60\4407\hotspot\src\share\vm\prims\j

Events (10 events):
Event: 4.624 Thread 0x0000000003040800 Uncommon trap: trap_request=0xffffff65 fr.pc=0x0000000003483170
Event: 4.624 Thread 0x0000000003040800 DEOPT PACKING pc=0x0000000003483170 sp=0x000000000300e570
Event: 4.624 Thread 0x0000000003040800 DEOPT UNPACKING pc=0x00000000031e582a sp=0x000000000300e330 mode 2
Event: 4.626 Thread 0x0000000003040800 Uncommon trap: trap_request=0xffffff65 fr.pc=0x000000000344ba9c
Event: 4.626 Thread 0x0000000003040800 DEOPT PACKING pc=0x000000000344ba9c sp=0x000000000300e120
Event: 4.626 Thread 0x0000000003040800 DEOPT UNPACKING pc=0x00000000031e582a sp=0x000000000300e070 mode 2
Event: 4.632 loading class com/android/dx/cf/code/SwitchList
Event: 4.632 loading class com/android/dx/cf/code/SwitchList done
Event: 4.660 Executing VM operation: ForceSafepoint
Event: 4.663 Executing VM operation: ForceSafepoint done


Dynamic libraries:
0x00007ff7c5620000 - 0x00007ff7c5657000 	C:\Program Files\Java\jdk1.8.0_60\bin\java.exe
0x00007ff81eea0000 - 0x00007ff81f061000 	C:\Windows\SYSTEM32\ntdll.dll
0x00007ff81ec80000 - 0x00007ff81ed2d000 	C:\Windows\system32\KERNEL32.DLL
0x00007ff81bd10000 - 0x00007ff81bef8000 	C:\Windows\system32\KERNELBASE.dll
0x00007ff81e0c0000 - 0x00007ff81e167000 	C:\Windows\system32\ADVAPI32.dll
0x00007ff81e830000 - 0x00007ff81e8cd000 	C:\Windows\system32\msvcrt.dll
0x00007ff81c5b0000 - 0x00007ff81c60b000 	C:\Windows\system32\sechost.dll
0x00007ff81db70000 - 0x00007ff81dc8c000 	C:\Windows\system32\RPCRT4.dll
0x00007ff81ed30000 - 0x00007ff81ee86000 	C:\Windows\system32\USER32.dll
0x00007ff81de60000 - 0x00007ff81dfe6000 	C:\Windows\system32\GDI32.dll
0x00007ff80ed20000 - 0x00007ff80ef94000 	C:\Windows\WinSxS\amd64_microsoft.windows.common-controls_6595b64144ccf1df_6.0.10586.494_none_a2d8b04ea53e3145\COMCTL32.dll
0x00007ff81e8d0000 - 0x00007ff81eb4d000 	C:\Windows\system32\combase.dll
0x00007ff81b5c0000 - 0x00007ff81b62a000 	C:\Windows\system32\bcryptPrimitives.dll
0x00007ff81c310000 - 0x00007ff81c34b000 	C:\Windows\system32\IMM32.DLL
0x000000005b9f0000 - 0x000000005bac2000 	C:\Program Files\Java\jdk1.8.0_60\jre\bin\msvcr100.dll
0x000000005bf90000 - 0x000000005c819000 	C:\Program Files\Java\jdk1.8.0_60\jre\bin\server\jvm.dll
0x00007ff81e320000 - 0x00007ff81e328000 	C:\Windows\system32\PSAPI.DLL
0x00007ffff3a80000 - 0x00007ffff3a89000 	C:\Windows\SYSTEM32\WSOCK32.dll
0x00007ff81e330000 - 0x00007ff81e39b000 	C:\Windows\system32\WS2_32.dll
0x00007ff819bf0000 - 0x00007ff819c13000 	C:\Windows\SYSTEM32\WINMM.dll
0x00007ff810030000 - 0x00007ff81003a000 	C:\Windows\SYSTEM32\VERSION.dll
0x00007ff819b60000 - 0x00007ff819b8c000 	C:\Windows\SYSTEM32\WINMMBASE.dll
0x00007ff81b570000 - 0x00007ff81b5b3000 	C:\Windows\system32\cfgmgr32.dll
0x000000005bea0000 - 0x000000005beaf000 	C:\Program Files\Java\jdk1.8.0_60\jre\bin\verify.dll
0x000000005be70000 - 0x000000005be99000 	C:\Program Files\Java\jdk1.8.0_60\jre\bin\java.dll
0x000000005be50000 - 0x000000005be66000 	C:\Program Files\Java\jdk1.8.0_60\jre\bin\zip.dll
0x00007ff81c610000 - 0x00007ff81db6c000 	C:\Windows\system32\SHELL32.dll
0x00007ff81b630000 - 0x00007ff81bc75000 	C:\Windows\system32\windows.storage.dll
0x00007ff81c2b0000 - 0x00007ff81c302000 	C:\Windows\system32\shlwapi.dll
0x00007ff81b530000 - 0x00007ff81b53f000 	C:\Windows\system32\kernel.appcore.dll
0x00007ff81bf00000 - 0x00007ff81bfb5000 	C:\Windows\system32\shcore.dll
0x00007ff81b4e0000 - 0x00007ff81b52b000 	C:\Windows\system32\powrprof.dll
0x00007ff81b4c0000 - 0x00007ff81b4d4000 	C:\Windows\system32\profapi.dll

VM Arguments:
jvm_args: -Djava.awt.headless=true -Xmx1024M -Dfile.encoding=windows-1252 -Duser.country=IN -Duser.language=en -Duser.variant 
java_command: com.android.dx.command.Main --dex --force-jumbo --num-threads=4 --multi-dex --output E:\work\HomeImage\app\build\intermediates\transforms\dex\debug\folders\1000\10\com.android.support-appcompat-v7-24.2.0_e51b471ec83b925a41ff16ec6fe20b51144dcee9 E:\work\HomeImage\app\build\intermediates\exploded-aar\com.android.support\appcompat-v7\24.2.0\jars\classes.jar
java_class_path (initial): E:\Android\sdk\build-tools\24.0.2\lib\dx.jar
Launcher Type: SUN_STANDARD

Environment Variables:
PATH=C:\ProgramData\Oracle\Java\javapath;C:\Program Files (x86)\Intel\iCLS Client\;C:\Program Files\Intel\iCLS Client\;C:\Windows\system32;C:\Windows;C:\Windows\System32\Wbem;C:\Windows\System32\WindowsPowerShell\v1.0\;C:\Program Files (x86)\AMD\ATI.ACE\Core-Static;C:\Program Files\Intel\Intel(R) Management Engine Components\DAL;C:\Program Files\Intel\Intel(R) Management Engine Components\IPT;C:\Program Files (x86)\Intel\Intel(R) Management Engine Components\DAL;C:\Program Files (x86)\Intel\Intel(R) Management Engine Components\IPT;E:\Android\sdk\ndk-bundle;E:\Android\sdk\platform-tools;C:\Program Files (x86)\Skype\Phone\;C:\Program Files (x86)\Windows Live\Shared
USERNAME=Family
OS=Windows_NT
PROCESSOR_IDENTIFIER=Intel64 Family 6 Model 69 Stepping 1, GenuineIntel



---------------  S Y S T E M  ---------------

OS: Windows 10.0 , 64 bit Build 10586 (10.0.10586.0)

CPU:total 4 (2 cores per cpu, 2 threads per core) family 6 model 69 stepping 1, cmov, cx8, fxsr, mmx, sse, sse2, sse3, ssse3, sse4.1, sse4.2, popcnt, avx, avx2, aes, clmul, erms, lzcnt, ht, tsc, tscinvbit, bmi1, bmi2

Memory: 4k page, physical 4072408k(385280k free), swap 7498696k(2644k free)

vm_info: Java HotSpot(TM) 64-Bit Server VM (25.60-b23) for windows-amd64 JRE (1.8.0_60-b27), built on Aug  4 2015 11:06:27 by "java_re" with MS VC++ 10.0 (VS2010)

time: Thu Sep 08 14:29:08 2016
elapsed time: 5 seconds (0d 0h 0m 5s)

