#
# There is insufficient memory for the Java Runtime Environment to continue.
# Native memory allocation (malloc) failed to allocate 36768 bytes for Chunk::new
# Possible reasons:
#   The system is out of physical RAM or swap space
#   In 32 bit mode, the process size limit was hit
# Possible solutions:
#   Reduce memory load on the system
#   Increase physical memory or swap space
#   Check if swap backing store is full
#   Use 64 bit Java on a 64 bit OS
#   Decrease Java heap size (-Xmx/-Xms)
#   Decrease number of Java threads
#   Decrease Java thread stack sizes (-Xss)
#   Set larger code cache with -XX:ReservedCodeCacheSize=
# This output file may be truncated or incomplete.
#
#  Out of Memory Error (allocation.cpp:390), pid=9044, tid=8164
#
# JRE version: Java(TM) SE Runtime Environment (8.0_60-b27) (build 1.8.0_60-b27)
# Java VM: Java HotSpot(TM) 64-Bit Server VM (25.60-b23 mixed mode windows-amd64 compressed oops)
# Failed to write core dump. Minidumps are not enabled by default on client versions of Windows
#

---------------  T H R E A D  ---------------

Current thread (0x0000000002ab1000):  JavaThread "main" [_thread_in_native, id=8164, stack(0x0000000002770000,0x0000000002870000)]

Stack: [0x0000000002770000,0x0000000002870000]
[error occurred during error reporting (printing stack bounds), id 0xc0000005]

Native frames: (J=compiled Java code, j=interpreted, Vv=VM code, C=native code)

Java frames: (J=compiled Java code, j=interpreted, Vv=VM code)
j  java.lang.String.replace(Ljava/lang/CharSequence;Ljava/lang/CharSequence;)Ljava/lang/String;+8
j  com.android.dx.cf.direct.ClassPathOpener.compareClassNames(Ljava/lang/String;Ljava/lang/String;)I+23
j  com.android.dx.cf.direct.ClassPathOpener.access$000(Ljava/lang/String;Ljava/lang/String;)I+2
j  com.android.dx.cf.direct.ClassPathOpener$3.compare(Ljava/util/zip/ZipEntry;Ljava/util/zip/ZipEntry;)I+8
j  com.android.dx.cf.direct.ClassPathOpener$3.compare(Ljava/lang/Object;Ljava/lang/Object;)I+9
j  java.util.TimSort.countRunAndMakeAscending([Ljava/lang/Object;IILjava/util/Comparator;)I+43
j  java.util.TimSort.sort([Ljava/lang/Object;IILjava/util/Comparator;[Ljava/lang/Object;II)V+60
j  java.util.Arrays.sort([Ljava/lang/Object;IILjava/util/Comparator;)V+43
j  java.util.ArrayList.sort(Ljava/util/Comparator;)V+18
j  java.util.Collections.sort(Ljava/util/List;Ljava/util/Comparator;)V+2
j  com.android.dx.cf.direct.ClassPathOpener.processArchive(Ljava/io/File;)Z+33
j  com.android.dx.cf.direct.ClassPathOpener.processOne(Ljava/io/File;Z)Z+48
j  com.android.dx.cf.direct.ClassPathOpener.process()Z+15
j  com.android.dx.command.dexer.Main.processOne(Ljava/lang/String;Lcom/android/dx/cf/direct/ClassPathOpener$FileNameFilter;)V+20
j  com.android.dx.command.dexer.Main.processAllFiles()Z+272
j  com.android.dx.command.dexer.Main.runMultiDex()I+66
j  com.android.dx.command.dexer.Main.run(Lcom/android/dx/command/dexer/Main$Arguments;)I+66
j  com.android.dx.command.dexer.Main.main([Ljava/lang/String;)V+14
j  com.android.dx.command.Main.main([Ljava/lang/String;)V+61
v  ~StubRoutines::call_stub

---------------  P R O C E S S  ---------------

Java Threads: ( => current thread )
  0x0000000016bb2800 JavaThread "Service Thread" daemon [_thread_blocked, id=2124, stack(0x0000000016fb0000,0x00000000170b0000)]
  0x00000000152dc000 JavaThread "C1 CompilerThread2" daemon [_thread_blocked, id=3220, stack(0x0000000016ab0000,0x0000000016bb0000)]
  0x0000000015280000 JavaThread "C2 CompilerThread1" daemon [_thread_blocked, id=8804, stack(0x00000000169b0000,0x0000000016ab0000)]
  0x000000001527a000 JavaThread "C2 CompilerThread0" daemon [_thread_blocked, id=7084, stack(0x00000000168b0000,0x00000000169b0000)]
  0x0000000015278800 JavaThread "Attach Listener" daemon [_thread_blocked, id=5396, stack(0x00000000167b0000,0x00000000168b0000)]
  0x0000000015277000 JavaThread "Signal Dispatcher" daemon [_thread_blocked, id=7984, stack(0x00000000166b0000,0x00000000167b0000)]
  0x0000000002ba2000 JavaThread "Finalizer" daemon [_thread_blocked, id=8640, stack(0x00000000164d0000,0x00000000165d0000)]
  0x0000000015249000 JavaThread "Reference Handler" daemon [_thread_blocked, id=9168, stack(0x00000000163d0000,0x00000000164d0000)]
=>0x0000000002ab1000 JavaThread "main" [_thread_in_native, id=8164, stack(0x0000000002770000,0x0000000002870000)]

Other Threads:
  0x0000000002b9d000 VMThread [stack: 0x00000000162d0000,0x00000000163d0000] [id=2016]
  0x0000000016bcd000 WatcherThread [stack: 0x00000000170b0000,0x00000000171b0000] [id=5668]

VM state:not at safepoint (normal execution)

VM Mutex/Monitor currently owned by a thread: None

Heap:
 PSYoungGen      total 18944K, used 1983K [0x00000000eab00000, 0x00000000ec000000, 0x0000000100000000)
  eden space 16384K, 12% used [0x00000000eab00000,0x00000000eaceff18,0x00000000ebb00000)
  from space 2560K, 0% used [0x00000000ebd80000,0x00000000ebd80000,0x00000000ec000000)
  to   space 2560K, 0% used [0x00000000ebb00000,0x00000000ebb00000,0x00000000ebd80000)
 ParOldGen       total 44032K, used 0K [0x00000000c0000000, 0x00000000c2b00000, 0x00000000eab00000)
  object space 44032K, 0% used [0x00000000c0000000,0x00000000c0000000,0x00000000c2b00000)
 Metaspace       used 3257K, capacity 4720K, committed 4864K, reserved 1056768K
  class space    used 363K, capacity 424K, committed 512K, reserved 1048576K

Card table byte_map: [0x0000000011f70000,0x0000000012180000] byte_map_base: 0x0000000011970000

Marking Bits: (ParMarkBitMap*) 0x00000000626ba5b0
 Begin Bits: [0x00000000126e0000, 0x00000000136e0000)
 End Bits:   [0x00000000136e0000, 0x00000000146e0000)

Polling page: 0x0000000000e20000

CodeCache: size=245760Kb used=1208Kb max_used=1208Kb free=244551Kb
 bounds [0x0000000002bb0000, 0x0000000002e20000, 0x0000000011bb0000]
 total_blobs=324 nmethods=81 adapters=156
 compilation: enabled

Compilation events (10 events):
Event: 0.622 Thread 0x00000000152dc000   76       3       java.util.concurrent.ConcurrentHashMap::casTabAt (20 bytes)
Event: 0.622 Thread 0x00000000152dc000 nmethod 76 0x0000000002cdc050 code [0x0000000002cdc1a0, 0x0000000002cdc310]
Event: 0.631 Thread 0x00000000152dc000   78       3       java.nio.Buffer::checkIndex (22 bytes)
Event: 0.631 Thread 0x00000000152dc000 nmethod 78 0x0000000002cdc950 code [0x0000000002cdcac0, 0x0000000002cdcd08]
Event: 0.631 Thread 0x00000000152dc000   79       3       java.nio.DirectLongBufferU::ix (10 bytes)
Event: 0.631 Thread 0x00000000152dc000 nmethod 79 0x0000000002cdcdd0 code [0x0000000002cdcf20, 0x0000000002cdd090]
Event: 0.632 Thread 0x00000000152dc000   80       3       java.lang.StringBuilder::toString (17 bytes)
Event: 0.633 Thread 0x00000000152dc000 nmethod 80 0x0000000002cdd110 code [0x0000000002cdd280, 0x0000000002cdd488]
Event: 0.633 Thread 0x00000000152dc000   81       3       java.lang.StringBuilder::<init> (7 bytes)
Event: 0.633 Thread 0x00000000152dc000 nmethod 81 0x0000000002cdd550 code [0x0000000002cdd6c0, 0x0000000002cdd970]

GC Heap History (0 events):
No events

Deoptimization events (0 events):
No events

Internal exceptions (2 events):
Event: 0.145 Thread 0x0000000002ab1000 Exception <a 'java/lang/NoSuchMethodError': Method sun.misc.Unsafe.defineClass(Ljava/lang/String;[BII)Ljava/lang/Class; name or signature does not match> (0x00000000eab0d5e0) thrown at [C:\re\workspace\8-2-build-windows-amd64-cygwin\jdk8u60\4407\hotspot\sr€rTù{Ü¬?
Event: 0.145 Thread 0x0000000002ab1000 Exception <a 'java/lang/NoSuchMethodError': Method sun.misc.Unsafe.prefetchRead(Ljava/lang/Object;J)V name or signature does not match> (0x00000000eab0d8c8) thrown at [C:\re\workspace\8-2-build-windows-amd64-cygwin\jdk8u60\4407\hotspot\src\share\vm\prims\j

Events (10 events):
Event: 0.627 loading class com/android/dx/cf/direct/ClassPathOpener$1 done
Event: 0.629 loading class com/android/dx/command/dexer/Main$FileBytesConsumer
Event: 0.629 loading class com/android/dx/command/dexer/Main$FileBytesConsumer done
Event: 0.631 loading class java/util/zip/ZipFile$ZipEntryIterator
Event: 0.632 loading class java/util/zip/ZipFile$ZipEntryIterator done
Event: 0.632 loading class com/android/dx/cf/direct/ClassPathOpener$3
Event: 0.632 loading class com/android/dx/cf/direct/ClassPathOpener$3 done
Event: 0.636 loading class java/util/TimSort
Event: 0.636 loading class java/util/TimSort done
Event: 0.637 loading class java/util/regex/Pattern


Dynamic libraries:
0x00007ff67a4e0000 - 0x00007ff67a517000 	C:\Program Files\Java\jdk1.8.0_60\bin\java.exe
0x00007ffc7f0e0000 - 0x00007ffc7f2a1000 	C:\Windows\SYSTEM32\ntdll.dll
0x00007ffc7e590000 - 0x00007ffc7e63d000 	C:\Windows\system32\KERNEL32.DLL
0x00007ffc7b810000 - 0x00007ffc7b9f8000 	C:\Windows\system32\KERNELBASE.dll
0x00007ffc7e870000 - 0x00007ffc7e917000 	C:\Windows\system32\ADVAPI32.dll
0x00007ffc7ed60000 - 0x00007ffc7edfd000 	C:\Windows\system32\msvcrt.dll
0x00007ffc7ec90000 - 0x00007ffc7eceb000 	C:\Windows\system32\sechost.dll
0x00007ffc7c5b0000 - 0x00007ffc7c6cc000 	C:\Windows\system32\RPCRT4.dll
0x00007ffc7e920000 - 0x00007ffc7ea76000 	C:\Windows\system32\USER32.dll
0x00007ffc7c6e0000 - 0x00007ffc7c866000 	C:\Windows\system32\GDI32.dll
0x00007ffc6fce0000 - 0x00007ffc6ff54000 	C:\Windows\WinSxS\amd64_microsoft.windows.common-controls_6595b64144ccf1df_6.0.10586.589_none_a2ddb3caa539acce\COMCTL32.dll
0x00007ffc7e310000 - 0x00007ffc7e58d000 	C:\Windows\system32\combase.dll
0x00007ffc7ba00000 - 0x00007ffc7ba6a000 	C:\Windows\system32\bcryptPrimitives.dll
0x00007ffc7ef60000 - 0x00007ffc7ef9b000 	C:\Windows\system32\IMM32.DLL
0x0000000061950000 - 0x0000000061a22000 	C:\Program Files\Java\jdk1.8.0_60\jre\bin\msvcr100.dll
0x0000000061eb0000 - 0x0000000062739000 	C:\Program Files\Java\jdk1.8.0_60\jre\bin\server\jvm.dll
0x00007ffc7ee00000 - 0x00007ffc7ee08000 	C:\Windows\system32\PSAPI.DLL
0x00007ffc6bdd0000 - 0x00007ffc6bdd9000 	C:\Windows\SYSTEM32\WSOCK32.dll
0x00007ffc7e6a0000 - 0x00007ffc7e70b000 	C:\Windows\system32\WS2_32.dll
0x00007ffc79e00000 - 0x00007ffc79e23000 	C:\Windows\SYSTEM32\WINMM.dll
0x00007ffc6f100000 - 0x00007ffc6f10a000 	C:\Windows\SYSTEM32\VERSION.dll
0x00007ffc79cc0000 - 0x00007ffc79cec000 	C:\Windows\SYSTEM32\WINMMBASE.dll
0x00007ffc7ba70000 - 0x00007ffc7bab3000 	C:\Windows\system32\cfgmgr32.dll
0x0000000061dc0000 - 0x0000000061dcf000 	C:\Program Files\Java\jdk1.8.0_60\jre\bin\verify.dll
0x0000000061d90000 - 0x0000000061db9000 	C:\Program Files\Java\jdk1.8.0_60\jre\bin\java.dll
0x0000000061d70000 - 0x0000000061d86000 	C:\Program Files\Java\jdk1.8.0_60\jre\bin\zip.dll
0x00007ffc7c870000 - 0x00007ffc7ddcc000 	C:\Windows\system32\SHELL32.dll
0x00007ffc7bac0000 - 0x00007ffc7c105000 	C:\Windows\system32\windows.storage.dll
0x00007ffc7e200000 - 0x00007ffc7e252000 	C:\Windows\system32\shlwapi.dll
0x00007ffc7b700000 - 0x00007ffc7b70f000 	C:\Windows\system32\kernel.appcore.dll
0x00007ffc7c1c0000 - 0x00007ffc7c275000 	C:\Windows\system32\shcore.dll
0x00007ffc7b730000 - 0x00007ffc7b77b000 	C:\Windows\system32\powrprof.dll
0x00007ffc7b710000 - 0x00007ffc7b724000 	C:\Windows\system32\profapi.dll

VM Arguments:
jvm_args: -Djava.awt.headless=true -Xmx1024M -Dfile.encoding=windows-1252 -Duser.country=IN -Duser.language=en -Duser.variant 
java_command: com.android.dx.command.Main --dex --force-jumbo --num-threads=4 --multi-dex --output E:\work\HomeImage\app\build\intermediates\transforms\dex\debug\folders\1000\10\internal_impl-24.2.0_cbfbc7b2f6aa66556d7bfd066182c73057815db5 E:\work\HomeImage\app\build\intermediates\exploded-aar\com.android.support\support-core-utils\24.2.0\jars\libs\internal_impl-24.2.0.jar
java_class_path (initial): E:\Android\sdk\build-tools\24.0.2\lib\dx.jar
Launcher Type: SUN_STANDARD

Environment Variables:
PATH=C:\ProgramData\Oracle\Java\javapath;C:\Program Files (x86)\Intel\iCLS Client\;C:\Program Files\Intel\iCLS Client\;C:\Windows\system32;C:\Windows;C:\Windows\System32\Wbem;C:\Windows\System32\WindowsPowerShell\v1.0\;C:\Program Files (x86)\AMD\ATI.ACE\Core-Static;C:\Program Files\Intel\Intel(R) Management Engine Components\DAL;C:\Program Files\Intel\Intel(R) Management Engine Components\IPT;C:\Program Files (x86)\Intel\Intel(R) Management Engine Components\DAL;C:\Program Files (x86)\Intel\Intel(R) Management Engine Components\IPT;E:\Android\sdk\ndk-bundle;E:\Android\sdk\platform-tools;C:\Program Files (x86)\Skype\Phone\;C:\Program Files (x86)\Windows Live\Shared
USERNAME=Family
OS=Windows_NT
PROCESSOR_IDENTIFIER=Intel64 Family 6 Model 69 Stepping 1, GenuineIntel



---------------  S Y S T E M  ---------------

OS: Windows 10.0 , 64 bit Build 10586 (10.0.10586.589)

CPU:total 4 (2 cores per cpu, 2 threads per core) family 6 model 69 stepping 1, cmov, cx8, fxsr, mmx, sse, sse2, sse3, ssse3, sse4.1, sse4.2, popcnt, avx, avx2, aes, clmul, erms, lzcnt, ht, tsc, tscinvbit, bmi1, bmi2

Memory: 4k page, physical 4072408k(336996k free), swap 5755872k(732k free)

vm_info: Java HotSpot(TM) 64-Bit Server VM (25.60-b23) for windows-amd64 JRE (1.8.0_60-b27), built on Aug  4 2015 11:06:27 by "java_re" with MS VC++ 10.0 (VS2010)

time: Tue Sep 20 15:01:15 2016
elapsed time: 0 seconds (0d 0h 0m 0s)

