#
# There is insufficient memory for the Java Runtime Environment to continue.
# Native memory allocation (malloc) failed to allocate 565296 bytes for Chunk::new
# Possible reasons:
#   The system is out of physical RAM or swap space
#   In 32 bit mode, the process size limit was hit
# Possible solutions:
#   Reduce memory load on the system
#   Increase physical memory or swap space
#   Check if swap backing store is full
#   Use 64 bit Java on a 64 bit OS
#   Decrease Java heap size (-Xmx/-Xms)
#   Decrease number of Java threads
#   Decrease Java thread stack sizes (-Xss)
#   Set larger code cache with -XX:ReservedCodeCacheSize=
# This output file may be truncated or incomplete.
#
#  Out of Memory Error (allocation.cpp:390), pid=7248, tid=8172
#
# JRE version: Java(TM) SE Runtime Environment (8.0_60-b27) (build 1.8.0_60-b27)
# Java VM: Java HotSpot(TM) 64-Bit Server VM (25.60-b23 mixed mode windows-amd64 compressed oops)
# Failed to write core dump. Minidumps are not enabled by default on client versions of Windows
#

---------------  T H R E A D  ---------------

Current thread (0x0000000015210000):  JavaThread "C2 CompilerThread1" daemon [_thread_in_native, id=8172, stack(0x0000000016970000,0x0000000016a70000)]

Stack: [0x0000000016970000,0x0000000016a70000]
[error occurred during error reporting (printing stack bounds), id 0xc0000005]

Native frames: (J=compiled Java code, j=interpreted, Vv=VM code, C=native code)


Current CompileTask:
C2:   3878 1319       4       com.android.dx.ssa.LocalVariableExtractor::processBlock (383 bytes)


---------------  P R O C E S S  ---------------

Java Threads: ( => current thread )
  0x0000000016dc9800 JavaThread "pool-2-thread-2" [_thread_in_Java, id=5116, stack(0x0000000017370000,0x0000000017470000)]
  0x0000000016cf0000 JavaThread "pool-3-thread-1" [_thread_blocked, id=4740, stack(0x0000000017270000,0x0000000017370000)]
  0x0000000016b75800 JavaThread "Service Thread" daemon [_thread_blocked, id=12244, stack(0x0000000016f70000,0x0000000017070000)]
  0x0000000015268800 JavaThread "C1 CompilerThread2" daemon [_thread_blocked, id=8928, stack(0x0000000016a70000,0x0000000016b70000)]
=>0x0000000015210000 JavaThread "C2 CompilerThread1" daemon [_thread_in_native, id=8172, stack(0x0000000016970000,0x0000000016a70000)]
  0x000000001520a800 JavaThread "C2 CompilerThread0" daemon [_thread_in_native, id=11424, stack(0x0000000016870000,0x0000000016970000)]
  0x0000000015208800 JavaThread "Attach Listener" daemon [_thread_blocked, id=8296, stack(0x0000000016770000,0x0000000016870000)]
  0x0000000015207800 JavaThread "Signal Dispatcher" daemon [_thread_blocked, id=5108, stack(0x0000000016670000,0x0000000016770000)]
  0x0000000002b11800 JavaThread "Finalizer" daemon [_thread_blocked, id=7200, stack(0x0000000016480000,0x0000000016580000)]
  0x0000000002b0e800 JavaThread "Reference Handler" daemon [_thread_blocked, id=10304, stack(0x0000000016380000,0x0000000016480000)]
  0x0000000002a20800 JavaThread "main" [_thread_blocked, id=9080, stack(0x00000000028f0000,0x00000000029f0000)]

Other Threads:
  0x00000000151d7000 VMThread [stack: 0x0000000016280000,0x0000000016380000] [id=11444]
  0x0000000016b93000 WatcherThread [stack: 0x0000000017070000,0x0000000017170000] [id=4664]

VM state:not at safepoint (normal execution)

VM Mutex/Monitor currently owned by a thread: None

Heap:
 PSYoungGen      total 35328K, used 32062K [0x00000000eab00000, 0x00000000ed000000, 0x0000000100000000)
  eden space 32768K, 90% used [0x00000000eab00000,0x00000000ec7cf878,0x00000000ecb00000)
  from space 2560K, 99% used [0x00000000ecd80000,0x00000000ecffffe0,0x00000000ed000000)
  to   space 2560K, 0% used [0x00000000ecb00000,0x00000000ecb00000,0x00000000ecd80000)
 ParOldGen       total 44032K, used 3655K [0x00000000c0000000, 0x00000000c2b00000, 0x00000000eab00000)
  object space 44032K, 8% used [0x00000000c0000000,0x00000000c0391c98,0x00000000c2b00000)
 Metaspace       used 5844K, capacity 6960K, committed 7040K, reserved 1056768K
  class space    used 579K, capacity 616K, committed 640K, reserved 1048576K

Card table byte_map: [0x0000000011ee0000,0x00000000120f0000] byte_map_base: 0x00000000118e0000

Marking Bits: (ParMarkBitMap*) 0x0000000056f3a5b0
 Begin Bits: [0x0000000012650000, 0x0000000013650000)
 End Bits:   [0x0000000013650000, 0x0000000014650000)

Polling page: 0x00000000029f0000

CodeCache: size=245760Kb used=5643Kb max_used=5660Kb free=240116Kb
 bounds [0x0000000002b20000, 0x00000000030b0000, 0x0000000011b20000]
 total_blobs=1591 nmethods=1330 adapters=174
 compilation: enabled

Compilation events (10 events):
Event: 3.836 Thread 0x0000000015268800 1342       2       com.android.dx.cf.iface.StdAttributeList::findNext (85 bytes)
Event: 3.837 Thread 0x0000000015268800 nmethod 1342 0x00000000030a0d50 code [0x00000000030a0f00, 0x00000000030a1328]
Event: 3.839 Thread 0x0000000015268800 1343       2       com.android.dx.cf.direct.DirectClassFile::parseToEndIfNecessary (12 bytes)
Event: 3.839 Thread 0x0000000015268800 nmethod 1343 0x00000000030a1650 code [0x00000000030a17c0, 0x00000000030a1948]
Event: 3.842 Thread 0x0000000015268800 1345       1       com.android.dx.rop.cst.TypedConstant::getFrameType (2 bytes)
Event: 3.842 Thread 0x0000000015268800 nmethod 1345 0x00000000030a19d0 code [0x00000000030a1b20, 0x00000000030a1c30]
Event: 3.848 Thread 0x0000000015268800 1347       2       com.android.dx.cf.code.ExecutionStack::makeInitialized (51 bytes)
Event: 3.849 Thread 0x0000000015268800 nmethod 1347 0x00000000030a6310 code [0x00000000030a64a0, 0x00000000030a6838]
Event: 3.850 Thread 0x000000001520a800 nmethod 1283 0x00000000030a6ad0 code [0x00000000030a6da0, 0x00000000030a8788]
Event: 3.851 Thread 0x000000001520a800 1344   !   4       com.android.dx.cf.code.BytecodeArray::parseInstruction (2764 bytes)

GC Heap History (4 events):
Event: 2.906 GC heap before
{Heap before GC invocations=1 (full 0):
 PSYoungGen      total 18944K, used 16384K [0x00000000eab00000, 0x00000000ec000000, 0x0000000100000000)
  eden space 16384K, 100% used [0x00000000eab00000,0x00000000ebb00000,0x00000000ebb00000)
  from space 2560K, 0% used [0x00000000ebd80000,0x00000000ebd80000,0x00000000ec000000)
  to   space 2560K, 0% used [0x00000000ebb00000,0x00000000ebb00000,0x00000000ebd80000)
 ParOldGen       total 44032K, used 0K [0x00000000c0000000, 0x00000000c2b00000, 0x00000000eab00000)
  object space 44032K, 0% used [0x00000000c0000000,0x00000000c0000000,0x00000000c2b00000)
 Metaspace       used 5579K, capacity 6672K, committed 6784K, reserved 1056768K
  class space    used 568K, capacity 584K, committed 640K, reserved 1048576K
Event: 2.953 GC heap after
Heap after GC invocations=1 (full 0):
 PSYoungGen      total 18944K, used 2559K [0x00000000eab00000, 0x00000000ed000000, 0x0000000100000000)
  eden space 16384K, 0% used [0x00000000eab00000,0x00000000eab00000,0x00000000ebb00000)
  from space 2560K, 99% used [0x00000000ebb00000,0x00000000ebd7ffd0,0x00000000ebd80000)
  to   space 2560K, 0% used [0x00000000ecd80000,0x00000000ecd80000,0x00000000ed000000)
 ParOldGen       total 44032K, used 1527K [0x00000000c0000000, 0x00000000c2b00000, 0x00000000eab00000)
  object space 44032K, 3% used [0x00000000c0000000,0x00000000c017dec8,0x00000000c2b00000)
 Metaspace       used 5579K, capacity 6672K, committed 6784K, reserved 1056768K
  class space    used 568K, capacity 584K, committed 640K, reserved 1048576K
}
Event: 3.222 GC heap before
{Heap before GC invocations=2 (full 0):
 PSYoungGen      total 18944K, used 18943K [0x00000000eab00000, 0x00000000ed000000, 0x0000000100000000)
  eden space 16384K, 100% used [0x00000000eab00000,0x00000000ebb00000,0x00000000ebb00000)
  from space 2560K, 99% used [0x00000000ebb00000,0x00000000ebd7ffd0,0x00000000ebd80000)
  to   space 2560K, 0% used [0x00000000ecd80000,0x00000000ecd80000,0x00000000ed000000)
 ParOldGen       total 44032K, used 1527K [0x00000000c0000000, 0x00000000c2b00000, 0x00000000eab00000)
  object space 44032K, 3% used [0x00000000c0000000,0x00000000c017dec8,0x00000000c2b00000)
 Metaspace       used 5761K, capacity 6896K, committed 7040K, reserved 1056768K
  class space    used 579K, capacity 616K, committed 640K, reserved 1048576K
Event: 3.240 GC heap after
Heap after GC invocations=2 (full 0):
 PSYoungGen      total 35328K, used 2559K [0x00000000eab00000, 0x00000000ed000000, 0x0000000100000000)
  eden space 32768K, 0% used [0x00000000eab00000,0x00000000eab00000,0x00000000ecb00000)
  from space 2560K, 99% used [0x00000000ecd80000,0x00000000ecffffe0,0x00000000ed000000)
  to   space 2560K, 0% used [0x00000000ecb00000,0x00000000ecb00000,0x00000000ecd80000)
 ParOldGen       total 44032K, used 3655K [0x00000000c0000000, 0x00000000c2b00000, 0x00000000eab00000)
  object space 44032K, 8% used [0x00000000c0000000,0x00000000c0391c98,0x00000000c2b00000)
 Metaspace       used 5761K, capacity 6896K, committed 7040K, reserved 1056768K
  class space    used 579K, capacity 616K, committed 640K, reserved 1048576K
}

Deoptimization events (10 events):
Event: 2.981 Thread 0x0000000016dce000 Uncommon trap: reason=class_check action=maybe_recompile pc=0x0000000002e9e4d4 method=java.util.Collections$UnmodifiableCollection$1.hasNext()Z @ 4
Event: 3.010 Thread 0x0000000016dc9800 Uncommon trap: reason=null_check action=make_not_entrant pc=0x0000000002df40d4 method=com.android.dx.ssa.SsaRenamer.getLocalForNewReg(I)Lcom/android/dx/rop/code/LocalItem; @ 19
Event: 3.158 Thread 0x0000000016dc9800 Uncommon trap: reason=class_check action=maybe_recompile pc=0x0000000002e13db8 method=com.android.dx.rop.type.Type.equals(Ljava/lang/Object;)Z @ 8
Event: 3.158 Thread 0x0000000016dc9800 Uncommon trap: reason=class_check action=maybe_recompile pc=0x0000000002e13db8 method=com.android.dx.rop.type.Type.equals(Ljava/lang/Object;)Z @ 8
Event: 3.165 Thread 0x0000000016dc9800 Uncommon trap: reason=class_check action=maybe_recompile pc=0x0000000002e13db8 method=com.android.dx.rop.type.Type.equals(Ljava/lang/Object;)Z @ 8
Event: 3.166 Thread 0x0000000016dc9800 Uncommon trap: reason=class_check action=maybe_recompile pc=0x0000000002e13db8 method=com.android.dx.rop.type.Type.equals(Ljava/lang/Object;)Z @ 8
Event: 3.662 Thread 0x0000000016dc9800 Uncommon trap: reason=bimorphic action=maybe_recompile pc=0x0000000002fde580 method=com.android.dx.cf.code.BytecodeArray.parseInstruction(ILcom/android/dx/cf/code/BytecodeArray$Visitor;)I @ 971
Event: 3.662 Thread 0x0000000016dc9800 Uncommon trap: reason=bimorphic action=maybe_recompile pc=0x0000000002fde580 method=com.android.dx.cf.code.BytecodeArray.parseInstruction(ILcom/android/dx/cf/code/BytecodeArray$Visitor;)I @ 971
Event: 3.664 Thread 0x0000000016dc9800 Uncommon trap: reason=bimorphic action=maybe_recompile pc=0x0000000002fde580 method=com.android.dx.cf.code.BytecodeArray.parseInstruction(ILcom/android/dx/cf/code/BytecodeArray$Visitor;)I @ 971
Event: 3.664 Thread 0x0000000016dc9800 Uncommon trap: reason=bimorphic action=maybe_recompile pc=0x0000000002fde580 method=com.android.dx.cf.code.BytecodeArray.parseInstruction(ILcom/android/dx/cf/code/BytecodeArray$Visitor;)I @ 971

Internal exceptions (3 events):
Event: 0.138 Thread 0x0000000002a20800 Exception <a 'java/lang/NoSuchMethodError': Method sun.misc.Unsafe.defineClass(Ljava/lang/String;[BII)Ljava/lang/Class; name or signature does not match> (0x00000000eab0d520) thrown at [C:\re\workspace\8-2-build-windows-amd64-cygwin\jdk8u60\4407\hotspot\srKX›¿3ºÁ?
Event: 0.138 Thread 0x0000000002a20800 Exception <a 'java/lang/NoSuchMethodError': Method sun.misc.Unsafe.prefetchRead(Ljava/lang/Object;J)V name or signature does not match> (0x00000000eab0d808) thrown at [C:\re\workspace\8-2-build-windows-amd64-cygwin\jdk8u60\4407\hotspot\src\share\vm\prims\jõË8Œû@
Event: 3.010 Thread 0x0000000016dc9800 Implicit null exception at 0x0000000002df25f6 to 0x0000000002df40b5

Events (10 events):
Event: 3.662 Thread 0x0000000016dc9800 DEOPT PACKING pc=0x0000000002fde580 sp=0x000000001746ee50
Event: 3.662 Thread 0x0000000016dc9800 DEOPT UNPACKING pc=0x0000000002b6582a sp=0x000000001746edc8 mode 2
Event: 3.664 Thread 0x0000000016dc9800 Uncommon trap: trap_request=0xffffffc6 fr.pc=0x0000000002fde580
Event: 3.664 Thread 0x0000000016dc9800 DEOPT PACKING pc=0x0000000002fde580 sp=0x000000001746ec00
Event: 3.664 Thread 0x0000000016dc9800 DEOPT UNPACKING pc=0x0000000002b6582a sp=0x000000001746eb78 mode 2
Event: 3.664 Thread 0x0000000016dc9800 Uncommon trap: trap_request=0xffffffc6 fr.pc=0x0000000002fde580
Event: 3.664 Thread 0x0000000016dc9800 DEOPT PACKING pc=0x0000000002fde580 sp=0x000000001746ec00
Event: 3.664 Thread 0x0000000016dc9800 DEOPT UNPACKING pc=0x0000000002b6582a sp=0x000000001746eb78 mode 2
Event: 3.767 Thread 0x0000000016dc9800 DEOPT PACKING pc=0x0000000002f697f5 sp=0x000000001746ef10
Event: 3.767 Thread 0x0000000016dc9800 DEOPT UNPACKING pc=0x0000000002b6787f sp=0x000000001746ebf0 mode 0


Dynamic libraries:
0x00007ff7abe70000 - 0x00007ff7abea7000 	C:\Program Files\Java\jdk1.8.0_60\bin\java.exe
0x00007ffb5dad0000 - 0x00007ffb5dc91000 	C:\Windows\SYSTEM32\ntdll.dll
0x00007ffb5af30000 - 0x00007ffb5afdd000 	C:\Windows\system32\KERNEL32.DLL
0x00007ffb5abe0000 - 0x00007ffb5adc8000 	C:\Windows\system32\KERNELBASE.dll
0x00007ffb5b250000 - 0x00007ffb5b2f7000 	C:\Windows\system32\ADVAPI32.dll
0x00007ffb5b960000 - 0x00007ffb5b9fd000 	C:\Windows\system32\msvcrt.dll
0x00007ffb5aed0000 - 0x00007ffb5af2b000 	C:\Windows\system32\sechost.dll
0x00007ffb5ba00000 - 0x00007ffb5bb1c000 	C:\Windows\system32\RPCRT4.dll
0x00007ffb5b040000 - 0x00007ffb5b196000 	C:\Windows\system32\USER32.dll
0x00007ffb5b450000 - 0x00007ffb5b5d6000 	C:\Windows\system32\GDI32.dll
0x00007ffb4f9d0000 - 0x00007ffb4fc44000 	C:\Windows\WinSxS\amd64_microsoft.windows.common-controls_6595b64144ccf1df_6.0.10586.589_none_a2ddb3caa539acce\COMCTL32.dll
0x00007ffb5d7e0000 - 0x00007ffb5da5d000 	C:\Windows\system32\combase.dll
0x00007ffb5a180000 - 0x00007ffb5a1ea000 	C:\Windows\system32\bcryptPrimitives.dll
0x00007ffb5bb20000 - 0x00007ffb5bb5b000 	C:\Windows\system32\IMM32.DLL
0x00000000561d0000 - 0x00000000562a2000 	C:\Program Files\Java\jdk1.8.0_60\jre\bin\msvcr100.dll
0x0000000056730000 - 0x0000000056fb9000 	C:\Program Files\Java\jdk1.8.0_60\jre\bin\server\jvm.dll
0x00007ffb5d580000 - 0x00007ffb5d588000 	C:\Windows\system32\PSAPI.DLL
0x00007ffb49200000 - 0x00007ffb49209000 	C:\Windows\SYSTEM32\WSOCK32.dll
0x00007ffb5b5e0000 - 0x00007ffb5b64b000 	C:\Windows\system32\WS2_32.dll
0x00007ffb586f0000 - 0x00007ffb58713000 	C:\Windows\SYSTEM32\WINMM.dll
0x00007ffb4dee0000 - 0x00007ffb4deea000 	C:\Windows\SYSTEM32\VERSION.dll
0x00007ffb58690000 - 0x00007ffb586bc000 	C:\Windows\SYSTEM32\WINMMBASE.dll
0x00007ffb5add0000 - 0x00007ffb5ae13000 	C:\Windows\system32\cfgmgr32.dll
0x0000000056640000 - 0x000000005664f000 	C:\Program Files\Java\jdk1.8.0_60\jre\bin\verify.dll
0x0000000056610000 - 0x0000000056639000 	C:\Program Files\Java\jdk1.8.0_60\jre\bin\java.dll
0x00000000565f0000 - 0x0000000056606000 	C:\Program Files\Java\jdk1.8.0_60\jre\bin\zip.dll
0x00007ffb5c000000 - 0x00007ffb5d55c000 	C:\Windows\system32\SHELL32.dll
0x00007ffb5a2b0000 - 0x00007ffb5a8f5000 	C:\Windows\system32\windows.storage.dll
0x00007ffb5d590000 - 0x00007ffb5d5e2000 	C:\Windows\system32\shlwapi.dll
0x00007ffb5a110000 - 0x00007ffb5a11f000 	C:\Windows\system32\kernel.appcore.dll
0x00007ffb5a1f0000 - 0x00007ffb5a2a5000 	C:\Windows\system32\shcore.dll
0x00007ffb5a120000 - 0x00007ffb5a16b000 	C:\Windows\system32\powrprof.dll
0x00007ffb5a0f0000 - 0x00007ffb5a104000 	C:\Windows\system32\profapi.dll

VM Arguments:
jvm_args: -Djava.awt.headless=true -Xmx1024M -Dfile.encoding=windows-1252 -Duser.country=IN -Duser.language=en -Duser.variant 
java_command: com.android.dx.command.Main --dex --force-jumbo --num-threads=4 --multi-dex --output E:\work\HomeImage\app\build\intermediates\transforms\dex\debug\folders\1000\5\slice_1 E:\work\HomeImage\app\build\intermediates\transforms\instantRunSlicer\debug\folders\1\5\slice_1
java_class_path (initial): E:\Android\sdk\build-tools\24.0.2\lib\dx.jar
Launcher Type: SUN_STANDARD

Environment Variables:
PATH=C:\ProgramData\Oracle\Java\javapath;C:\Program Files (x86)\Intel\iCLS Client\;C:\Program Files\Intel\iCLS Client\;C:\Windows\system32;C:\Windows;C:\Windows\System32\Wbem;C:\Windows\System32\WindowsPowerShell\v1.0\;C:\Program Files (x86)\AMD\ATI.ACE\Core-Static;C:\Program Files\Intel\Intel(R) Management Engine Components\DAL;C:\Program Files\Intel\Intel(R) Management Engine Components\IPT;C:\Program Files (x86)\Intel\Intel(R) Management Engine Components\DAL;C:\Program Files (x86)\Intel\Intel(R) Management Engine Components\IPT;E:\Android\sdk\ndk-bundle;E:\Android\sdk\platform-tools;C:\Program Files (x86)\Skype\Phone\;C:\Program Files (x86)\Windows Live\Shared
USERNAME=Family
OS=Windows_NT
PROCESSOR_IDENTIFIER=Intel64 Family 6 Model 69 Stepping 1, GenuineIntel



---------------  S Y S T E M  ---------------

OS: Windows 10.0 , 64 bit Build 10586 (10.0.10586.589)

CPU:total 4 (2 cores per cpu, 2 threads per core) family 6 model 69 stepping 1, cmov, cx8, fxsr, mmx, sse, sse2, sse3, ssse3, sse4.1, sse4.2, popcnt, avx, avx2, aes, clmul, erms, lzcnt, ht, tsc, tscinvbit, bmi1, bmi2

Memory: 4k page, physical 4072408k(531956k free), swap 5832536k(5212k free)

vm_info: Java HotSpot(TM) 64-Bit Server VM (25.60-b23) for windows-amd64 JRE (1.8.0_60-b27), built on Aug  4 2015 11:06:27 by "java_re" with MS VC++ 10.0 (VS2010)

time: Tue Sep 20 12:31:02 2016
elapsed time: 3 seconds (0d 0h 0m 3s)

