#
# There is insufficient memory for the Java Runtime Environment to continue.
# Native memory allocation (malloc) failed to allocate 41776 bytes for Chunk::new
# Possible reasons:
#   The system is out of physical RAM or swap space
#   In 32 bit mode, the process size limit was hit
# Possible solutions:
#   Reduce memory load on the system
#   Increase physical memory or swap space
#   Check if swap backing store is full
#   Use 64 bit Java on a 64 bit OS
#   Decrease Java heap size (-Xmx/-Xms)
#   Decrease number of Java threads
#   Decrease Java thread stack sizes (-Xss)
#   Set larger code cache with -XX:ReservedCodeCacheSize=
# This output file may be truncated or incomplete.
#
#  Out of Memory Error (allocation.cpp:390), pid=11464, tid=11328
#
# JRE version: Java(TM) SE Runtime Environment (8.0_60-b27) (build 1.8.0_60-b27)
# Java VM: Java HotSpot(TM) 64-Bit Server VM (25.60-b23 mixed mode windows-amd64 compressed oops)
# Failed to write core dump. Minidumps are not enabled by default on client versions of Windows
#

---------------  T H R E A D  ---------------

Current thread (0x00000000149ca800):  JavaThread "C2 CompilerThread0" daemon [_thread_in_native, id=11328, stack(0x0000000016020000,0x0000000016120000)]

Stack: [0x0000000016020000,0x0000000016120000]
[error occurred during error reporting (printing stack bounds), id 0xc0000005]

Native frames: (J=compiled Java code, j=interpreted, Vv=VM code, C=native code)


Current CompileTask:
C2:   4204 1154       4       com.android.dx.cf.code.Ropper::getAvailableLabel (54 bytes)


---------------  P R O C E S S  ---------------

Java Threads: ( => current thread )
  0x00000000165ed800 JavaThread "pool-2-thread-4" [_thread_blocked, id=4420, stack(0x0000000016d20000,0x0000000016e20000)]
  0x00000000165a9800 JavaThread "pool-2-thread-3" [_thread_blocked, id=11388, stack(0x0000000016c20000,0x0000000016d20000)]
  0x00000000165a8800 JavaThread "pool-2-thread-2" [_thread_in_Java, id=7108, stack(0x0000000016b20000,0x0000000016c20000)]
  0x00000000165d8800 JavaThread "pool-3-thread-1" [_thread_blocked, id=8156, stack(0x0000000016a20000,0x0000000016b20000)]
  0x00000000165d3800 JavaThread "pool-2-thread-1" [_thread_blocked, id=1436, stack(0x0000000016920000,0x0000000016a20000)]
  0x0000000016326000 JavaThread "Service Thread" daemon [_thread_blocked, id=11984, stack(0x0000000016720000,0x0000000016820000)]
  0x0000000014a2d000 JavaThread "C1 CompilerThread2" daemon [_thread_in_native, id=6224, stack(0x0000000016220000,0x0000000016320000)]
  0x0000000014a2a800 JavaThread "C2 CompilerThread1" daemon [_thread_in_native, id=12256, stack(0x0000000016120000,0x0000000016220000)]
=>0x00000000149ca800 JavaThread "C2 CompilerThread0" daemon [_thread_in_native, id=11328, stack(0x0000000016020000,0x0000000016120000)]
  0x00000000149c8800 JavaThread "Attach Listener" daemon [_thread_blocked, id=4092, stack(0x0000000015f20000,0x0000000016020000)]
  0x00000000149c7000 JavaThread "Signal Dispatcher" daemon [_thread_blocked, id=10768, stack(0x0000000015e20000,0x0000000015f20000)]
  0x00000000022f0800 JavaThread "Finalizer" daemon [_thread_blocked, id=5684, stack(0x0000000015c40000,0x0000000015d40000)]
  0x00000000022ed000 JavaThread "Reference Handler" daemon [_thread_blocked, id=10192, stack(0x0000000015b40000,0x0000000015c40000)]
  0x0000000002200800 JavaThread "main" [_thread_in_vm, id=11476, stack(0x0000000002100000,0x0000000002200000)]

Other Threads:
  0x0000000014998000 VMThread [stack: 0x0000000015a40000,0x0000000015b40000] [id=8028]
  0x0000000016343000 WatcherThread [stack: 0x0000000016820000,0x0000000016920000] [id=11916]

VM state:not at safepoint (normal execution)

VM Mutex/Monitor currently owned by a thread: None

Heap:
 PSYoungGen      total 18944K, used 16601K [0x00000000eab00000, 0x00000000ec000000, 0x0000000100000000)
  eden space 16384K, 85% used [0x00000000eab00000,0x00000000eb8bcb50,0x00000000ebb00000)
  from space 2560K, 99% used [0x00000000ebb00000,0x00000000ebd79c88,0x00000000ebd80000)
  to   space 2560K, 0% used [0x00000000ebd80000,0x00000000ebd80000,0x00000000ec000000)
 ParOldGen       total 44032K, used 1541K [0x00000000c0000000, 0x00000000c2b00000, 0x00000000eab00000)
  object space 44032K, 3% used [0x00000000c0000000,0x00000000c0181708,0x00000000c2b00000)
 Metaspace       used 5913K, capacity 6832K, committed 7040K, reserved 1056768K
  class space    used 599K, capacity 616K, committed 640K, reserved 1048576K

Card table byte_map: [0x00000000116c0000,0x00000000118d0000] byte_map_base: 0x00000000110c0000

Marking Bits: (ParMarkBitMap*) 0x0000000056f3a5b0
 Begin Bits: [0x0000000011e30000, 0x0000000012e30000)
 End Bits:   [0x0000000012e30000, 0x0000000013e30000)

Polling page: 0x0000000002060000

CodeCache: size=245760Kb used=4467Kb max_used=4467Kb free=241292Kb
 bounds [0x0000000002300000, 0x0000000002770000, 0x0000000011300000]
 total_blobs=1424 nmethods=1155 adapters=182
 compilation: enabled

Compilation events (10 events):
Event: 4.200 Thread 0x0000000014a2d000 nmethod 1153 0x0000000002757d50 code [0x0000000002757ec0, 0x0000000002758150]
Event: 4.200 Thread 0x0000000014a2d000 1161       3       com.android.dx.rop.annotation.Annotations::size (8 bytes)
Event: 4.200 Thread 0x0000000014a2d000 nmethod 1161 0x00000000027579d0 code [0x0000000002757b20, 0x0000000002757c90]
Event: 4.200 Thread 0x0000000014a2d000 1151       3       com.android.dx.rop.code.AccessFlags::isStatic (13 bytes)
Event: 4.200 Thread 0x0000000014a2d000 nmethod 1151 0x0000000002757650 code [0x00000000027577a0, 0x0000000002757930]
Event: 4.200 Thread 0x0000000014a2d000 1146       3       java.lang.Float::isNaN (12 bytes)
Event: 4.200 Thread 0x0000000014a2d000 nmethod 1146 0x00000000027572d0 code [0x0000000002757420, 0x00000000027575d0]
Event: 4.200 Thread 0x0000000014a2d000 1148       3       com.android.dx.dex.file.MemberIdItem::<init> (14 bytes)
Event: 4.201 Thread 0x0000000014a2d000 nmethod 1148 0x0000000002756a50 code [0x0000000002756be0, 0x0000000002757088]
Event: 4.201 Thread 0x0000000014a2d000 1164       3       com.android.dx.rop.code.DexTranslationAdvice::hasConstantOperation (163 bytes)

GC Heap History (2 events):
Event: 3.032 GC heap before
{Heap before GC invocations=1 (full 0):
 PSYoungGen      total 18944K, used 16384K [0x00000000eab00000, 0x00000000ec000000, 0x0000000100000000)
  eden space 16384K, 100% used [0x00000000eab00000,0x00000000ebb00000,0x00000000ebb00000)
  from space 2560K, 0% used [0x00000000ebd80000,0x00000000ebd80000,0x00000000ec000000)
  to   space 2560K, 0% used [0x00000000ebb00000,0x00000000ebb00000,0x00000000ebd80000)
 ParOldGen       total 44032K, used 0K [0x00000000c0000000, 0x00000000c2b00000, 0x00000000eab00000)
  object space 44032K, 0% used [0x00000000c0000000,0x00000000c0000000,0x00000000c2b00000)
 Metaspace       used 5680K, capacity 6640K, committed 6784K, reserved 1056768K
  class space    used 598K, capacity 616K, committed 640K, reserved 1048576K
Event: 3.354 GC heap after
Heap after GC invocations=1 (full 0):
 PSYoungGen      total 18944K, used 2535K [0x00000000eab00000, 0x00000000ec000000, 0x0000000100000000)
  eden space 16384K, 0% used [0x00000000eab00000,0x00000000eab00000,0x00000000ebb00000)
  from space 2560K, 99% used [0x00000000ebb00000,0x00000000ebd79c88,0x00000000ebd80000)
  to   space 2560K, 0% used [0x00000000ebd80000,0x00000000ebd80000,0x00000000ec000000)
 ParOldGen       total 44032K, used 1541K [0x00000000c0000000, 0x00000000c2b00000, 0x00000000eab00000)
  object space 44032K, 3% used [0x00000000c0000000,0x00000000c0181708,0x00000000c2b00000)
 Metaspace       used 5680K, capacity 6640K, committed 6784K, reserved 1056768K
  class space    used 598K, capacity 616K, committed 640K, reserved 1048576K
}

Deoptimization events (9 events):
Event: 2.654 Thread 0x00000000165a9800 Uncommon trap: reason=class_check action=maybe_recompile pc=0x0000000002521f2c method=com.android.dx.rop.type.Type.equals(Ljava/lang/Object;)Z @ 8
Event: 2.654 Thread 0x00000000165a9800 Uncommon trap: reason=class_check action=maybe_recompile pc=0x0000000002521f2c method=com.android.dx.rop.type.Type.equals(Ljava/lang/Object;)Z @ 8
Event: 2.655 Thread 0x00000000165ed800 Uncommon trap: reason=unstable_if action=reinterpret pc=0x000000000251ed70 method=java.util.BitSet.nextSetBit(I)I @ 87
Event: 2.666 Thread 0x00000000165d3800 Uncommon trap: reason=unstable_if action=reinterpret pc=0x0000000002521e64 method=java.util.HashMap.getNode(ILjava/lang/Object;)Ljava/util/HashMap$Node; @ 62
Event: 4.190 Thread 0x00000000165a8800 Uncommon trap: reason=class_check action=maybe_recompile pc=0x00000000025553bc method=com.android.dx.ssa.NormalSsaInsn.accept(Lcom/android/dx/ssa/SsaInsn$Visitor;)V @ 9
Event: 4.190 Thread 0x00000000165a8800 Uncommon trap: reason=class_check action=maybe_recompile pc=0x00000000025553bc method=com.android.dx.ssa.NormalSsaInsn.accept(Lcom/android/dx/ssa/SsaInsn$Visitor;)V @ 9
Event: 4.190 Thread 0x00000000165a8800 Uncommon trap: reason=class_check action=maybe_recompile pc=0x00000000025553bc method=com.android.dx.ssa.NormalSsaInsn.accept(Lcom/android/dx/ssa/SsaInsn$Visitor;)V @ 9
Event: 4.190 Thread 0x00000000165a8800 Uncommon trap: reason=class_check action=maybe_recompile pc=0x00000000025553bc method=com.android.dx.ssa.NormalSsaInsn.accept(Lcom/android/dx/ssa/SsaInsn$Visitor;)V @ 9
Event: 4.191 Thread 0x00000000165a8800 Uncommon trap: reason=class_check action=maybe_recompile pc=0x0000000002543130 method=com.android.dx.ssa.NormalSsaInsn.accept(Lcom/android/dx/ssa/SsaInsn$Visitor;)V @ 9

Internal exceptions (2 events):
Event: 0.075 Thread 0x0000000002200800 Exception <a 'java/lang/NoSuchMethodError': Method sun.misc.Unsafe.defineClass(Ljava/lang/String;[BII)Ljava/lang/Class; name or signature does not match> (0x00000000eab0d5f0) thrown at [C:\re\workspace\8-2-build-windows-amd64-cygwin\jdk8u60\4407\hotspot\sr¡ÈCR3³?
Event: 0.075 Thread 0x0000000002200800 Exception <a 'java/lang/NoSuchMethodError': Method sun.misc.Unsafe.prefetchRead(Ljava/lang/Object;J)V name or signature does not match> (0x00000000eab0d8d8) thrown at [C:\re\workspace\8-2-build-windows-amd64-cygwin\jdk8u60\4407\hotspot\src\share\vm\prims\j

Events (10 events):
Event: 4.190 Thread 0x00000000165a8800 DEOPT UNPACKING pc=0x000000000234582a sp=0x0000000016c1e9c0 mode 2
Event: 4.190 Thread 0x00000000165a8800 Uncommon trap: trap_request=0xffffffde fr.pc=0x00000000025553bc
Event: 4.190 Thread 0x00000000165a8800 DEOPT PACKING pc=0x00000000025553bc sp=0x0000000016c1e970
Event: 4.190 Thread 0x00000000165a8800 DEOPT UNPACKING pc=0x000000000234582a sp=0x0000000016c1e960 mode 2
Event: 4.190 Thread 0x00000000165a8800 Uncommon trap: trap_request=0xffffffde fr.pc=0x00000000025553bc
Event: 4.190 Thread 0x00000000165a8800 DEOPT PACKING pc=0x00000000025553bc sp=0x0000000016c1ec90
Event: 4.190 Thread 0x00000000165a8800 DEOPT UNPACKING pc=0x000000000234582a sp=0x0000000016c1ec80 mode 2
Event: 4.191 Thread 0x00000000165a8800 Uncommon trap: trap_request=0xffffffde fr.pc=0x0000000002543130
Event: 4.191 Thread 0x00000000165a8800 DEOPT PACKING pc=0x0000000002543130 sp=0x0000000016c1ed00
Event: 4.191 Thread 0x00000000165a8800 DEOPT UNPACKING pc=0x000000000234582a sp=0x0000000016c1eca0 mode 2


Dynamic libraries:
0x00007ff7abe70000 - 0x00007ff7abea7000 	C:\Program Files\Java\jdk1.8.0_60\bin\java.exe
0x00007ffb5dad0000 - 0x00007ffb5dc91000 	C:\Windows\SYSTEM32\ntdll.dll
0x00007ffb5af30000 - 0x00007ffb5afdd000 	C:\Windows\system32\KERNEL32.DLL
0x00007ffb5abe0000 - 0x00007ffb5adc8000 	C:\Windows\system32\KERNELBASE.dll
0x00007ffb5b250000 - 0x00007ffb5b2f7000 	C:\Windows\system32\ADVAPI32.dll
0x00007ffb5b960000 - 0x00007ffb5b9fd000 	C:\Windows\system32\msvcrt.dll
0x00007ffb5aed0000 - 0x00007ffb5af2b000 	C:\Windows\system32\sechost.dll
0x00007ffb5ba00000 - 0x00007ffb5bb1c000 	C:\Windows\system32\RPCRT4.dll
0x00007ffb5b040000 - 0x00007ffb5b196000 	C:\Windows\system32\USER32.dll
0x00007ffb5b450000 - 0x00007ffb5b5d6000 	C:\Windows\system32\GDI32.dll
0x00007ffb4f9d0000 - 0x00007ffb4fc44000 	C:\Windows\WinSxS\amd64_microsoft.windows.common-controls_6595b64144ccf1df_6.0.10586.589_none_a2ddb3caa539acce\COMCTL32.dll
0x00007ffb5d7e0000 - 0x00007ffb5da5d000 	C:\Windows\system32\combase.dll
0x00007ffb5a180000 - 0x00007ffb5a1ea000 	C:\Windows\system32\bcryptPrimitives.dll
0x00007ffb5bb20000 - 0x00007ffb5bb5b000 	C:\Windows\system32\IMM32.DLL
0x00000000561d0000 - 0x00000000562a2000 	C:\Program Files\Java\jdk1.8.0_60\jre\bin\msvcr100.dll
0x0000000056730000 - 0x0000000056fb9000 	C:\Program Files\Java\jdk1.8.0_60\jre\bin\server\jvm.dll
0x00007ffb5d580000 - 0x00007ffb5d588000 	C:\Windows\system32\PSAPI.DLL
0x00007ffb49200000 - 0x00007ffb49209000 	C:\Windows\SYSTEM32\WSOCK32.dll
0x00007ffb5b5e0000 - 0x00007ffb5b64b000 	C:\Windows\system32\WS2_32.dll
0x00007ffb586f0000 - 0x00007ffb58713000 	C:\Windows\SYSTEM32\WINMM.dll
0x00007ffb4dee0000 - 0x00007ffb4deea000 	C:\Windows\SYSTEM32\VERSION.dll
0x00007ffb58690000 - 0x00007ffb586bc000 	C:\Windows\SYSTEM32\WINMMBASE.dll
0x00007ffb5add0000 - 0x00007ffb5ae13000 	C:\Windows\system32\cfgmgr32.dll
0x0000000056640000 - 0x000000005664f000 	C:\Program Files\Java\jdk1.8.0_60\jre\bin\verify.dll
0x0000000056610000 - 0x0000000056639000 	C:\Program Files\Java\jdk1.8.0_60\jre\bin\java.dll
0x00000000565f0000 - 0x0000000056606000 	C:\Program Files\Java\jdk1.8.0_60\jre\bin\zip.dll
0x00007ffb5c000000 - 0x00007ffb5d55c000 	C:\Windows\system32\SHELL32.dll
0x00007ffb5a2b0000 - 0x00007ffb5a8f5000 	C:\Windows\system32\windows.storage.dll
0x00007ffb5d590000 - 0x00007ffb5d5e2000 	C:\Windows\system32\shlwapi.dll
0x00007ffb5a110000 - 0x00007ffb5a11f000 	C:\Windows\system32\kernel.appcore.dll
0x00007ffb5a1f0000 - 0x00007ffb5a2a5000 	C:\Windows\system32\shcore.dll
0x00007ffb5a120000 - 0x00007ffb5a16b000 	C:\Windows\system32\powrprof.dll
0x00007ffb5a0f0000 - 0x00007ffb5a104000 	C:\Windows\system32\profapi.dll

VM Arguments:
jvm_args: -Djava.awt.headless=true -Xmx1024M -Dfile.encoding=windows-1252 -Duser.country=IN -Duser.language=en -Duser.variant 
java_command: com.android.dx.command.Main --dex --force-jumbo --num-threads=4 --multi-dex --output E:\work\HomeImage\app\build\intermediates\transforms\dex\debug\folders\1000\10\com.android.support-support-media-compat-24.2.0_18dcf230439b8f3e6e26e22856d72fac60497399 E:\work\HomeImage\app\build\intermediates\exploded-aar\com.android.support\support-media-compat\24.2.0\jars\classes.jar
java_class_path (initial): E:\Android\sdk\build-tools\24.0.2\lib\dx.jar
Launcher Type: SUN_STANDARD

Environment Variables:
PATH=C:\ProgramData\Oracle\Java\javapath;C:\Program Files (x86)\Intel\iCLS Client\;C:\Program Files\Intel\iCLS Client\;C:\Windows\system32;C:\Windows;C:\Windows\System32\Wbem;C:\Windows\System32\WindowsPowerShell\v1.0\;C:\Program Files (x86)\AMD\ATI.ACE\Core-Static;C:\Program Files\Intel\Intel(R) Management Engine Components\DAL;C:\Program Files\Intel\Intel(R) Management Engine Components\IPT;C:\Program Files (x86)\Intel\Intel(R) Management Engine Components\DAL;C:\Program Files (x86)\Intel\Intel(R) Management Engine Components\IPT;E:\Android\sdk\ndk-bundle;E:\Android\sdk\platform-tools;C:\Program Files (x86)\Skype\Phone\;C:\Program Files (x86)\Windows Live\Shared
USERNAME=Family
OS=Windows_NT
PROCESSOR_IDENTIFIER=Intel64 Family 6 Model 69 Stepping 1, GenuineIntel



---------------  S Y S T E M  ---------------

OS: Windows 10.0 , 64 bit Build 10586 (10.0.10586.589)

CPU:total 4 (2 cores per cpu, 2 threads per core) family 6 model 69 stepping 1, cmov, cx8, fxsr, mmx, sse, sse2, sse3, ssse3, sse4.1, sse4.2, popcnt, avx, avx2, aes, clmul, erms, lzcnt, ht, tsc, tscinvbit, bmi1, bmi2

Memory: 4k page, physical 4072408k(559896k free), swap 5832536k(5244k free)

vm_info: Java HotSpot(TM) 64-Bit Server VM (25.60-b23) for windows-amd64 JRE (1.8.0_60-b27), built on Aug  4 2015 11:06:27 by "java_re" with MS VC++ 10.0 (VS2010)

time: Tue Sep 20 12:30:58 2016
elapsed time: 4 seconds (0d 0h 0m 4s)

