#
# There is insufficient memory for the Java Runtime Environment to continue.
# Native memory allocation (malloc) failed to allocate 488656 bytes for Chunk::new
# Possible reasons:
#   The system is out of physical RAM or swap space
#   In 32 bit mode, the process size limit was hit
# Possible solutions:
#   Reduce memory load on the system
#   Increase physical memory or swap space
#   Check if swap backing store is full
#   Use 64 bit Java on a 64 bit OS
#   Decrease Java heap size (-Xmx/-Xms)
#   Decrease number of Java threads
#   Decrease Java thread stack sizes (-Xss)
#   Set larger code cache with -XX:ReservedCodeCacheSize=
# This output file may be truncated or incomplete.
#
#  Out of Memory Error (allocation.cpp:390), pid=9520, tid=11776
#
# JRE version: Java(TM) SE Runtime Environment (8.0_60-b27) (build 1.8.0_60-b27)
# Java VM: Java HotSpot(TM) 64-Bit Server VM (25.60-b23 mixed mode windows-amd64 compressed oops)
# Failed to write core dump. Minidumps are not enabled by default on client versions of Windows
#

---------------  T H R E A D  ---------------

Current thread (0x000000001530a800):  JavaThread "C2 CompilerThread0" daemon [_thread_in_native, id=11776, stack(0x0000000016950000,0x0000000016a50000)]

Stack: [0x0000000016950000,0x0000000016a50000]
[error occurred during error reporting (printing stack bounds), id 0xc0000005]

Native frames: (J=compiled Java code, j=interpreted, Vv=VM code, C=native code)


Current CompileTask:
C2:   6023 1227       4       com.android.dx.ssa.DeadCodeRemover::isCircularNoSideEffect (140 bytes)


---------------  P R O C E S S  ---------------

Java Threads: ( => current thread )
  0x0000000016f0a800 JavaThread "pool-2-thread-4" [_thread_blocked, id=6348, stack(0x0000000017650000,0x0000000017750000)]
  0x0000000016f09800 JavaThread "pool-2-thread-3" [_thread_blocked, id=10312, stack(0x0000000017550000,0x0000000017650000)]
  0x0000000016e15000 JavaThread "pool-2-thread-2" [_thread_blocked, id=11476, stack(0x0000000017450000,0x0000000017550000)]
  0x0000000016dfd000 JavaThread "pool-3-thread-1" [_thread_blocked, id=9492, stack(0x0000000017350000,0x0000000017450000)]
  0x0000000016dfa800 JavaThread "pool-2-thread-1" [_thread_blocked, id=3008, stack(0x0000000017250000,0x0000000017350000)]
  0x0000000016c73000 JavaThread "Service Thread" daemon [_thread_blocked, id=3180, stack(0x0000000017050000,0x0000000017150000)]
  0x0000000015313000 JavaThread "C1 CompilerThread2" daemon [_thread_blocked, id=12204, stack(0x0000000016b50000,0x0000000016c50000)]
  0x0000000015310000 JavaThread "C2 CompilerThread1" daemon [_thread_in_native, id=8140, stack(0x0000000016a50000,0x0000000016b50000)]
=>0x000000001530a800 JavaThread "C2 CompilerThread0" daemon [_thread_in_native, id=11776, stack(0x0000000016950000,0x0000000016a50000)]
  0x0000000015308800 JavaThread "Attach Listener" daemon [_thread_blocked, id=10768, stack(0x0000000016850000,0x0000000016950000)]
  0x0000000015307000 JavaThread "Signal Dispatcher" daemon [_thread_blocked, id=11296, stack(0x0000000016750000,0x0000000016850000)]
  0x0000000002c36000 JavaThread "Finalizer" daemon [_thread_blocked, id=6908, stack(0x0000000016570000,0x0000000016670000)]
  0x00000000152d9000 JavaThread "Reference Handler" daemon [_thread_blocked, id=6004, stack(0x0000000016470000,0x0000000016570000)]
  0x0000000002b40800 JavaThread "main" [_thread_blocked, id=8884, stack(0x0000000002a40000,0x0000000002b40000)]

Other Threads:
  0x00000000152d7000 VMThread [stack: 0x0000000016370000,0x0000000016470000] [id=11408]
  0x0000000016c85000 WatcherThread [stack: 0x0000000017150000,0x0000000017250000] [id=10272]

VM state:not at safepoint (normal execution)

VM Mutex/Monitor currently owned by a thread: None

Heap:
 PSYoungGen      total 18944K, used 3254K [0x00000000eab00000, 0x00000000ec000000, 0x0000000100000000)
  eden space 16384K, 4% used [0x00000000eab00000,0x00000000eabb4e50,0x00000000ebb00000)
  from space 2560K, 98% used [0x00000000ebd80000,0x00000000ebff8cf8,0x00000000ec000000)
  to   space 2560K, 0% used [0x00000000ebb00000,0x00000000ebb00000,0x00000000ebd80000)
 ParOldGen       total 44032K, used 4054K [0x00000000c0000000, 0x00000000c2b00000, 0x00000000eab00000)
  object space 44032K, 9% used [0x00000000c0000000,0x00000000c03f5a70,0x00000000c2b00000)
 Metaspace       used 5759K, capacity 6896K, committed 7040K, reserved 1056768K
  class space    used 581K, capacity 616K, committed 640K, reserved 1048576K

Card table byte_map: [0x0000000012000000,0x0000000012210000] byte_map_base: 0x0000000011a00000

Marking Bits: (ParMarkBitMap*) 0x0000000056f3a5b0
 Begin Bits: [0x0000000012770000, 0x0000000013770000)
 End Bits:   [0x0000000013770000, 0x0000000014770000)

Polling page: 0x0000000000d60000

CodeCache: size=245760Kb used=5090Kb max_used=5090Kb free=240669Kb
 bounds [0x0000000002c40000, 0x0000000003140000, 0x0000000011c40000]
 total_blobs=1493 nmethods=1232 adapters=174
 compilation: enabled

Compilation events (10 events):
Event: 5.602 Thread 0x0000000015310000 nmethod 1222 0x0000000003123650 code [0x0000000003123780, 0x0000000003123818]
Event: 5.602 Thread 0x0000000015310000 1213       4       com.android.dx.ssa.SsaRenamer$BlockRenamer$RenamingMapper::map (28 bytes)
Event: 5.604 Thread 0x0000000015310000 nmethod 1213 0x0000000003123250 code [0x00000000031233a0, 0x00000000031234a8]
Event: 5.634 Thread 0x000000001530a800 nmethod 1216% 0x000000000312d590 code [0x000000000312d760, 0x000000000312e5f8]
Event: 5.737 Thread 0x0000000015310000 1226       4       com.android.dx.ssa.SCCP::simulatePhi (169 bytes)
Event: 5.755 Thread 0x000000001530a800 1227       4       com.android.dx.ssa.DeadCodeRemover::isCircularNoSideEffect (140 bytes)
Event: 5.998 Thread 0x0000000015313000 1230       3       com.android.dx.rop.type.Type::internClassName (56 bytes)
Event: 5.999 Thread 0x0000000015313000 nmethod 1230 0x0000000003129350 code [0x00000000031295a0, 0x000000000312a498]
Event: 5.999 Thread 0x0000000015313000 1231   !   3       com.android.dx.cf.cst.ConstantPoolParser::parse0 (731 bytes)
Event: 6.006 Thread 0x0000000015313000 nmethod 1231 0x000000000312f790 code [0x00000000031300e0, 0x0000000003136288]

GC Heap History (4 events):
Event: 3.509 GC heap before
{Heap before GC invocations=1 (full 0):
 PSYoungGen      total 18944K, used 16384K [0x00000000eab00000, 0x00000000ec000000, 0x0000000100000000)
  eden space 16384K, 100% used [0x00000000eab00000,0x00000000ebb00000,0x00000000ebb00000)
  from space 2560K, 0% used [0x00000000ebd80000,0x00000000ebd80000,0x00000000ec000000)
  to   space 2560K, 0% used [0x00000000ebb00000,0x00000000ebb00000,0x00000000ebd80000)
 ParOldGen       total 44032K, used 0K [0x00000000c0000000, 0x00000000c2b00000, 0x00000000eab00000)
  object space 44032K, 0% used [0x00000000c0000000,0x00000000c0000000,0x00000000c2b00000)
 Metaspace       used 5595K, capacity 6768K, committed 7040K, reserved 1056768K
  class space    used 574K, capacity 616K, committed 640K, reserved 1048576K
Event: 3.516 GC heap after
Heap after GC invocations=1 (full 0):
 PSYoungGen      total 18944K, used 2559K [0x00000000eab00000, 0x00000000ec000000, 0x0000000100000000)
  eden space 16384K, 0% used [0x00000000eab00000,0x00000000eab00000,0x00000000ebb00000)
  from space 2560K, 99% used [0x00000000ebb00000,0x00000000ebd7fcc0,0x00000000ebd80000)
  to   space 2560K, 0% used [0x00000000ebd80000,0x00000000ebd80000,0x00000000ec000000)
 ParOldGen       total 44032K, used 1897K [0x00000000c0000000, 0x00000000c2b00000, 0x00000000eab00000)
  object space 44032K, 4% used [0x00000000c0000000,0x00000000c01da550,0x00000000c2b00000)
 Metaspace       used 5595K, capacity 6768K, committed 7040K, reserved 1056768K
  class space    used 574K, capacity 616K, committed 640K, reserved 1048576K
}
Event: 5.765 GC heap before
{Heap before GC invocations=2 (full 0):
 PSYoungGen      total 18944K, used 18943K [0x00000000eab00000, 0x00000000ec000000, 0x0000000100000000)
  eden space 16384K, 100% used [0x00000000eab00000,0x00000000ebb00000,0x00000000ebb00000)
  from space 2560K, 99% used [0x00000000ebb00000,0x00000000ebd7fcc0,0x00000000ebd80000)
  to   space 2560K, 0% used [0x00000000ebd80000,0x00000000ebd80000,0x00000000ec000000)
 ParOldGen       total 44032K, used 1897K [0x00000000c0000000, 0x00000000c2b00000, 0x00000000eab00000)
  object space 44032K, 4% used [0x00000000c0000000,0x00000000c01da550,0x00000000c2b00000)
 Metaspace       used 5750K, capacity 6896K, committed 7040K, reserved 1056768K
  class space    used 580K, capacity 616K, committed 640K, reserved 1048576K
Event: 5.947 GC heap after
Heap after GC invocations=2 (full 0):
 PSYoungGen      total 18944K, used 2531K [0x00000000eab00000, 0x00000000ec000000, 0x0000000100000000)
  eden space 16384K, 0% used [0x00000000eab00000,0x00000000eab00000,0x00000000ebb00000)
  from space 2560K, 98% used [0x00000000ebd80000,0x00000000ebff8cf8,0x00000000ec000000)
  to   space 2560K, 0% used [0x00000000ebb00000,0x00000000ebb00000,0x00000000ebd80000)
 ParOldGen       total 44032K, used 4054K [0x00000000c0000000, 0x00000000c2b00000, 0x00000000eab00000)
  object space 44032K, 9% used [0x00000000c0000000,0x00000000c03f5a70,0x00000000c2b00000)
 Metaspace       used 5750K, capacity 6896K, committed 7040K, reserved 1056768K
  class space    used 580K, capacity 616K, committed 640K, reserved 1048576K
}

Deoptimization events (10 events):
Event: 5.555 Thread 0x0000000016e15000 Uncommon trap: reason=unstable_if action=reinterpret pc=0x000000000303bc38 method=com.android.dx.cf.code.Ropper.labelToResultIndex(I)I @ 34
Event: 5.555 Thread 0x0000000016e15000 Uncommon trap: reason=unstable_if action=reinterpret pc=0x00000000030cc3ac method=com.android.dx.rop.code.RegisterSpec.equals(ILcom/android/dx/rop/type/TypeBearer;Lcom/android/dx/rop/code/LocalItem;)Z @ 16
Event: 5.555 Thread 0x0000000016e15000 Uncommon trap: reason=class_check action=maybe_recompile pc=0x0000000002f1f778 method=com.android.dx.rop.type.Type.equals(Ljava/lang/Object;)Z @ 8
Event: 5.555 Thread 0x0000000016e15000 Uncommon trap: reason=unstable_if action=reinterpret pc=0x00000000030e6858 method=com.android.dx.rop.code.RegisterSpec.equals(ILcom/android/dx/rop/type/TypeBearer;Lcom/android/dx/rop/code/LocalItem;)Z @ 16
Event: 5.559 Thread 0x0000000016e15000 Uncommon trap: reason=unstable_if action=reinterpret pc=0x00000000030ebef0 method=com.android.dx.rop.code.RegisterSpec.equals(ILcom/android/dx/rop/type/TypeBearer;Lcom/android/dx/rop/code/LocalItem;)Z @ 16
Event: 5.559 Thread 0x0000000016e15000 Uncommon trap: reason=class_check action=maybe_recompile pc=0x0000000002f1f778 method=com.android.dx.rop.type.Type.equals(Ljava/lang/Object;)Z @ 8
Event: 5.559 Thread 0x0000000016e15000 Uncommon trap: reason=unstable_if action=reinterpret pc=0x0000000003115738 method=com.android.dx.ssa.SCCP.simulateBranch(Lcom/android/dx/ssa/SsaInsn;)V @ 64
Event: 5.565 Thread 0x0000000016e15000 Uncommon trap: reason=unstable_if action=reinterpret pc=0x00000000030fc5fc method=com.android.dx.util.LabeledList.set(ILcom/android/dx/util/LabeledItem;)V @ 16
Event: 5.565 Thread 0x0000000016e15000 Uncommon trap: reason=unstable_if action=reinterpret pc=0x00000000030cdda8 method=com.android.dx.util.LabeledList.set(ILcom/android/dx/util/LabeledItem;)V @ 16
Event: 5.998 Thread 0x0000000002b40800 Uncommon trap: reason=unloaded action=reinterpret pc=0x0000000002e9fe38 method=com.android.dx.cf.cst.ConstantPoolParser.parse0(ILjava/util/BitSet;)Lcom/android/dx/rop/cst/Constant; @ 198

Internal exceptions (3 events):
Event: 0.507 Thread 0x0000000002b40800 Exception <a 'java/lang/NoSuchMethodError': Method sun.misc.Unsafe.defineClass(Ljava/lang/String;[BII)Ljava/lang/Class; name or signature does not match> (0x00000000eab0d380) thrown at [C:\re\workspace\8-2-build-windows-amd64-cygwin\jdk8u60\4407\hotspot\sr öèª<à?
Event: 0.507 Thread 0x0000000002b40800 Exception <a 'java/lang/NoSuchMethodError': Method sun.misc.Unsafe.prefetchRead(Ljava/lang/Object;J)V name or signature does not match> (0x00000000eab0d668) thrown at [C:\re\workspace\8-2-build-windows-amd64-cygwin\jdk8u60\4407\hotspot\src\share\vm\prims\jÐ<¯ä*´@
Event: 4.426 Thread 0x0000000016e15000 Implicit null exception at 0x00000000030b521e to 0x00000000030b74b9

Events (10 events):
Event: 5.565 Thread 0x0000000016e15000 DEOPT PACKING pc=0x00000000030fc5fc sp=0x000000001754eed0
Event: 5.565 Thread 0x0000000016e15000 DEOPT UNPACKING pc=0x0000000002c8582a sp=0x000000001754ee68 mode 2
Event: 5.565 Thread 0x0000000016e15000 Uncommon trap: trap_request=0xffffff65 fr.pc=0x00000000030cdda8
Event: 5.565 Thread 0x0000000016e15000 DEOPT PACKING pc=0x00000000030cdda8 sp=0x000000001754ee60
Event: 5.565 Thread 0x0000000016e15000 DEOPT UNPACKING pc=0x0000000002c8582a sp=0x000000001754ee60 mode 2
Event: 5.765 Executing VM operation: ParallelGCFailedAllocation
Event: 5.947 Executing VM operation: ParallelGCFailedAllocation done
Event: 5.998 Thread 0x0000000002b40800 Uncommon trap: trap_request=0x000000d2 fr.pc=0x0000000002e9fe38
Event: 5.998 Thread 0x0000000002b40800 DEOPT PACKING pc=0x0000000002e9fe38 sp=0x0000000002b3e4a0
Event: 5.998 Thread 0x0000000002b40800 DEOPT UNPACKING pc=0x0000000002c8582a sp=0x0000000002b3e448 mode 2


Dynamic libraries:
0x00007ff7abe70000 - 0x00007ff7abea7000 	C:\Program Files\Java\jdk1.8.0_60\bin\java.exe
0x00007ffb5dad0000 - 0x00007ffb5dc91000 	C:\Windows\SYSTEM32\ntdll.dll
0x00007ffb5af30000 - 0x00007ffb5afdd000 	C:\Windows\system32\KERNEL32.DLL
0x00007ffb5abe0000 - 0x00007ffb5adc8000 	C:\Windows\system32\KERNELBASE.dll
0x00007ffb5b250000 - 0x00007ffb5b2f7000 	C:\Windows\system32\ADVAPI32.dll
0x00007ffb5b960000 - 0x00007ffb5b9fd000 	C:\Windows\system32\msvcrt.dll
0x00007ffb5aed0000 - 0x00007ffb5af2b000 	C:\Windows\system32\sechost.dll
0x00007ffb5ba00000 - 0x00007ffb5bb1c000 	C:\Windows\system32\RPCRT4.dll
0x00007ffb5b040000 - 0x00007ffb5b196000 	C:\Windows\system32\USER32.dll
0x00007ffb5b450000 - 0x00007ffb5b5d6000 	C:\Windows\system32\GDI32.dll
0x00007ffb4f9d0000 - 0x00007ffb4fc44000 	C:\Windows\WinSxS\amd64_microsoft.windows.common-controls_6595b64144ccf1df_6.0.10586.589_none_a2ddb3caa539acce\COMCTL32.dll
0x00007ffb5d7e0000 - 0x00007ffb5da5d000 	C:\Windows\system32\combase.dll
0x00007ffb5a180000 - 0x00007ffb5a1ea000 	C:\Windows\system32\bcryptPrimitives.dll
0x00007ffb5bb20000 - 0x00007ffb5bb5b000 	C:\Windows\system32\IMM32.DLL
0x00000000561d0000 - 0x00000000562a2000 	C:\Program Files\Java\jdk1.8.0_60\jre\bin\msvcr100.dll
0x0000000056730000 - 0x0000000056fb9000 	C:\Program Files\Java\jdk1.8.0_60\jre\bin\server\jvm.dll
0x00007ffb5d580000 - 0x00007ffb5d588000 	C:\Windows\system32\PSAPI.DLL
0x00007ffb49200000 - 0x00007ffb49209000 	C:\Windows\SYSTEM32\WSOCK32.dll
0x00007ffb586f0000 - 0x00007ffb58713000 	C:\Windows\SYSTEM32\WINMM.dll
0x00007ffb5b5e0000 - 0x00007ffb5b64b000 	C:\Windows\system32\WS2_32.dll
0x00007ffb4dee0000 - 0x00007ffb4deea000 	C:\Windows\SYSTEM32\VERSION.dll
0x0000000002990000 - 0x00000000029bc000 	C:\Windows\SYSTEM32\WINMMBASE.dll
0x00007ffb5add0000 - 0x00007ffb5ae13000 	C:\Windows\system32\cfgmgr32.dll
0x0000000056640000 - 0x000000005664f000 	C:\Program Files\Java\jdk1.8.0_60\jre\bin\verify.dll
0x0000000056610000 - 0x0000000056639000 	C:\Program Files\Java\jdk1.8.0_60\jre\bin\java.dll
0x00000000565f0000 - 0x0000000056606000 	C:\Program Files\Java\jdk1.8.0_60\jre\bin\zip.dll
0x00007ffb5c000000 - 0x00007ffb5d55c000 	C:\Windows\system32\SHELL32.dll
0x00007ffb5a2b0000 - 0x00007ffb5a8f5000 	C:\Windows\system32\windows.storage.dll
0x00007ffb5d590000 - 0x00007ffb5d5e2000 	C:\Windows\system32\shlwapi.dll
0x00007ffb5a110000 - 0x00007ffb5a11f000 	C:\Windows\system32\kernel.appcore.dll
0x00007ffb5a1f0000 - 0x00007ffb5a2a5000 	C:\Windows\system32\shcore.dll
0x00007ffb5a120000 - 0x00007ffb5a16b000 	C:\Windows\system32\powrprof.dll
0x00007ffb5a0f0000 - 0x00007ffb5a104000 	C:\Windows\system32\profapi.dll

VM Arguments:
jvm_args: -Djava.awt.headless=true -Xmx1024M -Dfile.encoding=windows-1252 -Duser.country=IN -Duser.language=en -Duser.variant 
java_command: com.android.dx.command.Main --dex --force-jumbo --num-threads=4 --multi-dex --output E:\work\HomeImage\app\build\intermediates\transforms\dex\debug\folders\1000\5\slice_0 E:\work\HomeImage\app\build\intermediates\transforms\instantRunSlicer\debug\folders\1\5\slice_0
java_class_path (initial): E:\Android\sdk\build-tools\24.0.2\lib\dx.jar
Launcher Type: SUN_STANDARD

Environment Variables:
PATH=C:\ProgramData\Oracle\Java\javapath;C:\Program Files (x86)\Intel\iCLS Client\;C:\Program Files\Intel\iCLS Client\;C:\Windows\system32;C:\Windows;C:\Windows\System32\Wbem;C:\Windows\System32\WindowsPowerShell\v1.0\;C:\Program Files (x86)\AMD\ATI.ACE\Core-Static;C:\Program Files\Intel\Intel(R) Management Engine Components\DAL;C:\Program Files\Intel\Intel(R) Management Engine Components\IPT;C:\Program Files (x86)\Intel\Intel(R) Management Engine Components\DAL;C:\Program Files (x86)\Intel\Intel(R) Management Engine Components\IPT;E:\Android\sdk\ndk-bundle;E:\Android\sdk\platform-tools;C:\Program Files (x86)\Skype\Phone\;C:\Program Files (x86)\Windows Live\Shared
USERNAME=Family
OS=Windows_NT
PROCESSOR_IDENTIFIER=Intel64 Family 6 Model 69 Stepping 1, GenuineIntel



---------------  S Y S T E M  ---------------

OS: Windows 10.0 , 64 bit Build 10586 (10.0.10586.589)

CPU:total 4 (2 cores per cpu, 2 threads per core) family 6 model 69 stepping 1, cmov, cx8, fxsr, mmx, sse, sse2, sse3, ssse3, sse4.1, sse4.2, popcnt, avx, avx2, aes, clmul, erms, lzcnt, ht, tsc, tscinvbit, bmi1, bmi2

Memory: 4k page, physical 4072408k(518764k free), swap 5824072k(6348k free)

vm_info: Java HotSpot(TM) 64-Bit Server VM (25.60-b23) for windows-amd64 JRE (1.8.0_60-b27), built on Aug  4 2015 11:06:27 by "java_re" with MS VC++ 10.0 (VS2010)

time: Tue Sep 20 12:15:54 2016
elapsed time: 6 seconds (0d 0h 0m 6s)

