#
# There is insufficient memory for the Java Runtime Environment to continue.
# Native memory allocation (malloc) failed to allocate 1367856 bytes for Chunk::new
# Possible reasons:
#   The system is out of physical RAM or swap space
#   In 32 bit mode, the process size limit was hit
# Possible solutions:
#   Reduce memory load on the system
#   Increase physical memory or swap space
#   Check if swap backing store is full
#   Use 64 bit Java on a 64 bit OS
#   Decrease Java heap size (-Xmx/-Xms)
#   Decrease number of Java threads
#   Decrease Java thread stack sizes (-Xss)
#   Set larger code cache with -XX:ReservedCodeCacheSize=
# This output file may be truncated or incomplete.
#
#  Out of Memory Error (allocation.cpp:390), pid=1368, tid=8276
#
# JRE version: Java(TM) SE Runtime Environment (8.0_60-b27) (build 1.8.0_60-b27)
# Java VM: Java HotSpot(TM) 64-Bit Server VM (25.60-b23 mixed mode windows-amd64 compressed oops)
# Failed to write core dump. Minidumps are not enabled by default on client versions of Windows
#

---------------  T H R E A D  ---------------

Current thread (0x000000001574e000):  JavaThread "C2 CompilerThread1" daemon [_thread_in_native, id=8276, stack(0x0000000016e40000,0x0000000016f40000)]

Stack: [0x0000000016e40000,0x0000000016f40000]
[error occurred during error reporting (printing stack bounds), id 0xc0000005]

Native frames: (J=compiled Java code, j=interpreted, Vv=VM code, C=native code)


Current CompileTask:
C2:   8892 1067   !   4       com.android.dx.cf.code.BytecodeArray::parseInstruction (2764 bytes)


---------------  P R O C E S S  ---------------

Java Threads: ( => current thread )
  0x000000001729f000 JavaThread "pool-2-thread-4" [_thread_in_Java, id=7616, stack(0x0000000017a40000,0x0000000017b40000)]
  0x000000001722f800 JavaThread "pool-2-thread-3" [_thread_in_Java, id=3192, stack(0x0000000017940000,0x0000000017a40000)]
  0x0000000017227800 JavaThread "pool-2-thread-2" [_thread_in_Java, id=776, stack(0x0000000017840000,0x0000000017940000)]
  0x0000000017224000 JavaThread "pool-3-thread-1" [_thread_blocked, id=8632, stack(0x0000000017740000,0x0000000017840000)]
  0x0000000017187000 JavaThread "pool-2-thread-1" [_thread_in_Java, id=5244, stack(0x0000000017640000,0x0000000017740000)]
  0x0000000017040800 JavaThread "Service Thread" daemon [_thread_blocked, id=5272, stack(0x0000000017440000,0x0000000017540000)]
  0x0000000015758800 JavaThread "C1 CompilerThread2" daemon [_thread_in_vm, id=6260, stack(0x0000000016f40000,0x0000000017040000)]
=>0x000000001574e000 JavaThread "C2 CompilerThread1" daemon [_thread_in_native, id=8276, stack(0x0000000016e40000,0x0000000016f40000)]
  0x00000000156f9000 JavaThread "C2 CompilerThread0" daemon [_thread_in_native, id=1116, stack(0x0000000016d40000,0x0000000016e40000)]
  0x00000000156f7800 JavaThread "Attach Listener" daemon [_thread_blocked, id=8304, stack(0x0000000016c40000,0x0000000016d40000)]
  0x00000000156f6000 JavaThread "Signal Dispatcher" daemon [_thread_blocked, id=7580, stack(0x0000000016b40000,0x0000000016c40000)]
  0x0000000003020800 JavaThread "Finalizer" daemon [_thread_blocked, id=4348, stack(0x0000000016960000,0x0000000016a60000)]
  0x000000000301d000 JavaThread "Reference Handler" daemon [_thread_blocked, id=3024, stack(0x0000000016860000,0x0000000016960000)]
  0x0000000002f31000 JavaThread "main" [_thread_in_Java, id=6664, stack(0x0000000002e30000,0x0000000002f30000)]

Other Threads:
  0x00000000156c8000 VMThread [stack: 0x0000000016760000,0x0000000016860000] [id=8884]
  0x0000000017046800 WatcherThread [stack: 0x0000000017540000,0x0000000017640000] [id=4028]

VM state:not at safepoint (normal execution)

VM Mutex/Monitor currently owned by a thread: None

Heap:
 PSYoungGen      total 18944K, used 16655K [0x00000000eab00000, 0x00000000ed000000, 0x0000000100000000)
  eden space 16384K, 86% used [0x00000000eab00000,0x00000000eb8c9490,0x00000000ebb00000)
  from space 2560K, 99% used [0x00000000ebb00000,0x00000000ebd7aa90,0x00000000ebd80000)
  to   space 2560K, 0% used [0x00000000ecd80000,0x00000000ecd80000,0x00000000ed000000)
 ParOldGen       total 44032K, used 1772K [0x00000000c0000000, 0x00000000c2b00000, 0x00000000eab00000)
  object space 44032K, 4% used [0x00000000c0000000,0x00000000c01bb148,0x00000000c2b00000)
 Metaspace       used 5935K, capacity 6896K, committed 7040K, reserved 1056768K
  class space    used 601K, capacity 616K, committed 640K, reserved 1048576K

Card table byte_map: [0x00000000123f0000,0x0000000012600000] byte_map_base: 0x0000000011df0000

Marking Bits: (ParMarkBitMap*) 0x00000000626ba5b0
 Begin Bits: [0x0000000012b60000, 0x0000000013b60000)
 End Bits:   [0x0000000013b60000, 0x0000000014b60000)

Polling page: 0x0000000002b40000

CodeCache: size=245760Kb used=4480Kb max_used=4480Kb free=241279Kb
 bounds [0x0000000003030000, 0x00000000034a0000, 0x0000000012030000]
 total_blobs=1380 nmethods=1111 adapters=182
 compilation: enabled

Compilation events (10 events):
Event: 8.869 Thread 0x0000000015758800 nmethod 1093 0x0000000003475010 code [0x0000000003475340, 0x00000000034768e8]
Event: 8.869 Thread 0x0000000015758800 1094       3       com.android.dx.ssa.SsaConverter::edgeSplitSuccessors (98 bytes)
Event: 8.870 Thread 0x0000000015758800 nmethod 1094 0x0000000003477390 code [0x0000000003477600, 0x0000000003478428]
Event: 8.870 Thread 0x0000000015758800 1097       3       com.android.dx.rop.code.RegisterSpecSet::intersect (117 bytes)
Event: 8.871 Thread 0x0000000015758800 nmethod 1097 0x0000000003478dd0 code [0x0000000003478fc0, 0x00000000034799b8]
Event: 8.871 Thread 0x0000000015758800 1098       3       com.android.dx.rop.code.RegisterSpecSet::equals (106 bytes)
Event: 8.872 Thread 0x0000000015758800 nmethod 1098 0x000000000347a010 code [0x000000000347a1e0, 0x000000000347aa08]
Event: 8.872 Thread 0x0000000015758800 1099       3       com.android.dx.ssa.DomFront::calcDomFronts (154 bytes)
Event: 8.874 Thread 0x0000000015758800 nmethod 1099 0x000000000347ad10 code [0x000000000347afa0, 0x000000000347bf48]
Event: 8.874 Thread 0x0000000015758800 1100       3       com.android.dx.rop.code.RegisterSpecList::withFirst (64 bytes)

GC Heap History (2 events):
Event: 8.480 GC heap before
{Heap before GC invocations=1 (full 0):
 PSYoungGen      total 18944K, used 16384K [0x00000000eab00000, 0x00000000ec000000, 0x0000000100000000)
  eden space 16384K, 100% used [0x00000000eab00000,0x00000000ebb00000,0x00000000ebb00000)
  from space 2560K, 0% used [0x00000000ebd80000,0x00000000ebd80000,0x00000000ec000000)
  to   space 2560K, 0% used [0x00000000ebb00000,0x00000000ebb00000,0x00000000ebd80000)
 ParOldGen       total 44032K, used 0K [0x00000000c0000000, 0x00000000c2b00000, 0x00000000eab00000)
  object space 44032K, 0% used [0x00000000c0000000,0x00000000c0000000,0x00000000c2b00000)
 Metaspace       used 5745K, capacity 6704K, committed 6784K, reserved 1056768K
  class space    used 598K, capacity 616K, committed 640K, reserved 1048576K
Event: 8.593 GC heap after
Heap after GC invocations=1 (full 0):
 PSYoungGen      total 18944K, used 2538K [0x00000000eab00000, 0x00000000ed000000, 0x0000000100000000)
  eden space 16384K, 0% used [0x00000000eab00000,0x00000000eab00000,0x00000000ebb00000)
  from space 2560K, 99% used [0x00000000ebb00000,0x00000000ebd7aa90,0x00000000ebd80000)
  to   space 2560K, 0% used [0x00000000ecd80000,0x00000000ecd80000,0x00000000ed000000)
 ParOldGen       total 44032K, used 1772K [0x00000000c0000000, 0x00000000c2b00000, 0x00000000eab00000)
  object space 44032K, 4% used [0x00000000c0000000,0x00000000c01bb148,0x00000000c2b00000)
 Metaspace       used 5745K, capacity 6704K, committed 6784K, reserved 1056768K
  class space    used 598K, capacity 616K, committed 640K, reserved 1048576K
}

Deoptimization events (4 events):
Event: 7.588 Thread 0x000000001722f800 Uncommon trap: reason=unstable_if action=reinterpret pc=0x0000000003241afc method=java.util.HashMap.getNode(ILjava/lang/Object;)Ljava/util/HashMap$Node; @ 62
Event: 8.368 Thread 0x0000000002f31000 Uncommon trap: reason=unstable_if action=reinterpret pc=0x000000000329bbf0 method=java.util.BitSet.nextSetBit(I)I @ 87
Event: 8.467 Thread 0x000000001722f800 Uncommon trap: reason=null_check action=make_not_entrant pc=0x00000000032aecac method=com.android.dx.ssa.SsaRenamer.getLocalForNewReg(I)Lcom/android/dx/rop/code/LocalItem; @ 19
Event: 8.705 Thread 0x000000001722f800 Uncommon trap: reason=unstable_if action=reinterpret pc=0x000000000339a59c method=com.android.dx.rop.cst.Constant.compareTo(Lcom/android/dx/rop/cst/Constant;)I @ 12

Internal exceptions (3 events):
Event: 0.283 Thread 0x0000000002f31000 Exception <a 'java/lang/NoSuchMethodError': Method sun.misc.Unsafe.defineClass(Ljava/lang/String;[BII)Ljava/lang/Class; name or signature does not match> (0x00000000eab0d5e8) thrown at [C:\re\workspace\8-2-build-windows-amd64-cygwin\jdk8u60\4407\hotspot\sr‚l¸MÿÒ?
Event: 0.283 Thread 0x0000000002f31000 Exception <a 'java/lang/NoSuchMethodError': Method sun.misc.Unsafe.prefetchRead(Ljava/lang/Object;J)V name or signature does not match> (0x00000000eab0d8d0) thrown at [C:\re\workspace\8-2-build-windows-amd64-cygwin\jdk8u60\4407\hotspot\src\share\vm\prims\jHd`Ñöî @
Event: 8.467 Thread 0x000000001722f800 Implicit null exception at 0x00000000032acc0e to 0x00000000032aec85

Events (10 events):
Event: 8.635 loading class com/android/dx/dex/file/ParameterAnnotationStruct done
Event: 8.636 loading class com/android/dx/dex/file/UniformListItem
Event: 8.636 loading class com/android/dx/dex/file/UniformListItem done
Event: 8.637 loading class com/android/dx/dex/file/AnnotationSetRefItem
Event: 8.637 loading class com/android/dx/dex/file/AnnotationSetRefItem done
Event: 8.705 Thread 0x000000001722f800 Uncommon trap: trap_request=0xffffff65 fr.pc=0x000000000339a59c
Event: 8.705 Thread 0x000000001722f800 DEOPT PACKING pc=0x000000000339a59c sp=0x0000000017a3e860
Event: 8.705 Thread 0x000000001722f800 DEOPT UNPACKING pc=0x000000000307582a sp=0x0000000017a3e800 mode 2
Event: 8.715 loading class com/android/dx/cf/code/SwitchList
Event: 8.715 loading class com/android/dx/cf/code/SwitchList done


Dynamic libraries:
0x00007ff67a4e0000 - 0x00007ff67a517000 	C:\Program Files\Java\jdk1.8.0_60\bin\java.exe
0x00007ffc7f0e0000 - 0x00007ffc7f2a1000 	C:\Windows\SYSTEM32\ntdll.dll
0x00007ffc7e590000 - 0x00007ffc7e63d000 	C:\Windows\system32\KERNEL32.DLL
0x00007ffc7b810000 - 0x00007ffc7b9f8000 	C:\Windows\system32\KERNELBASE.dll
0x00007ffc7e870000 - 0x00007ffc7e917000 	C:\Windows\system32\ADVAPI32.dll
0x00007ffc7ed60000 - 0x00007ffc7edfd000 	C:\Windows\system32\msvcrt.dll
0x00007ffc7ec90000 - 0x00007ffc7eceb000 	C:\Windows\system32\sechost.dll
0x00007ffc7c5b0000 - 0x00007ffc7c6cc000 	C:\Windows\system32\RPCRT4.dll
0x00007ffc7e920000 - 0x00007ffc7ea76000 	C:\Windows\system32\USER32.dll
0x00007ffc7c6e0000 - 0x00007ffc7c866000 	C:\Windows\system32\GDI32.dll
0x00007ffc6fce0000 - 0x00007ffc6ff54000 	C:\Windows\WinSxS\amd64_microsoft.windows.common-controls_6595b64144ccf1df_6.0.10586.589_none_a2ddb3caa539acce\COMCTL32.dll
0x00007ffc7e310000 - 0x00007ffc7e58d000 	C:\Windows\system32\combase.dll
0x00007ffc7ba00000 - 0x00007ffc7ba6a000 	C:\Windows\system32\bcryptPrimitives.dll
0x00007ffc7ef60000 - 0x00007ffc7ef9b000 	C:\Windows\system32\IMM32.DLL
0x0000000061950000 - 0x0000000061a22000 	C:\Program Files\Java\jdk1.8.0_60\jre\bin\msvcr100.dll
0x0000000061eb0000 - 0x0000000062739000 	C:\Program Files\Java\jdk1.8.0_60\jre\bin\server\jvm.dll
0x00007ffc7ee00000 - 0x00007ffc7ee08000 	C:\Windows\system32\PSAPI.DLL
0x00007ffc79e00000 - 0x00007ffc79e23000 	C:\Windows\SYSTEM32\WINMM.dll
0x00007ffc6bdd0000 - 0x00007ffc6bdd9000 	C:\Windows\SYSTEM32\WSOCK32.dll
0x00007ffc6f100000 - 0x00007ffc6f10a000 	C:\Windows\SYSTEM32\VERSION.dll
0x00007ffc79cc0000 - 0x00007ffc79cec000 	C:\Windows\SYSTEM32\WINMMBASE.dll
0x00007ffc7ba70000 - 0x00007ffc7bab3000 	C:\Windows\system32\cfgmgr32.dll
0x00007ffc7e6a0000 - 0x00007ffc7e70b000 	C:\Windows\system32\WS2_32.dll
0x0000000061dc0000 - 0x0000000061dcf000 	C:\Program Files\Java\jdk1.8.0_60\jre\bin\verify.dll
0x0000000061d90000 - 0x0000000061db9000 	C:\Program Files\Java\jdk1.8.0_60\jre\bin\java.dll
0x0000000061d70000 - 0x0000000061d86000 	C:\Program Files\Java\jdk1.8.0_60\jre\bin\zip.dll
0x00007ffc7c870000 - 0x00007ffc7ddcc000 	C:\Windows\system32\SHELL32.dll
0x00007ffc7bac0000 - 0x00007ffc7c105000 	C:\Windows\system32\windows.storage.dll
0x00007ffc7e200000 - 0x00007ffc7e252000 	C:\Windows\system32\shlwapi.dll
0x00007ffc7b700000 - 0x00007ffc7b70f000 	C:\Windows\system32\kernel.appcore.dll
0x00007ffc7c1c0000 - 0x00007ffc7c275000 	C:\Windows\system32\shcore.dll
0x00007ffc7b730000 - 0x00007ffc7b77b000 	C:\Windows\system32\powrprof.dll
0x00007ffc7b710000 - 0x00007ffc7b724000 	C:\Windows\system32\profapi.dll

VM Arguments:
jvm_args: -Djava.awt.headless=true -Xmx1024M -Dfile.encoding=windows-1252 -Duser.country=IN -Duser.language=en -Duser.variant 
java_command: com.android.dx.command.Main --dex --force-jumbo --num-threads=4 --multi-dex --output E:\work\HomeImage\app\build\intermediates\transforms\dex\debug\folders\1000\10\com.android.support-support-core-utils-24.2.0_bebe11c5ca97840a980c8e906a1e6a473987595d E:\work\HomeImage\app\build\intermediates\exploded-aar\com.android.support\support-core-utils\24.2.0\jars\classes.jar
java_class_path (initial): E:\Android\sdk\build-tools\24.0.2\lib\dx.jar
Launcher Type: SUN_STANDARD

Environment Variables:
PATH=C:\ProgramData\Oracle\Java\javapath;C:\Program Files (x86)\Intel\iCLS Client\;C:\Program Files\Intel\iCLS Client\;C:\Windows\system32;C:\Windows;C:\Windows\System32\Wbem;C:\Windows\System32\WindowsPowerShell\v1.0\;C:\Program Files (x86)\AMD\ATI.ACE\Core-Static;C:\Program Files\Intel\Intel(R) Management Engine Components\DAL;C:\Program Files\Intel\Intel(R) Management Engine Components\IPT;C:\Program Files (x86)\Intel\Intel(R) Management Engine Components\DAL;C:\Program Files (x86)\Intel\Intel(R) Management Engine Components\IPT;E:\Android\sdk\ndk-bundle;E:\Android\sdk\platform-tools;C:\Program Files (x86)\Skype\Phone\;C:\Program Files (x86)\Windows Live\Shared
USERNAME=Family
OS=Windows_NT
PROCESSOR_IDENTIFIER=Intel64 Family 6 Model 69 Stepping 1, GenuineIntel



---------------  S Y S T E M  ---------------

OS: Windows 10.0 , 64 bit Build 10586 (10.0.10586.589)

CPU:total 4 (2 cores per cpu, 2 threads per core) family 6 model 69 stepping 1, cmov, cx8, fxsr, mmx, sse, sse2, sse3, ssse3, sse4.1, sse4.2, popcnt, avx, avx2, aes, clmul, erms, lzcnt, ht, tsc, tscinvbit, bmi1, bmi2

Memory: 4k page, physical 4072408k(249340k free), swap 5745876k(4216k free)

vm_info: Java HotSpot(TM) 64-Bit Server VM (25.60-b23) for windows-amd64 JRE (1.8.0_60-b27), built on Aug  4 2015 11:06:27 by "java_re" with MS VC++ 10.0 (VS2010)

time: Tue Sep 20 14:43:25 2016
elapsed time: 8 seconds (0d 0h 0m 8s)

