#
# There is insufficient memory for the Java Runtime Environment to continue.
# Native memory allocation (malloc) failed to allocate 621056 bytes for Chunk::new
# Possible reasons:
#   The system is out of physical RAM or swap space
#   In 32 bit mode, the process size limit was hit
# Possible solutions:
#   Reduce memory load on the system
#   Increase physical memory or swap space
#   Check if swap backing store is full
#   Use 64 bit Java on a 64 bit OS
#   Decrease Java heap size (-Xmx/-Xms)
#   Decrease number of Java threads
#   Decrease Java thread stack sizes (-Xss)
#   Set larger code cache with -XX:ReservedCodeCacheSize=
# This output file may be truncated or incomplete.
#
#  Out of Memory Error (allocation.cpp:390), pid=844, tid=2596
#
# JRE version: Java(TM) SE Runtime Environment (8.0_60-b27) (build 1.8.0_60-b27)
# Java VM: Java HotSpot(TM) 64-Bit Server VM (25.60-b23 mixed mode windows-amd64 compressed oops)
# Failed to write core dump. Minidumps are not enabled by default on client versions of Windows
#

---------------  T H R E A D  ---------------

Current thread (0x0000000014a86000):  JavaThread "C2 CompilerThread1" daemon [_thread_in_native, id=2596, stack(0x0000000016090000,0x0000000016190000)]

Stack: [0x0000000016090000,0x0000000016190000]
[error occurred during error reporting (printing stack bounds), id 0xc0000005]

Native frames: (J=compiled Java code, j=interpreted, Vv=VM code, C=native code)


Current CompileTask:
C2:   5953 1127       4       com.android.dx.ssa.back.LivenessAnalyzer::run (231 bytes)


---------------  P R O C E S S  ---------------

Java Threads: ( => current thread )
  0x00000000164e9000 JavaThread "pool-2-thread-4" [_thread_blocked, id=8804, stack(0x0000000016c90000,0x0000000016d90000)]
  0x0000000016419800 JavaThread "pool-2-thread-2" [_thread_in_Java, id=7084, stack(0x0000000016a90000,0x0000000016b90000)]
  0x0000000016419000 JavaThread "pool-3-thread-1" [_thread_blocked, id=3220, stack(0x0000000016990000,0x0000000016a90000)]
  0x0000000016295800 JavaThread "Service Thread" daemon [_thread_blocked, id=2120, stack(0x0000000016690000,0x0000000016790000)]
  0x0000000014a8c000 JavaThread "C1 CompilerThread2" daemon [_thread_blocked, id=4924, stack(0x0000000016190000,0x0000000016290000)]
=>0x0000000014a86000 JavaThread "C2 CompilerThread1" daemon [_thread_in_native, id=2596, stack(0x0000000016090000,0x0000000016190000)]
  0x0000000014a29800 JavaThread "C2 CompilerThread0" daemon [_thread_in_native, id=1096, stack(0x0000000015f90000,0x0000000016090000)]
  0x0000000014a27800 JavaThread "Attach Listener" daemon [_thread_blocked, id=5512, stack(0x0000000015e90000,0x0000000015f90000)]
  0x0000000014a26800 JavaThread "Signal Dispatcher" daemon [_thread_blocked, id=7616, stack(0x0000000015d90000,0x0000000015e90000)]
  0x0000000002351800 JavaThread "Finalizer" daemon [_thread_blocked, id=7184, stack(0x0000000015c90000,0x0000000015d90000)]
  0x000000000234e800 JavaThread "Reference Handler" daemon [_thread_blocked, id=8472, stack(0x0000000015b90000,0x0000000015c90000)]
  0x0000000002261000 JavaThread "main" [_thread_blocked, id=356, stack(0x0000000001ec0000,0x0000000001fc0000)]

Other Threads:
  0x00000000149f7000 VMThread [stack: 0x0000000015a90000,0x0000000015b90000] [id=8068]
  0x00000000162a1000 WatcherThread [stack: 0x0000000016790000,0x0000000016890000] [id=1112]

VM state:not at safepoint (normal execution)

VM Mutex/Monitor currently owned by a thread: None

Heap:
 PSYoungGen      total 18944K, used 4395K [0x00000000eab00000, 0x00000000ed000000, 0x0000000100000000)
  eden space 16384K, 11% used [0x00000000eab00000,0x00000000eacd2e70,0x00000000ebb00000)
  from space 2560K, 98% used [0x00000000ebd80000,0x00000000ebff8028,0x00000000ec000000)
  to   space 2560K, 0% used [0x00000000ebb00000,0x00000000ebb00000,0x00000000ebd80000)
 ParOldGen       total 44032K, used 4344K [0x00000000c0000000, 0x00000000c2b00000, 0x00000000eab00000)
  object space 44032K, 9% used [0x00000000c0000000,0x00000000c043e0a8,0x00000000c2b00000)
 Metaspace       used 5979K, capacity 6898K, committed 7040K, reserved 1056768K
  class space    used 604K, capacity 618K, committed 640K, reserved 1048576K

Card table byte_map: [0x0000000011720000,0x0000000011930000] byte_map_base: 0x0000000011120000

Marking Bits: (ParMarkBitMap*) 0x00000000626ba5b0
 Begin Bits: [0x0000000011e90000, 0x0000000012e90000)
 End Bits:   [0x0000000012e90000, 0x0000000013e90000)

Polling page: 0x0000000000740000

CodeCache: size=245760Kb used=4571Kb max_used=4583Kb free=241188Kb
 bounds [0x0000000002360000, 0x00000000027e0000, 0x0000000011360000]
 total_blobs=1419 nmethods=1150 adapters=182
 compilation: enabled

Compilation events (10 events):
Event: 5.905 Thread 0x0000000014a8c000 1152  s    3       com.android.dx.dex.file.MethodIdsSection::intern (55 bytes)
Event: 5.906 Thread 0x0000000014a8c000 nmethod 1152 0x00000000027d7a90 code [0x00000000027d7cc0, 0x00000000027d89e8]
Event: 5.919 Thread 0x0000000014a29800 nmethod 1143 0x00000000027dc3d0 code [0x00000000027dc560, 0x00000000027dcc08]
Event: 5.919 Thread 0x0000000014a29800 1139       4       java.util.ArrayList::subListRangeCheck (110 bytes)
Event: 5.920 Thread 0x0000000014a29800 nmethod 1139 0x00000000027befd0 code [0x00000000027bf100, 0x00000000027bf198]
Event: 5.920 Thread 0x0000000014a29800 1159       4       com.android.dx.dex.code.CodeAddress::<init> (7 bytes)
Event: 5.921 Thread 0x0000000014a29800 nmethod 1159 0x00000000027baed0 code [0x00000000027bb020, 0x00000000027bb0d8]
Event: 5.921 Thread 0x0000000014a29800 1144       4       com.android.dx.rop.code.PlainInsn::withNewRegisters (18 bytes)
Event: 5.923 Thread 0x0000000014a29800 nmethod 1144 0x00000000027d9110 code [0x00000000027d9260, 0x00000000027d9418]
Event: 5.923 Thread 0x0000000014a29800 1123       4       com.android.dx.ssa.SCCP::simulateStmt (481 bytes)

GC Heap History (4 events):
Event: 5.371 GC heap before
{Heap before GC invocations=1 (full 0):
 PSYoungGen      total 18944K, used 16384K [0x00000000eab00000, 0x00000000ec000000, 0x0000000100000000)
  eden space 16384K, 100% used [0x00000000eab00000,0x00000000ebb00000,0x00000000ebb00000)
  from space 2560K, 0% used [0x00000000ebd80000,0x00000000ebd80000,0x00000000ec000000)
  to   space 2560K, 0% used [0x00000000ebb00000,0x00000000ebb00000,0x00000000ebd80000)
 ParOldGen       total 44032K, used 0K [0x00000000c0000000, 0x00000000c2b00000, 0x00000000eab00000)
  object space 44032K, 0% used [0x00000000c0000000,0x00000000c0000000,0x00000000c2b00000)
 Metaspace       used 5795K, capacity 6768K, committed 7040K, reserved 1056768K
  class space    used 600K, capacity 616K, committed 640K, reserved 1048576K
Event: 5.408 GC heap after
Heap after GC invocations=1 (full 0):
 PSYoungGen      total 18944K, used 2535K [0x00000000eab00000, 0x00000000ec000000, 0x0000000100000000)
  eden space 16384K, 0% used [0x00000000eab00000,0x00000000eab00000,0x00000000ebb00000)
  from space 2560K, 99% used [0x00000000ebb00000,0x00000000ebd79c88,0x00000000ebd80000)
  to   space 2560K, 0% used [0x00000000ebd80000,0x00000000ebd80000,0x00000000ec000000)
 ParOldGen       total 44032K, used 1868K [0x00000000c0000000, 0x00000000c2b00000, 0x00000000eab00000)
  object space 44032K, 4% used [0x00000000c0000000,0x00000000c01d32c8,0x00000000c2b00000)
 Metaspace       used 5795K, capacity 6768K, committed 7040K, reserved 1056768K
  class space    used 600K, capacity 616K, committed 640K, reserved 1048576K
}
Event: 5.810 GC heap before
{Heap before GC invocations=2 (full 0):
 PSYoungGen      total 18944K, used 18919K [0x00000000eab00000, 0x00000000ec000000, 0x0000000100000000)
  eden space 16384K, 100% used [0x00000000eab00000,0x00000000ebb00000,0x00000000ebb00000)
  from space 2560K, 99% used [0x00000000ebb00000,0x00000000ebd79c88,0x00000000ebd80000)
  to   space 2560K, 0% used [0x00000000ebd80000,0x00000000ebd80000,0x00000000ec000000)
 ParOldGen       total 44032K, used 1868K [0x00000000c0000000, 0x00000000c2b00000, 0x00000000eab00000)
  object space 44032K, 4% used [0x00000000c0000000,0x00000000c01d32c8,0x00000000c2b00000)
 Metaspace       used 5955K, capacity 6898K, committed 7040K, reserved 1056768K
  class space    used 604K, capacity 618K, committed 640K, reserved 1048576K
Event: 5.859 GC heap after
Heap after GC invocations=2 (full 0):
 PSYoungGen      total 18944K, used 2528K [0x00000000eab00000, 0x00000000ed000000, 0x0000000100000000)
  eden space 16384K, 0% used [0x00000000eab00000,0x00000000eab00000,0x00000000ebb00000)
  from space 2560K, 98% used [0x00000000ebd80000,0x00000000ebff8028,0x00000000ec000000)
  to   space 2560K, 0% used [0x00000000ebb00000,0x00000000ebb00000,0x00000000ebd80000)
 ParOldGen       total 44032K, used 4344K [0x00000000c0000000, 0x00000000c2b00000, 0x00000000eab00000)
  object space 44032K, 9% used [0x00000000c0000000,0x00000000c043e0a8,0x00000000c2b00000)
 Metaspace       used 5955K, capacity 6898K, committed 7040K, reserved 1056768K
  class space    used 604K, capacity 618K, committed 640K, reserved 1048576K
}

Deoptimization events (8 events):
Event: 5.106 Thread 0x0000000002261000 Uncommon trap: reason=unstable_if action=reinterpret pc=0x00000000025afdc4 method=java.util.HashMap.getNode(ILjava/lang/Object;)Ljava/util/HashMap$Node; @ 62
Event: 5.450 Thread 0x00000000164e7800 Uncommon trap: reason=class_check action=maybe_recompile pc=0x00000000025ff2e4 method=com.android.dx.rop.type.Type.equals(Ljava/lang/Object;)Z @ 8
Event: 5.614 Thread 0x00000000164e7800 Uncommon trap: reason=null_check action=make_not_entrant pc=0x00000000026a2568 method=com.android.dx.rop.type.Type.equals(Ljava/lang/Object;)Z @ 8
Event: 5.665 Thread 0x00000000164e7800 Uncommon trap: reason=unstable_if action=reinterpret pc=0x000000000265bb84 method=com.android.dx.rop.code.RegisterSpec.equals(ILcom/android/dx/rop/type/TypeBearer;Lcom/android/dx/rop/code/LocalItem;)Z @ 42
Event: 5.680 Thread 0x00000000164e9000 Uncommon trap: reason=class_check action=maybe_recompile pc=0x00000000025ff2e4 method=com.android.dx.rop.type.Type.equals(Ljava/lang/Object;)Z @ 8
Event: 5.703 Thread 0x00000000164e9000 Uncommon trap: reason=bimorphic action=maybe_recompile pc=0x00000000025ff29c method=java.util.HashMap.getNode(ILjava/lang/Object;)Ljava/util/HashMap$Node; @ 126
Event: 5.898 Thread 0x00000000164e9000 Uncommon trap: reason=unstable_if action=reinterpret pc=0x00000000026a1aac method=com.android.dx.rop.code.RegisterSpecSet.put(Lcom/android/dx/rop/code/RegisterSpec;)V @ 77
Event: 5.898 Thread 0x00000000164e9000 Uncommon trap: reason=unstable_if action=reinterpret pc=0x00000000026af0ac method=com.android.dx.rop.code.RegisterSpecSet.put(Lcom/android/dx/rop/code/RegisterSpec;)V @ 77

Internal exceptions (3 events):
Event: 0.447 Thread 0x0000000002261000 Exception <a 'java/lang/NoSuchMethodError': Method sun.misc.Unsafe.defineClass(Ljava/lang/String;[BII)Ljava/lang/Class; name or signature does not match> (0x00000000eab0d600) thrown at [C:\re\workspace\8-2-build-windows-amd64-cygwin\jdk8u60\4407\hotspot\sruæ¼‹|›Ü?
Event: 0.447 Thread 0x0000000002261000 Exception <a 'java/lang/NoSuchMethodError': Method sun.misc.Unsafe.prefetchRead(Ljava/lang/Object;J)V name or signature does not match> (0x00000000eab0d8e8) thrown at [C:\re\workspace\8-2-build-windows-amd64-cygwin\jdk8u60\4407\hotspot\src\share\vm\prims\j¿š¶°t@
Event: 5.614 Thread 0x00000000164e7800 Implicit null exception at 0x00000000026a2462 to 0x00000000026a255a

Events (10 events):
Event: 5.722 Thread 0x0000000016410000 Thread exited: 0x0000000016410000
Event: 5.756 Executing VM operation: ParallelGCFailedAllocation
Event: 5.859 Executing VM operation: ParallelGCFailedAllocation done
Event: 5.865 Thread 0x00000000164e7800 Thread exited: 0x00000000164e7800
Event: 5.898 Thread 0x00000000164e9000 Uncommon trap: trap_request=0xffffff65 fr.pc=0x00000000026a1aac
Event: 5.898 Thread 0x00000000164e9000 DEOPT PACKING pc=0x00000000026a1aac sp=0x0000000016d8e6f0
Event: 5.898 Thread 0x00000000164e9000 DEOPT UNPACKING pc=0x00000000023a582a sp=0x0000000016d8e678 mode 2
Event: 5.898 Thread 0x00000000164e9000 Uncommon trap: trap_request=0xffffff65 fr.pc=0x00000000026af0ac
Event: 5.898 Thread 0x00000000164e9000 DEOPT PACKING pc=0x00000000026af0ac sp=0x0000000016d8e6e0
Event: 5.898 Thread 0x00000000164e9000 DEOPT UNPACKING pc=0x00000000023a582a sp=0x0000000016d8e600 mode 2


Dynamic libraries:
0x00007ff67a4e0000 - 0x00007ff67a517000 	C:\Program Files\Java\jdk1.8.0_60\bin\java.exe
0x00007ffc7f0e0000 - 0x00007ffc7f2a1000 	C:\Windows\SYSTEM32\ntdll.dll
0x00007ffc7e590000 - 0x00007ffc7e63d000 	C:\Windows\system32\KERNEL32.DLL
0x00007ffc7b810000 - 0x00007ffc7b9f8000 	C:\Windows\system32\KERNELBASE.dll
0x00007ffc7e870000 - 0x00007ffc7e917000 	C:\Windows\system32\ADVAPI32.dll
0x00007ffc7ed60000 - 0x00007ffc7edfd000 	C:\Windows\system32\msvcrt.dll
0x00007ffc7ec90000 - 0x00007ffc7eceb000 	C:\Windows\system32\sechost.dll
0x00007ffc7c5b0000 - 0x00007ffc7c6cc000 	C:\Windows\system32\RPCRT4.dll
0x00007ffc7e920000 - 0x00007ffc7ea76000 	C:\Windows\system32\USER32.dll
0x00007ffc7c6e0000 - 0x00007ffc7c866000 	C:\Windows\system32\GDI32.dll
0x00007ffc6fce0000 - 0x00007ffc6ff54000 	C:\Windows\WinSxS\amd64_microsoft.windows.common-controls_6595b64144ccf1df_6.0.10586.589_none_a2ddb3caa539acce\COMCTL32.dll
0x00007ffc7e310000 - 0x00007ffc7e58d000 	C:\Windows\system32\combase.dll
0x00007ffc7ba00000 - 0x00007ffc7ba6a000 	C:\Windows\system32\bcryptPrimitives.dll
0x00007ffc7ef60000 - 0x00007ffc7ef9b000 	C:\Windows\system32\IMM32.DLL
0x0000000061950000 - 0x0000000061a22000 	C:\Program Files\Java\jdk1.8.0_60\jre\bin\msvcr100.dll
0x0000000061eb0000 - 0x0000000062739000 	C:\Program Files\Java\jdk1.8.0_60\jre\bin\server\jvm.dll
0x00007ffc7ee00000 - 0x00007ffc7ee08000 	C:\Windows\system32\PSAPI.DLL
0x00007ffc6bdd0000 - 0x00007ffc6bdd9000 	C:\Windows\SYSTEM32\WSOCK32.dll
0x00007ffc7e6a0000 - 0x00007ffc7e70b000 	C:\Windows\system32\WS2_32.dll
0x00007ffc79e00000 - 0x00007ffc79e23000 	C:\Windows\SYSTEM32\WINMM.dll
0x00007ffc6f100000 - 0x00007ffc6f10a000 	C:\Windows\SYSTEM32\VERSION.dll
0x00007ffc79cc0000 - 0x00007ffc79cec000 	C:\Windows\SYSTEM32\WINMMBASE.dll
0x00007ffc7ba70000 - 0x00007ffc7bab3000 	C:\Windows\system32\cfgmgr32.dll
0x0000000061dc0000 - 0x0000000061dcf000 	C:\Program Files\Java\jdk1.8.0_60\jre\bin\verify.dll
0x0000000061d90000 - 0x0000000061db9000 	C:\Program Files\Java\jdk1.8.0_60\jre\bin\java.dll
0x0000000061d70000 - 0x0000000061d86000 	C:\Program Files\Java\jdk1.8.0_60\jre\bin\zip.dll
0x00007ffc7c870000 - 0x00007ffc7ddcc000 	C:\Windows\system32\SHELL32.dll
0x00007ffc7bac0000 - 0x00007ffc7c105000 	C:\Windows\system32\windows.storage.dll
0x00007ffc7e200000 - 0x00007ffc7e252000 	C:\Windows\system32\shlwapi.dll
0x00007ffc7b700000 - 0x00007ffc7b70f000 	C:\Windows\system32\kernel.appcore.dll
0x00007ffc7c1c0000 - 0x00007ffc7c275000 	C:\Windows\system32\shcore.dll
0x00007ffc7b730000 - 0x00007ffc7b77b000 	C:\Windows\system32\powrprof.dll
0x00007ffc7b710000 - 0x00007ffc7b724000 	C:\Windows\system32\profapi.dll

VM Arguments:
jvm_args: -Djava.awt.headless=true -Xmx1024M -Dfile.encoding=windows-1252 -Duser.country=IN -Duser.language=en -Duser.variant 
java_command: com.android.dx.command.Main --dex --force-jumbo --num-threads=4 --multi-dex --output E:\work\HomeImage\app\build\intermediates\transforms\dex\debug\folders\1000\10\com.android.support-support-vector-drawable-24.2.0_3d05830e49119779400ec6d5b7844d42edf292bc E:\work\HomeImage\app\build\intermediates\exploded-aar\com.android.support\support-vector-drawable\24.2.0\jars\classes.jar
java_class_path (initial): E:\Android\sdk\build-tools\24.0.2\lib\dx.jar
Launcher Type: SUN_STANDARD

Environment Variables:
PATH=C:\ProgramData\Oracle\Java\javapath;C:\Program Files (x86)\Intel\iCLS Client\;C:\Program Files\Intel\iCLS Client\;C:\Windows\system32;C:\Windows;C:\Windows\System32\Wbem;C:\Windows\System32\WindowsPowerShell\v1.0\;C:\Program Files (x86)\AMD\ATI.ACE\Core-Static;C:\Program Files\Intel\Intel(R) Management Engine Components\DAL;C:\Program Files\Intel\Intel(R) Management Engine Components\IPT;C:\Program Files (x86)\Intel\Intel(R) Management Engine Components\DAL;C:\Program Files (x86)\Intel\Intel(R) Management Engine Components\IPT;E:\Android\sdk\ndk-bundle;E:\Android\sdk\platform-tools;C:\Program Files (x86)\Skype\Phone\;C:\Program Files (x86)\Windows Live\Shared
USERNAME=Family
OS=Windows_NT
PROCESSOR_IDENTIFIER=Intel64 Family 6 Model 69 Stepping 1, GenuineIntel



---------------  S Y S T E M  ---------------

OS: Windows 10.0 , 64 bit Build 10586 (10.0.10586.589)

CPU:total 4 (2 cores per cpu, 2 threads per core) family 6 model 69 stepping 1, cmov, cx8, fxsr, mmx, sse, sse2, sse3, ssse3, sse4.1, sse4.2, popcnt, avx, avx2, aes, clmul, erms, lzcnt, ht, tsc, tscinvbit, bmi1, bmi2

Memory: 4k page, physical 4072408k(247980k free), swap 5755872k(5284k free)

vm_info: Java HotSpot(TM) 64-Bit Server VM (25.60-b23) for windows-amd64 JRE (1.8.0_60-b27), built on Aug  4 2015 11:06:27 by "java_re" with MS VC++ 10.0 (VS2010)

time: Tue Sep 20 15:01:04 2016
elapsed time: 5 seconds (0d 0h 0m 5s)

