#
# There is insufficient memory for the Java Runtime Environment to continue.
# Native memory allocation (malloc) failed to allocate 1166176 bytes for Chunk::new
# Possible reasons:
#   The system is out of physical RAM or swap space
#   In 32 bit mode, the process size limit was hit
# Possible solutions:
#   Reduce memory load on the system
#   Increase physical memory or swap space
#   Check if swap backing store is full
#   Use 64 bit Java on a 64 bit OS
#   Decrease Java heap size (-Xmx/-Xms)
#   Decrease number of Java threads
#   Decrease Java thread stack sizes (-Xss)
#   Set larger code cache with -XX:ReservedCodeCacheSize=
# This output file may be truncated or incomplete.
#
#  Out of Memory Error (allocation.cpp:390), pid=3156, tid=8368
#
# JRE version: Java(TM) SE Runtime Environment (8.0_60-b27) (build 1.8.0_60-b27)
# Java VM: Java HotSpot(TM) 64-Bit Server VM (25.60-b23 mixed mode windows-amd64 compressed oops)
# Failed to write core dump. Minidumps are not enabled by default on client versions of Windows
#

---------------  T H R E A D  ---------------

Current thread (0x0000000014a50000):  JavaThread "C2 CompilerThread1" daemon [_thread_in_native, id=8368, stack(0x0000000016180000,0x0000000016280000)]

Stack: [0x0000000016180000,0x0000000016280000]
[error occurred during error reporting (printing stack bounds), id 0xc0000005]

Native frames: (J=compiled Java code, j=interpreted, Vv=VM code, C=native code)


Current CompileTask:
C2:   4962 1102       4       com.android.dx.dex.code.OutputFinisher::addConstants (93 bytes)


---------------  P R O C E S S  ---------------

Java Threads: ( => current thread )
  0x00000000165d8000 JavaThread "pool-1-thread-1" [_thread_in_native, id=2424, stack(0x0000000018450000,0x0000000018550000)]
  0x00000000163b5800 JavaThread "Service Thread" daemon [_thread_blocked, id=6540, stack(0x0000000016780000,0x0000000016880000)]
  0x0000000014a52800 JavaThread "C1 CompilerThread2" daemon [_thread_blocked, id=7312, stack(0x0000000016280000,0x0000000016380000)]
=>0x0000000014a50000 JavaThread "C2 CompilerThread1" daemon [_thread_in_native, id=8368, stack(0x0000000016180000,0x0000000016280000)]
  0x0000000014a4a000 JavaThread "C2 CompilerThread0" daemon [_thread_blocked, id=8408, stack(0x0000000016080000,0x0000000016180000)]
  0x0000000014a48800 JavaThread "Attach Listener" daemon [_thread_blocked, id=4492, stack(0x0000000015f80000,0x0000000016080000)]
  0x0000000014a47800 JavaThread "Signal Dispatcher" daemon [_thread_blocked, id=292, stack(0x0000000015e80000,0x0000000015f80000)]
  0x0000000002370800 JavaThread "Finalizer" daemon [_thread_blocked, id=7136, stack(0x0000000015ca0000,0x0000000015da0000)]
  0x000000000236d000 JavaThread "Reference Handler" daemon [_thread_blocked, id=392, stack(0x0000000015ba0000,0x0000000015ca0000)]
  0x0000000002280800 JavaThread "main" [_thread_blocked, id=8396, stack(0x0000000002180000,0x0000000002280000)]

Other Threads:
  0x0000000014a18000 VMThread [stack: 0x0000000015aa0000,0x0000000015ba0000] [id=7272]
  0x00000000163bc000 WatcherThread [stack: 0x0000000016880000,0x0000000016980000] [id=7696]

VM state:not at safepoint (normal execution)

VM Mutex/Monitor currently owned by a thread: None

Heap:
 PSYoungGen      total 18944K, used 7871K [0x00000000eab00000, 0x00000000ec000000, 0x0000000100000000)
  eden space 16384K, 32% used [0x00000000eab00000,0x00000000eb037fb8,0x00000000ebb00000)
  from space 2560K, 98% used [0x00000000ebb00000,0x00000000ebd78038,0x00000000ebd80000)
  to   space 2560K, 0% used [0x00000000ebd80000,0x00000000ebd80000,0x00000000ec000000)
 ParOldGen       total 44032K, used 1356K [0x00000000c0000000, 0x00000000c2b00000, 0x00000000eab00000)
  object space 44032K, 3% used [0x00000000c0000000,0x00000000c0153330,0x00000000c2b00000)
 Metaspace       used 5722K, capacity 6832K, committed 7040K, reserved 1056768K
  class space    used 581K, capacity 616K, committed 640K, reserved 1048576K

Card table byte_map: [0x0000000011740000,0x0000000011950000] byte_map_base: 0x0000000011140000

Marking Bits: (ParMarkBitMap*) 0x000000005c79a5b0
 Begin Bits: [0x0000000011eb0000, 0x0000000012eb0000)
 End Bits:   [0x0000000012eb0000, 0x0000000013eb0000)

Polling page: 0x00000000020c0000

CodeCache: size=245760Kb used=4431Kb max_used=4445Kb free=241328Kb
 bounds [0x0000000002380000, 0x00000000027e0000, 0x0000000011380000]
 total_blobs=1382 nmethods=1122 adapters=173
 compilation: enabled

Compilation events (10 events):
Event: 4.934 Thread 0x0000000014a52800 nmethod 1120 0x00000000027d5a90 code [0x00000000027d5ca0, 0x00000000027d6718]
Event: 4.937 Thread 0x0000000014a52800 1121       1       com.android.dx.dex.file.DexFile::getStringData (5 bytes)
Event: 4.937 Thread 0x0000000014a52800 nmethod 1121 0x00000000027d2610 code [0x00000000027d2760, 0x00000000027d2870]
Event: 4.937 Thread 0x0000000014a52800 1122       3       com.android.dx.dex.file.StringIdItem::addContents (36 bytes)
Event: 4.938 Thread 0x0000000014a52800 nmethod 1122 0x00000000027d6c50 code [0x00000000027d6e20, 0x00000000027d7758]
Event: 4.939 Thread 0x0000000014a52800 1123       3       com.android.dx.dex.file.StringDataItem::addContents (1 bytes)
Event: 4.939 Thread 0x0000000014a52800 nmethod 1123 0x00000000027d22d0 code [0x00000000027d2420, 0x00000000027d2570]
Event: 4.948 Thread 0x0000000014a4a000 nmethod 1107 0x00000000027db6d0 code [0x00000000027db8a0, 0x00000000027dc658]
Event: 4.948 Thread 0x0000000014a4a000 1104       4       java.util.HashMap::hash (20 bytes)
Event: 4.950 Thread 0x0000000014a4a000 nmethod 1104 0x00000000027d2010 code [0x00000000027d2160, 0x00000000027d2218]

GC Heap History (2 events):
Event: 3.367 GC heap before
{Heap before GC invocations=1 (full 0):
 PSYoungGen      total 18944K, used 16384K [0x00000000eab00000, 0x00000000ec000000, 0x0000000100000000)
  eden space 16384K, 100% used [0x00000000eab00000,0x00000000ebb00000,0x00000000ebb00000)
  from space 2560K, 0% used [0x00000000ebd80000,0x00000000ebd80000,0x00000000ec000000)
  to   space 2560K, 0% used [0x00000000ebb00000,0x00000000ebb00000,0x00000000ebd80000)
 ParOldGen       total 44032K, used 0K [0x00000000c0000000, 0x00000000c2b00000, 0x00000000eab00000)
  object space 44032K, 0% used [0x00000000c0000000,0x00000000c0000000,0x00000000c2b00000)
 Metaspace       used 5630K, capacity 6768K, committed 7040K, reserved 1056768K
  class space    used 576K, capacity 616K, committed 640K, reserved 1048576K
Event: 3.374 GC heap after
Heap after GC invocations=1 (full 0):
 PSYoungGen      total 18944K, used 2528K [0x00000000eab00000, 0x00000000ec000000, 0x0000000100000000)
  eden space 16384K, 0% used [0x00000000eab00000,0x00000000eab00000,0x00000000ebb00000)
  from space 2560K, 98% used [0x00000000ebb00000,0x00000000ebd78038,0x00000000ebd80000)
  to   space 2560K, 0% used [0x00000000ebd80000,0x00000000ebd80000,0x00000000ec000000)
 ParOldGen       total 44032K, used 1356K [0x00000000c0000000, 0x00000000c2b00000, 0x00000000eab00000)
  object space 44032K, 3% used [0x00000000c0000000,0x00000000c0153330,0x00000000c2b00000)
 Metaspace       used 5630K, capacity 6768K, committed 7040K, reserved 1056768K
  class space    used 576K, capacity 616K, committed 640K, reserved 1048576K
}

Deoptimization events (10 events):
Event: 4.739 Thread 0x00000000165d8000 Uncommon trap: reason=class_check action=maybe_recompile pc=0x00000000027ab298 method=java.util.Arrays.hashCode([Ljava/lang/Object;)I @ 43
Event: 4.740 Thread 0x00000000165d8000 Uncommon trap: reason=class_check action=maybe_recompile pc=0x00000000027ab298 method=java.util.Arrays.hashCode([Ljava/lang/Object;)I @ 43
Event: 4.740 Thread 0x00000000165d8000 Uncommon trap: reason=class_check action=maybe_recompile pc=0x00000000027ab298 method=java.util.Arrays.hashCode([Ljava/lang/Object;)I @ 43
Event: 4.740 Thread 0x00000000165d8000 Uncommon trap: reason=class_check action=maybe_recompile pc=0x00000000027ab298 method=java.util.Arrays.hashCode([Ljava/lang/Object;)I @ 43
Event: 4.741 Thread 0x00000000165d8000 Uncommon trap: reason=class_check action=maybe_recompile pc=0x000000000278bc38 method=java.util.Arrays.hashCode([Ljava/lang/Object;)I @ 43
Event: 4.800 Thread 0x00000000165d8000 Uncommon trap: reason=class_check action=maybe_recompile pc=0x0000000002772b1c method=java.util.HashMap.putVal(ILjava/lang/Object;Ljava/lang/Object;ZZ)Ljava/lang/Object; @ 203
Event: 4.800 Thread 0x00000000165d8000 Uncommon trap: reason=class_check action=maybe_recompile pc=0x0000000002772b1c method=java.util.HashMap.putVal(ILjava/lang/Object;Ljava/lang/Object;ZZ)Ljava/lang/Object; @ 203
Event: 4.906 Thread 0x00000000165d8000 Uncommon trap: reason=class_check action=maybe_recompile pc=0x0000000002772b1c method=java.util.HashMap.putVal(ILjava/lang/Object;Ljava/lang/Object;ZZ)Ljava/lang/Object; @ 203
Event: 4.906 Thread 0x00000000165d8000 Uncommon trap: reason=class_check action=maybe_recompile pc=0x0000000002772b1c method=java.util.HashMap.putVal(ILjava/lang/Object;Ljava/lang/Object;ZZ)Ljava/lang/Object; @ 203
Event: 4.931 Thread 0x00000000165d8000 Uncommon trap: reason=bimorphic action=maybe_recompile pc=0x00000000025e287c method=java.util.HashMap.getNode(ILjava/lang/Object;)Ljava/util/HashMap$Node; @ 126

Internal exceptions (2 events):
Event: 0.228 Thread 0x0000000002280800 Exception <a 'java/lang/NoSuchMethodError': Method sun.misc.Unsafe.defineClass(Ljava/lang/String;[BII)Ljava/lang/Class; name or signature does not match> (0x00000000eab0d520) thrown at [C:\re\workspace\8-2-build-windows-amd64-cygwin\jdk8u60\4407\hotspot\sr€æ);r:Õ?
Event: 0.228 Thread 0x0000000002280800 Exception <a 'java/lang/NoSuchMethodError': Method sun.misc.Unsafe.prefetchRead(Ljava/lang/Object;J)V name or signature does not match> (0x00000000eab0d808) thrown at [C:\re\workspace\8-2-build-windows-amd64-cygwin\jdk8u60\4407\hotspot\src\share\vm\prims\j

Events (10 events):
Event: 4.906 Thread 0x00000000165d8000 DEOPT PACKING pc=0x0000000002772b1c sp=0x000000001854ed60
Event: 4.906 Thread 0x00000000165d8000 DEOPT UNPACKING pc=0x00000000023c582a sp=0x000000001854ec70 mode 2
Event: 4.927 loading class com/android/dx/dex/file/ProtoIdItem
Event: 4.928 loading class com/android/dx/dex/file/ProtoIdItem done
Event: 4.931 Thread 0x00000000165d8000 Uncommon trap: trap_request=0xffffffc6 fr.pc=0x00000000025e287c
Event: 4.931 Thread 0x00000000165d8000 DEOPT PACKING pc=0x00000000025e287c sp=0x000000001854eed0
Event: 4.931 Thread 0x00000000165d8000 DEOPT UNPACKING pc=0x00000000023c582a sp=0x000000001854edf8 mode 2
Event: 4.932 loading class com/android/dex/Leb128
Event: 4.932 loading class com/android/dex/Leb128 done
Event: 4.939 loading class java/util/Collections$1


Dynamic libraries:
0x00007ff7c5620000 - 0x00007ff7c5657000 	C:\Program Files\Java\jdk1.8.0_60\bin\java.exe
0x00007ff81eea0000 - 0x00007ff81f061000 	C:\Windows\SYSTEM32\ntdll.dll
0x00007ff81ec80000 - 0x00007ff81ed2d000 	C:\Windows\system32\KERNEL32.DLL
0x00007ff81bd10000 - 0x00007ff81bef8000 	C:\Windows\system32\KERNELBASE.dll
0x00007ff81e0c0000 - 0x00007ff81e167000 	C:\Windows\system32\ADVAPI32.dll
0x00007ff81e830000 - 0x00007ff81e8cd000 	C:\Windows\system32\msvcrt.dll
0x00007ff81c5b0000 - 0x00007ff81c60b000 	C:\Windows\system32\sechost.dll
0x00007ff81db70000 - 0x00007ff81dc8c000 	C:\Windows\system32\RPCRT4.dll
0x00007ff81ed30000 - 0x00007ff81ee86000 	C:\Windows\system32\USER32.dll
0x00007ff81de60000 - 0x00007ff81dfe6000 	C:\Windows\system32\GDI32.dll
0x00007ff80ed20000 - 0x00007ff80ef94000 	C:\Windows\WinSxS\amd64_microsoft.windows.common-controls_6595b64144ccf1df_6.0.10586.494_none_a2d8b04ea53e3145\COMCTL32.dll
0x00007ff81e8d0000 - 0x00007ff81eb4d000 	C:\Windows\system32\combase.dll
0x00007ff81b5c0000 - 0x00007ff81b62a000 	C:\Windows\system32\bcryptPrimitives.dll
0x00007ff81c310000 - 0x00007ff81c34b000 	C:\Windows\system32\IMM32.DLL
0x000000005b9f0000 - 0x000000005bac2000 	C:\Program Files\Java\jdk1.8.0_60\jre\bin\msvcr100.dll
0x000000005bf90000 - 0x000000005c819000 	C:\Program Files\Java\jdk1.8.0_60\jre\bin\server\jvm.dll
0x00007ff81e320000 - 0x00007ff81e328000 	C:\Windows\system32\PSAPI.DLL
0x00007ffff3a80000 - 0x00007ffff3a89000 	C:\Windows\SYSTEM32\WSOCK32.dll
0x00007ff819bf0000 - 0x00007ff819c13000 	C:\Windows\SYSTEM32\WINMM.dll
0x00007ff810030000 - 0x00007ff81003a000 	C:\Windows\SYSTEM32\VERSION.dll
0x00007ff81e330000 - 0x00007ff81e39b000 	C:\Windows\system32\WS2_32.dll
0x00007ff819b60000 - 0x00007ff819b8c000 	C:\Windows\SYSTEM32\WINMMBASE.dll
0x00007ff81b570000 - 0x00007ff81b5b3000 	C:\Windows\system32\cfgmgr32.dll
0x000000005bea0000 - 0x000000005beaf000 	C:\Program Files\Java\jdk1.8.0_60\jre\bin\verify.dll
0x000000005be70000 - 0x000000005be99000 	C:\Program Files\Java\jdk1.8.0_60\jre\bin\java.dll
0x000000005be50000 - 0x000000005be66000 	C:\Program Files\Java\jdk1.8.0_60\jre\bin\zip.dll
0x00007ff81c610000 - 0x00007ff81db6c000 	C:\Windows\system32\SHELL32.dll
0x00007ff81b630000 - 0x00007ff81bc75000 	C:\Windows\system32\windows.storage.dll
0x00007ff81c2b0000 - 0x00007ff81c302000 	C:\Windows\system32\shlwapi.dll
0x00007ff81b530000 - 0x00007ff81b53f000 	C:\Windows\system32\kernel.appcore.dll
0x00007ff81bf00000 - 0x00007ff81bfb5000 	C:\Windows\system32\shcore.dll
0x00007ff81b4e0000 - 0x00007ff81b52b000 	C:\Windows\system32\powrprof.dll
0x00007ff81b4c0000 - 0x00007ff81b4d4000 	C:\Windows\system32\profapi.dll

VM Arguments:
jvm_args: -Djava.awt.headless=true -Xmx1024M -Dfile.encoding=windows-1252 -Duser.country=IN -Duser.language=en -Duser.variant 
java_command: com.android.dx.command.Main --dex --force-jumbo --num-threads=4 --multi-dex --output E:\work\HomeImage\app\build\intermediates\transforms\dex\debug\folders\1000\5\slice_0 E:\work\HomeImage\app\build\intermediates\transforms\instantRunSlicer\debug\folders\1\5\slice_0
java_class_path (initial): E:\Android\sdk\build-tools\24.0.2\lib\dx.jar
Launcher Type: SUN_STANDARD

Environment Variables:
PATH=C:\ProgramData\Oracle\Java\javapath;C:\Program Files (x86)\Intel\iCLS Client\;C:\Program Files\Intel\iCLS Client\;C:\Windows\system32;C:\Windows;C:\Windows\System32\Wbem;C:\Windows\System32\WindowsPowerShell\v1.0\;C:\Program Files (x86)\AMD\ATI.ACE\Core-Static;C:\Program Files\Intel\Intel(R) Management Engine Components\DAL;C:\Program Files\Intel\Intel(R) Management Engine Components\IPT;C:\Program Files (x86)\Intel\Intel(R) Management Engine Components\DAL;C:\Program Files (x86)\Intel\Intel(R) Management Engine Components\IPT;E:\Android\sdk\ndk-bundle;E:\Android\sdk\platform-tools;C:\Program Files (x86)\Skype\Phone\;C:\Program Files (x86)\Windows Live\Shared
USERNAME=Family
OS=Windows_NT
PROCESSOR_IDENTIFIER=Intel64 Family 6 Model 69 Stepping 1, GenuineIntel



---------------  S Y S T E M  ---------------

OS: Windows 10.0 , 64 bit Build 10586 (10.0.10586.0)

CPU:total 4 (2 cores per cpu, 2 threads per core) family 6 model 69 stepping 1, cmov, cx8, fxsr, mmx, sse, sse2, sse3, ssse3, sse4.1, sse4.2, popcnt, avx, avx2, aes, clmul, erms, lzcnt, ht, tsc, tscinvbit, bmi1, bmi2

Memory: 4k page, physical 4072408k(470412k free), swap 7498696k(3324k free)

vm_info: Java HotSpot(TM) 64-Bit Server VM (25.60-b23) for windows-amd64 JRE (1.8.0_60-b27), built on Aug  4 2015 11:06:27 by "java_re" with MS VC++ 10.0 (VS2010)

time: Thu Sep 08 14:28:34 2016
elapsed time: 4 seconds (0d 0h 0m 4s)

