#
# There is insufficient memory for the Java Runtime Environment to continue.
# Native memory allocation (malloc) failed to allocate 1769696 bytes for Chunk::new
# Possible reasons:
#   The system is out of physical RAM or swap space
#   In 32 bit mode, the process size limit was hit
# Possible solutions:
#   Reduce memory load on the system
#   Increase physical memory or swap space
#   Check if swap backing store is full
#   Use 64 bit Java on a 64 bit OS
#   Decrease Java heap size (-Xmx/-Xms)
#   Decrease number of Java threads
#   Decrease Java thread stack sizes (-Xss)
#   Set larger code cache with -XX:ReservedCodeCacheSize=
# This output file may be truncated or incomplete.
#
#  Out of Memory Error (allocation.cpp:390), pid=10812, tid=11124
#
# JRE version: Java(TM) SE Runtime Environment (8.0_60-b27) (build 1.8.0_60-b27)
# Java VM: Java HotSpot(TM) 64-Bit Server VM (25.60-b23 mixed mode windows-amd64 compressed oops)
# Failed to write core dump. Minidumps are not enabled by default on client versions of Windows
#

---------------  T H R E A D  ---------------

Current thread (0x000000001555a000):  JavaThread "C2 CompilerThread0" daemon [_thread_in_native, id=11124, stack(0x0000000016b90000,0x0000000016c90000)]

Stack: [0x0000000016b90000,0x0000000016c90000]
[error occurred during error reporting (printing stack bounds), id 0xc0000005]

Native frames: (J=compiled Java code, j=interpreted, Vv=VM code, C=native code)


Current CompileTask:
C2:   4245 1335   !   4       com.android.dx.cf.code.BytecodeArray::parseInstruction (2764 bytes)


---------------  P R O C E S S  ---------------

Java Threads: ( => current thread )
  0x00000000170a2000 JavaThread "pool-2-thread-4" [_thread_in_Java, id=4060, stack(0x0000000017890000,0x0000000017990000)]
  0x0000000017041000 JavaThread "pool-2-thread-3" [_thread_in_Java, id=12204, stack(0x0000000017790000,0x0000000017890000)]
  0x000000001703f800 JavaThread "pool-2-thread-2" [_thread_in_Java, id=7928, stack(0x0000000017690000,0x0000000017790000)]
  0x000000001703c800 JavaThread "pool-3-thread-1" [_thread_blocked, id=3944, stack(0x0000000017590000,0x0000000017690000)]
  0x000000001703a000 JavaThread "pool-2-thread-1" [_thread_in_Java, id=5444, stack(0x0000000017490000,0x0000000017590000)]
  0x0000000016e93800 JavaThread "Service Thread" daemon [_thread_blocked, id=7804, stack(0x0000000017290000,0x0000000017390000)]
  0x00000000155b2000 JavaThread "C1 CompilerThread2" daemon [_thread_blocked, id=11200, stack(0x0000000016d90000,0x0000000016e90000)]
  0x0000000015560000 JavaThread "C2 CompilerThread1" daemon [_thread_in_native, id=10592, stack(0x0000000016c90000,0x0000000016d90000)]
=>0x000000001555a000 JavaThread "C2 CompilerThread0" daemon [_thread_in_native, id=11124, stack(0x0000000016b90000,0x0000000016c90000)]
  0x0000000015558000 JavaThread "Attach Listener" daemon [_thread_blocked, id=3180, stack(0x0000000016a90000,0x0000000016b90000)]
  0x0000000015557000 JavaThread "Signal Dispatcher" daemon [_thread_blocked, id=12008, stack(0x0000000016990000,0x0000000016a90000)]
  0x0000000002e27000 JavaThread "Finalizer" daemon [_thread_blocked, id=5436, stack(0x00000000167b0000,0x00000000168b0000)]
  0x0000000002e1d000 JavaThread "Reference Handler" daemon [_thread_blocked, id=11360, stack(0x00000000166b0000,0x00000000167b0000)]
  0x0000000002d30800 JavaThread "main" [_thread_in_Java, id=12224, stack(0x0000000002c00000,0x0000000002d00000)]

Other Threads:
  0x0000000015528000 VMThread [stack: 0x00000000165b0000,0x00000000166b0000] [id=11768]
  0x0000000016ea3800 WatcherThread [stack: 0x0000000017390000,0x0000000017490000] [id=11508]

VM state:not at safepoint (normal execution)

VM Mutex/Monitor currently owned by a thread: None

Heap:
 PSYoungGen      total 35328K, used 21568K [0x00000000eab00000, 0x00000000ed000000, 0x0000000100000000)
  eden space 32768K, 58% used [0x00000000eab00000,0x00000000ebd98158,0x00000000ecb00000)
  from space 2560K, 98% used [0x00000000ecd80000,0x00000000ecff8010,0x00000000ed000000)
  to   space 2560K, 0% used [0x00000000ecb00000,0x00000000ecb00000,0x00000000ecd80000)
 ParOldGen       total 44032K, used 4347K [0x00000000c0000000, 0x00000000c2b00000, 0x00000000eab00000)
  object space 44032K, 9% used [0x00000000c0000000,0x00000000c043ee60,0x00000000c2b00000)
 Metaspace       used 6103K, capacity 7024K, committed 7296K, reserved 1056768K
  class space    used 598K, capacity 616K, committed 640K, reserved 1048576K

Card table byte_map: [0x0000000012250000,0x0000000012460000] byte_map_base: 0x0000000011c50000

Marking Bits: (ParMarkBitMap*) 0x0000000056f3a5b0
 Begin Bits: [0x00000000129c0000, 0x00000000139c0000)
 End Bits:   [0x00000000139c0000, 0x00000000149c0000)

Polling page: 0x0000000002d10000

CodeCache: size=245760Kb used=5716Kb max_used=5716Kb free=240044Kb
 bounds [0x0000000002e90000, 0x0000000003430000, 0x0000000011e90000]
 total_blobs=1702 nmethods=1433 adapters=182
 compilation: enabled

Compilation events (10 events):
Event: 4.240 Thread 0x00000000155b2000 1441       2       com.android.dx.ssa.MoveParamCombiner::process (12 bytes)
Event: 4.240 Thread 0x00000000155b2000 nmethod 1441 0x0000000003427a10 code [0x0000000003427b80, 0x0000000003427d28]
Event: 4.240 Thread 0x00000000155b2000 1445       2       com.android.dx.ssa.InterferenceRegisterMapper::<init> (22 bytes)
Event: 4.240 Thread 0x00000000155b2000 nmethod 1445 0x0000000003427dd0 code [0x0000000003427f40, 0x00000000034281e8]
Event: 4.240 Thread 0x00000000155b2000 1446       2       com.android.dx.ssa.back.FirstFitLocalCombiningAllocator::analyzeInstructions (16 bytes)
Event: 4.241 Thread 0x00000000155b2000 nmethod 1446 0x0000000003428310 code [0x0000000003428480, 0x0000000003428668]
Event: 4.241 Thread 0x00000000155b2000 1442       2       com.android.dx.ssa.MoveParamCombiner::<init> (10 bytes)
Event: 4.241 Thread 0x00000000155b2000 nmethod 1442 0x0000000003428750 code [0x00000000034288a0, 0x0000000003428a10]
Event: 4.241 Thread 0x00000000155b2000 1443       2       com.android.dx.ssa.MoveParamCombiner::run (45 bytes)
Event: 4.241 Thread 0x00000000155b2000 nmethod 1443 0x0000000003428a90 code [0x0000000003428c20, 0x0000000003428fd8]

GC Heap History (4 events):
Event: 2.655 GC heap before
{Heap before GC invocations=1 (full 0):
 PSYoungGen      total 18944K, used 16384K [0x00000000eab00000, 0x00000000ec000000, 0x0000000100000000)
  eden space 16384K, 100% used [0x00000000eab00000,0x00000000ebb00000,0x00000000ebb00000)
  from space 2560K, 0% used [0x00000000ebd80000,0x00000000ebd80000,0x00000000ec000000)
  to   space 2560K, 0% used [0x00000000ebb00000,0x00000000ebb00000,0x00000000ebd80000)
 ParOldGen       total 44032K, used 0K [0x00000000c0000000, 0x00000000c2b00000, 0x00000000eab00000)
  object space 44032K, 0% used [0x00000000c0000000,0x00000000c0000000,0x00000000c2b00000)
 Metaspace       used 5788K, capacity 6704K, committed 6784K, reserved 1056768K
  class space    used 596K, capacity 616K, committed 640K, reserved 1048576K
Event: 2.827 GC heap after
Heap after GC invocations=1 (full 0):
 PSYoungGen      total 18944K, used 2538K [0x00000000eab00000, 0x00000000ed000000, 0x0000000100000000)
  eden space 16384K, 0% used [0x00000000eab00000,0x00000000eab00000,0x00000000ebb00000)
  from space 2560K, 99% used [0x00000000ebb00000,0x00000000ebd7aab0,0x00000000ebd80000)
  to   space 2560K, 0% used [0x00000000ecd80000,0x00000000ecd80000,0x00000000ed000000)
 ParOldGen       total 44032K, used 1842K [0x00000000c0000000, 0x00000000c2b00000, 0x00000000eab00000)
  object space 44032K, 4% used [0x00000000c0000000,0x00000000c01ccb90,0x00000000c2b00000)
 Metaspace       used 5788K, capacity 6704K, committed 6784K, reserved 1056768K
  class space    used 596K, capacity 616K, committed 640K, reserved 1048576K
}
Event: 3.623 GC heap before
{Heap before GC invocations=2 (full 0):
 PSYoungGen      total 18944K, used 18922K [0x00000000eab00000, 0x00000000ed000000, 0x0000000100000000)
  eden space 16384K, 100% used [0x00000000eab00000,0x00000000ebb00000,0x00000000ebb00000)
  from space 2560K, 99% used [0x00000000ebb00000,0x00000000ebd7aab0,0x00000000ebd80000)
  to   space 2560K, 0% used [0x00000000ecd80000,0x00000000ecd80000,0x00000000ed000000)
 ParOldGen       total 44032K, used 1842K [0x00000000c0000000, 0x00000000c2b00000, 0x00000000eab00000)
  object space 44032K, 4% used [0x00000000c0000000,0x00000000c01ccb90,0x00000000c2b00000)
 Metaspace       used 5992K, capacity 6896K, committed 7040K, reserved 1056768K
  class space    used 598K, capacity 616K, committed 640K, reserved 1048576K
Event: 3.634 GC heap after
Heap after GC invocations=2 (full 0):
 PSYoungGen      total 35328K, used 2528K [0x00000000eab00000, 0x00000000ed000000, 0x0000000100000000)
  eden space 32768K, 0% used [0x00000000eab00000,0x00000000eab00000,0x00000000ecb00000)
  from space 2560K, 98% used [0x00000000ecd80000,0x00000000ecff8010,0x00000000ed000000)
  to   space 2560K, 0% used [0x00000000ecb00000,0x00000000ecb00000,0x00000000ecd80000)
 ParOldGen       total 44032K, used 4347K [0x00000000c0000000, 0x00000000c2b00000, 0x00000000eab00000)
  object space 44032K, 9% used [0x00000000c0000000,0x00000000c043ee60,0x00000000c2b00000)
 Metaspace       used 5992K, capacity 6896K, committed 7040K, reserved 1056768K
  class space    used 598K, capacity 616K, committed 640K, reserved 1048576K
}

Deoptimization events (10 events):
Event: 2.357 Thread 0x00000000170a2000 Uncommon trap: reason=class_check action=maybe_recompile pc=0x000000000313a794 method=com.android.dx.ssa.NormalSsaInsn.accept(Lcom/android/dx/ssa/SsaInsn$Visitor;)V @ 9
Event: 2.358 Thread 0x00000000170a2000 Uncommon trap: reason=class_check action=maybe_recompile pc=0x000000000313a794 method=com.android.dx.ssa.NormalSsaInsn.accept(Lcom/android/dx/ssa/SsaInsn$Visitor;)V @ 9
Event: 2.358 Thread 0x00000000170a2000 Uncommon trap: reason=class_check action=maybe_recompile pc=0x000000000313a794 method=com.android.dx.ssa.NormalSsaInsn.accept(Lcom/android/dx/ssa/SsaInsn$Visitor;)V @ 9
Event: 2.358 Thread 0x00000000170a2000 Uncommon trap: reason=class_check action=maybe_recompile pc=0x000000000313a794 method=com.android.dx.ssa.NormalSsaInsn.accept(Lcom/android/dx/ssa/SsaInsn$Visitor;)V @ 9
Event: 2.358 Thread 0x00000000170a2000 Uncommon trap: reason=class_check action=maybe_recompile pc=0x0000000003117070 method=com.android.dx.ssa.NormalSsaInsn.accept(Lcom/android/dx/ssa/SsaInsn$Visitor;)V @ 9
Event: 2.359 Thread 0x00000000170a2000 Uncommon trap: reason=unstable_if action=reinterpret pc=0x000000000311e01c method=com.android.dx.rop.cst.Constant.compareTo(Lcom/android/dx/rop/cst/Constant;)I @ 12
Event: 2.376 Thread 0x00000000170a2000 Uncommon trap: reason=unstable_if action=reinterpret pc=0x00000000030b6cb0 method=java.util.BitSet.nextSetBit(I)I @ 87
Event: 3.282 Thread 0x00000000170a2000 Uncommon trap: reason=null_check action=make_not_entrant pc=0x00000000031fc5f4 method=com.android.dx.ssa.SsaRenamer.getLocalForNewReg(I)Lcom/android/dx/rop/code/LocalItem; @ 19
Event: 3.283 Thread 0x00000000170a2000 Uncommon trap: reason=null_check action=make_not_entrant pc=0x00000000031c2878 method=com.android.dx.ssa.SsaRenamer.getLocalForNewReg(I)Lcom/android/dx/rop/code/LocalItem; @ 19
Event: 4.219 Thread 0x0000000002d30800 Uncommon trap: reason=unstable_if action=reinterpret pc=0x00000000030e4190 method=java.lang.String.<init>([CII)V @ 18

Internal exceptions (4 events):
Event: 0.050 Thread 0x0000000002d30800 Exception <a 'java/lang/NoSuchMethodError': Method sun.misc.Unsafe.defineClass(Ljava/lang/String;[BII)Ljava/lang/Class; name or signature does not match> (0x00000000eab0d5e0) thrown at [C:\re\workspace\8-2-build-windows-amd64-cygwin\jdk8u60\4407\hotspot\srÀ–h’A”©?
Event: 0.050 Thread 0x0000000002d30800 Exception <a 'java/lang/NoSuchMethodError': Method sun.misc.Unsafe.prefetchRead(Ljava/lang/Object;J)V name or signature does not match> (0x00000000eab0d8c8) thrown at [C:\re\workspace\8-2-build-windows-amd64-cygwin\jdk8u60\4407\hotspot\src\share\vm\prims\j)ñ\@B
@
Event: 3.282 Thread 0x00000000170a2000 Implicit null exception at 0x00000000031facef to 0x00000000031fc5a9
Event: 3.283 Thread 0x00000000170a2000 Implicit null exception at 0x00000000031c11ee to 0x00000000031c2859

Events (10 events):
Event: 3.597 Executing VM operation: ForceSafepoint done
Event: 3.602 Thread 0x00000000170a2000 DEOPT PACKING pc=0x00000000030a9670 sp=0x000000001798e500
Event: 3.602 Thread 0x00000000170a2000 DEOPT UNPACKING pc=0x0000000002ed787f sp=0x000000001798e2e0 mode 0
Event: 3.622 Executing VM operation: ParallelGCFailedAllocation
Event: 3.634 Executing VM operation: ParallelGCFailedAllocation done
Event: 4.147 Executing VM operation: EnableBiasedLocking
Event: 4.151 Executing VM operation: EnableBiasedLocking done
Event: 4.219 Thread 0x0000000002d30800 Uncommon trap: trap_request=0xffffff65 fr.pc=0x00000000030e4190
Event: 4.219 Thread 0x0000000002d30800 DEOPT PACKING pc=0x00000000030e4190 sp=0x0000000002cfec00
Event: 4.219 Thread 0x0000000002d30800 DEOPT UNPACKING pc=0x0000000002ed582a sp=0x0000000002cfeb30 mode 2


Dynamic libraries:
0x00007ff7abe70000 - 0x00007ff7abea7000 	C:\Program Files\Java\jdk1.8.0_60\bin\java.exe
0x00007ffb5dad0000 - 0x00007ffb5dc91000 	C:\Windows\SYSTEM32\ntdll.dll
0x00007ffb5af30000 - 0x00007ffb5afdd000 	C:\Windows\system32\KERNEL32.DLL
0x00007ffb5abe0000 - 0x00007ffb5adc8000 	C:\Windows\system32\KERNELBASE.dll
0x00007ffb5b250000 - 0x00007ffb5b2f7000 	C:\Windows\system32\ADVAPI32.dll
0x00007ffb5b960000 - 0x00007ffb5b9fd000 	C:\Windows\system32\msvcrt.dll
0x00007ffb5aed0000 - 0x00007ffb5af2b000 	C:\Windows\system32\sechost.dll
0x00007ffb5ba00000 - 0x00007ffb5bb1c000 	C:\Windows\system32\RPCRT4.dll
0x00007ffb5b040000 - 0x00007ffb5b196000 	C:\Windows\system32\USER32.dll
0x00007ffb5b450000 - 0x00007ffb5b5d6000 	C:\Windows\system32\GDI32.dll
0x00007ffb4f9d0000 - 0x00007ffb4fc44000 	C:\Windows\WinSxS\amd64_microsoft.windows.common-controls_6595b64144ccf1df_6.0.10586.589_none_a2ddb3caa539acce\COMCTL32.dll
0x00007ffb5d7e0000 - 0x00007ffb5da5d000 	C:\Windows\system32\combase.dll
0x00007ffb5a180000 - 0x00007ffb5a1ea000 	C:\Windows\system32\bcryptPrimitives.dll
0x00007ffb5bb20000 - 0x00007ffb5bb5b000 	C:\Windows\system32\IMM32.DLL
0x00000000561d0000 - 0x00000000562a2000 	C:\Program Files\Java\jdk1.8.0_60\jre\bin\msvcr100.dll
0x0000000056730000 - 0x0000000056fb9000 	C:\Program Files\Java\jdk1.8.0_60\jre\bin\server\jvm.dll
0x00007ffb5d580000 - 0x00007ffb5d588000 	C:\Windows\system32\PSAPI.DLL
0x00007ffb4dee0000 - 0x00007ffb4deea000 	C:\Windows\SYSTEM32\VERSION.dll
0x00007ffb49200000 - 0x00007ffb49209000 	C:\Windows\SYSTEM32\WSOCK32.dll
0x00007ffb586f0000 - 0x00007ffb58713000 	C:\Windows\SYSTEM32\WINMM.dll
0x00007ffb5b5e0000 - 0x00007ffb5b64b000 	C:\Windows\system32\WS2_32.dll
0x00007ffb58690000 - 0x00007ffb586bc000 	C:\Windows\SYSTEM32\WINMMBASE.dll
0x00007ffb5add0000 - 0x00007ffb5ae13000 	C:\Windows\system32\cfgmgr32.dll
0x0000000056640000 - 0x000000005664f000 	C:\Program Files\Java\jdk1.8.0_60\jre\bin\verify.dll
0x0000000056610000 - 0x0000000056639000 	C:\Program Files\Java\jdk1.8.0_60\jre\bin\java.dll
0x00000000565f0000 - 0x0000000056606000 	C:\Program Files\Java\jdk1.8.0_60\jre\bin\zip.dll
0x00007ffb5c000000 - 0x00007ffb5d55c000 	C:\Windows\system32\SHELL32.dll
0x00007ffb5a2b0000 - 0x00007ffb5a8f5000 	C:\Windows\system32\windows.storage.dll
0x00007ffb5d590000 - 0x00007ffb5d5e2000 	C:\Windows\system32\shlwapi.dll
0x00007ffb5a110000 - 0x00007ffb5a11f000 	C:\Windows\system32\kernel.appcore.dll
0x00007ffb5a1f0000 - 0x00007ffb5a2a5000 	C:\Windows\system32\shcore.dll
0x00007ffb5a120000 - 0x00007ffb5a16b000 	C:\Windows\system32\powrprof.dll
0x00007ffb5a0f0000 - 0x00007ffb5a104000 	C:\Windows\system32\profapi.dll

VM Arguments:
jvm_args: -Djava.awt.headless=true -Xmx1024M -Dfile.encoding=windows-1252 -Duser.country=IN -Duser.language=en -Duser.variant 
java_command: com.android.dx.command.Main --dex --force-jumbo --num-threads=4 --multi-dex --output E:\work\HomeImage\app\build\intermediates\transforms\dex\debug\folders\1000\10\picasso-2.5.2_751e2fa9d7e1001965339d2a4f0268a1477071eb C:\Users\Family\.gradle\caches\modules-2\files-2.1\com.squareup.picasso\picasso\2.5.2\7446d06ec8d4f7ffcc53f1da37c95f200dcb9387\picasso-2.5.2.jar
java_class_path (initial): E:\Android\sdk\build-tools\24.0.2\lib\dx.jar
Launcher Type: SUN_STANDARD

Environment Variables:
PATH=C:\ProgramData\Oracle\Java\javapath;C:\Program Files (x86)\Intel\iCLS Client\;C:\Program Files\Intel\iCLS Client\;C:\Windows\system32;C:\Windows;C:\Windows\System32\Wbem;C:\Windows\System32\WindowsPowerShell\v1.0\;C:\Program Files (x86)\AMD\ATI.ACE\Core-Static;C:\Program Files\Intel\Intel(R) Management Engine Components\DAL;C:\Program Files\Intel\Intel(R) Management Engine Components\IPT;C:\Program Files (x86)\Intel\Intel(R) Management Engine Components\DAL;C:\Program Files (x86)\Intel\Intel(R) Management Engine Components\IPT;E:\Android\sdk\ndk-bundle;E:\Android\sdk\platform-tools;C:\Program Files (x86)\Skype\Phone\;C:\Program Files (x86)\Windows Live\Shared
USERNAME=Family
OS=Windows_NT
PROCESSOR_IDENTIFIER=Intel64 Family 6 Model 69 Stepping 1, GenuineIntel



---------------  S Y S T E M  ---------------

OS: Windows 10.0 , 64 bit Build 10586 (10.0.10586.589)

CPU:total 4 (2 cores per cpu, 2 threads per core) family 6 model 69 stepping 1, cmov, cx8, fxsr, mmx, sse, sse2, sse3, ssse3, sse4.1, sse4.2, popcnt, avx, avx2, aes, clmul, erms, lzcnt, ht, tsc, tscinvbit, bmi1, bmi2

Memory: 4k page, physical 4072408k(563292k free), swap 5832536k(5244k free)

vm_info: Java HotSpot(TM) 64-Bit Server VM (25.60-b23) for windows-amd64 JRE (1.8.0_60-b27), built on Aug  4 2015 11:06:27 by "java_re" with MS VC++ 10.0 (VS2010)

time: Tue Sep 20 12:30:57 2016
elapsed time: 4 seconds (0d 0h 0m 4s)

