#
# There is insufficient memory for the Java Runtime Environment to continue.
# Native memory allocation (malloc) failed to allocate 796976 bytes for Chunk::new
# Possible reasons:
#   The system is out of physical RAM or swap space
#   In 32 bit mode, the process size limit was hit
# Possible solutions:
#   Reduce memory load on the system
#   Increase physical memory or swap space
#   Check if swap backing store is full
#   Use 64 bit Java on a 64 bit OS
#   Decrease Java heap size (-Xmx/-Xms)
#   Decrease number of Java threads
#   Decrease Java thread stack sizes (-Xss)
#   Set larger code cache with -XX:ReservedCodeCacheSize=
# This output file may be truncated or incomplete.
#
#  Out of Memory Error (allocation.cpp:390), pid=9768, tid=11220
#
# JRE version: Java(TM) SE Runtime Environment (8.0_60-b27) (build 1.8.0_60-b27)
# Java VM: Java HotSpot(TM) 64-Bit Server VM (25.60-b23 mixed mode windows-amd64 compressed oops)
# Failed to write core dump. Minidumps are not enabled by default on client versions of Windows
#

---------------  T H R E A D  ---------------

Current thread (0x00000000153de000):  JavaThread "C2 CompilerThread0" daemon [_thread_in_native, id=11220, stack(0x0000000016930000,0x0000000016a30000)]

Stack: [0x0000000016930000,0x0000000016a30000]
[error occurred during error reporting (printing stack bounds), id 0xc0000005]

Native frames: (J=compiled Java code, j=interpreted, Vv=VM code, C=native code)


Current CompileTask:
C2:   4653 1497       4       com.android.dx.rop.code.LocalVariableExtractor::processBlock (327 bytes)


---------------  P R O C E S S  ---------------

Java Threads: ( => current thread )
  0x0000000016e99000 JavaThread "pool-2-thread-4" [_thread_in_Java, id=12072, stack(0x0000000017630000,0x0000000017730000)]
  0x0000000016e98800 JavaThread "pool-2-thread-3" [_thread_blocked, id=11720, stack(0x0000000017530000,0x0000000017630000)]
  0x0000000016e75000 JavaThread "pool-2-thread-2" [_thread_blocked, id=11884, stack(0x0000000017430000,0x0000000017530000)]
  0x0000000016d5d800 JavaThread "pool-3-thread-1" [_thread_blocked, id=12196, stack(0x0000000017330000,0x0000000017430000)]
  0x0000000016d5c000 JavaThread "pool-2-thread-1" [_thread_blocked, id=12104, stack(0x0000000017230000,0x0000000017330000)]
  0x0000000016c3e000 JavaThread "Service Thread" daemon [_thread_blocked, id=12136, stack(0x0000000017030000,0x0000000017130000)]
  0x0000000015435000 JavaThread "C1 CompilerThread2" daemon [_thread_blocked, id=11612, stack(0x0000000016b30000,0x0000000016c30000)]
  0x000000001541f000 JavaThread "C2 CompilerThread1" daemon [_thread_blocked, id=8012, stack(0x0000000016a30000,0x0000000016b30000)]
=>0x00000000153de000 JavaThread "C2 CompilerThread0" daemon [_thread_in_native, id=11220, stack(0x0000000016930000,0x0000000016a30000)]
  0x00000000153da000 JavaThread "Attach Listener" daemon [_thread_blocked, id=11004, stack(0x0000000016830000,0x0000000016930000)]
  0x00000000153d7800 JavaThread "Signal Dispatcher" daemon [_thread_blocked, id=11260, stack(0x0000000016730000,0x0000000016830000)]
  0x0000000002d00800 JavaThread "Finalizer" daemon [_thread_blocked, id=2228, stack(0x0000000016630000,0x0000000016730000)]
  0x0000000002cfd000 JavaThread "Reference Handler" daemon [_thread_blocked, id=4076, stack(0x0000000016530000,0x0000000016630000)]
  0x0000000002c10800 JavaThread "main" [_thread_in_Java, id=2240, stack(0x0000000002b10000,0x0000000002c10000)]

Other Threads:
  0x00000000153a8000 VMThread [stack: 0x0000000016430000,0x0000000016530000] [id=11772]
  0x0000000016c43800 WatcherThread [stack: 0x0000000017130000,0x0000000017230000] [id=6116]

VM state:not at safepoint (normal execution)

VM Mutex/Monitor currently owned by a thread: None

Heap:
 PSYoungGen      total 45568K, used 35907K [0x00000000eab00000, 0x00000000ef000000, 0x0000000100000000)
  eden space 43008K, 77% used [0x00000000eab00000,0x00000000ecb90c78,0x00000000ed500000)
  from space 2560K, 100% used [0x00000000eeb00000,0x00000000eed80000,0x00000000eed80000)
  to   space 2560K, 0% used [0x00000000eed80000,0x00000000eed80000,0x00000000ef000000)
 ParOldGen       total 72192K, used 45921K [0x00000000c0000000, 0x00000000c4680000, 0x00000000eab00000)
  object space 72192K, 63% used [0x00000000c0000000,0x00000000c2cd86d8,0x00000000c4680000)
 Metaspace       used 5874K, capacity 6960K, committed 7040K, reserved 1056768K
  class space    used 583K, capacity 616K, committed 640K, reserved 1048576K

Card table byte_map: [0x00000000120d0000,0x00000000122e0000] byte_map_base: 0x0000000011ad0000

Marking Bits: (ParMarkBitMap*) 0x0000000056f3a5b0
 Begin Bits: [0x0000000012840000, 0x0000000013840000)
 End Bits:   [0x0000000013840000, 0x0000000014840000)

Polling page: 0x0000000000f50000

CodeCache: size=245760Kb used=6431Kb max_used=6446Kb free=239328Kb
 bounds [0x0000000002d10000, 0x0000000003370000, 0x0000000011d10000]
 total_blobs=1664 nmethods=1399 adapters=178
 compilation: enabled

Compilation events (10 events):
Event: 4.385 Thread 0x0000000015435000 nmethod 1547 0x000000000332c250 code [0x000000000332c3c0, 0x000000000332c638]
Event: 4.392 Thread 0x0000000015435000 1548       2       com.android.dx.dex.code.BlockAddresses::setupArrays (113 bytes)
Event: 4.393 Thread 0x0000000015435000 nmethod 1548 0x000000000334ce10 code [0x000000000334d000, 0x000000000334d778]
Event: 4.508 Thread 0x00000000153de000 nmethod 1526 0x00000000033533d0 code [0x00000000033536e0, 0x0000000003355cd0]
Event: 4.508 Thread 0x00000000153de000 1497       4       com.android.dx.rop.code.LocalVariableExtractor::processBlock (327 bytes)
Event: 4.527 Thread 0x000000001541f000 nmethod 1492 0x000000000335d590 code [0x000000000335d8c0, 0x0000000003360350]
Event: 4.528 Thread 0x000000001541f000 1514       4       com.android.dx.rop.code.RopMethod::calcPredecessors (227 bytes)
Event: 4.569 Thread 0x000000001541f000 nmethod 1514 0x0000000003350fd0 code [0x00000000033511c0, 0x0000000003352430]
Event: 4.570 Thread 0x000000001541f000 1484       4       com.android.dx.rop.cst.CstLiteral32::equals (35 bytes)
Event: 4.571 Thread 0x000000001541f000 nmethod 1484 0x0000000003308050 code [0x00000000033081a0, 0x0000000003308258]

GC Heap History (10 events):
Event: 1.660 GC heap before
{Heap before GC invocations=2 (full 0):
 PSYoungGen      total 18944K, used 18921K [0x00000000eab00000, 0x00000000ed000000, 0x0000000100000000)
  eden space 16384K, 100% used [0x00000000eab00000,0x00000000ebb00000,0x00000000ebb00000)
  from space 2560K, 99% used [0x00000000ebb00000,0x00000000ebd7a6d8,0x00000000ebd80000)
  to   space 2560K, 0% used [0x00000000ecd80000,0x00000000ecd80000,0x00000000ed000000)
 ParOldGen       total 44032K, used 1828K [0x00000000c0000000, 0x00000000c2b00000, 0x00000000eab00000)
  object space 44032K, 4% used [0x00000000c0000000,0x00000000c01c9010,0x00000000c2b00000)
 Metaspace       used 5730K, capacity 6832K, committed 7040K, reserved 1056768K
  class space    used 582K, capacity 616K, committed 640K, reserved 1048576K
Event: 1.695 GC heap after
Heap after GC invocations=2 (full 0):
 PSYoungGen      total 35328K, used 2533K [0x00000000eab00000, 0x00000000ed000000, 0x0000000100000000)
  eden space 32768K, 0% used [0x00000000eab00000,0x00000000eab00000,0x00000000ecb00000)
  from space 2560K, 98% used [0x00000000ecd80000,0x00000000ecff97a8,0x00000000ed000000)
  to   space 2560K, 0% used [0x00000000ecb00000,0x00000000ecb00000,0x00000000ecd80000)
 ParOldGen       total 44032K, used 6636K [0x00000000c0000000, 0x00000000c2b00000, 0x00000000eab00000)
  object space 44032K, 15% used [0x00000000c0000000,0x00000000c067b378,0x00000000c2b00000)
 Metaspace       used 5730K, capacity 6832K, committed 7040K, reserved 1056768K
  class space    used 582K, capacity 616K, committed 640K, reserved 1048576K
}
Event: 1.918 GC heap before
{Heap before GC invocations=3 (full 0):
 PSYoungGen      total 35328K, used 35301K [0x00000000eab00000, 0x00000000ed000000, 0x0000000100000000)
  eden space 32768K, 100% used [0x00000000eab00000,0x00000000ecb00000,0x00000000ecb00000)
  from space 2560K, 98% used [0x00000000ecd80000,0x00000000ecff97a8,0x00000000ed000000)
  to   space 2560K, 0% used [0x00000000ecb00000,0x00000000ecb00000,0x00000000ecd80000)
 ParOldGen       total 44032K, used 6636K [0x00000000c0000000, 0x00000000c2b00000, 0x00000000eab00000)
  object space 44032K, 15% used [0x00000000c0000000,0x00000000c067b378,0x00000000c2b00000)
 Metaspace       used 5753K, capacity 6832K, committed 7040K, reserved 1056768K
  class space    used 582K, capacity 616K, committed 640K, reserved 1048576K
Event: 1.941 GC heap after
Heap after GC invocations=3 (full 0):
 PSYoungGen      total 35328K, used 2528K [0x00000000eab00000, 0x00000000ef000000, 0x0000000100000000)
  eden space 32768K, 0% used [0x00000000eab00000,0x00000000eab00000,0x00000000ecb00000)
  from space 2560K, 98% used [0x00000000ecb00000,0x00000000ecd782a0,0x00000000ecd80000)
  to   space 2560K, 0% used [0x00000000eed80000,0x00000000eed80000,0x00000000ef000000)
 ParOldGen       total 44032K, used 25099K [0x00000000c0000000, 0x00000000c2b00000, 0x00000000eab00000)
  object space 44032K, 57% used [0x00000000c0000000,0x00000000c1882da0,0x00000000c2b00000)
 Metaspace       used 5753K, capacity 6832K, committed 7040K, reserved 1056768K
  class space    used 582K, capacity 616K, committed 640K, reserved 1048576K
}
Event: 1.941 GC heap before
{Heap before GC invocations=4 (full 1):
 PSYoungGen      total 35328K, used 2528K [0x00000000eab00000, 0x00000000ef000000, 0x0000000100000000)
  eden space 32768K, 0% used [0x00000000eab00000,0x00000000eab00000,0x00000000ecb00000)
  from space 2560K, 98% used [0x00000000ecb00000,0x00000000ecd782a0,0x00000000ecd80000)
  to   space 2560K, 0% used [0x00000000eed80000,0x00000000eed80000,0x00000000ef000000)
 ParOldGen       total 44032K, used 25099K [0x00000000c0000000, 0x00000000c2b00000, 0x00000000eab00000)
  object space 44032K, 57% used [0x00000000c0000000,0x00000000c1882da0,0x00000000c2b00000)
 Metaspace       used 5753K, capacity 6832K, committed 7040K, reserved 1056768K
  class space    used 582K, capacity 616K, committed 640K, reserved 1048576K
Event: 2.232 GC heap after
Heap after GC invocations=4 (full 1):
 PSYoungGen      total 35328K, used 0K [0x00000000eab00000, 0x00000000ef000000, 0x0000000100000000)
  eden space 32768K, 0% used [0x00000000eab00000,0x00000000eab00000,0x00000000ecb00000)
  from space 2560K, 0% used [0x00000000ecb00000,0x00000000ecb00000,0x00000000ecd80000)
  to   space 2560K, 0% used [0x00000000eed80000,0x00000000eed80000,0x00000000ef000000)
 ParOldGen       total 72192K, used 23676K [0x00000000c0000000, 0x00000000c4680000, 0x00000000eab00000)
  object space 72192K, 32% used [0x00000000c0000000,0x00000000c171f0a8,0x00000000c4680000)
 Metaspace       used 5753K, capacity 6832K, committed 7040K, reserved 1056768K
  class space    used 582K, capacity 616K, committed 640K, reserved 1048576K
}
Event: 2.736 GC heap before
{Heap before GC invocations=5 (full 1):
 PSYoungGen      total 35328K, used 32768K [0x00000000eab00000, 0x00000000ef000000, 0x0000000100000000)
  eden space 32768K, 100% used [0x00000000eab00000,0x00000000ecb00000,0x00000000ecb00000)
  from space 2560K, 0% used [0x00000000ecb00000,0x00000000ecb00000,0x00000000ecd80000)
  to   space 2560K, 0% used [0x00000000eed80000,0x00000000eed80000,0x00000000ef000000)
 ParOldGen       total 72192K, used 23676K [0x00000000c0000000, 0x00000000c4680000, 0x00000000eab00000)
  object space 72192K, 32% used [0x00000000c0000000,0x00000000c171f0a8,0x00000000c4680000)
 Metaspace       used 5792K, capacity 6896K, committed 7040K, reserved 1056768K
  class space    used 583K, capacity 616K, committed 640K, reserved 1048576K
Event: 2.793 GC heap after
Heap after GC invocations=5 (full 1):
 PSYoungGen      total 45568K, used 2528K [0x00000000eab00000, 0x00000000ef000000, 0x0000000100000000)
  eden space 43008K, 0% used [0x00000000eab00000,0x00000000eab00000,0x00000000ed500000)
  from space 2560K, 98% used [0x00000000eed80000,0x00000000eeff8010,0x00000000ef000000)
  to   space 2560K, 0% used [0x00000000eeb00000,0x00000000eeb00000,0x00000000eed80000)
 ParOldGen       total 72192K, used 29149K [0x00000000c0000000, 0x00000000c4680000, 0x00000000eab00000)
  object space 72192K, 40% used [0x00000000c0000000,0x00000000c1c77450,0x00000000c4680000)
 Metaspace       used 5792K, capacity 6896K, committed 7040K, reserved 1056768K
  class space    used 583K, capacity 616K, committed 640K, reserved 1048576K
}
Event: 3.559 GC heap before
{Heap before GC invocations=6 (full 1):
 PSYoungGen      total 45568K, used 45536K [0x00000000eab00000, 0x00000000ef000000, 0x0000000100000000)
  eden space 43008K, 100% used [0x00000000eab00000,0x00000000ed500000,0x00000000ed500000)
  from space 2560K, 98% used [0x00000000eed80000,0x00000000eeff8010,0x00000000ef000000)
  to   space 2560K, 0% used [0x00000000eeb00000,0x00000000eeb00000,0x00000000eed80000)
 ParOldGen       total 72192K, used 29149K [0x00000000c0000000, 0x00000000c4680000, 0x00000000eab00000)
  object space 72192K, 40% used [0x00000000c0000000,0x00000000c1c77450,0x00000000c4680000)
 Metaspace       used 5845K, capacity 6896K, committed 7040K, reserved 1056768K
  class space    used 583K, capacity 616K, committed 640K, reserved 1048576K
Event: 3.668 GC heap after
Heap after GC invocations=6 (full 1):
 PSYoungGen      total 45568K, used 2560K [0x00000000eab00000, 0x00000000ef000000, 0x0000000100000000)
  eden space 43008K, 0% used [0x00000000eab00000,0x00000000eab00000,0x00000000ed500000)
  from space 2560K, 100% used [0x00000000eeb00000,0x00000000eed80000,0x00000000eed80000)
  to   space 2560K, 0% used [0x00000000eed80000,0x00000000eed80000,0x00000000ef000000)
 ParOldGen       total 72192K, used 45921K [0x00000000c0000000, 0x00000000c4680000, 0x00000000eab00000)
  object space 72192K, 63% used [0x00000000c0000000,0x00000000c2cd86d8,0x00000000c4680000)
 Metaspace       used 5845K, capacity 6896K, committed 7040K, reserved 1056768K
  class space    used 583K, capacity 616K, committed 640K, reserved 1048576K
}

Deoptimization events (10 events):
Event: 2.588 Thread 0x0000000016e99000 Uncommon trap: reason=bimorphic action=maybe_recompile pc=0x00000000032372c8 method=com.android.dx.ssa.SCCP.setLatticeValueTo(IILcom/android/dx/rop/cst/Constant;)Z @ 43
Event: 2.590 Thread 0x0000000016e99000 Uncommon trap: reason=class_check action=maybe_recompile pc=0x0000000002fe1b80 method=com.android.dx.ssa.NormalSsaInsn.accept(Lcom/android/dx/ssa/SsaInsn$Visitor;)V @ 9
Event: 2.596 Thread 0x0000000016e99000 Uncommon trap: reason=bimorphic action=maybe_recompile pc=0x00000000032372c8 method=com.android.dx.ssa.SCCP.setLatticeValueTo(IILcom/android/dx/rop/cst/Constant;)Z @ 43
Event: 2.599 Thread 0x0000000016e99000 Uncommon trap: reason=class_check action=maybe_recompile pc=0x0000000002fe1b80 method=com.android.dx.ssa.NormalSsaInsn.accept(Lcom/android/dx/ssa/SsaInsn$Visitor;)V @ 9
Event: 2.612 Thread 0x0000000016e99000 Uncommon trap: reason=unstable_if action=reinterpret pc=0x00000000030963fc method=com.android.dx.rop.code.RegisterSpec.withReg(I)Lcom/android/dx/rop/code/RegisterSpec; @ 5
Event: 2.870 Thread 0x0000000016e75000 Uncommon trap: reason=class_check action=maybe_recompile pc=0x0000000002fe1b80 method=com.android.dx.ssa.NormalSsaInsn.accept(Lcom/android/dx/ssa/SsaInsn$Visitor;)V @ 9
Event: 2.870 Thread 0x0000000016e75000 Uncommon trap: reason=class_check action=maybe_recompile pc=0x0000000002fe1b80 method=com.android.dx.ssa.NormalSsaInsn.accept(Lcom/android/dx/ssa/SsaInsn$Visitor;)V @ 9
Event: 4.327 Thread 0x0000000016e98800 Uncommon trap: reason=bimorphic action=maybe_recompile pc=0x00000000032372c8 method=com.android.dx.ssa.SCCP.setLatticeValueTo(IILcom/android/dx/rop/cst/Constant;)Z @ 43
Event: 4.327 Thread 0x0000000016e98800 Uncommon trap: reason=bimorphic action=maybe_recompile pc=0x00000000032372c8 method=com.android.dx.ssa.SCCP.setLatticeValueTo(IILcom/android/dx/rop/cst/Constant;)Z @ 43
Event: 4.332 Thread 0x0000000016d5c000 Uncommon trap: reason=unstable_if action=reinterpret pc=0x0000000003327ca0 method=java.util.BitSet.ensureCapacity(I)V @ 6

Internal exceptions (4 events):
Event: 0.104 Thread 0x0000000002c10800 Exception <a 'java/lang/NoSuchMethodError': Method sun.misc.Unsafe.defineClass(Ljava/lang/String;[BII)Ljava/lang/Class; name or signature does not match> (0x00000000eab0d520) thrown at [C:\re\workspace\8-2-build-windows-amd64-cygwin\jdk8u60\4407\hotspot\srØHæè∫?
Event: 0.104 Thread 0x0000000002c10800 Exception <a 'java/lang/NoSuchMethodError': Method sun.misc.Unsafe.prefetchRead(Ljava/lang/Object;J)V name or signature does not match> (0x00000000eab0d808) thrown at [C:\re\workspace\8-2-build-windows-amd64-cygwin\jdk8u60\4407\hotspot\src\share\vm\prims\j—3Uï˙Ó?
Event: 0.968 Thread 0x0000000016e99000 Implicit null exception at 0x0000000002f9bf23 to 0x0000000002f9dacd
Event: 1.331 Thread 0x0000000016e99000 Implicit null exception at 0x0000000002fd918f to 0x0000000002fdae59

Events (10 events):
Event: 4.335 Thread 0x0000000016d5c000 DEOPT PACKING pc=0x000000000319530f sp=0x000000001732e6d0
Event: 4.335 Thread 0x0000000016d5c000 DEOPT UNPACKING pc=0x0000000002d5787f sp=0x000000001732e3f0 mode 0
Event: 4.360 Thread 0x0000000002c10800 DEOPT PACKING pc=0x00000000030cf791 sp=0x0000000002c0e1a0
Event: 4.360 Thread 0x0000000002c10800 DEOPT UNPACKING pc=0x0000000002d5787f sp=0x0000000002c0df68 mode 0
Event: 4.368 Thread 0x0000000002c10800 DEOPT PACKING pc=0x0000000003117a50 sp=0x0000000002c0e120
Event: 4.368 Thread 0x0000000002c10800 DEOPT UNPACKING pc=0x0000000002d5787f sp=0x0000000002c0deb8 mode 0
Event: 4.377 Thread 0x0000000002c10800 DEOPT PACKING pc=0x00000000032b0da0 sp=0x0000000002c0df30
Event: 4.377 Thread 0x0000000002c10800 DEOPT UNPACKING pc=0x0000000002d5787f sp=0x0000000002c0dc38 mode 0
Event: 4.379 Thread 0x0000000002c10800 DEOPT PACKING pc=0x00000000032bb4ba sp=0x0000000002c0e2d0
Event: 4.379 Thread 0x0000000002c10800 DEOPT UNPACKING pc=0x0000000002d5787f sp=0x0000000002c0e038 mode 0


Dynamic libraries:
0x00007ff7abe70000 - 0x00007ff7abea7000 	C:\Program Files\Java\jdk1.8.0_60\bin\java.exe
0x00007ffb5dad0000 - 0x00007ffb5dc91000 	C:\Windows\SYSTEM32\ntdll.dll
0x00007ffb5af30000 - 0x00007ffb5afdd000 	C:\Windows\system32\KERNEL32.DLL
0x00007ffb5abe0000 - 0x00007ffb5adc8000 	C:\Windows\system32\KERNELBASE.dll
0x00007ffb5b250000 - 0x00007ffb5b2f7000 	C:\Windows\system32\ADVAPI32.dll
0x00007ffb5b960000 - 0x00007ffb5b9fd000 	C:\Windows\system32\msvcrt.dll
0x00007ffb5aed0000 - 0x00007ffb5af2b000 	C:\Windows\system32\sechost.dll
0x00007ffb5ba00000 - 0x00007ffb5bb1c000 	C:\Windows\system32\RPCRT4.dll
0x00007ffb5b040000 - 0x00007ffb5b196000 	C:\Windows\system32\USER32.dll
0x00007ffb5b450000 - 0x00007ffb5b5d6000 	C:\Windows\system32\GDI32.dll
0x00007ffb4f9d0000 - 0x00007ffb4fc44000 	C:\Windows\WinSxS\amd64_microsoft.windows.common-controls_6595b64144ccf1df_6.0.10586.589_none_a2ddb3caa539acce\COMCTL32.dll
0x00007ffb5d7e0000 - 0x00007ffb5da5d000 	C:\Windows\system32\combase.dll
0x00007ffb5a180000 - 0x00007ffb5a1ea000 	C:\Windows\system32\bcryptPrimitives.dll
0x00007ffb5bb20000 - 0x00007ffb5bb5b000 	C:\Windows\system32\IMM32.DLL
0x00000000561d0000 - 0x00000000562a2000 	C:\Program Files\Java\jdk1.8.0_60\jre\bin\msvcr100.dll
0x0000000056730000 - 0x0000000056fb9000 	C:\Program Files\Java\jdk1.8.0_60\jre\bin\server\jvm.dll
0x00007ffb5d580000 - 0x00007ffb5d588000 	C:\Windows\system32\PSAPI.DLL
0x00007ffb49200000 - 0x00007ffb49209000 	C:\Windows\SYSTEM32\WSOCK32.dll
0x00007ffb5b5e0000 - 0x00007ffb5b64b000 	C:\Windows\system32\WS2_32.dll
0x00007ffb586f0000 - 0x00007ffb58713000 	C:\Windows\SYSTEM32\WINMM.dll
0x00007ffb4dee0000 - 0x00007ffb4deea000 	C:\Windows\SYSTEM32\VERSION.dll
0x00007ffb58690000 - 0x00007ffb586bc000 	C:\Windows\SYSTEM32\winmmbase.dll
0x00007ffb5add0000 - 0x00007ffb5ae13000 	C:\Windows\system32\cfgmgr32.dll
0x0000000056640000 - 0x000000005664f000 	C:\Program Files\Java\jdk1.8.0_60\jre\bin\verify.dll
0x0000000056610000 - 0x0000000056639000 	C:\Program Files\Java\jdk1.8.0_60\jre\bin\java.dll
0x00000000565f0000 - 0x0000000056606000 	C:\Program Files\Java\jdk1.8.0_60\jre\bin\zip.dll
0x00007ffb5c000000 - 0x00007ffb5d55c000 	C:\Windows\system32\SHELL32.dll
0x00007ffb5a2b0000 - 0x00007ffb5a8f5000 	C:\Windows\system32\windows.storage.dll
0x00007ffb5d590000 - 0x00007ffb5d5e2000 	C:\Windows\system32\shlwapi.dll
0x00007ffb5a110000 - 0x00007ffb5a11f000 	C:\Windows\system32\kernel.appcore.dll
0x00007ffb5a1f0000 - 0x00007ffb5a2a5000 	C:\Windows\system32\shcore.dll
0x00007ffb5a120000 - 0x00007ffb5a16b000 	C:\Windows\system32\powrprof.dll
0x00007ffb5a0f0000 - 0x00007ffb5a104000 	C:\Windows\system32\profapi.dll

VM Arguments:
jvm_args: -Djava.awt.headless=true -Xmx1024M -Dfile.encoding=windows-1252 -Duser.country=IN -Duser.language=en -Duser.variant 
java_command: com.android.dx.command.Main --dex --force-jumbo --num-threads=4 --multi-dex --output E:\work\HomeImage\app\build\intermediates\transforms\dex\debug\folders\1000\5\slice_9 E:\work\HomeImage\app\build\intermediates\transforms\instantRunSlicer\debug\folders\1\5\slice_9
java_class_path (initial): E:\Android\sdk\build-tools\24.0.2\lib\dx.jar
Launcher Type: SUN_STANDARD

Environment Variables:
PATH=C:\ProgramData\Oracle\Java\javapath;C:\Program Files (x86)\Intel\iCLS Client\;C:\Program Files\Intel\iCLS Client\;C:\Windows\system32;C:\Windows;C:\Windows\System32\Wbem;C:\Windows\System32\WindowsPowerShell\v1.0\;C:\Program Files (x86)\AMD\ATI.ACE\Core-Static;C:\Program Files\Intel\Intel(R) Management Engine Components\DAL;C:\Program Files\Intel\Intel(R) Management Engine Components\IPT;C:\Program Files (x86)\Intel\Intel(R) Management Engine Components\DAL;C:\Program Files (x86)\Intel\Intel(R) Management Engine Components\IPT;E:\Android\sdk\ndk-bundle;E:\Android\sdk\platform-tools;C:\Program Files (x86)\Skype\Phone\;C:\Program Files (x86)\Windows Live\Shared
USERNAME=Family
OS=Windows_NT
PROCESSOR_IDENTIFIER=Intel64 Family 6 Model 69 Stepping 1, GenuineIntel



---------------  S Y S T E M  ---------------

OS: Windows 10.0 , 64 bit Build 10586 (10.0.10586.589)

CPU:total 4 (2 cores per cpu, 2 threads per core) family 6 model 69 stepping 1, cmov, cx8, fxsr, mmx, sse, sse2, sse3, ssse3, sse4.1, sse4.2, popcnt, avx, avx2, aes, clmul, erms, lzcnt, ht, tsc, tscinvbit, bmi1, bmi2

Memory: 4k page, physical 4072408k(396492k free), swap 5832536k(5132k free)

vm_info: Java HotSpot(TM) 64-Bit Server VM (25.60-b23) for windows-amd64 JRE (1.8.0_60-b27), built on Aug  4 2015 11:06:27 by "java_re" with MS VC++ 10.0 (VS2010)

time: Tue Sep 20 12:31:23 2016
elapsed time: 4 seconds (0d 0h 0m 4s)

