#
# There is insufficient memory for the Java Runtime Environment to continue.
# Native memory allocation (malloc) failed to allocate 32744 bytes for ChunkPool::allocate
# Possible reasons:
#   The system is out of physical RAM or swap space
#   In 32 bit mode, the process size limit was hit
# Possible solutions:
#   Reduce memory load on the system
#   Increase physical memory or swap space
#   Check if swap backing store is full
#   Use 64 bit Java on a 64 bit OS
#   Decrease Java heap size (-Xmx/-Xms)
#   Decrease number of Java threads
#   Decrease Java thread stack sizes (-Xss)
#   Set larger code cache with -XX:ReservedCodeCacheSize=
# This output file may be truncated or incomplete.
#
#  Out of Memory Error (allocation.cpp:273), pid=3872, tid=6840
#
# JRE version: Java(TM) SE Runtime Environment (8.0_60-b27) (build 1.8.0_60-b27)
# Java VM: Java HotSpot(TM) 64-Bit Server VM (25.60-b23 mixed mode windows-amd64 compressed oops)
# Failed to write core dump. Minidumps are not enabled by default on client versions of Windows
#

---------------  T H R E A D  ---------------

Current thread (0x000000001545d800):  JavaThread "C2 CompilerThread1" daemon [_thread_in_native, id=6840, stack(0x0000000016b60000,0x0000000016c60000)]

Stack: [0x0000000016b60000,0x0000000016c60000]
[error occurred during error reporting (printing stack bounds), id 0xc0000005]

Native frames: (J=compiled Java code, j=interpreted, Vv=VM code, C=native code)


Current CompileTask:
C2:   1160  614       4       java.lang.String::<init> (82 bytes)


---------------  P R O C E S S  ---------------

Java Threads: ( => current thread )
  0x0000000016f9b000 JavaThread "pool-2-thread-4" [_thread_in_Java, id=6548, stack(0x0000000017760000,0x0000000017860000)]
  0x0000000016f9a800 JavaThread "pool-2-thread-3" [_thread_in_Java, id=3004, stack(0x0000000017660000,0x0000000017760000)]
  0x0000000016ee6800 JavaThread "pool-2-thread-2" [_thread_in_Java, id=7356, stack(0x0000000017560000,0x0000000017660000)]
  0x0000000016ee4000 JavaThread "pool-3-thread-1" [_thread_blocked, id=8932, stack(0x0000000017460000,0x0000000017560000)]
  0x0000000016ee1800 JavaThread "pool-2-thread-1" [_thread_in_Java, id=7036, stack(0x0000000017360000,0x0000000017460000)]
  0x0000000016d6b800 JavaThread "Service Thread" daemon [_thread_blocked, id=4300, stack(0x0000000017160000,0x0000000017260000)]
  0x0000000015468800 JavaThread "C1 CompilerThread2" daemon [_thread_blocked, id=7832, stack(0x0000000016c60000,0x0000000016d60000)]
=>0x000000001545d800 JavaThread "C2 CompilerThread1" daemon [_thread_in_native, id=6840, stack(0x0000000016b60000,0x0000000016c60000)]
  0x000000001540a000 JavaThread "C2 CompilerThread0" daemon [_thread_in_native, id=8296, stack(0x0000000016a60000,0x0000000016b60000)]
  0x0000000015408800 JavaThread "Attach Listener" daemon [_thread_blocked, id=7060, stack(0x0000000016960000,0x0000000016a60000)]
  0x0000000015407800 JavaThread "Signal Dispatcher" daemon [_thread_blocked, id=892, stack(0x0000000016860000,0x0000000016960000)]
  0x0000000002d01000 JavaThread "Finalizer" daemon [_thread_blocked, id=3388, stack(0x0000000016670000,0x0000000016770000)]
  0x00000000153d9000 JavaThread "Reference Handler" daemon [_thread_blocked, id=6692, stack(0x0000000016570000,0x0000000016670000)]
  0x0000000002c11000 JavaThread "main" [_thread_in_Java, id=8880, stack(0x0000000002af0000,0x0000000002bf0000)]

Other Threads:
  0x00000000153d7000 VMThread [stack: 0x0000000016470000,0x0000000016570000] [id=8920]
  0x0000000016d66800 WatcherThread [stack: 0x0000000017260000,0x0000000017360000] [id=8548]

VM state:not at safepoint (normal execution)

VM Mutex/Monitor currently owned by a thread: None

Heap:
 PSYoungGen      total 18944K, used 12146K [0x00000000eab00000, 0x00000000ec000000, 0x0000000100000000)
  eden space 16384K, 74% used [0x00000000eab00000,0x00000000eb6dca00,0x00000000ebb00000)
  from space 2560K, 0% used [0x00000000ebd80000,0x00000000ebd80000,0x00000000ec000000)
  to   space 2560K, 0% used [0x00000000ebb00000,0x00000000ebb00000,0x00000000ebd80000)
 ParOldGen       total 44032K, used 0K [0x00000000c0000000, 0x00000000c2b00000, 0x00000000eab00000)
  object space 44032K, 0% used [0x00000000c0000000,0x00000000c0000000,0x00000000c2b00000)
 Metaspace       used 5428K, capacity 6576K, committed 6784K, reserved 1056768K
  class space    used 574K, capacity 616K, committed 640K, reserved 1048576K

Card table byte_map: [0x00000000120e0000,0x00000000122f0000] byte_map_base: 0x0000000011ae0000

Marking Bits: (ParMarkBitMap*) 0x00000000626ba5b0
 Begin Bits: [0x0000000012850000, 0x0000000013850000)
 End Bits:   [0x0000000013850000, 0x0000000014850000)

Polling page: 0x0000000002ab0000

CodeCache: size=245760Kb used=2621Kb max_used=2621Kb free=243138Kb
 bounds [0x0000000002d20000, 0x0000000002fc0000, 0x0000000011d20000]
 total_blobs=925 nmethods=664 adapters=174
 compilation: enabled

Compilation events (10 events):
Event: 1.133 Thread 0x0000000015468800 nmethod 598 0x0000000002f99890 code [0x0000000002f999e0, 0x0000000002f99af0]
Event: 1.133 Thread 0x0000000015468800  599       1       com.android.dx.cf.code.ByteBlock::getEnd (5 bytes)
Event: 1.133 Thread 0x0000000015468800 nmethod 599 0x0000000002f99b50 code [0x0000000002f99ca0, 0x0000000002f99db0]
Event: 1.133 Thread 0x0000000015468800  600       1       com.android.dx.cf.code.ByteBlock::getStart (5 bytes)
Event: 1.133 Thread 0x0000000015468800 nmethod 600 0x0000000002f99e10 code [0x0000000002f99f60, 0x0000000002f9a070]
Event: 1.133 Thread 0x0000000015468800  636       3       com.android.dx.ssa.SsaMethod::getUseListForRegister (18 bytes)
Event: 1.134 Thread 0x0000000015468800 nmethod 636 0x0000000002f9a0d0 code [0x0000000002f9a240, 0x0000000002f9a448]
Event: 1.134 Thread 0x0000000015468800  597       1       com.android.dx.cf.code.RopperMachine::getPrimarySuccessorIndex (5 bytes)
Event: 1.134 Thread 0x0000000015468800 nmethod 597 0x0000000002f9a550 code [0x0000000002f9a6a0, 0x0000000002f9a7b0]
Event: 1.134 Thread 0x0000000015468800  638       3       com.android.dx.ssa.SsaRenamer$BlockRenamer::addMapping (143 bytes)

GC Heap History (0 events):
No events

Deoptimization events (10 events):
Event: 0.865 Thread 0x0000000016ee1800 Uncommon trap: reason=class_check action=maybe_recompile pc=0x0000000002ed3558 method=com.android.dx.rop.cst.Constant.compareTo(Ljava/lang/Object;)I @ 2
Event: 0.865 Thread 0x0000000016ee1800 Uncommon trap: reason=class_check action=maybe_recompile pc=0x0000000002ed3558 method=com.android.dx.rop.cst.Constant.compareTo(Ljava/lang/Object;)I @ 2
Event: 0.865 Thread 0x0000000016ee1800 Uncommon trap: reason=class_check action=maybe_recompile pc=0x0000000002ed3558 method=com.android.dx.rop.cst.Constant.compareTo(Ljava/lang/Object;)I @ 2
Event: 0.866 Thread 0x0000000016ee1800 Uncommon trap: reason=unstable_if action=reinterpret pc=0x0000000002eda6c0 method=com.android.dx.rop.cst.CstMemberRef.compareTo0(Lcom/android/dx/rop/cst/Constant;)I @ 18
Event: 0.866 Thread 0x0000000016ee1800 Uncommon trap: reason=unstable_if action=reinterpret pc=0x0000000002ed41b8 method=com.android.dx.rop.cst.CstMemberRef.compareTo0(Lcom/android/dx/rop/cst/Constant;)I @ 18
Event: 0.915 Thread 0x0000000016f9a800 Uncommon trap: reason=speculate_class_check action=maybe_recompile pc=0x0000000002ee9fb0 method=com.android.dx.rop.cst.Constant.compareTo(Lcom/android/dx/rop/cst/Constant;)I @ 29
Event: 0.915 Thread 0x0000000016f9a800 Uncommon trap: reason=speculate_class_check action=maybe_recompile pc=0x0000000002ee9fb0 method=com.android.dx.rop.cst.Constant.compareTo(Lcom/android/dx/rop/cst/Constant;)I @ 29
Event: 0.915 Thread 0x0000000016f9a800 Uncommon trap: reason=speculate_class_check action=maybe_recompile pc=0x0000000002ee9fb0 method=com.android.dx.rop.cst.Constant.compareTo(Lcom/android/dx/rop/cst/Constant;)I @ 29
Event: 0.915 Thread 0x0000000016f9a800 Uncommon trap: reason=speculate_class_check action=maybe_recompile pc=0x0000000002ee9fb0 method=com.android.dx.rop.cst.Constant.compareTo(Lcom/android/dx/rop/cst/Constant;)I @ 29
Event: 1.111 Thread 0x0000000002c11000 Uncommon trap: reason=unstable_if action=reinterpret pc=0x0000000002f331fc method=java.util.HashMap.getNode(ILjava/lang/Object;)Ljava/util/HashMap$Node; @ 62

Internal exceptions (2 events):
Event: 0.436 Thread 0x0000000002c11000 Exception <a 'java/lang/NoSuchMethodError': Method sun.misc.Unsafe.defineClass(Ljava/lang/String;[BII)Ljava/lang/Class; name or signature does not match> (0x00000000eab0d520) thrown at [C:\re\workspace\8-2-build-windows-amd64-cygwin\jdk8u60\4407\hotspot\srojóºðÛ?
Event: 0.437 Thread 0x0000000002c11000 Exception <a 'java/lang/NoSuchMethodError': Method sun.misc.Unsafe.prefetchRead(Ljava/lang/Object;J)V name or signature does not match> (0x00000000eab0d808) thrown at [C:\re\workspace\8-2-build-windows-amd64-cygwin\jdk8u60\4407\hotspot\src\share\vm\prims\j

Events (10 events):
Event: 1.105 loading class com/android/dx/dex/file/MethodIdItem done
Event: 1.105 loading class com/android/dx/cf/code/BytecodeArray$ConstantParserVisitor
Event: 1.105 loading class com/android/dx/cf/code/SwitchList
Event: 1.105 loading class com/android/dx/cf/code/BytecodeArray$ConstantParserVisitor done
Event: 1.105 loading class com/android/dx/cf/code/SwitchList done
Event: 1.111 Thread 0x0000000002c11000 Uncommon trap: trap_request=0xffffff65 fr.pc=0x0000000002f331fc
Event: 1.111 Thread 0x0000000002c11000 DEOPT PACKING pc=0x0000000002f331fc sp=0x0000000002bedfc0
Event: 1.111 Thread 0x0000000002c11000 DEOPT UNPACKING pc=0x0000000002d6582a sp=0x0000000002bedf38 mode 2
Event: 1.132 loading class com/android/dx/ssa/back/FirstFitLocalCombiningAllocator$Multiset
Event: 1.132 loading class com/android/dx/ssa/back/FirstFitLocalCombiningAllocator$Multiset done


Dynamic libraries:
0x00007ff67a4e0000 - 0x00007ff67a517000 	C:\Program Files\Java\jdk1.8.0_60\bin\java.exe
0x00007ffc7f0e0000 - 0x00007ffc7f2a1000 	C:\Windows\SYSTEM32\ntdll.dll
0x00007ffc7e590000 - 0x00007ffc7e63d000 	C:\Windows\system32\KERNEL32.DLL
0x00007ffc7b810000 - 0x00007ffc7b9f8000 	C:\Windows\system32\KERNELBASE.dll
0x00007ffc7e870000 - 0x00007ffc7e917000 	C:\Windows\system32\ADVAPI32.dll
0x00007ffc7ed60000 - 0x00007ffc7edfd000 	C:\Windows\system32\msvcrt.dll
0x00007ffc7ec90000 - 0x00007ffc7eceb000 	C:\Windows\system32\sechost.dll
0x00007ffc7c5b0000 - 0x00007ffc7c6cc000 	C:\Windows\system32\RPCRT4.dll
0x00007ffc7e920000 - 0x00007ffc7ea76000 	C:\Windows\system32\USER32.dll
0x00007ffc7c6e0000 - 0x00007ffc7c866000 	C:\Windows\system32\GDI32.dll
0x00007ffc6fce0000 - 0x00007ffc6ff54000 	C:\Windows\WinSxS\amd64_microsoft.windows.common-controls_6595b64144ccf1df_6.0.10586.589_none_a2ddb3caa539acce\COMCTL32.dll
0x00007ffc7e310000 - 0x00007ffc7e58d000 	C:\Windows\system32\combase.dll
0x00007ffc7ba00000 - 0x00007ffc7ba6a000 	C:\Windows\system32\bcryptPrimitives.dll
0x00007ffc7ef60000 - 0x00007ffc7ef9b000 	C:\Windows\system32\IMM32.DLL
0x0000000061950000 - 0x0000000061a22000 	C:\Program Files\Java\jdk1.8.0_60\jre\bin\msvcr100.dll
0x0000000061eb0000 - 0x0000000062739000 	C:\Program Files\Java\jdk1.8.0_60\jre\bin\server\jvm.dll
0x00007ffc7ee00000 - 0x00007ffc7ee08000 	C:\Windows\system32\PSAPI.DLL
0x00007ffc6bdd0000 - 0x00007ffc6bdd9000 	C:\Windows\SYSTEM32\WSOCK32.dll
0x00007ffc7e6a0000 - 0x00007ffc7e70b000 	C:\Windows\system32\WS2_32.dll
0x00007ffc6f100000 - 0x00007ffc6f10a000 	C:\Windows\SYSTEM32\VERSION.dll
0x00007ffc79e00000 - 0x00007ffc79e23000 	C:\Windows\SYSTEM32\WINMM.dll
0x00007ffc79cc0000 - 0x00007ffc79cec000 	C:\Windows\SYSTEM32\WINMMBASE.dll
0x00007ffc7ba70000 - 0x00007ffc7bab3000 	C:\Windows\system32\cfgmgr32.dll
0x0000000061dc0000 - 0x0000000061dcf000 	C:\Program Files\Java\jdk1.8.0_60\jre\bin\verify.dll
0x0000000061d90000 - 0x0000000061db9000 	C:\Program Files\Java\jdk1.8.0_60\jre\bin\java.dll
0x0000000061d70000 - 0x0000000061d86000 	C:\Program Files\Java\jdk1.8.0_60\jre\bin\zip.dll
0x00007ffc7c870000 - 0x00007ffc7ddcc000 	C:\Windows\system32\SHELL32.dll
0x00007ffc7bac0000 - 0x00007ffc7c105000 	C:\Windows\system32\windows.storage.dll
0x00007ffc7e200000 - 0x00007ffc7e252000 	C:\Windows\system32\shlwapi.dll
0x00007ffc7b700000 - 0x00007ffc7b70f000 	C:\Windows\system32\kernel.appcore.dll
0x00007ffc7c1c0000 - 0x00007ffc7c275000 	C:\Windows\system32\shcore.dll
0x00007ffc7b730000 - 0x00007ffc7b77b000 	C:\Windows\system32\powrprof.dll
0x00007ffc7b710000 - 0x00007ffc7b724000 	C:\Windows\system32\profapi.dll

VM Arguments:
jvm_args: -Djava.awt.headless=true -Xmx1024M -Dfile.encoding=windows-1252 -Duser.country=IN -Duser.language=en -Duser.variant 
java_command: com.android.dx.command.Main --dex --force-jumbo --num-threads=4 --multi-dex --output E:\work\HomeImage\app\build\intermediates\transforms\dex\debug\folders\1000\5\slice_0 E:\work\HomeImage\app\build\intermediates\transforms\instantRunSlicer\debug\folders\1\5\slice_0
java_class_path (initial): E:\Android\sdk\build-tools\24.0.2\lib\dx.jar
Launcher Type: SUN_STANDARD

Environment Variables:
PATH=C:\ProgramData\Oracle\Java\javapath;C:\Program Files (x86)\Intel\iCLS Client\;C:\Program Files\Intel\iCLS Client\;C:\Windows\system32;C:\Windows;C:\Windows\System32\Wbem;C:\Windows\System32\WindowsPowerShell\v1.0\;C:\Program Files (x86)\AMD\ATI.ACE\Core-Static;C:\Program Files\Intel\Intel(R) Management Engine Components\DAL;C:\Program Files\Intel\Intel(R) Management Engine Components\IPT;C:\Program Files (x86)\Intel\Intel(R) Management Engine Components\DAL;C:\Program Files (x86)\Intel\Intel(R) Management Engine Components\IPT;E:\Android\sdk\ndk-bundle;E:\Android\sdk\platform-tools;C:\Program Files (x86)\Skype\Phone\;C:\Program Files (x86)\Windows Live\Shared
USERNAME=Family
OS=Windows_NT
PROCESSOR_IDENTIFIER=Intel64 Family 6 Model 69 Stepping 1, GenuineIntel



---------------  S Y S T E M  ---------------

OS: Windows 10.0 , 64 bit Build 10586 (10.0.10586.589)

CPU:total 4 (2 cores per cpu, 2 threads per core) family 6 model 69 stepping 1, cmov, cx8, fxsr, mmx, sse, sse2, sse3, ssse3, sse4.1, sse4.2, popcnt, avx, avx2, aes, clmul, erms, lzcnt, ht, tsc, tscinvbit, bmi1, bmi2

Memory: 4k page, physical 4072408k(328020k free), swap 5755872k(4092k free)

vm_info: Java HotSpot(TM) 64-Bit Server VM (25.60-b23) for windows-amd64 JRE (1.8.0_60-b27), built on Aug  4 2015 11:06:27 by "java_re" with MS VC++ 10.0 (VS2010)

time: Tue Sep 20 15:00:46 2016
elapsed time: 1 seconds (0d 0h 0m 1s)

