#
# There is insufficient memory for the Java Runtime Environment to continue.
# Native memory allocation (malloc) failed to allocate 1183760 bytes for Chunk::new
# Possible reasons:
#   The system is out of physical RAM or swap space
#   In 32 bit mode, the process size limit was hit
# Possible solutions:
#   Reduce memory load on the system
#   Increase physical memory or swap space
#   Check if swap backing store is full
#   Use 64 bit Java on a 64 bit OS
#   Decrease Java heap size (-Xmx/-Xms)
#   Decrease number of Java threads
#   Decrease Java thread stack sizes (-Xss)
#   Set larger code cache with -XX:ReservedCodeCacheSize=
# This output file may be truncated or incomplete.
#
#  Out of Memory Error (allocation.cpp:390), pid=6036, tid=6224
#
# JRE version: Java(TM) SE Runtime Environment (8.0_60-b27) (build 1.8.0_60-b27)
# Java VM: Java HotSpot(TM) 64-Bit Server VM (25.60-b23 mixed mode windows-amd64 compressed oops)
# Failed to write core dump. Minidumps are not enabled by default on client versions of Windows
#

---------------  T H R E A D  ---------------

Current thread (0x0000000015579000):  JavaThread "C2 CompilerThread0" daemon [_thread_in_native, id=6224, stack(0x0000000016bb0000,0x0000000016cb0000)]

Stack: [0x0000000016bb0000,0x0000000016cb0000]
[error occurred during error reporting (printing stack bounds), id 0xc0000005]

Native frames: (J=compiled Java code, j=interpreted, Vv=VM code, C=native code)


Current CompileTask:
C2:   2662 1245   !   4       com.android.dx.cf.code.BytecodeArray::parseInstruction (2764 bytes)


---------------  P R O C E S S  ---------------

Java Threads: ( => current thread )
  0x0000000016fd8000 JavaThread "pool-1-thread-1" [_thread_in_vm, id=7864, stack(0x0000000019180000,0x0000000019280000)]
  0x0000000016eb3800 JavaThread "Service Thread" daemon [_thread_blocked, id=7520, stack(0x00000000172b0000,0x00000000173b0000)]
  0x00000000155dc000 JavaThread "C1 CompilerThread2" daemon [_thread_in_native, id=8848, stack(0x0000000016db0000,0x0000000016eb0000)]
  0x00000000155d9000 JavaThread "C2 CompilerThread1" daemon [_thread_in_native, id=8008, stack(0x0000000016cb0000,0x0000000016db0000)]
=>0x0000000015579000 JavaThread "C2 CompilerThread0" daemon [_thread_in_native, id=6224, stack(0x0000000016bb0000,0x0000000016cb0000)]
  0x0000000015577800 JavaThread "Attach Listener" daemon [_thread_blocked, id=5708, stack(0x0000000016ab0000,0x0000000016bb0000)]
  0x0000000015576000 JavaThread "Signal Dispatcher" daemon [_thread_blocked, id=4808, stack(0x00000000169b0000,0x0000000016ab0000)]
  0x0000000002ea0800 JavaThread "Finalizer" daemon [_thread_blocked, id=7688, stack(0x00000000167d0000,0x00000000168d0000)]
  0x0000000002e9d000 JavaThread "Reference Handler" daemon [_thread_blocked, id=8708, stack(0x00000000166d0000,0x00000000167d0000)]
  0x0000000002db0800 JavaThread "main" [_thread_blocked, id=7668, stack(0x0000000002cb0000,0x0000000002db0000)]

Other Threads:
  0x0000000015548000 VMThread [stack: 0x00000000165d0000,0x00000000166d0000] [id=8468]
  0x0000000016ebb800 WatcherThread [stack: 0x00000000173b0000,0x00000000174b0000] [id=8884]

VM state:not at safepoint (normal execution)

VM Mutex/Monitor currently owned by a thread:  ([mutex/lock_event])
[0x0000000002c1d040] MethodData_lock - owner thread: 0x0000000000000000

Heap:
 PSYoungGen      total 18944K, used 11768K [0x00000000eab00000, 0x00000000ed000000, 0x0000000100000000)
  eden space 16384K, 56% used [0x00000000eab00000,0x00000000eb4060f8,0x00000000ebb00000)
  from space 2560K, 98% used [0x00000000ebd80000,0x00000000ebff8038,0x00000000ec000000)
  to   space 2560K, 0% used [0x00000000ebb00000,0x00000000ebb00000,0x00000000ebd80000)
 ParOldGen       total 44032K, used 3285K [0x00000000c0000000, 0x00000000c2b00000, 0x00000000eab00000)
  object space 44032K, 7% used [0x00000000c0000000,0x00000000c0335680,0x00000000c2b00000)
 Metaspace       used 5948K, capacity 7024K, committed 7296K, reserved 1056768K
  class space    used 589K, capacity 616K, committed 640K, reserved 1048576K

Card table byte_map: [0x0000000012270000,0x0000000012480000] byte_map_base: 0x0000000011c70000

Marking Bits: (ParMarkBitMap*) 0x000000005c79a5b0
 Begin Bits: [0x00000000129e0000, 0x00000000139e0000)
 End Bits:   [0x00000000139e0000, 0x00000000149e0000)

Polling page: 0x0000000002bf0000

CodeCache: size=245760Kb used=5201Kb max_used=5201Kb free=240558Kb
 bounds [0x0000000002eb0000, 0x00000000033d0000, 0x0000000011eb0000]
 total_blobs=1584 nmethods=1321 adapters=174
 compilation: enabled

Compilation events (10 events):
Event: 2.650 Thread 0x00000000155dc000 1330       1       com.android.dx.dex.code.DalvInsn::getOpcode (5 bytes)
Event: 2.650 Thread 0x00000000155dc000 nmethod 1330 0x00000000033c3750 code [0x00000000033c38a0, 0x00000000033c39b0]
Event: 2.651 Thread 0x00000000155dc000 1331       1       com.android.dx.dex.code.Dop::getFormat (5 bytes)
Event: 2.651 Thread 0x00000000155dc000 nmethod 1331 0x00000000033c3a10 code [0x00000000033c3b60, 0x00000000033c3c70]
Event: 2.651 Thread 0x00000000155dc000 1332       1       com.android.dx.dex.code.form.SpecialFormat::isCompatible (2 bytes)
Event: 2.651 Thread 0x00000000155dc000 nmethod 1332 0x00000000033c3cd0 code [0x00000000033c3e20, 0x00000000033c3f30]
Event: 2.651 Thread 0x00000000155dc000 1333       1       com.android.dx.dex.code.DalvInsn::getRegisters (5 bytes)
Event: 2.651 Thread 0x00000000155dc000 nmethod 1333 0x00000000033c3f90 code [0x00000000033c40e0, 0x00000000033c41f0]
Event: 2.651 Thread 0x00000000155dc000 1334       1       com.android.dx.dex.code.ZeroSizeInsn::codeSize (2 bytes)
Event: 2.651 Thread 0x00000000155dc000 nmethod 1334 0x00000000033c4250 code [0x00000000033c43a0, 0x00000000033c44b0]

GC Heap History (4 events):
Event: 2.082 GC heap before
{Heap before GC invocations=1 (full 0):
 PSYoungGen      total 18944K, used 16384K [0x00000000eab00000, 0x00000000ec000000, 0x0000000100000000)
  eden space 16384K, 100% used [0x00000000eab00000,0x00000000ebb00000,0x00000000ebb00000)
  from space 2560K, 0% used [0x00000000ebd80000,0x00000000ebd80000,0x00000000ec000000)
  to   space 2560K, 0% used [0x00000000ebb00000,0x00000000ebb00000,0x00000000ebd80000)
 ParOldGen       total 44032K, used 0K [0x00000000c0000000, 0x00000000c2b00000, 0x00000000eab00000)
  object space 44032K, 0% used [0x00000000c0000000,0x00000000c0000000,0x00000000c2b00000)
 Metaspace       used 5602K, capacity 6768K, committed 7040K, reserved 1056768K
  class space    used 576K, capacity 616K, committed 640K, reserved 1048576K
Event: 2.094 GC heap after
Heap after GC invocations=1 (full 0):
 PSYoungGen      total 18944K, used 2544K [0x00000000eab00000, 0x00000000ec000000, 0x0000000100000000)
  eden space 16384K, 0% used [0x00000000eab00000,0x00000000eab00000,0x00000000ebb00000)
  from space 2560K, 99% used [0x00000000ebb00000,0x00000000ebd7c048,0x00000000ebd80000)
  to   space 2560K, 0% used [0x00000000ebd80000,0x00000000ebd80000,0x00000000ec000000)
 ParOldGen       total 44032K, used 1365K [0x00000000c0000000, 0x00000000c2b00000, 0x00000000eab00000)
  object space 44032K, 3% used [0x00000000c0000000,0x00000000c0155680,0x00000000c2b00000)
 Metaspace       used 5602K, capacity 6768K, committed 7040K, reserved 1056768K
  class space    used 576K, capacity 616K, committed 640K, reserved 1048576K
}
Event: 2.433 GC heap before
{Heap before GC invocations=2 (full 0):
 PSYoungGen      total 18944K, used 18928K [0x00000000eab00000, 0x00000000ec000000, 0x0000000100000000)
  eden space 16384K, 100% used [0x00000000eab00000,0x00000000ebb00000,0x00000000ebb00000)
  from space 2560K, 99% used [0x00000000ebb00000,0x00000000ebd7c048,0x00000000ebd80000)
  to   space 2560K, 0% used [0x00000000ebd80000,0x00000000ebd80000,0x00000000ec000000)
 ParOldGen       total 44032K, used 1365K [0x00000000c0000000, 0x00000000c2b00000, 0x00000000eab00000)
  object space 44032K, 3% used [0x00000000c0000000,0x00000000c0155680,0x00000000c2b00000)
 Metaspace       used 5776K, capacity 6896K, committed 7040K, reserved 1056768K
  class space    used 577K, capacity 616K, committed 640K, reserved 1048576K
Event: 2.446 GC heap after
Heap after GC invocations=2 (full 0):
 PSYoungGen      total 18944K, used 2528K [0x00000000eab00000, 0x00000000ed000000, 0x0000000100000000)
  eden space 16384K, 0% used [0x00000000eab00000,0x00000000eab00000,0x00000000ebb00000)
  from space 2560K, 98% used [0x00000000ebd80000,0x00000000ebff8038,0x00000000ec000000)
  to   space 2560K, 0% used [0x00000000ebb00000,0x00000000ebb00000,0x00000000ebd80000)
 ParOldGen       total 44032K, used 3285K [0x00000000c0000000, 0x00000000c2b00000, 0x00000000eab00000)
  object space 44032K, 7% used [0x00000000c0000000,0x00000000c0335680,0x00000000c2b00000)
 Metaspace       used 5776K, capacity 6896K, committed 7040K, reserved 1056768K
  class space    used 577K, capacity 616K, committed 640K, reserved 1048576K
}

Deoptimization events (10 events):
Event: 2.452 Thread 0x0000000016fd7000 Uncommon trap: reason=class_check action=maybe_recompile pc=0x00000000032de32c method=com.android.dx.ssa.NormalSsaInsn.accept(Lcom/android/dx/ssa/SsaInsn$Visitor;)V @ 9
Event: 2.452 Thread 0x0000000016fd7000 Uncommon trap: reason=class_check action=maybe_recompile pc=0x00000000032de32c method=com.android.dx.ssa.NormalSsaInsn.accept(Lcom/android/dx/ssa/SsaInsn$Visitor;)V @ 9
Event: 2.459 Thread 0x0000000016fd7000 Uncommon trap: reason=class_check action=maybe_recompile pc=0x00000000032aded4 method=com.android.dx.ssa.NormalSsaInsn.accept(Lcom/android/dx/ssa/SsaInsn$Visitor;)V @ 9
Event: 2.459 Thread 0x0000000016fd7000 Uncommon trap: reason=class_check action=maybe_recompile pc=0x00000000032de32c method=com.android.dx.ssa.NormalSsaInsn.accept(Lcom/android/dx/ssa/SsaInsn$Visitor;)V @ 9
Event: 2.535 Thread 0x0000000016fd7000 Uncommon trap: reason=unstable_if action=reinterpret pc=0x00000000033833e8 method=com.android.dx.ssa.SsaRenamer$BlockRenamer.visitMoveInsn(Lcom/android/dx/ssa/NormalSsaInsn;)V @ 104
Event: 2.593 Thread 0x0000000016fd8000 Uncommon trap: reason=class_check action=maybe_recompile pc=0x0000000003354ee8 method=java.util.Arrays.hashCode([Ljava/lang/Object;)I @ 43
Event: 2.593 Thread 0x0000000016fd8000 Uncommon trap: reason=class_check action=maybe_recompile pc=0x0000000003354ee8 method=java.util.Arrays.hashCode([Ljava/lang/Object;)I @ 43
Event: 2.595 Thread 0x0000000016fd8000 Uncommon trap: reason=class_check action=maybe_recompile pc=0x0000000003354ee8 method=java.util.Arrays.hashCode([Ljava/lang/Object;)I @ 43
Event: 2.595 Thread 0x0000000016fd8000 Uncommon trap: reason=class_check action=maybe_recompile pc=0x0000000003354ee8 method=java.util.Arrays.hashCode([Ljava/lang/Object;)I @ 43
Event: 2.597 Thread 0x0000000016fd8000 Uncommon trap: reason=unstable_if action=reinterpret pc=0x000000000331fab8 method=java.util.HashMap.putVal(ILjava/lang/Object;Ljava/lang/Object;ZZ)Ljava/lang/Object; @ 94

Internal exceptions (4 events):
Event: 0.292 Thread 0x0000000002db0800 Exception <a 'java/lang/NoSuchMethodError': Method sun.misc.Unsafe.defineClass(Ljava/lang/String;[BII)Ljava/lang/Class; name or signature does not match> (0x00000000eab0d520) thrown at [C:\re\workspace\8-2-build-windows-amd64-cygwin\jdk8u60\4407\hotspot\srAZ8<µ∑“?
Event: 0.292 Thread 0x0000000002db0800 Exception <a 'java/lang/NoSuchMethodError': Method sun.misc.Unsafe.prefetchRead(Ljava/lang/Object;J)V name or signature does not match> (0x00000000eab0d808) thrown at [C:\re\workspace\8-2-build-windows-amd64-cygwin\jdk8u60\4407\hotspot\src\share\vm\prims\jlrç7ˇ@
Event: 2.136 Thread 0x0000000016fd7000 Implicit null exception at 0x0000000003222e81 to 0x0000000003224f79
Event: 2.136 Thread 0x0000000016fd7000 Implicit null exception at 0x0000000003238086 to 0x000000000323a1a5

Events (10 events):
Event: 2.655 loading class com/android/dx/dex/code/PositionList
Event: 2.655 loading class com/android/dx/dex/code/PositionList done
Event: 2.656 loading class com/android/dx/dex/code/PositionList$Entry
Event: 2.656 loading class com/android/dx/dex/code/PositionList$Entry done
Event: 2.656 loading class com/android/dx/dex/code/LocalList
Event: 2.656 loading class com/android/dx/dex/code/LocalList done
Event: 2.657 loading class com/android/dx/dex/code/LocalList$MakeState
Event: 2.657 loading class com/android/dx/dex/code/LocalList$MakeState done
Event: 2.658 loading class com/android/dx/dex/code/LocalList$Disposition
Event: 2.658 loading class com/android/dx/dex/code/LocalList$Disposition done


Dynamic libraries:
0x00007ff7c5620000 - 0x00007ff7c5657000 	C:\Program Files\Java\jdk1.8.0_60\bin\java.exe
0x00007ff81eea0000 - 0x00007ff81f061000 	C:\Windows\SYSTEM32\ntdll.dll
0x00007ff81ec80000 - 0x00007ff81ed2d000 	C:\Windows\system32\KERNEL32.DLL
0x00007ff81bd10000 - 0x00007ff81bef8000 	C:\Windows\system32\KERNELBASE.dll
0x00007ff81e0c0000 - 0x00007ff81e167000 	C:\Windows\system32\ADVAPI32.dll
0x00007ff81e830000 - 0x00007ff81e8cd000 	C:\Windows\system32\msvcrt.dll
0x00007ff81c5b0000 - 0x00007ff81c60b000 	C:\Windows\system32\sechost.dll
0x00007ff81db70000 - 0x00007ff81dc8c000 	C:\Windows\system32\RPCRT4.dll
0x00007ff81ed30000 - 0x00007ff81ee86000 	C:\Windows\system32\USER32.dll
0x00007ff81de60000 - 0x00007ff81dfe6000 	C:\Windows\system32\GDI32.dll
0x00007ff80ed20000 - 0x00007ff80ef94000 	C:\Windows\WinSxS\amd64_microsoft.windows.common-controls_6595b64144ccf1df_6.0.10586.494_none_a2d8b04ea53e3145\COMCTL32.dll
0x00007ff81e8d0000 - 0x00007ff81eb4d000 	C:\Windows\system32\combase.dll
0x00007ff81b5c0000 - 0x00007ff81b62a000 	C:\Windows\system32\bcryptPrimitives.dll
0x00007ff81c310000 - 0x00007ff81c34b000 	C:\Windows\system32\IMM32.DLL
0x000000005b9f0000 - 0x000000005bac2000 	C:\Program Files\Java\jdk1.8.0_60\jre\bin\msvcr100.dll
0x000000005bf90000 - 0x000000005c819000 	C:\Program Files\Java\jdk1.8.0_60\jre\bin\server\jvm.dll
0x00007ff81e320000 - 0x00007ff81e328000 	C:\Windows\system32\PSAPI.DLL
0x00007ffff3a80000 - 0x00007ffff3a89000 	C:\Windows\SYSTEM32\WSOCK32.dll
0x00007ff81e330000 - 0x00007ff81e39b000 	C:\Windows\system32\WS2_32.dll
0x00007ff819bf0000 - 0x00007ff819c13000 	C:\Windows\SYSTEM32\WINMM.dll
0x00007ff810030000 - 0x00007ff81003a000 	C:\Windows\SYSTEM32\VERSION.dll
0x00007ff819b60000 - 0x00007ff819b8c000 	C:\Windows\SYSTEM32\WINMMBASE.dll
0x00007ff81b570000 - 0x00007ff81b5b3000 	C:\Windows\system32\cfgmgr32.dll
0x000000005bea0000 - 0x000000005beaf000 	C:\Program Files\Java\jdk1.8.0_60\jre\bin\verify.dll
0x000000005be70000 - 0x000000005be99000 	C:\Program Files\Java\jdk1.8.0_60\jre\bin\java.dll
0x000000005be50000 - 0x000000005be66000 	C:\Program Files\Java\jdk1.8.0_60\jre\bin\zip.dll
0x00007ff81c610000 - 0x00007ff81db6c000 	C:\Windows\system32\SHELL32.dll
0x00007ff81b630000 - 0x00007ff81bc75000 	C:\Windows\system32\windows.storage.dll
0x00007ff81c2b0000 - 0x00007ff81c302000 	C:\Windows\system32\shlwapi.dll
0x00007ff81b530000 - 0x00007ff81b53f000 	C:\Windows\system32\kernel.appcore.dll
0x00007ff81bf00000 - 0x00007ff81bfb5000 	C:\Windows\system32\shcore.dll
0x00007ff81b4e0000 - 0x00007ff81b52b000 	C:\Windows\system32\powrprof.dll
0x00007ff81b4c0000 - 0x00007ff81b4d4000 	C:\Windows\system32\profapi.dll

VM Arguments:
jvm_args: -Djava.awt.headless=true -Xmx1024M -Dfile.encoding=windows-1252 -Duser.country=IN -Duser.language=en -Duser.variant 
java_command: com.android.dx.command.Main --dex --force-jumbo --num-threads=4 --multi-dex --output E:\work\HomeImage\app\build\intermediates\transforms\dex\debug\folders\1000\5\slice_3 E:\work\HomeImage\app\build\intermediates\transforms\instantRunSlicer\debug\folders\1\5\slice_3
java_class_path (initial): E:\Android\sdk\build-tools\24.0.2\lib\dx.jar
Launcher Type: SUN_STANDARD

Environment Variables:
PATH=C:\ProgramData\Oracle\Java\javapath;C:\Program Files (x86)\Intel\iCLS Client\;C:\Program Files\Intel\iCLS Client\;C:\Windows\system32;C:\Windows;C:\Windows\System32\Wbem;C:\Windows\System32\WindowsPowerShell\v1.0\;C:\Program Files (x86)\AMD\ATI.ACE\Core-Static;C:\Program Files\Intel\Intel(R) Management Engine Components\DAL;C:\Program Files\Intel\Intel(R) Management Engine Components\IPT;C:\Program Files (x86)\Intel\Intel(R) Management Engine Components\DAL;C:\Program Files (x86)\Intel\Intel(R) Management Engine Components\IPT;E:\Android\sdk\ndk-bundle;E:\Android\sdk\platform-tools;C:\Program Files (x86)\Skype\Phone\;C:\Program Files (x86)\Windows Live\Shared
USERNAME=Family
OS=Windows_NT
PROCESSOR_IDENTIFIER=Intel64 Family 6 Model 69 Stepping 1, GenuineIntel



---------------  S Y S T E M  ---------------

OS: Windows 10.0 , 64 bit Build 10586 (10.0.10586.0)

CPU:total 4 (2 cores per cpu, 2 threads per core) family 6 model 69 stepping 1, cmov, cx8, fxsr, mmx, sse, sse2, sse3, ssse3, sse4.1, sse4.2, popcnt, avx, avx2, aes, clmul, erms, lzcnt, ht, tsc, tscinvbit, bmi1, bmi2

Memory: 4k page, physical 4072408k(550752k free), swap 7498696k(7692k free)

vm_info: Java HotSpot(TM) 64-Bit Server VM (25.60-b23) for windows-amd64 JRE (1.8.0_60-b27), built on Aug  4 2015 11:06:27 by "java_re" with MS VC++ 10.0 (VS2010)

time: Thu Sep 08 14:28:37 2016
elapsed time: 2 seconds (0d 0h 0m 2s)

