#
# There is insufficient memory for the Java Runtime Environment to continue.
# Native memory allocation (malloc) failed to allocate 32784 bytes for Chunk::new
# Possible reasons:
#   The system is out of physical RAM or swap space
#   In 32 bit mode, the process size limit was hit
# Possible solutions:
#   Reduce memory load on the system
#   Increase physical memory or swap space
#   Check if swap backing store is full
#   Use 64 bit Java on a 64 bit OS
#   Decrease Java heap size (-Xmx/-Xms)
#   Decrease number of Java threads
#   Decrease Java thread stack sizes (-Xss)
#   Set larger code cache with -XX:ReservedCodeCacheSize=
# This output file may be truncated or incomplete.
#
#  Out of Memory Error (allocation.cpp:390), pid=236, tid=7444
#
# JRE version: Java(TM) SE Runtime Environment (8.0_60-b27) (build 1.8.0_60-b27)
# Java VM: Java HotSpot(TM) 64-Bit Server VM (25.60-b23 mixed mode windows-amd64 compressed oops)
# Failed to write core dump. Minidumps are not enabled by default on client versions of Windows
#

---------------  T H R E A D  ---------------

Current thread (0x00000000150b0000):  JavaThread "C2 CompilerThread1" daemon [_thread_in_native, id=7444, stack(0x00000000167e0000,0x00000000168e0000)]

Stack: [0x00000000167e0000,0x00000000168e0000]
[error occurred during error reporting (printing stack bounds), id 0xc0000005]

Native frames: (J=compiled Java code, j=interpreted, Vv=VM code, C=native code)


Current CompileTask:
C2:    839  622       4       com.android.dx.ssa.NormalSsaInsn::accept (25 bytes)


---------------  P R O C E S S  ---------------

Java Threads: ( => current thread )
  0x0000000016c34000 JavaThread "pool-2-thread-4" [_thread_in_Java, id=1936, stack(0x00000000173e0000,0x00000000174e0000)]
  0x0000000016c46000 JavaThread "pool-2-thread-3" [_thread_in_Java, id=6728, stack(0x00000000172e0000,0x00000000173e0000)]
  0x0000000016c3b000 JavaThread "pool-2-thread-2" [_thread_in_vm, id=9044, stack(0x00000000171e0000,0x00000000172e0000)]
  0x0000000016b3d000 JavaThread "pool-3-thread-1" [_thread_blocked, id=6500, stack(0x00000000170e0000,0x00000000171e0000)]
  0x0000000016b3c800 JavaThread "pool-2-thread-1" [_thread_blocked, id=2904, stack(0x0000000016fe0000,0x00000000170e0000)]
  0x00000000169e6000 JavaThread "Service Thread" daemon [_thread_blocked, id=3832, stack(0x0000000016de0000,0x0000000016ee0000)]
  0x000000001510c000 JavaThread "C1 CompilerThread2" daemon [_thread_in_native, id=8996, stack(0x00000000168e0000,0x00000000169e0000)]
=>0x00000000150b0000 JavaThread "C2 CompilerThread1" daemon [_thread_in_native, id=7444, stack(0x00000000167e0000,0x00000000168e0000)]
  0x00000000150aa800 JavaThread "C2 CompilerThread0" daemon [_thread_in_native, id=492, stack(0x00000000166e0000,0x00000000167e0000)]
  0x00000000150a8800 JavaThread "Attach Listener" daemon [_thread_blocked, id=8280, stack(0x00000000165e0000,0x00000000166e0000)]
  0x00000000150a7800 JavaThread "Signal Dispatcher" daemon [_thread_blocked, id=8908, stack(0x00000000164e0000,0x00000000165e0000)]
  0x00000000029d0800 JavaThread "Finalizer" daemon [_thread_blocked, id=7528, stack(0x0000000016300000,0x0000000016400000)]
  0x00000000029cd000 JavaThread "Reference Handler" daemon [_thread_blocked, id=6568, stack(0x0000000016200000,0x0000000016300000)]
  0x00000000028e1000 JavaThread "main" [_thread_blocked, id=4052, stack(0x00000000027e0000,0x00000000028e0000)]

Other Threads:
  0x0000000015078000 VMThread [stack: 0x0000000016100000,0x0000000016200000] [id=8732]
  0x00000000169fa000 WatcherThread [stack: 0x0000000016ee0000,0x0000000016fe0000] [id=5420]

VM state:not at safepoint (normal execution)

VM Mutex/Monitor currently owned by a thread: None

Heap:
 PSYoungGen      total 18944K, used 12758K [0x00000000eab00000, 0x00000000ec000000, 0x0000000100000000)
  eden space 16384K, 77% used [0x00000000eab00000,0x00000000eb775ac0,0x00000000ebb00000)
  from space 2560K, 0% used [0x00000000ebd80000,0x00000000ebd80000,0x00000000ec000000)
  to   space 2560K, 0% used [0x00000000ebb00000,0x00000000ebb00000,0x00000000ebd80000)
 ParOldGen       total 44032K, used 0K [0x00000000c0000000, 0x00000000c2b00000, 0x00000000eab00000)
  object space 44032K, 0% used [0x00000000c0000000,0x00000000c0000000,0x00000000c2b00000)
 Metaspace       used 5420K, capacity 6576K, committed 6784K, reserved 1056768K
  class space    used 576K, capacity 616K, committed 640K, reserved 1048576K

Card table byte_map: [0x0000000011da0000,0x0000000011fb0000] byte_map_base: 0x00000000117a0000

Marking Bits: (ParMarkBitMap*) 0x00000000626ba5b0
 Begin Bits: [0x0000000012510000, 0x0000000013510000)
 End Bits:   [0x0000000013510000, 0x0000000014510000)

Polling page: 0x0000000000ca0000

CodeCache: size=245760Kb used=2583Kb max_used=2594Kb free=243176Kb
 bounds [0x00000000029e0000, 0x0000000002c70000, 0x00000000119e0000]
 total_blobs=868 nmethods=606 adapters=175
 compilation: enabled

Compilation events (10 events):
Event: 0.822 Thread 0x00000000150b0000  620       4       com.android.dx.rop.code.InsnList::get (9 bytes)
Event: 0.824 Thread 0x00000000150b0000 nmethod 620 0x0000000002c5d890 code [0x0000000002c5d9e0, 0x0000000002c5dad8]
Event: 0.824 Thread 0x00000000150b0000  617       4       java.lang.Long::bitCount (61 bytes)
Event: 0.824 Thread 0x00000000150b0000 nmethod 617 0x0000000002c5dc10 code [0x0000000002c5dd40, 0x0000000002c5ddf8]
Event: 0.825 Thread 0x00000000150b0000  622       4       com.android.dx.ssa.NormalSsaInsn::accept (25 bytes)
Event: 0.825 Thread 0x00000000150aa800  625       4       com.android.dx.rop.type.Type::hashCode (8 bytes)
Event: 0.828 Thread 0x00000000150aa800 nmethod 625 0x0000000002c5d4d0 code [0x0000000002c5d600, 0x0000000002c5d778]
Event: 0.829 Thread 0x00000000150aa800  627       4       com.android.dx.rop.code.RegisterSpecList::get (9 bytes)
Event: 0.830 Thread 0x00000000150aa800 nmethod 627 0x0000000002c5d150 code [0x0000000002c5d2a0, 0x0000000002c5d378]
Event: 0.830 Thread 0x00000000150aa800  628       4       java.util.HashMap::containsKey (18 bytes)

GC Heap History (0 events):
No events

Deoptimization events (4 events):
Event: 0.568 Thread 0x00000000028e1000 Uncommon trap: reason=unloaded action=reinterpret pc=0x0000000002b6c170 method=com.android.dx.cf.cst.ConstantPoolParser.parse0(ILjava/util/BitSet;)Lcom/android/dx/rop/cst/Constant; @ 220
Event: 0.596 Thread 0x00000000028e1000 Uncommon trap: reason=unstable_if action=reinterpret pc=0x0000000002b61158 method=java.lang.String.<init>([CII)V @ 18
Event: 0.674 Thread 0x0000000016c34000 Uncommon trap: reason=unstable_if action=reinterpret pc=0x0000000002be813c method=java.util.HashMap.getNode(ILjava/lang/Object;)Ljava/util/HashMap$Node; @ 62
Event: 0.811 Thread 0x0000000016c46000 Uncommon trap: reason=unstable_if action=reinterpret pc=0x0000000002c46e70 method=java.util.BitSet.nextSetBit(I)I @ 87

Internal exceptions (2 events):
Event: 0.084 Thread 0x00000000028e1000 Exception <a 'java/lang/NoSuchMethodError': Method sun.misc.Unsafe.defineClass(Ljava/lang/String;[BII)Ljava/lang/Class; name or signature does not match> (0x00000000eab0d520) thrown at [C:\re\workspace\8-2-build-windows-amd64-cygwin\jdk8u60\4407\hotspot\sr©YÕ:Ù•µ?
Event: 0.084 Thread 0x00000000028e1000 Exception <a 'java/lang/NoSuchMethodError': Method sun.misc.Unsafe.prefetchRead(Ljava/lang/Object;J)V name or signature does not match> (0x00000000eab0d808) thrown at [C:\re\workspace\8-2-build-windows-amd64-cygwin\jdk8u60\4407\hotspot\src\share\vm\prims\j

Events (10 events):
Event: 0.793 loading class com/android/dx/rop/annotation/AnnotationsList done
Event: 0.798 Executing VM operation: ForceSafepoint
Event: 0.798 Executing VM operation: ForceSafepoint done
Event: 0.803 loading class com/android/dx/cf/code/SwitchList
Event: 0.803 loading class com/android/dx/cf/code/SwitchList done
Event: 0.811 Thread 0x0000000016c46000 Uncommon trap: trap_request=0xffffff65 fr.pc=0x0000000002c46e70
Event: 0.811 Thread 0x0000000016c46000 DEOPT PACKING pc=0x0000000002c46e70 sp=0x00000000173de7f0
Event: 0.812 Thread 0x0000000016c46000 DEOPT UNPACKING pc=0x0000000002a2582a sp=0x00000000173de788 mode 2
Event: 0.821 loading class java/util/DualPivotQuicksort
Event: 0.821 loading class java/util/DualPivotQuicksort done


Dynamic libraries:
0x00007ff67a4e0000 - 0x00007ff67a517000 	C:\Program Files\Java\jdk1.8.0_60\bin\java.exe
0x00007ffc7f0e0000 - 0x00007ffc7f2a1000 	C:\Windows\SYSTEM32\ntdll.dll
0x00007ffc7e590000 - 0x00007ffc7e63d000 	C:\Windows\system32\KERNEL32.DLL
0x00007ffc7b810000 - 0x00007ffc7b9f8000 	C:\Windows\system32\KERNELBASE.dll
0x00007ffc7e870000 - 0x00007ffc7e917000 	C:\Windows\system32\ADVAPI32.dll
0x00007ffc7ed60000 - 0x00007ffc7edfd000 	C:\Windows\system32\msvcrt.dll
0x00007ffc7ec90000 - 0x00007ffc7eceb000 	C:\Windows\system32\sechost.dll
0x00007ffc7c5b0000 - 0x00007ffc7c6cc000 	C:\Windows\system32\RPCRT4.dll
0x00007ffc7e920000 - 0x00007ffc7ea76000 	C:\Windows\system32\USER32.dll
0x00007ffc7c6e0000 - 0x00007ffc7c866000 	C:\Windows\system32\GDI32.dll
0x00007ffc6fce0000 - 0x00007ffc6ff54000 	C:\Windows\WinSxS\amd64_microsoft.windows.common-controls_6595b64144ccf1df_6.0.10586.589_none_a2ddb3caa539acce\COMCTL32.dll
0x00007ffc7e310000 - 0x00007ffc7e58d000 	C:\Windows\system32\combase.dll
0x00007ffc7ba00000 - 0x00007ffc7ba6a000 	C:\Windows\system32\bcryptPrimitives.dll
0x00007ffc7ef60000 - 0x00007ffc7ef9b000 	C:\Windows\system32\IMM32.DLL
0x0000000061950000 - 0x0000000061a22000 	C:\Program Files\Java\jdk1.8.0_60\jre\bin\msvcr100.dll
0x0000000061eb0000 - 0x0000000062739000 	C:\Program Files\Java\jdk1.8.0_60\jre\bin\server\jvm.dll
0x00007ffc7ee00000 - 0x00007ffc7ee08000 	C:\Windows\system32\PSAPI.DLL
0x00007ffc6bdd0000 - 0x00007ffc6bdd9000 	C:\Windows\SYSTEM32\WSOCK32.dll
0x00007ffc7e6a0000 - 0x00007ffc7e70b000 	C:\Windows\system32\WS2_32.dll
0x00007ffc79e00000 - 0x00007ffc79e23000 	C:\Windows\SYSTEM32\WINMM.dll
0x00007ffc6f100000 - 0x00007ffc6f10a000 	C:\Windows\SYSTEM32\VERSION.dll
0x00007ffc79cc0000 - 0x00007ffc79cec000 	C:\Windows\SYSTEM32\WINMMBASE.dll
0x00007ffc7ba70000 - 0x00007ffc7bab3000 	C:\Windows\system32\cfgmgr32.dll
0x0000000061dc0000 - 0x0000000061dcf000 	C:\Program Files\Java\jdk1.8.0_60\jre\bin\verify.dll
0x0000000061d90000 - 0x0000000061db9000 	C:\Program Files\Java\jdk1.8.0_60\jre\bin\java.dll
0x0000000061d70000 - 0x0000000061d86000 	C:\Program Files\Java\jdk1.8.0_60\jre\bin\zip.dll
0x00007ffc7c870000 - 0x00007ffc7ddcc000 	C:\Windows\system32\SHELL32.dll
0x00007ffc7bac0000 - 0x00007ffc7c105000 	C:\Windows\system32\windows.storage.dll
0x00007ffc7e200000 - 0x00007ffc7e252000 	C:\Windows\system32\shlwapi.dll
0x00007ffc7b700000 - 0x00007ffc7b70f000 	C:\Windows\system32\kernel.appcore.dll
0x00007ffc7c1c0000 - 0x00007ffc7c275000 	C:\Windows\system32\shcore.dll
0x00007ffc7b730000 - 0x00007ffc7b77b000 	C:\Windows\system32\powrprof.dll
0x00007ffc7b710000 - 0x00007ffc7b724000 	C:\Windows\system32\profapi.dll

VM Arguments:
jvm_args: -Djava.awt.headless=true -Xmx1024M -Dfile.encoding=windows-1252 -Duser.country=IN -Duser.language=en -Duser.variant 
java_command: com.android.dx.command.Main --dex --force-jumbo --num-threads=4 --multi-dex --output E:\work\HomeImage\app\build\intermediates\transforms\dex\debug\folders\1000\5\slice_9 E:\work\HomeImage\app\build\intermediates\transforms\instantRunSlicer\debug\folders\1\5\slice_9
java_class_path (initial): E:\Android\sdk\build-tools\24.0.2\lib\dx.jar
Launcher Type: SUN_STANDARD

Environment Variables:
PATH=C:\ProgramData\Oracle\Java\javapath;C:\Program Files (x86)\Intel\iCLS Client\;C:\Program Files\Intel\iCLS Client\;C:\Windows\system32;C:\Windows;C:\Windows\System32\Wbem;C:\Windows\System32\WindowsPowerShell\v1.0\;C:\Program Files (x86)\AMD\ATI.ACE\Core-Static;C:\Program Files\Intel\Intel(R) Management Engine Components\DAL;C:\Program Files\Intel\Intel(R) Management Engine Components\IPT;C:\Program Files (x86)\Intel\Intel(R) Management Engine Components\DAL;C:\Program Files (x86)\Intel\Intel(R) Management Engine Components\IPT;E:\Android\sdk\ndk-bundle;E:\Android\sdk\platform-tools;C:\Program Files (x86)\Skype\Phone\;C:\Program Files (x86)\Windows Live\Shared
USERNAME=Family
OS=Windows_NT
PROCESSOR_IDENTIFIER=Intel64 Family 6 Model 69 Stepping 1, GenuineIntel



---------------  S Y S T E M  ---------------

OS: Windows 10.0 , 64 bit Build 10586 (10.0.10586.589)

CPU:total 4 (2 cores per cpu, 2 threads per core) family 6 model 69 stepping 1, cmov, cx8, fxsr, mmx, sse, sse2, sse3, ssse3, sse4.1, sse4.2, popcnt, avx, avx2, aes, clmul, erms, lzcnt, ht, tsc, tscinvbit, bmi1, bmi2

Memory: 4k page, physical 4072408k(382644k free), swap 5755872k(2392k free)

vm_info: Java HotSpot(TM) 64-Bit Server VM (25.60-b23) for windows-amd64 JRE (1.8.0_60-b27), built on Aug  4 2015 11:06:27 by "java_re" with MS VC++ 10.0 (VS2010)

time: Tue Sep 20 15:00:59 2016
elapsed time: 0 seconds (0d 0h 0m 0s)

