#
# There is insufficient memory for the Java Runtime Environment to continue.
# Native memory allocation (malloc) failed to allocate 149360 bytes for Chunk::new
# Possible reasons:
#   The system is out of physical RAM or swap space
#   In 32 bit mode, the process size limit was hit
# Possible solutions:
#   Reduce memory load on the system
#   Increase physical memory or swap space
#   Check if swap backing store is full
#   Use 64 bit Java on a 64 bit OS
#   Decrease Java heap size (-Xmx/-Xms)
#   Decrease number of Java threads
#   Decrease Java thread stack sizes (-Xss)
#   Set larger code cache with -XX:ReservedCodeCacheSize=
# This output file may be truncated or incomplete.
#
#  Out of Memory Error (allocation.cpp:390), pid=6044, tid=11608
#
# JRE version: Java(TM) SE Runtime Environment (8.0_60-b27) (build 1.8.0_60-b27)
# Java VM: Java HotSpot(TM) 64-Bit Server VM (25.60-b23 mixed mode windows-amd64 compressed oops)
# Failed to write core dump. Minidumps are not enabled by default on client versions of Windows
#

---------------  T H R E A D  ---------------

Current thread (0x0000000015299000):  JavaThread "C2 CompilerThread0" daemon [_thread_in_native, id=11608, stack(0x00000000168f0000,0x00000000169f0000)]

Stack: [0x00000000168f0000,0x00000000169f0000]
[error occurred during error reporting (printing stack bounds), id 0xc0000005]

Native frames: (J=compiled Java code, j=interpreted, Vv=VM code, C=native code)


Current CompileTask:
C2:   8152 1888  s    4       com.android.dx.dex.file.MethodIdsSection::intern (55 bytes)


---------------  P R O C E S S  ---------------

Java Threads: ( => current thread )
  0x0000000016e4d000 JavaThread "pool-1-thread-1" [_thread_in_Java, id=11852, stack(0x0000000019e90000,0x0000000019f90000)]
  0x00000000152fd800 JavaThread "Service Thread" daemon [_thread_blocked, id=4316, stack(0x0000000016ff0000,0x00000000170f0000)]
  0x00000000152a9800 JavaThread "C1 CompilerThread2" daemon [_thread_in_native, id=3552, stack(0x0000000016af0000,0x0000000016bf0000)]
  0x00000000152a0000 JavaThread "C2 CompilerThread1" daemon [_thread_in_native, id=4092, stack(0x00000000169f0000,0x0000000016af0000)]
=>0x0000000015299000 JavaThread "C2 CompilerThread0" daemon [_thread_in_native, id=11608, stack(0x00000000168f0000,0x00000000169f0000)]
  0x0000000015297000 JavaThread "Attach Listener" daemon [_thread_blocked, id=4228, stack(0x00000000167f0000,0x00000000168f0000)]
  0x0000000015296000 JavaThread "Signal Dispatcher" daemon [_thread_blocked, id=11960, stack(0x00000000166f0000,0x00000000167f0000)]
  0x0000000002bc0800 JavaThread "Finalizer" daemon [_thread_blocked, id=12072, stack(0x0000000016510000,0x0000000016610000)]
  0x0000000002bbd000 JavaThread "Reference Handler" daemon [_thread_blocked, id=9528, stack(0x0000000016410000,0x0000000016510000)]
  0x0000000002ad0800 JavaThread "main" [_thread_blocked, id=11516, stack(0x00000000028d0000,0x00000000029d0000)]

Other Threads:
  0x0000000015268000 VMThread [stack: 0x0000000016310000,0x0000000016410000] [id=8064]
  0x0000000016bf9000 WatcherThread [stack: 0x00000000170f0000,0x00000000171f0000] [id=9880]

VM state:not at safepoint (normal execution)

VM Mutex/Monitor currently owned by a thread: None

Heap:
 PSYoungGen      total 73216K, used 37282K [0x00000000eab00000, 0x00000000f4300000, 0x0000000100000000)
  eden space 64512K, 44% used [0x00000000eab00000,0x00000000ec6ec498,0x00000000eea00000)
  from space 8704K, 99% used [0x00000000eea00000,0x00000000ef27c5a8,0x00000000ef280000)
  to   space 13312K, 0% used [0x00000000f3600000,0x00000000f3600000,0x00000000f4300000)
 ParOldGen       total 44032K, used 20619K [0x00000000c0000000, 0x00000000c2b00000, 0x00000000eab00000)
  object space 44032K, 46% used [0x00000000c0000000,0x00000000c1422f38,0x00000000c2b00000)
 Metaspace       used 6440K, capacity 7192K, committed 7424K, reserved 1056768K
  class space    used 629K, capacity 656K, committed 768K, reserved 1048576K

Card table byte_map: [0x0000000011f90000,0x00000000121a0000] byte_map_base: 0x0000000011990000

Marking Bits: (ParMarkBitMap*) 0x0000000056f3a5b0
 Begin Bits: [0x0000000012700000, 0x0000000013700000)
 End Bits:   [0x0000000013700000, 0x0000000014700000)

Polling page: 0x0000000002810000

CodeCache: size=245760Kb used=7970Kb max_used=7970Kb free=237789Kb
 bounds [0x0000000002bd0000, 0x00000000033a0000, 0x0000000011bd0000]
 total_blobs=2136 nmethods=1865 adapters=182
 compilation: enabled

Compilation events (10 events):
Event: 8.141 Thread 0x00000000152a9800 1904       3       com.android.dx.dex.file.AnnotationSetItem::itemType (4 bytes)
Event: 8.141 Thread 0x00000000152a9800 nmethod 1904 0x00000000033942d0 code [0x0000000003394420, 0x0000000003394570]
Event: 8.142 Thread 0x00000000152a9800 1905       3       com.android.dx.dex.file.OffsettedItem::equals (45 bytes)
Event: 8.142 Thread 0x00000000152a9800 nmethod 1905 0x000000000339ac50 code [0x000000000339ae00, 0x000000000339b388]
Event: 8.143 Thread 0x00000000152a9800 1907       3       com.android.dx.dex.code.OutputFinisher::addConstants (93 bytes)
Event: 8.144 Thread 0x00000000152a9800 nmethod 1907 0x000000000339b4d0 code [0x000000000339b700, 0x000000000339c608]
Event: 8.145 Thread 0x00000000152a9800 1908       3       com.android.dx.dex.code.OutputFinisher::addConstants (68 bytes)
Event: 8.146 Thread 0x00000000152a9800 nmethod 1908 0x000000000339cb10 code [0x000000000339cd00, 0x000000000339d6c8]
Event: 8.146 Thread 0x00000000152a9800 1909   !   3       com.android.dx.rop.cst.CstType::intern (48 bytes)
Event: 8.147 Thread 0x00000000152a9800 nmethod 1909 0x000000000339db10 code [0x000000000339dd20, 0x000000000339e948]

GC Heap History (10 events):
Event: 4.489 GC heap before
{Heap before GC invocations=3 (full 0):
 PSYoungGen      total 18944K, used 18935K [0x00000000eab00000, 0x00000000ed000000, 0x0000000100000000)
  eden space 16384K, 100% used [0x00000000eab00000,0x00000000ebb00000,0x00000000ebb00000)
  from space 2560K, 99% used [0x00000000ebd80000,0x00000000ebffdc88,0x00000000ec000000)
  to   space 2560K, 0% used [0x00000000ebb00000,0x00000000ebb00000,0x00000000ebd80000)
 ParOldGen       total 44032K, used 3594K [0x00000000c0000000, 0x00000000c2b00000, 0x00000000eab00000)
  object space 44032K, 8% used [0x00000000c0000000,0x00000000c0382b38,0x00000000c2b00000)
 Metaspace       used 6125K, capacity 7024K, committed 7296K, reserved 1056768K
  class space    used 600K, capacity 616K, committed 640K, reserved 1048576K
Event: 4.504 GC heap after
Heap after GC invocations=3 (full 0):
 PSYoungGen      total 18944K, used 2537K [0x00000000eab00000, 0x00000000ed000000, 0x0000000100000000)
  eden space 16384K, 0% used [0x00000000eab00000,0x00000000eab00000,0x00000000ebb00000)
  from space 2560K, 99% used [0x00000000ebb00000,0x00000000ebd7a538,0x00000000ebd80000)
  to   space 2560K, 0% used [0x00000000ecd80000,0x00000000ecd80000,0x00000000ed000000)
 ParOldGen       total 44032K, used 6151K [0x00000000c0000000, 0x00000000c2b00000, 0x00000000eab00000)
  object space 44032K, 13% used [0x00000000c0000000,0x00000000c0601e08,0x00000000c2b00000)
 Metaspace       used 6125K, capacity 7024K, committed 7296K, reserved 1056768K
  class space    used 600K, capacity 616K, committed 640K, reserved 1048576K
}
Event: 4.631 GC heap before
{Heap before GC invocations=4 (full 0):
 PSYoungGen      total 18944K, used 18921K [0x00000000eab00000, 0x00000000ed000000, 0x0000000100000000)
  eden space 16384K, 100% used [0x00000000eab00000,0x00000000ebb00000,0x00000000ebb00000)
  from space 2560K, 99% used [0x00000000ebb00000,0x00000000ebd7a538,0x00000000ebd80000)
  to   space 2560K, 0% used [0x00000000ecd80000,0x00000000ecd80000,0x00000000ed000000)
 ParOldGen       total 44032K, used 6151K [0x00000000c0000000, 0x00000000c2b00000, 0x00000000eab00000)
  object space 44032K, 13% used [0x00000000c0000000,0x00000000c0601e08,0x00000000c2b00000)
 Metaspace       used 6169K, capacity 7088K, committed 7296K, reserved 1056768K
  class space    used 602K, capacity 616K, committed 640K, reserved 1048576K
Event: 4.644 GC heap after
Heap after GC invocations=4 (full 0):
 PSYoungGen      total 35328K, used 2553K [0x00000000eab00000, 0x00000000ed000000, 0x0000000100000000)
  eden space 32768K, 0% used [0x00000000eab00000,0x00000000eab00000,0x00000000ecb00000)
  from space 2560K, 99% used [0x00000000ecd80000,0x00000000ecffe528,0x00000000ed000000)
  to   space 2560K, 0% used [0x00000000ecb00000,0x00000000ecb00000,0x00000000ecd80000)
 ParOldGen       total 44032K, used 8454K [0x00000000c0000000, 0x00000000c2b00000, 0x00000000eab00000)
  object space 44032K, 19% used [0x00000000c0000000,0x00000000c0841950,0x00000000c2b00000)
 Metaspace       used 6169K, capacity 7088K, committed 7296K, reserved 1056768K
  class space    used 602K, capacity 616K, committed 640K, reserved 1048576K
}
Event: 4.998 GC heap before
{Heap before GC invocations=5 (full 0):
 PSYoungGen      total 35328K, used 35321K [0x00000000eab00000, 0x00000000ed000000, 0x0000000100000000)
  eden space 32768K, 100% used [0x00000000eab00000,0x00000000ecb00000,0x00000000ecb00000)
  from space 2560K, 99% used [0x00000000ecd80000,0x00000000ecffe528,0x00000000ed000000)
  to   space 2560K, 0% used [0x00000000ecb00000,0x00000000ecb00000,0x00000000ecd80000)
 ParOldGen       total 44032K, used 8454K [0x00000000c0000000, 0x00000000c2b00000, 0x00000000eab00000)
  object space 44032K, 19% used [0x00000000c0000000,0x00000000c0841950,0x00000000c2b00000)
 Metaspace       used 6327K, capacity 7128K, committed 7424K, reserved 1056768K
  class space    used 624K, capacity 656K, committed 768K, reserved 1048576K
Event: 5.020 GC heap after
Heap after GC invocations=5 (full 0):
 PSYoungGen      total 35328K, used 2535K [0x00000000eab00000, 0x00000000efa00000, 0x0000000100000000)
  eden space 32768K, 0% used [0x00000000eab00000,0x00000000eab00000,0x00000000ecb00000)
  from space 2560K, 99% used [0x00000000ecb00000,0x00000000ecd79c60,0x00000000ecd80000)
  to   space 7680K, 0% used [0x00000000ef280000,0x00000000ef280000,0x00000000efa00000)
 ParOldGen       total 44032K, used 13693K [0x00000000c0000000, 0x00000000c2b00000, 0x00000000eab00000)
  object space 44032K, 31% used [0x00000000c0000000,0x00000000c0d5f728,0x00000000c2b00000)
 Metaspace       used 6327K, capacity 7128K, committed 7424K, reserved 1056768K
  class space    used 624K, capacity 656K, committed 768K, reserved 1048576K
}
Event: 5.351 GC heap before
{Heap before GC invocations=6 (full 0):
 PSYoungGen      total 35328K, used 35303K [0x00000000eab00000, 0x00000000efa00000, 0x0000000100000000)
  eden space 32768K, 100% used [0x00000000eab00000,0x00000000ecb00000,0x00000000ecb00000)
  from space 2560K, 99% used [0x00000000ecb00000,0x00000000ecd79c60,0x00000000ecd80000)
  to   space 7680K, 0% used [0x00000000ef280000,0x00000000ef280000,0x00000000efa00000)
 ParOldGen       total 44032K, used 13693K [0x00000000c0000000, 0x00000000c2b00000, 0x00000000eab00000)
  object space 44032K, 31% used [0x00000000c0000000,0x00000000c0d5f728,0x00000000c2b00000)
 Metaspace       used 6360K, capacity 7192K, committed 7424K, reserved 1056768K
  class space    used 624K, capacity 656K, committed 768K, reserved 1048576K
Event: 5.382 GC heap after
Heap after GC invocations=6 (full 0):
 PSYoungGen      total 72192K, used 7481K [0x00000000eab00000, 0x00000000efc00000, 0x0000000100000000)
  eden space 64512K, 0% used [0x00000000eab00000,0x00000000eab00000,0x00000000eea00000)
  from space 7680K, 97% used [0x00000000ef280000,0x00000000ef9ce6b8,0x00000000efa00000)
  to   space 8704K, 0% used [0x00000000eea00000,0x00000000eea00000,0x00000000ef280000)
 ParOldGen       total 44032K, used 13701K [0x00000000c0000000, 0x00000000c2b00000, 0x00000000eab00000)
  object space 44032K, 31% used [0x00000000c0000000,0x00000000c0d61728,0x00000000c2b00000)
 Metaspace       used 6360K, capacity 7192K, committed 7424K, reserved 1056768K
  class space    used 624K, capacity 656K, committed 768K, reserved 1048576K
}
Event: 6.367 GC heap before
{Heap before GC invocations=7 (full 0):
 PSYoungGen      total 72192K, used 71993K [0x00000000eab00000, 0x00000000efc00000, 0x0000000100000000)
  eden space 64512K, 100% used [0x00000000eab00000,0x00000000eea00000,0x00000000eea00000)
  from space 7680K, 97% used [0x00000000ef280000,0x00000000ef9ce6b8,0x00000000efa00000)
  to   space 8704K, 0% used [0x00000000eea00000,0x00000000eea00000,0x00000000ef280000)
 ParOldGen       total 44032K, used 13701K [0x00000000c0000000, 0x00000000c2b00000, 0x00000000eab00000)
  object space 44032K, 31% used [0x00000000c0000000,0x00000000c0d61728,0x00000000c2b00000)
 Metaspace       used 6364K, capacity 7192K, committed 7424K, reserved 1056768K
  class space    used 624K, capacity 656K, committed 768K, reserved 1048576K
Event: 6.426 GC heap after
Heap after GC invocations=7 (full 0):
 PSYoungGen      total 73216K, used 8689K [0x00000000eab00000, 0x00000000f4300000, 0x0000000100000000)
  eden space 64512K, 0% used [0x00000000eab00000,0x00000000eab00000,0x00000000eea00000)
  from space 8704K, 99% used [0x00000000eea00000,0x00000000ef27c5a8,0x00000000ef280000)
  to   space 13312K, 0% used [0x00000000f3600000,0x00000000f3600000,0x00000000f4300000)
 ParOldGen       total 44032K, used 20619K [0x00000000c0000000, 0x00000000c2b00000, 0x00000000eab00000)
  object space 44032K, 46% used [0x00000000c0000000,0x00000000c1422f38,0x00000000c2b00000)
 Metaspace       used 6364K, capacity 7192K, committed 7424K, reserved 1056768K
  class space    used 624K, capacity 656K, committed 768K, reserved 1048576K
}

Deoptimization events (10 events):
Event: 5.936 Thread 0x0000000002ad0800 Uncommon trap: reason=bimorphic action=maybe_recompile pc=0x00000000032bf674 method=com.android.dx.cf.code.BytecodeArray.parseInstruction(ILcom/android/dx/cf/code/BytecodeArray$Visitor;)I @ 2484
Event: 5.937 Thread 0x0000000002ad0800 Uncommon trap: reason=bimorphic action=maybe_recompile pc=0x00000000032bf674 method=com.android.dx.cf.code.BytecodeArray.parseInstruction(ILcom/android/dx/cf/code/BytecodeArray$Visitor;)I @ 2484
Event: 5.938 Thread 0x0000000002ad0800 Uncommon trap: reason=bimorphic action=maybe_recompile pc=0x00000000032bf674 method=com.android.dx.cf.code.BytecodeArray.parseInstruction(ILcom/android/dx/cf/code/BytecodeArray$Visitor;)I @ 2484
Event: 5.939 Thread 0x0000000002ad0800 Uncommon trap: reason=bimorphic action=maybe_recompile pc=0x00000000032bf674 method=com.android.dx.cf.code.BytecodeArray.parseInstruction(ILcom/android/dx/cf/code/BytecodeArray$Visitor;)I @ 2484
Event: 6.437 Thread 0x0000000016e39800 Uncommon trap: reason=unstable_if action=reinterpret pc=0x00000000032825cc method=com.android.dx.ssa.LocalVariableExtractor.processBlock(I)V @ 251
Event: 6.497 Thread 0x0000000016e39800 Uncommon trap: reason=unstable_if action=reinterpret pc=0x00000000032e3b88 method=com.android.dx.cf.code.RopperMachine.run(Lcom/android/dx/cf/code/Frame;II)V @ 1250
Event: 8.116 Thread 0x0000000016e4d000 Uncommon trap: reason=class_check action=maybe_recompile pc=0x00000000031861c8 method=java.util.Arrays.hashCode([Ljava/lang/Object;)I @ 43
Event: 8.116 Thread 0x0000000016e4d000 Uncommon trap: reason=class_check action=maybe_recompile pc=0x00000000031861c8 method=java.util.Arrays.hashCode([Ljava/lang/Object;)I @ 43
Event: 8.116 Thread 0x0000000016e4d000 Uncommon trap: reason=class_check action=maybe_recompile pc=0x00000000031861c8 method=java.util.Arrays.hashCode([Ljava/lang/Object;)I @ 43
Event: 8.116 Thread 0x0000000016e4d000 Uncommon trap: reason=class_check action=maybe_recompile pc=0x00000000031861c8 method=java.util.Arrays.hashCode([Ljava/lang/Object;)I @ 43

Internal exceptions (6 events):
Event: 2.010 Thread 0x0000000002ad0800 Exception <a 'java/lang/NoSuchMethodError': Method sun.misc.Unsafe.defineClass(Ljava/lang/String;[BII)Ljava/lang/Class; name or signature does not match> (0x00000000eab0d760) thrown at [C:\re\workspace\8-2-build-windows-amd64-cygwin\jdk8u60\4407\hotspot\srè¥Kß;
Event: 2.010 Thread 0x0000000002ad0800 Exception <a 'java/lang/NoSuchMethodError': Method sun.misc.Unsafe.prefetchRead(Ljava/lang/Object;J)V name or signature does not match> (0x00000000eab0da48) thrown at [C:\re\workspace\8-2-build-windows-amd64-cygwin\jdk8u60\4407\hotspot\src\share\vm\prims\j@Xπb@
Event: 4.096 Thread 0x0000000016e39800 Implicit null exception at 0x0000000002f65eb0 to 0x0000000002f68215
Event: 4.749 Thread 0x0000000016e4c800 Exception <a 'java/lang/ArrayIndexOutOfBoundsException': 18> (0x00000000eb065260) thrown at [C:\re\workspace\8-2-build-windows-amd64-cygwin\jdk8u60\4407\hotspot\src\share\vm\interpreter\interpreterRuntime.cpp, line 366]
Event: 4.750 Thread 0x0000000016e4c800 Exception <a 'java/lang/ArrayIndexOutOfBoundsException'> (0x00000000eb066de0) thrown at [C:\re\workspace\8-2-build-windows-amd64-cygwin\jdk8u60\4407\hotspot\src\share\vm\runtime\sharedRuntime.cpp, line 605]
Event: 4.782 Thread 0x0000000016e4c800 Exception <a 'java/lang/ArrayIndexOutOfBoundsException'> (0x00000000eb0680c8) thrown at [C:\re\workspace\8-2-build-windows-amd64-cygwin\jdk8u60\4407\hotspot\src\share\vm\runtime\sharedRuntime.cpp, line 605]

Events (10 events):
Event: 8.116 Thread 0x0000000016e4d000 DEOPT PACKING pc=0x00000000031861c8 sp=0x0000000019f8e780
Event: 8.116 Thread 0x0000000016e4d000 DEOPT UNPACKING pc=0x0000000002c1582a sp=0x0000000019f8e6b0 mode 2
Event: 8.116 Thread 0x0000000016e4d000 Uncommon trap: trap_request=0xffffffde fr.pc=0x00000000031861c8
Event: 8.116 Thread 0x0000000016e4d000 DEOPT PACKING pc=0x00000000031861c8 sp=0x0000000019f8e7c0
Event: 8.116 Thread 0x0000000016e4d000 DEOPT UNPACKING pc=0x0000000002c1582a sp=0x0000000019f8e6f0 mode 2
Event: 8.116 Thread 0x0000000016e4d000 Uncommon trap: trap_request=0xffffffde fr.pc=0x00000000031861c8
Event: 8.116 Thread 0x0000000016e4d000 DEOPT PACKING pc=0x00000000031861c8 sp=0x0000000019f8e780
Event: 8.116 Thread 0x0000000016e4d000 DEOPT UNPACKING pc=0x0000000002c1582a sp=0x0000000019f8e6b0 mode 2
Event: 8.123 loading class com/android/dx/rop/cst/Zeroes
Event: 8.123 loading class com/android/dx/rop/cst/Zeroes done


Dynamic libraries:
0x00007ff7abe70000 - 0x00007ff7abea7000 	C:\Program Files\Java\jdk1.8.0_60\bin\java.exe
0x00007ffb5dad0000 - 0x00007ffb5dc91000 	C:\Windows\SYSTEM32\ntdll.dll
0x00007ffb5af30000 - 0x00007ffb5afdd000 	C:\Windows\system32\KERNEL32.DLL
0x00007ffb5abe0000 - 0x00007ffb5adc8000 	C:\Windows\system32\KERNELBASE.dll
0x00007ffb5b250000 - 0x00007ffb5b2f7000 	C:\Windows\system32\ADVAPI32.dll
0x00007ffb5b960000 - 0x00007ffb5b9fd000 	C:\Windows\system32\msvcrt.dll
0x00007ffb5aed0000 - 0x00007ffb5af2b000 	C:\Windows\system32\sechost.dll
0x00007ffb5ba00000 - 0x00007ffb5bb1c000 	C:\Windows\system32\RPCRT4.dll
0x00007ffb5b040000 - 0x00007ffb5b196000 	C:\Windows\system32\USER32.dll
0x00007ffb5b450000 - 0x00007ffb5b5d6000 	C:\Windows\system32\GDI32.dll
0x00007ffb4f9d0000 - 0x00007ffb4fc44000 	C:\Windows\WinSxS\amd64_microsoft.windows.common-controls_6595b64144ccf1df_6.0.10586.589_none_a2ddb3caa539acce\COMCTL32.dll
0x00007ffb5d7e0000 - 0x00007ffb5da5d000 	C:\Windows\system32\combase.dll
0x00007ffb5a180000 - 0x00007ffb5a1ea000 	C:\Windows\system32\bcryptPrimitives.dll
0x00007ffb5bb20000 - 0x00007ffb5bb5b000 	C:\Windows\system32\IMM32.DLL
0x00000000561d0000 - 0x00000000562a2000 	C:\Program Files\Java\jdk1.8.0_60\jre\bin\msvcr100.dll
0x0000000056730000 - 0x0000000056fb9000 	C:\Program Files\Java\jdk1.8.0_60\jre\bin\server\jvm.dll
0x00007ffb5d580000 - 0x00007ffb5d588000 	C:\Windows\system32\PSAPI.DLL
0x00007ffb49200000 - 0x00007ffb49209000 	C:\Windows\SYSTEM32\WSOCK32.dll
0x00007ffb5b5e0000 - 0x00007ffb5b64b000 	C:\Windows\system32\WS2_32.dll
0x00007ffb586f0000 - 0x00007ffb58713000 	C:\Windows\SYSTEM32\WINMM.dll
0x00007ffb4dee0000 - 0x00007ffb4deea000 	C:\Windows\SYSTEM32\VERSION.dll
0x00007ffb58690000 - 0x00007ffb586bc000 	C:\Windows\SYSTEM32\WINMMBASE.dll
0x00007ffb5add0000 - 0x00007ffb5ae13000 	C:\Windows\system32\cfgmgr32.dll
0x0000000056640000 - 0x000000005664f000 	C:\Program Files\Java\jdk1.8.0_60\jre\bin\verify.dll
0x0000000056610000 - 0x0000000056639000 	C:\Program Files\Java\jdk1.8.0_60\jre\bin\java.dll
0x00000000565f0000 - 0x0000000056606000 	C:\Program Files\Java\jdk1.8.0_60\jre\bin\zip.dll
0x00007ffb5c000000 - 0x00007ffb5d55c000 	C:\Windows\system32\SHELL32.dll
0x00007ffb5a2b0000 - 0x00007ffb5a8f5000 	C:\Windows\system32\windows.storage.dll
0x00007ffb5d590000 - 0x00007ffb5d5e2000 	C:\Windows\system32\shlwapi.dll
0x00007ffb5a110000 - 0x00007ffb5a11f000 	C:\Windows\system32\kernel.appcore.dll
0x00007ffb5a1f0000 - 0x00007ffb5a2a5000 	C:\Windows\system32\shcore.dll
0x00007ffb5a120000 - 0x00007ffb5a16b000 	C:\Windows\system32\powrprof.dll
0x00007ffb5a0f0000 - 0x00007ffb5a104000 	C:\Windows\system32\profapi.dll

VM Arguments:
jvm_args: -Djava.awt.headless=true -Xmx1024M -Dfile.encoding=windows-1252 -Duser.country=IN -Duser.language=en -Duser.variant 
java_command: com.android.dx.command.Main --dex --force-jumbo --num-threads=4 --multi-dex --output E:\work\HomeImage\app\build\intermediates\transforms\dex\debug\folders\1000\10\com.android.support-recyclerview-v7-24.2.0_197ff87a1b00200cc2ba8576f2ca4fc2e5fa16b0 E:\work\HomeImage\app\build\intermediates\exploded-aar\com.android.support\recyclerview-v7\24.2.0\jars\classes.jar
java_class_path (initial): E:\Android\sdk\build-tools\24.0.2\lib\dx.jar
Launcher Type: SUN_STANDARD

Environment Variables:
PATH=C:\ProgramData\Oracle\Java\javapath;C:\Program Files (x86)\Intel\iCLS Client\;C:\Program Files\Intel\iCLS Client\;C:\Windows\system32;C:\Windows;C:\Windows\System32\Wbem;C:\Windows\System32\WindowsPowerShell\v1.0\;C:\Program Files (x86)\AMD\ATI.ACE\Core-Static;C:\Program Files\Intel\Intel(R) Management Engine Components\DAL;C:\Program Files\Intel\Intel(R) Management Engine Components\IPT;C:\Program Files (x86)\Intel\Intel(R) Management Engine Components\DAL;C:\Program Files (x86)\Intel\Intel(R) Management Engine Components\IPT;E:\Android\sdk\ndk-bundle;E:\Android\sdk\platform-tools;C:\Program Files (x86)\Skype\Phone\;C:\Program Files (x86)\Windows Live\Shared
USERNAME=Family
OS=Windows_NT
PROCESSOR_IDENTIFIER=Intel64 Family 6 Model 69 Stepping 1, GenuineIntel



---------------  S Y S T E M  ---------------

OS: Windows 10.0 , 64 bit Build 10586 (10.0.10586.589)

CPU:total 4 (2 cores per cpu, 2 threads per core) family 6 model 69 stepping 1, cmov, cx8, fxsr, mmx, sse, sse2, sse3, ssse3, sse4.1, sse4.2, popcnt, avx, avx2, aes, clmul, erms, lzcnt, ht, tsc, tscinvbit, bmi1, bmi2

Memory: 4k page, physical 4072408k(368848k free), swap 5832536k(4140k free)

vm_info: Java HotSpot(TM) 64-Bit Server VM (25.60-b23) for windows-amd64 JRE (1.8.0_60-b27), built on Aug  4 2015 11:06:27 by "java_re" with MS VC++ 10.0 (VS2010)

time: Tue Sep 20 12:35:27 2016
elapsed time: 8 seconds (0d 0h 0m 8s)

