#
# There is insufficient memory for the Java Runtime Environment to continue.
# Native memory allocation (malloc) failed to allocate 1144976 bytes for Chunk::new
# Possible reasons:
#   The system is out of physical RAM or swap space
#   In 32 bit mode, the process size limit was hit
# Possible solutions:
#   Reduce memory load on the system
#   Increase physical memory or swap space
#   Check if swap backing store is full
#   Use 64 bit Java on a 64 bit OS
#   Decrease Java heap size (-Xmx/-Xms)
#   Decrease number of Java threads
#   Decrease Java thread stack sizes (-Xss)
#   Set larger code cache with -XX:ReservedCodeCacheSize=
# This output file may be truncated or incomplete.
#
#  Out of Memory Error (allocation.cpp:390), pid=11092, tid=7856
#
# JRE version: Java(TM) SE Runtime Environment (8.0_60-b27) (build 1.8.0_60-b27)
# Java VM: Java HotSpot(TM) 64-Bit Server VM (25.60-b23 mixed mode windows-amd64 compressed oops)
# Failed to write core dump. Minidumps are not enabled by default on client versions of Windows
#

---------------  T H R E A D  ---------------

Current thread (0x00000000156c9000):  JavaThread "C2 CompilerThread0" daemon [_thread_in_native, id=7856, stack(0x0000000016d00000,0x0000000016e00000)]

Stack: [0x0000000016d00000,0x0000000016e00000]
[error occurred during error reporting (printing stack bounds), id 0xc0000005]

Native frames: (J=compiled Java code, j=interpreted, Vv=VM code, C=native code)


Current CompileTask:
C2:   3085 1322       4       com.android.dx.ssa.SCCP::simulateBlock (54 bytes)


---------------  P R O C E S S  ---------------

Java Threads: ( => current thread )
  0x000000001728e000 JavaThread "pool-2-thread-2" [_thread_in_Java, id=10820, stack(0x0000000017800000,0x0000000017900000)]
  0x000000001715e800 JavaThread "pool-3-thread-1" [_thread_blocked, id=1932, stack(0x0000000017700000,0x0000000017800000)]
  0x0000000017004800 JavaThread "Service Thread" daemon [_thread_blocked, id=5836, stack(0x0000000017400000,0x0000000017500000)]
  0x0000000015728800 JavaThread "C1 CompilerThread2" daemon [_thread_blocked, id=2424, stack(0x0000000016f00000,0x0000000017000000)]
  0x00000000156d0000 JavaThread "C2 CompilerThread1" daemon [_thread_in_native, id=10300, stack(0x0000000016e00000,0x0000000016f00000)]
=>0x00000000156c9000 JavaThread "C2 CompilerThread0" daemon [_thread_in_native, id=7856, stack(0x0000000016d00000,0x0000000016e00000)]
  0x00000000156c7800 JavaThread "Attach Listener" daemon [_thread_blocked, id=11760, stack(0x0000000016c00000,0x0000000016d00000)]
  0x00000000156c6000 JavaThread "Signal Dispatcher" daemon [_thread_blocked, id=10204, stack(0x0000000016b00000,0x0000000016c00000)]
  0x0000000002ff0800 JavaThread "Finalizer" daemon [_thread_blocked, id=11680, stack(0x0000000016920000,0x0000000016a20000)]
  0x0000000015699000 JavaThread "Reference Handler" daemon [_thread_blocked, id=10556, stack(0x0000000016820000,0x0000000016920000)]
  0x0000000002f00800 JavaThread "main" [_thread_blocked, id=7896, stack(0x0000000002c60000,0x0000000002d60000)]

Other Threads:
  0x0000000015697000 VMThread [stack: 0x0000000016720000,0x0000000016820000] [id=5148]
  0x000000001700b800 WatcherThread [stack: 0x0000000017500000,0x0000000017600000] [id=9632]

VM state:not at safepoint (normal execution)

VM Mutex/Monitor currently owned by a thread: None

Heap:
 PSYoungGen      total 18944K, used 13900K [0x00000000eab00000, 0x00000000ed000000, 0x0000000100000000)
  eden space 16384K, 69% used [0x00000000eab00000,0x00000000eb617198,0x00000000ebb00000)
  from space 2560K, 99% used [0x00000000ebb00000,0x00000000ebd7bfe0,0x00000000ebd80000)
  to   space 2560K, 0% used [0x00000000ecd80000,0x00000000ecd80000,0x00000000ed000000)
 ParOldGen       total 44032K, used 5327K [0x00000000c0000000, 0x00000000c2b00000, 0x00000000eab00000)
  object space 44032K, 12% used [0x00000000c0000000,0x00000000c0533fd0,0x00000000c2b00000)
 Metaspace       used 5829K, capacity 6960K, committed 7040K, reserved 1056768K
  class space    used 579K, capacity 616K, committed 640K, reserved 1048576K

Card table byte_map: [0x00000000123c0000,0x00000000125d0000] byte_map_base: 0x0000000011dc0000

Marking Bits: (ParMarkBitMap*) 0x0000000056f3a5b0
 Begin Bits: [0x0000000012b30000, 0x0000000013b30000)
 End Bits:   [0x0000000013b30000, 0x0000000014b30000)

Polling page: 0x0000000000df0000

CodeCache: size=245760Kb used=5518Kb max_used=5518Kb free=240241Kb
 bounds [0x0000000003000000, 0x0000000003570000, 0x0000000012000000]
 total_blobs=1585 nmethods=1324 adapters=174
 compilation: enabled

Compilation events (10 events):
Event: 3.053 Thread 0x0000000015728800 1357       1       com.android.dx.cf.code.ByteOps::opInfo (6 bytes)
Event: 3.053 Thread 0x0000000015728800 nmethod 1357 0x0000000003566190 code [0x00000000035662e0, 0x00000000035663f0]
Event: 3.053 Thread 0x0000000015728800 1354       2       com.android.dx.ssa.back.FirstFitLocalCombiningAllocator::markReserved (13 bytes)
Event: 3.053 Thread 0x0000000015728800 nmethod 1354 0x00000000035664d0 code [0x0000000003566640, 0x00000000035667c8]
Event: 3.053 Thread 0x0000000015728800 1355       2       java.util.BitSet::set (20 bytes)
Event: 3.053 Thread 0x0000000015728800 nmethod 1355 0x00000000035668d0 code [0x0000000003566a40, 0x0000000003566bd8]
Event: 3.056 Thread 0x0000000015728800 1358       2       com.android.dx.cf.code.ConcreteMethod::getMaxLocals (8 bytes)
Event: 3.057 Thread 0x0000000015728800 nmethod 1358 0x0000000003566c90 code [0x0000000003566de0, 0x0000000003566f30]
Event: 3.058 Thread 0x0000000015728800 1359       2       com.android.dx.util.Bits::isEmpty (26 bytes)
Event: 3.058 Thread 0x0000000015728800 nmethod 1359 0x0000000003566fd0 code [0x0000000003567120, 0x00000000035672d0]

GC Heap History (6 events):
Event: 1.710 GC heap before
{Heap before GC invocations=1 (full 0):
 PSYoungGen      total 18944K, used 16384K [0x00000000eab00000, 0x00000000ec000000, 0x0000000100000000)
  eden space 16384K, 100% used [0x00000000eab00000,0x00000000ebb00000,0x00000000ebb00000)
  from space 2560K, 0% used [0x00000000ebd80000,0x00000000ebd80000,0x00000000ec000000)
  to   space 2560K, 0% used [0x00000000ebb00000,0x00000000ebb00000,0x00000000ebd80000)
 ParOldGen       total 44032K, used 0K [0x00000000c0000000, 0x00000000c2b00000, 0x00000000eab00000)
  object space 44032K, 0% used [0x00000000c0000000,0x00000000c0000000,0x00000000c2b00000)
 Metaspace       used 5566K, capacity 6704K, committed 6784K, reserved 1056768K
  class space    used 574K, capacity 616K, committed 640K, reserved 1048576K
Event: 1.721 GC heap after
Heap after GC invocations=1 (full 0):
 PSYoungGen      total 18944K, used 2559K [0x00000000eab00000, 0x00000000ec000000, 0x0000000100000000)
  eden space 16384K, 0% used [0x00000000eab00000,0x00000000eab00000,0x00000000ebb00000)
  from space 2560K, 99% used [0x00000000ebb00000,0x00000000ebd7fff0,0x00000000ebd80000)
  to   space 2560K, 0% used [0x00000000ebd80000,0x00000000ebd80000,0x00000000ec000000)
 ParOldGen       total 44032K, used 1494K [0x00000000c0000000, 0x00000000c2b00000, 0x00000000eab00000)
  object space 44032K, 3% used [0x00000000c0000000,0x00000000c0175ad8,0x00000000c2b00000)
 Metaspace       used 5566K, capacity 6704K, committed 6784K, reserved 1056768K
  class space    used 574K, capacity 616K, committed 640K, reserved 1048576K
}
Event: 2.026 GC heap before
{Heap before GC invocations=2 (full 0):
 PSYoungGen      total 18944K, used 18943K [0x00000000eab00000, 0x00000000ec000000, 0x0000000100000000)
  eden space 16384K, 100% used [0x00000000eab00000,0x00000000ebb00000,0x00000000ebb00000)
  from space 2560K, 99% used [0x00000000ebb00000,0x00000000ebd7fff0,0x00000000ebd80000)
  to   space 2560K, 0% used [0x00000000ebd80000,0x00000000ebd80000,0x00000000ec000000)
 ParOldGen       total 44032K, used 1494K [0x00000000c0000000, 0x00000000c2b00000, 0x00000000eab00000)
  object space 44032K, 3% used [0x00000000c0000000,0x00000000c0175ad8,0x00000000c2b00000)
 Metaspace       used 5748K, capacity 6896K, committed 7040K, reserved 1056768K
  class space    used 579K, capacity 616K, committed 640K, reserved 1048576K
Event: 2.048 GC heap after
Heap after GC invocations=2 (full 0):
 PSYoungGen      total 18944K, used 2543K [0x00000000eab00000, 0x00000000ed000000, 0x0000000100000000)
  eden space 16384K, 0% used [0x00000000eab00000,0x00000000eab00000,0x00000000ebb00000)
  from space 2560K, 99% used [0x00000000ebd80000,0x00000000ebffbfe0,0x00000000ec000000)
  to   space 2560K, 0% used [0x00000000ebb00000,0x00000000ebb00000,0x00000000ebd80000)
 ParOldGen       total 44032K, used 3591K [0x00000000c0000000, 0x00000000c2b00000, 0x00000000eab00000)
  object space 44032K, 8% used [0x00000000c0000000,0x00000000c0381fd0,0x00000000c2b00000)
 Metaspace       used 5748K, capacity 6896K, committed 7040K, reserved 1056768K
  class space    used 579K, capacity 616K, committed 640K, reserved 1048576K
}
Event: 2.777 GC heap before
{Heap before GC invocations=3 (full 0):
 PSYoungGen      total 18944K, used 18927K [0x00000000eab00000, 0x00000000ed000000, 0x0000000100000000)
  eden space 16384K, 100% used [0x00000000eab00000,0x00000000ebb00000,0x00000000ebb00000)
  from space 2560K, 99% used [0x00000000ebd80000,0x00000000ebffbfe0,0x00000000ec000000)
  to   space 2560K, 0% used [0x00000000ebb00000,0x00000000ebb00000,0x00000000ebd80000)
 ParOldGen       total 44032K, used 3591K [0x00000000c0000000, 0x00000000c2b00000, 0x00000000eab00000)
  object space 44032K, 8% used [0x00000000c0000000,0x00000000c0381fd0,0x00000000c2b00000)
 Metaspace       used 5807K, capacity 6896K, committed 7040K, reserved 1056768K
  class space    used 579K, capacity 616K, committed 640K, reserved 1048576K
Event: 2.795 GC heap after
Heap after GC invocations=3 (full 0):
 PSYoungGen      total 18944K, used 2543K [0x00000000eab00000, 0x00000000ed000000, 0x0000000100000000)
  eden space 16384K, 0% used [0x00000000eab00000,0x00000000eab00000,0x00000000ebb00000)
  from space 2560K, 99% used [0x00000000ebb00000,0x00000000ebd7bfe0,0x00000000ebd80000)
  to   space 2560K, 0% used [0x00000000ecd80000,0x00000000ecd80000,0x00000000ed000000)
 ParOldGen       total 44032K, used 5327K [0x00000000c0000000, 0x00000000c2b00000, 0x00000000eab00000)
  object space 44032K, 12% used [0x00000000c0000000,0x00000000c0533fd0,0x00000000c2b00000)
 Metaspace       used 5807K, capacity 6896K, committed 7040K, reserved 1056768K
  class space    used 579K, capacity 616K, committed 640K, reserved 1048576K
}

Deoptimization events (10 events):
Event: 1.759 Thread 0x000000001715e000 Uncommon trap: reason=unstable_if action=reinterpret pc=0x000000000336589c method=com.android.dx.ssa.SsaMethod.onSourcesChanged(Lcom/android/dx/ssa/SsaInsn;Lcom/android/dx/rop/code/RegisterSpecList;)V @ 4
Event: 1.971 Thread 0x000000001728e000 Uncommon trap: reason=class_check action=maybe_recompile pc=0x00000000032c0638 method=com.android.dx.rop.type.Type.equals(Ljava/lang/Object;)Z @ 8
Event: 1.971 Thread 0x000000001728e000 Uncommon trap: reason=class_check action=maybe_recompile pc=0x00000000032c0638 method=com.android.dx.rop.type.Type.equals(Ljava/lang/Object;)Z @ 8
Event: 1.977 Thread 0x000000001728e000 Uncommon trap: reason=class_check action=maybe_recompile pc=0x00000000032c0638 method=com.android.dx.rop.type.Type.equals(Ljava/lang/Object;)Z @ 8
Event: 1.977 Thread 0x000000001728e000 Uncommon trap: reason=class_check action=maybe_recompile pc=0x00000000032c0638 method=com.android.dx.rop.type.Type.equals(Ljava/lang/Object;)Z @ 8
Event: 3.038 Thread 0x000000001728e000 Uncommon trap: reason=bimorphic action=maybe_recompile pc=0x00000000034fb4e4 method=com.android.dx.cf.code.BytecodeArray.parseInstruction(ILcom/android/dx/cf/code/BytecodeArray$Visitor;)I @ 923
Event: 3.038 Thread 0x000000001728e000 Uncommon trap: reason=bimorphic action=maybe_recompile pc=0x00000000034fb4e4 method=com.android.dx.cf.code.BytecodeArray.parseInstruction(ILcom/android/dx/cf/code/BytecodeArray$Visitor;)I @ 923
Event: 3.038 Thread 0x000000001728e000 Uncommon trap: reason=bimorphic action=maybe_recompile pc=0x00000000034fb4e4 method=com.android.dx.cf.code.BytecodeArray.parseInstruction(ILcom/android/dx/cf/code/BytecodeArray$Visitor;)I @ 923
Event: 3.038 Thread 0x000000001728e000 Uncommon trap: reason=bimorphic action=maybe_recompile pc=0x00000000034fb564 method=com.android.dx.cf.code.BytecodeArray.parseInstruction(ILcom/android/dx/cf/code/BytecodeArray$Visitor;)I @ 939
Event: 3.038 Thread 0x000000001728e000 Uncommon trap: reason=bimorphic action=maybe_recompile pc=0x00000000034fb4e4 method=com.android.dx.cf.code.BytecodeArray.parseInstruction(ILcom/android/dx/cf/code/BytecodeArray$Visitor;)I @ 923

Internal exceptions (3 events):
Event: 0.115 Thread 0x0000000002f00800 Exception <a 'java/lang/NoSuchMethodError': Method sun.misc.Unsafe.defineClass(Ljava/lang/String;[BII)Ljava/lang/Class; name or signature does not match> (0x00000000eab0d520) thrown at [C:\re\workspace\8-2-build-windows-amd64-cygwin\jdk8u60\4407\hotspot\sr¯géI[½?
Event: 0.115 Thread 0x0000000002f00800 Exception <a 'java/lang/NoSuchMethodError': Method sun.misc.Unsafe.prefetchRead(Ljava/lang/Object;J)V name or signature does not match> (0x00000000eab0d808) thrown at [C:\re\workspace\8-2-build-windows-amd64-cygwin\jdk8u60\4407\hotspot\src\share\vm\prims\jML¹+þû?
Event: 1.750 Thread 0x000000001728e000 Implicit null exception at 0x00000000032c7ddd to 0x00000000032c9901

Events (10 events):
Event: 3.038 Thread 0x000000001728e000 DEOPT UNPACKING pc=0x000000000304582a sp=0x00000000178fe778 mode 2
Event: 3.038 Thread 0x000000001728e000 Uncommon trap: trap_request=0xffffffc6 fr.pc=0x00000000034fb4e4
Event: 3.038 Thread 0x000000001728e000 DEOPT PACKING pc=0x00000000034fb4e4 sp=0x00000000178fe800
Event: 3.038 Thread 0x000000001728e000 DEOPT UNPACKING pc=0x000000000304582a sp=0x00000000178fe778 mode 2
Event: 3.038 Thread 0x000000001728e000 Uncommon trap: trap_request=0xffffffc6 fr.pc=0x00000000034fb564
Event: 3.038 Thread 0x000000001728e000 DEOPT PACKING pc=0x00000000034fb564 sp=0x00000000178fe800
Event: 3.038 Thread 0x000000001728e000 DEOPT UNPACKING pc=0x000000000304582a sp=0x00000000178fe778 mode 2
Event: 3.038 Thread 0x000000001728e000 Uncommon trap: trap_request=0xffffffc6 fr.pc=0x00000000034fb4e4
Event: 3.038 Thread 0x000000001728e000 DEOPT PACKING pc=0x00000000034fb4e4 sp=0x00000000178fe800
Event: 3.038 Thread 0x000000001728e000 DEOPT UNPACKING pc=0x000000000304582a sp=0x00000000178fe778 mode 2


Dynamic libraries:
0x00007ff7abe70000 - 0x00007ff7abea7000 	C:\Program Files\Java\jdk1.8.0_60\bin\java.exe
0x00007ffb5dad0000 - 0x00007ffb5dc91000 	C:\Windows\SYSTEM32\ntdll.dll
0x00007ffb5af30000 - 0x00007ffb5afdd000 	C:\Windows\system32\KERNEL32.DLL
0x00007ffb5abe0000 - 0x00007ffb5adc8000 	C:\Windows\system32\KERNELBASE.dll
0x00007ffb5b250000 - 0x00007ffb5b2f7000 	C:\Windows\system32\ADVAPI32.dll
0x00007ffb5b960000 - 0x00007ffb5b9fd000 	C:\Windows\system32\msvcrt.dll
0x00007ffb5aed0000 - 0x00007ffb5af2b000 	C:\Windows\system32\sechost.dll
0x00007ffb5ba00000 - 0x00007ffb5bb1c000 	C:\Windows\system32\RPCRT4.dll
0x00007ffb5b040000 - 0x00007ffb5b196000 	C:\Windows\system32\USER32.dll
0x00007ffb5b450000 - 0x00007ffb5b5d6000 	C:\Windows\system32\GDI32.dll
0x00007ffb4f9d0000 - 0x00007ffb4fc44000 	C:\Windows\WinSxS\amd64_microsoft.windows.common-controls_6595b64144ccf1df_6.0.10586.589_none_a2ddb3caa539acce\COMCTL32.dll
0x00007ffb5d7e0000 - 0x00007ffb5da5d000 	C:\Windows\system32\combase.dll
0x00007ffb5a180000 - 0x00007ffb5a1ea000 	C:\Windows\system32\bcryptPrimitives.dll
0x00007ffb5bb20000 - 0x00007ffb5bb5b000 	C:\Windows\system32\IMM32.DLL
0x00000000561d0000 - 0x00000000562a2000 	C:\Program Files\Java\jdk1.8.0_60\jre\bin\msvcr100.dll
0x0000000056730000 - 0x0000000056fb9000 	C:\Program Files\Java\jdk1.8.0_60\jre\bin\server\jvm.dll
0x00007ffb5d580000 - 0x00007ffb5d588000 	C:\Windows\system32\PSAPI.DLL
0x00007ffb49200000 - 0x00007ffb49209000 	C:\Windows\SYSTEM32\WSOCK32.dll
0x00007ffb5b5e0000 - 0x00007ffb5b64b000 	C:\Windows\system32\WS2_32.dll
0x00007ffb586f0000 - 0x00007ffb58713000 	C:\Windows\SYSTEM32\WINMM.dll
0x00007ffb4dee0000 - 0x00007ffb4deea000 	C:\Windows\SYSTEM32\VERSION.dll
0x00007ffb58690000 - 0x00007ffb586bc000 	C:\Windows\SYSTEM32\WINMMBASE.dll
0x00007ffb5add0000 - 0x00007ffb5ae13000 	C:\Windows\system32\cfgmgr32.dll
0x0000000056640000 - 0x000000005664f000 	C:\Program Files\Java\jdk1.8.0_60\jre\bin\verify.dll
0x0000000056610000 - 0x0000000056639000 	C:\Program Files\Java\jdk1.8.0_60\jre\bin\java.dll
0x00000000565f0000 - 0x0000000056606000 	C:\Program Files\Java\jdk1.8.0_60\jre\bin\zip.dll
0x00007ffb5c000000 - 0x00007ffb5d55c000 	C:\Windows\system32\SHELL32.dll
0x00007ffb5a2b0000 - 0x00007ffb5a8f5000 	C:\Windows\system32\windows.storage.dll
0x00007ffb5d590000 - 0x00007ffb5d5e2000 	C:\Windows\system32\shlwapi.dll
0x00007ffb5a110000 - 0x00007ffb5a11f000 	C:\Windows\system32\kernel.appcore.dll
0x00007ffb5a1f0000 - 0x00007ffb5a2a5000 	C:\Windows\system32\shcore.dll
0x00007ffb5a120000 - 0x00007ffb5a16b000 	C:\Windows\system32\powrprof.dll
0x00007ffb5a0f0000 - 0x00007ffb5a104000 	C:\Windows\system32\profapi.dll

VM Arguments:
jvm_args: -Djava.awt.headless=true -Xmx1024M -Dfile.encoding=windows-1252 -Duser.country=IN -Duser.language=en -Duser.variant 
java_command: com.android.dx.command.Main --dex --force-jumbo --num-threads=4 --multi-dex --output E:\work\HomeImage\app\build\intermediates\transforms\dex\debug\folders\1000\5\slice_1 E:\work\HomeImage\app\build\intermediates\transforms\instantRunSlicer\debug\folders\1\5\slice_1
java_class_path (initial): E:\Android\sdk\build-tools\24.0.2\lib\dx.jar
Launcher Type: SUN_STANDARD

Environment Variables:
PATH=C:\ProgramData\Oracle\Java\javapath;C:\Program Files (x86)\Intel\iCLS Client\;C:\Program Files\Intel\iCLS Client\;C:\Windows\system32;C:\Windows;C:\Windows\System32\Wbem;C:\Windows\System32\WindowsPowerShell\v1.0\;C:\Program Files (x86)\AMD\ATI.ACE\Core-Static;C:\Program Files\Intel\Intel(R) Management Engine Components\DAL;C:\Program Files\Intel\Intel(R) Management Engine Components\IPT;C:\Program Files (x86)\Intel\Intel(R) Management Engine Components\DAL;C:\Program Files (x86)\Intel\Intel(R) Management Engine Components\IPT;E:\Android\sdk\ndk-bundle;E:\Android\sdk\platform-tools;C:\Program Files (x86)\Skype\Phone\;C:\Program Files (x86)\Windows Live\Shared
USERNAME=Family
OS=Windows_NT
PROCESSOR_IDENTIFIER=Intel64 Family 6 Model 69 Stepping 1, GenuineIntel



---------------  S Y S T E M  ---------------

OS: Windows 10.0 , 64 bit Build 10586 (10.0.10586.589)

CPU:total 4 (2 cores per cpu, 2 threads per core) family 6 model 69 stepping 1, cmov, cx8, fxsr, mmx, sse, sse2, sse3, ssse3, sse4.1, sse4.2, popcnt, avx, avx2, aes, clmul, erms, lzcnt, ht, tsc, tscinvbit, bmi1, bmi2

Memory: 4k page, physical 4072408k(425492k free), swap 5824072k(3240k free)

vm_info: Java HotSpot(TM) 64-Bit Server VM (25.60-b23) for windows-amd64 JRE (1.8.0_60-b27), built on Aug  4 2015 11:06:27 by "java_re" with MS VC++ 10.0 (VS2010)

time: Tue Sep 20 12:15:58 2016
elapsed time: 3 seconds (0d 0h 0m 3s)

