#
# There is insufficient memory for the Java Runtime Environment to continue.
# Native memory allocation (malloc) failed to allocate 32784 bytes for Chunk::new
# Possible reasons:
#   The system is out of physical RAM or swap space
#   In 32 bit mode, the process size limit was hit
# Possible solutions:
#   Reduce memory load on the system
#   Increase physical memory or swap space
#   Check if swap backing store is full
#   Use 64 bit Java on a 64 bit OS
#   Decrease Java heap size (-Xmx/-Xms)
#   Decrease number of Java threads
#   Decrease Java thread stack sizes (-Xss)
#   Set larger code cache with -XX:ReservedCodeCacheSize=
# This output file may be truncated or incomplete.
#
#  Out of Memory Error (allocation.cpp:390), pid=8012, tid=8052
#
# JRE version: Java(TM) SE Runtime Environment (8.0_60-b27) (build 1.8.0_60-b27)
# Java VM: Java HotSpot(TM) 64-Bit Server VM (25.60-b23 mixed mode windows-amd64 compressed oops)
# Failed to write core dump. Minidumps are not enabled by default on client versions of Windows
#

---------------  T H R E A D  ---------------

Current thread (0x0000000014e19000):  JavaThread "C2 CompilerThread0" daemon [_thread_in_native, id=8052, stack(0x0000000016450000,0x0000000016550000)]

Stack: [0x0000000016450000,0x0000000016550000]
[error occurred during error reporting (printing stack bounds), id 0xc0000005]

Native frames: (J=compiled Java code, j=interpreted, Vv=VM code, C=native code)


Current CompileTask:
C2:   4774 1488       4       com.android.dx.ssa.SsaMethod::computeReachability (131 bytes)


---------------  P R O C E S S  ---------------

Java Threads: ( => current thread )
  0x0000000016898800 JavaThread "pool-2-thread-4" [_thread_blocked, id=11220, stack(0x0000000017150000,0x0000000017250000)]
  0x00000000168d0000 JavaThread "pool-2-thread-3" [_thread_in_Java, id=12136, stack(0x0000000017050000,0x0000000017150000)]
  0x00000000168ca800 JavaThread "pool-2-thread-2" [_thread_in_Java, id=11460, stack(0x0000000016f50000,0x0000000017050000)]
  0x00000000168c9800 JavaThread "pool-3-thread-1" [_thread_blocked, id=8804, stack(0x0000000016e50000,0x0000000016f50000)]
  0x00000000168c4800 JavaThread "pool-2-thread-1" [_thread_blocked, id=3136, stack(0x0000000016d50000,0x0000000016e50000)]
  0x0000000016663800 JavaThread "Service Thread" daemon [_thread_blocked, id=9896, stack(0x0000000016b50000,0x0000000016c50000)]
  0x0000000016658800 JavaThread "C1 CompilerThread2" daemon [_thread_in_native, id=8956, stack(0x0000000016a50000,0x0000000016b50000)]
  0x0000000014e20000 JavaThread "C2 CompilerThread1" daemon [_thread_in_native, id=1988, stack(0x0000000016550000,0x0000000016650000)]
=>0x0000000014e19000 JavaThread "C2 CompilerThread0" daemon [_thread_in_native, id=8052, stack(0x0000000016450000,0x0000000016550000)]
  0x0000000014e17800 JavaThread "Attach Listener" daemon [_thread_blocked, id=10132, stack(0x0000000016350000,0x0000000016450000)]
  0x0000000014e16000 JavaThread "Signal Dispatcher" daemon [_thread_blocked, id=4420, stack(0x0000000016250000,0x0000000016350000)]
  0x0000000002740800 JavaThread "Finalizer" daemon [_thread_blocked, id=11928, stack(0x0000000016070000,0x0000000016170000)]
  0x000000000273d000 JavaThread "Reference Handler" daemon [_thread_blocked, id=10500, stack(0x0000000015f70000,0x0000000016070000)]
  0x0000000002650800 JavaThread "main" [_thread_in_vm, id=3584, stack(0x0000000002450000,0x0000000002550000)]

Other Threads:
  0x0000000014de8000 VMThread [stack: 0x0000000015e70000,0x0000000015f70000] [id=11252]
  0x000000001665e000 WatcherThread [stack: 0x0000000016c50000,0x0000000016d50000] [id=11660]

VM state:not at safepoint (normal execution)

VM Mutex/Monitor currently owned by a thread: None

Heap:
 PSYoungGen      total 35328K, used 24993K [0x00000000eab00000, 0x00000000ed000000, 0x0000000100000000)
  eden space 32768K, 68% used [0x00000000eab00000,0x00000000ec0f0688,0x00000000ecb00000)
  from space 2560K, 98% used [0x00000000ecd80000,0x00000000ecff8028,0x00000000ed000000)
  to   space 2560K, 0% used [0x00000000ecb00000,0x00000000ecb00000,0x00000000ecd80000)
 ParOldGen       total 44032K, used 3312K [0x00000000c0000000, 0x00000000c2b00000, 0x00000000eab00000)
  object space 44032K, 7% used [0x00000000c0000000,0x00000000c033c318,0x00000000c2b00000)
 Metaspace       used 6200K, capacity 7088K, committed 7296K, reserved 1056768K
  class space    used 601K, capacity 616K, committed 640K, reserved 1048576K

Card table byte_map: [0x0000000011b10000,0x0000000011d20000] byte_map_base: 0x0000000011510000

Marking Bits: (ParMarkBitMap*) 0x0000000056f3a5b0
 Begin Bits: [0x0000000012280000, 0x0000000013280000)
 End Bits:   [0x0000000013280000, 0x0000000014280000)

Polling page: 0x0000000002290000

CodeCache: size=245760Kb used=6280Kb max_used=6280Kb free=239480Kb
 bounds [0x0000000002750000, 0x0000000002d80000, 0x0000000011750000]
 total_blobs=1769 nmethods=1500 adapters=182
 compilation: enabled

Compilation events (10 events):
Event: 4.763 Thread 0x0000000016658800 nmethod 1503 0x0000000002d693d0 code [0x0000000002d69540, 0x0000000002d69768]
Event: 4.763 Thread 0x0000000016658800 1504       3       com.android.dx.rop.code.RegisterSpecSet::mutableCopy (57 bytes)
Event: 4.764 Thread 0x0000000016658800 nmethod 1504 0x0000000002d68990 code [0x0000000002d68b40, 0x0000000002d69108]
Event: 4.766 Thread 0x0000000016658800 1505       3       com.android.dx.ssa.SsaBasicBlock::insertNewSuccessor (228 bytes)
Event: 4.767 Thread 0x0000000016658800 nmethod 1505 0x0000000002d66690 code [0x0000000002d669c0, 0x0000000002d67ee8]
Event: 4.767 Thread 0x0000000016658800 1506       3       com.android.dx.cf.code.ByteCatchList::typeNotFound (47 bytes)
Event: 4.768 Thread 0x0000000016658800 nmethod 1506 0x0000000002d727d0 code [0x0000000002d72960, 0x0000000002d72d70]
Event: 4.769 Thread 0x0000000016658800 1507   !   3       com.android.dx.cf.code.Ropper::doit (126 bytes)
Event: 4.771 Thread 0x0000000016658800 nmethod 1507 0x0000000002d72f90 code [0x0000000002d73280, 0x0000000002d746d8]
Event: 4.771 Thread 0x0000000016658800 1508       3       java.util.HashMap$HashIterator::<init> (79 bytes)

GC Heap History (4 events):
Event: 3.113 GC heap before
{Heap before GC invocations=1 (full 0):
 PSYoungGen      total 18944K, used 16384K [0x00000000eab00000, 0x00000000ec000000, 0x0000000100000000)
  eden space 16384K, 100% used [0x00000000eab00000,0x00000000ebb00000,0x00000000ebb00000)
  from space 2560K, 0% used [0x00000000ebd80000,0x00000000ebd80000,0x00000000ec000000)
  to   space 2560K, 0% used [0x00000000ebb00000,0x00000000ebb00000,0x00000000ebd80000)
 ParOldGen       total 44032K, used 0K [0x00000000c0000000, 0x00000000c2b00000, 0x00000000eab00000)
  object space 44032K, 0% used [0x00000000c0000000,0x00000000c0000000,0x00000000c2b00000)
 Metaspace       used 5727K, capacity 6704K, committed 6784K, reserved 1056768K
  class space    used 591K, capacity 616K, committed 640K, reserved 1048576K
Event: 3.230 GC heap after
Heap after GC invocations=1 (full 0):
 PSYoungGen      total 18944K, used 2545K [0x00000000eab00000, 0x00000000ed000000, 0x0000000100000000)
  eden space 16384K, 0% used [0x00000000eab00000,0x00000000eab00000,0x00000000ebb00000)
  from space 2560K, 99% used [0x00000000ebb00000,0x00000000ebd7c460,0x00000000ebd80000)
  to   space 2560K, 0% used [0x00000000ecd80000,0x00000000ecd80000,0x00000000ed000000)
 ParOldGen       total 44032K, used 1089K [0x00000000c0000000, 0x00000000c2b00000, 0x00000000eab00000)
  object space 44032K, 2% used [0x00000000c0000000,0x00000000c01107d8,0x00000000c2b00000)
 Metaspace       used 5727K, capacity 6704K, committed 6784K, reserved 1056768K
  class space    used 591K, capacity 616K, committed 640K, reserved 1048576K
}
Event: 3.835 GC heap before
{Heap before GC invocations=2 (full 0):
 PSYoungGen      total 18944K, used 18929K [0x00000000eab00000, 0x00000000ed000000, 0x0000000100000000)
  eden space 16384K, 100% used [0x00000000eab00000,0x00000000ebb00000,0x00000000ebb00000)
  from space 2560K, 99% used [0x00000000ebb00000,0x00000000ebd7c460,0x00000000ebd80000)
  to   space 2560K, 0% used [0x00000000ecd80000,0x00000000ecd80000,0x00000000ed000000)
 ParOldGen       total 44032K, used 1089K [0x00000000c0000000, 0x00000000c2b00000, 0x00000000eab00000)
  object space 44032K, 2% used [0x00000000c0000000,0x00000000c01107d8,0x00000000c2b00000)
 Metaspace       used 6058K, capacity 6960K, committed 7040K, reserved 1056768K
  class space    used 599K, capacity 616K, committed 640K, reserved 1048576K
Event: 3.926 GC heap after
Heap after GC invocations=2 (full 0):
 PSYoungGen      total 35328K, used 2528K [0x00000000eab00000, 0x00000000ed000000, 0x0000000100000000)
  eden space 32768K, 0% used [0x00000000eab00000,0x00000000eab00000,0x00000000ecb00000)
  from space 2560K, 98% used [0x00000000ecd80000,0x00000000ecff8028,0x00000000ed000000)
  to   space 2560K, 0% used [0x00000000ecb00000,0x00000000ecb00000,0x00000000ecd80000)
 ParOldGen       total 44032K, used 3312K [0x00000000c0000000, 0x00000000c2b00000, 0x00000000eab00000)
  object space 44032K, 7% used [0x00000000c0000000,0x00000000c033c318,0x00000000c2b00000)
 Metaspace       used 6058K, capacity 6960K, committed 7040K, reserved 1056768K
  class space    used 599K, capacity 616K, committed 640K, reserved 1048576K
}

Deoptimization events (10 events):
Event: 3.507 Thread 0x00000000168ca800 Uncommon trap: reason=unstable_if action=reinterpret pc=0x0000000002a12e34 method=java.util.BitSet.ensureCapacity(I)V @ 6
Event: 3.507 Thread 0x00000000168ca800 Uncommon trap: reason=unstable_if action=reinterpret pc=0x00000000029815b0 method=java.util.BitSet.nextSetBit(I)I @ 87
Event: 3.523 Thread 0x00000000168ca800 Uncommon trap: reason=unstable_if action=reinterpret pc=0x0000000002a89b9c method=com.android.dx.rop.cst.Constant.compareTo(Lcom/android/dx/rop/cst/Constant;)I @ 12
Event: 3.526 Thread 0x00000000168ca800 Uncommon trap: reason=unstable_if action=reinterpret pc=0x0000000002b9a4dc method=java.util.HashMap.getNode(ILjava/lang/Object;)Ljava/util/HashMap$Node; @ 129
Event: 3.658 Thread 0x00000000168c4800 Uncommon trap: reason=class_check action=maybe_recompile pc=0x0000000002a6a594 method=com.android.dx.ssa.NormalSsaInsn.accept(Lcom/android/dx/ssa/SsaInsn$Visitor;)V @ 9
Event: 3.658 Thread 0x00000000168c4800 Uncommon trap: reason=class_check action=maybe_recompile pc=0x0000000002a6a594 method=com.android.dx.ssa.NormalSsaInsn.accept(Lcom/android/dx/ssa/SsaInsn$Visitor;)V @ 9
Event: 3.665 Thread 0x00000000168c4800 Uncommon trap: reason=class_check action=maybe_recompile pc=0x0000000002a6a594 method=com.android.dx.ssa.NormalSsaInsn.accept(Lcom/android/dx/ssa/SsaInsn$Visitor;)V @ 9
Event: 3.666 Thread 0x00000000168c4800 Uncommon trap: reason=class_check action=maybe_recompile pc=0x0000000002a033f0 method=com.android.dx.ssa.NormalSsaInsn.accept(Lcom/android/dx/ssa/SsaInsn$Visitor;)V @ 9
Event: 3.992 Thread 0x00000000168d0000 Uncommon trap: reason=null_check action=make_not_entrant pc=0x0000000002c748dc method=com.android.dx.ssa.SsaRenamer.getLocalForNewReg(I)Lcom/android/dx/rop/code/LocalItem; @ 19
Event: 4.750 Thread 0x0000000016898800 Uncommon trap: reason=unstable_if action=reinterpret pc=0x0000000002bc6844 method=com.android.dx.rop.code.RegisterSpecSet.<init>(I)V @ 2

Internal exceptions (3 events):
Event: 1.092 Thread 0x0000000002650800 Exception <a 'java/lang/NoSuchMethodError': Method sun.misc.Unsafe.defineClass(Ljava/lang/String;[BII)Ljava/lang/Class; name or signature does not match> (0x00000000eab0d758) thrown at [C:\re\workspace\8-2-build-windows-amd64-cygwin\jdk8u60\4407\hotspot\sr7™È¦æxñ?
Event: 1.092 Thread 0x0000000002650800 Exception <a 'java/lang/NoSuchMethodError': Method sun.misc.Unsafe.prefetchRead(Ljava/lang/Object;J)V name or signature does not match> (0x00000000eab0da40) thrown at [C:\re\workspace\8-2-build-windows-amd64-cygwin\jdk8u60\4407\hotspot\src\share\vm\prims\jàjY9ð@
Event: 3.992 Thread 0x00000000168d0000 Implicit null exception at 0x0000000002c726bd to 0x0000000002c74891

Events (10 events):
Event: 4.680 loading class com/android/dx/cf/attrib/BaseAnnotations done
Event: 4.689 Thread 0x00000000168d0000 DEOPT PACKING pc=0x0000000002b55ce2 sp=0x000000001714e450
Event: 4.689 Thread 0x00000000168d0000 DEOPT UNPACKING pc=0x000000000279787f sp=0x000000001714e1b8 mode 0
Event: 4.735 loading class com/android/dx/cf/code/SwitchList
Event: 4.735 loading class com/android/dx/cf/code/SwitchList done
Event: 4.750 Thread 0x0000000016898800 Uncommon trap: trap_request=0xffffff65 fr.pc=0x0000000002bc6844
Event: 4.750 Thread 0x0000000016898800 DEOPT PACKING pc=0x0000000002bc6844 sp=0x000000001724ec20
Event: 4.750 Thread 0x0000000016898800 DEOPT UNPACKING pc=0x000000000279582a sp=0x000000001724eb50 mode 2
Event: 4.769 Thread 0x0000000016898800 DEOPT PACKING pc=0x0000000002a5f5c1 sp=0x000000001724e9b0
Event: 4.769 Thread 0x0000000016898800 DEOPT UNPACKING pc=0x000000000279787f sp=0x000000001724e778 mode 0


Dynamic libraries:
0x00007ff7abe70000 - 0x00007ff7abea7000 	C:\Program Files\Java\jdk1.8.0_60\bin\java.exe
0x00007ffb5dad0000 - 0x00007ffb5dc91000 	C:\Windows\SYSTEM32\ntdll.dll
0x00007ffb5af30000 - 0x00007ffb5afdd000 	C:\Windows\system32\KERNEL32.DLL
0x00007ffb5abe0000 - 0x00007ffb5adc8000 	C:\Windows\system32\KERNELBASE.dll
0x00007ffb5b250000 - 0x00007ffb5b2f7000 	C:\Windows\system32\ADVAPI32.dll
0x00007ffb5b960000 - 0x00007ffb5b9fd000 	C:\Windows\system32\msvcrt.dll
0x00007ffb5aed0000 - 0x00007ffb5af2b000 	C:\Windows\system32\sechost.dll
0x00007ffb5ba00000 - 0x00007ffb5bb1c000 	C:\Windows\system32\RPCRT4.dll
0x00007ffb5b040000 - 0x00007ffb5b196000 	C:\Windows\system32\USER32.dll
0x00007ffb5b450000 - 0x00007ffb5b5d6000 	C:\Windows\system32\GDI32.dll
0x00007ffb4f9d0000 - 0x00007ffb4fc44000 	C:\Windows\WinSxS\amd64_microsoft.windows.common-controls_6595b64144ccf1df_6.0.10586.589_none_a2ddb3caa539acce\COMCTL32.dll
0x00007ffb5d7e0000 - 0x00007ffb5da5d000 	C:\Windows\system32\combase.dll
0x00007ffb5a180000 - 0x00007ffb5a1ea000 	C:\Windows\system32\bcryptPrimitives.dll
0x00007ffb5bb20000 - 0x00007ffb5bb5b000 	C:\Windows\system32\IMM32.DLL
0x00000000561d0000 - 0x00000000562a2000 	C:\Program Files\Java\jdk1.8.0_60\jre\bin\msvcr100.dll
0x0000000056730000 - 0x0000000056fb9000 	C:\Program Files\Java\jdk1.8.0_60\jre\bin\server\jvm.dll
0x00007ffb5d580000 - 0x00007ffb5d588000 	C:\Windows\system32\PSAPI.DLL
0x00007ffb49200000 - 0x00007ffb49209000 	C:\Windows\SYSTEM32\WSOCK32.dll
0x00007ffb5b5e0000 - 0x00007ffb5b64b000 	C:\Windows\system32\WS2_32.dll
0x00007ffb586f0000 - 0x00007ffb58713000 	C:\Windows\SYSTEM32\WINMM.dll
0x00007ffb4dee0000 - 0x00007ffb4deea000 	C:\Windows\SYSTEM32\VERSION.dll
0x00007ffb58690000 - 0x00007ffb586bc000 	C:\Windows\SYSTEM32\WINMMBASE.dll
0x00007ffb5add0000 - 0x00007ffb5ae13000 	C:\Windows\system32\cfgmgr32.dll
0x0000000056640000 - 0x000000005664f000 	C:\Program Files\Java\jdk1.8.0_60\jre\bin\verify.dll
0x0000000056610000 - 0x0000000056639000 	C:\Program Files\Java\jdk1.8.0_60\jre\bin\java.dll
0x00000000565f0000 - 0x0000000056606000 	C:\Program Files\Java\jdk1.8.0_60\jre\bin\zip.dll
0x00007ffb5c000000 - 0x00007ffb5d55c000 	C:\Windows\system32\SHELL32.dll
0x00007ffb5a2b0000 - 0x00007ffb5a8f5000 	C:\Windows\system32\windows.storage.dll
0x00007ffb5d590000 - 0x00007ffb5d5e2000 	C:\Windows\system32\shlwapi.dll
0x00007ffb5a110000 - 0x00007ffb5a11f000 	C:\Windows\system32\kernel.appcore.dll
0x00007ffb5a1f0000 - 0x00007ffb5a2a5000 	C:\Windows\system32\shcore.dll
0x00007ffb5a120000 - 0x00007ffb5a16b000 	C:\Windows\system32\powrprof.dll
0x00007ffb5a0f0000 - 0x00007ffb5a104000 	C:\Windows\system32\profapi.dll

VM Arguments:
jvm_args: -Djava.awt.headless=true -Xmx1024M -Dfile.encoding=windows-1252 -Duser.country=IN -Duser.language=en -Duser.variant 
java_command: com.android.dx.command.Main --dex --force-jumbo --num-threads=4 --multi-dex --output E:\work\HomeImage\app\build\intermediates\transforms\dex\debug\folders\1000\10\internal_impl-24.2.0_caf799c64cd254929e38639941e1fe8103f1bbdc E:\work\HomeImage\app\build\intermediates\exploded-aar\com.android.support\support-compat\24.2.0\jars\libs\internal_impl-24.2.0.jar
java_class_path (initial): E:\Android\sdk\build-tools\24.0.2\lib\dx.jar
Launcher Type: SUN_STANDARD

Environment Variables:
PATH=C:\ProgramData\Oracle\Java\javapath;C:\Program Files (x86)\Intel\iCLS Client\;C:\Program Files\Intel\iCLS Client\;C:\Windows\system32;C:\Windows;C:\Windows\System32\Wbem;C:\Windows\System32\WindowsPowerShell\v1.0\;C:\Program Files (x86)\AMD\ATI.ACE\Core-Static;C:\Program Files\Intel\Intel(R) Management Engine Components\DAL;C:\Program Files\Intel\Intel(R) Management Engine Components\IPT;C:\Program Files (x86)\Intel\Intel(R) Management Engine Components\DAL;C:\Program Files (x86)\Intel\Intel(R) Management Engine Components\IPT;E:\Android\sdk\ndk-bundle;E:\Android\sdk\platform-tools;C:\Program Files (x86)\Skype\Phone\;C:\Program Files (x86)\Windows Live\Shared
USERNAME=Family
OS=Windows_NT
PROCESSOR_IDENTIFIER=Intel64 Family 6 Model 69 Stepping 1, GenuineIntel



---------------  S Y S T E M  ---------------

OS: Windows 10.0 , 64 bit Build 10586 (10.0.10586.589)

CPU:total 4 (2 cores per cpu, 2 threads per core) family 6 model 69 stepping 1, cmov, cx8, fxsr, mmx, sse, sse2, sse3, ssse3, sse4.1, sse4.2, popcnt, avx, avx2, aes, clmul, erms, lzcnt, ht, tsc, tscinvbit, bmi1, bmi2

Memory: 4k page, physical 4072408k(374960k free), swap 5832536k(4128k free)

vm_info: Java HotSpot(TM) 64-Bit Server VM (25.60-b23) for windows-amd64 JRE (1.8.0_60-b27), built on Aug  4 2015 11:06:27 by "java_re" with MS VC++ 10.0 (VS2010)

time: Tue Sep 20 12:35:27 2016
elapsed time: 4 seconds (0d 0h 0m 4s)

