#
# There is insufficient memory for the Java Runtime Environment to continue.
# Native memory allocation (malloc) failed to allocate 77616 bytes for Chunk::new
# Possible reasons:
#   The system is out of physical RAM or swap space
#   In 32 bit mode, the process size limit was hit
# Possible solutions:
#   Reduce memory load on the system
#   Increase physical memory or swap space
#   Check if swap backing store is full
#   Use 64 bit Java on a 64 bit OS
#   Decrease Java heap size (-Xmx/-Xms)
#   Decrease number of Java threads
#   Decrease Java thread stack sizes (-Xss)
#   Set larger code cache with -XX:ReservedCodeCacheSize=
# This output file may be truncated or incomplete.
#
#  Out of Memory Error (allocation.cpp:390), pid=2028, tid=11652
#
# JRE version: Java(TM) SE Runtime Environment (8.0_60-b27) (build 1.8.0_60-b27)
# Java VM: Java HotSpot(TM) 64-Bit Server VM (25.60-b23 mixed mode windows-amd64 compressed oops)
# Failed to write core dump. Minidumps are not enabled by default on client versions of Windows
#

---------------  T H R E A D  ---------------

Current thread (0x000000001582a800):  JavaThread "C2 CompilerThread0" daemon [_thread_in_native, id=11652, stack(0x0000000016e60000,0x0000000016f60000)]

Stack: [0x0000000016e60000,0x0000000016f60000]
[error occurred during error reporting (printing stack bounds), id 0xc0000005]

Native frames: (J=compiled Java code, j=interpreted, Vv=VM code, C=native code)


Current CompileTask:
C2:   4463  606   !   4       com.android.dx.cf.cst.ConstantPoolParser::parse0 (731 bytes)


---------------  P R O C E S S  ---------------

Java Threads: ( => current thread )
  0x000000001745c000 JavaThread "pool-2-thread-4" [_thread_in_vm, id=412, stack(0x0000000017b60000,0x0000000017c60000)]
  0x000000001745b000 JavaThread "pool-2-thread-3" [_thread_blocked, id=12056, stack(0x0000000017a60000,0x0000000017b60000)]
  0x000000001745a800 JavaThread "pool-2-thread-2" [_thread_blocked, id=11816, stack(0x0000000017960000,0x0000000017a60000)]
  0x00000000172a3000 JavaThread "pool-3-thread-1" [_thread_blocked, id=11564, stack(0x0000000017860000,0x0000000017960000)]
  0x00000000172aa000 JavaThread "pool-2-thread-1" [_thread_in_Java, id=2188, stack(0x0000000017760000,0x0000000017860000)]
  0x0000000017166000 JavaThread "Service Thread" daemon [_thread_blocked, id=11572, stack(0x0000000017560000,0x0000000017660000)]
  0x000000001588d000 JavaThread "C1 CompilerThread2" daemon [_thread_in_native, id=9168, stack(0x0000000017060000,0x0000000017160000)]
  0x000000001588a800 JavaThread "C2 CompilerThread1" daemon [_thread_blocked, id=10388, stack(0x0000000016f60000,0x0000000017060000)]
=>0x000000001582a800 JavaThread "C2 CompilerThread0" daemon [_thread_in_native, id=11652, stack(0x0000000016e60000,0x0000000016f60000)]
  0x0000000015828800 JavaThread "Attach Listener" daemon [_thread_blocked, id=11252, stack(0x0000000016d60000,0x0000000016e60000)]
  0x0000000015827000 JavaThread "Signal Dispatcher" daemon [_thread_blocked, id=8804, stack(0x0000000016c60000,0x0000000016d60000)]
  0x0000000003150800 JavaThread "Finalizer" daemon [_thread_blocked, id=11620, stack(0x0000000016a80000,0x0000000016b80000)]
  0x000000000314d000 JavaThread "Reference Handler" daemon [_thread_blocked, id=7464, stack(0x0000000016980000,0x0000000016a80000)]
  0x0000000003060800 JavaThread "main" [_thread_in_vm, id=11676, stack(0x0000000002f60000,0x0000000003060000)]

Other Threads:
  0x00000000157f8000 VMThread [stack: 0x0000000016880000,0x0000000016980000] [id=5632]
  0x000000001717b000 WatcherThread [stack: 0x0000000017660000,0x0000000017760000] [id=11456]

VM state:not at safepoint (normal execution)

VM Mutex/Monitor currently owned by a thread: None

Heap:
 PSYoungGen      total 18944K, used 12501K [0x00000000eab00000, 0x00000000ec000000, 0x0000000100000000)
  eden space 16384K, 76% used [0x00000000eab00000,0x00000000eb735590,0x00000000ebb00000)
  from space 2560K, 0% used [0x00000000ebd80000,0x00000000ebd80000,0x00000000ec000000)
  to   space 2560K, 0% used [0x00000000ebb00000,0x00000000ebb00000,0x00000000ebd80000)
 ParOldGen       total 44032K, used 0K [0x00000000c0000000, 0x00000000c2b00000, 0x00000000eab00000)
  object space 44032K, 0% used [0x00000000c0000000,0x00000000c0000000,0x00000000c2b00000)
 Metaspace       used 5565K, capacity 6576K, committed 6784K, reserved 1056768K
  class space    used 598K, capacity 616K, committed 640K, reserved 1048576K

Card table byte_map: [0x0000000012520000,0x0000000012730000] byte_map_base: 0x0000000011f20000

Marking Bits: (ParMarkBitMap*) 0x0000000056f3a5b0
 Begin Bits: [0x0000000012c90000, 0x0000000013c90000)
 End Bits:   [0x0000000013c90000, 0x0000000014c90000)

Polling page: 0x0000000000ff0000

CodeCache: size=245760Kb used=2686Kb max_used=2694Kb free=243073Kb
 bounds [0x0000000003160000, 0x0000000003410000, 0x0000000012160000]
 total_blobs=902 nmethods=633 adapters=182
 compilation: enabled

Compilation events (10 events):
Event: 4.453 Thread 0x000000001588d000  626       3       java.lang.StringBuffer::<init> (6 bytes)
Event: 4.454 Thread 0x000000001588d000 nmethod 626 0x00000000033f6190 code [0x00000000033f6300, 0x00000000033f65b0]
Event: 4.454 Thread 0x000000001588d000  627       3       com.android.dx.ssa.SCCP::simulateBranch (666 bytes)
Event: 4.459 Thread 0x000000001588d000 nmethod 627 0x00000000033f79d0 code [0x00000000033f7e80, 0x00000000033fba58]
Event: 4.459 Thread 0x000000001588d000  628       1       com.android.dx.util.FixedSizeList::getOrNull0 (7 bytes)
Event: 4.459 Thread 0x000000001588d000 nmethod 628 0x00000000033f5e50 code [0x00000000033f5fa0, 0x00000000033f60d0]
Event: 4.459 Thread 0x000000001588d000  635       3       com.android.dx.util.LabeledList::addLabelIndex (43 bytes)
Event: 4.459 Thread 0x000000001588d000 nmethod 635 0x00000000033f56d0 code [0x00000000033f5860, 0x00000000033f5cb8]
Event: 4.459 Thread 0x000000001588d000  638       3       com.android.dx.rop.code.BasicBlockList$RegCountVisitor::visit (52 bytes)
Event: 4.460 Thread 0x000000001588a800  640       4       java.util.BitSet::set (58 bytes)

GC Heap History (0 events):
No events

Deoptimization events (0 events):
No events

Internal exceptions (2 events):
Event: 0.088 Thread 0x0000000003060800 Exception <a 'java/lang/NoSuchMethodError': Method sun.misc.Unsafe.defineClass(Ljava/lang/String;[BII)Ljava/lang/Class; name or signature does not match> (0x00000000eab0d5e0) thrown at [C:\re\workspace\8-2-build-windows-amd64-cygwin\jdk8u60\4407\hotspot\srä3ÛE‹¶?
Event: 0.088 Thread 0x0000000003060800 Exception <a 'java/lang/NoSuchMethodError': Method sun.misc.Unsafe.prefetchRead(Ljava/lang/Object;J)V name or signature does not match> (0x00000000eab0d8c8) thrown at [C:\re\workspace\8-2-build-windows-amd64-cygwin\jdk8u60\4407\hotspot\src\share\vm\prims\j

Events (10 events):
Event: 4.363 loading class com/android/dx/cf/code/BytecodeArray$ConstantParserVisitor
Event: 4.363 loading class com/android/dx/cf/code/BytecodeArray$ConstantParserVisitor done
Event: 4.451 loading class com/android/dx/dex/file/MethodAnnotationStruct
Event: 4.451 loading class com/android/dx/dex/file/MethodAnnotationStruct done
Event: 4.452 loading class com/android/dx/dex/file/ParameterAnnotationStruct
Event: 4.452 loading class com/android/dx/dex/file/ParameterAnnotationStruct done
Event: 4.453 loading class com/android/dx/dex/file/UniformListItem
Event: 4.453 loading class com/android/dx/dex/file/UniformListItem done
Event: 4.453 loading class com/android/dx/dex/file/AnnotationSetRefItem
Event: 4.453 loading class com/android/dx/dex/file/AnnotationSetRefItem done


Dynamic libraries:
0x00007ff7abe70000 - 0x00007ff7abea7000 	C:\Program Files\Java\jdk1.8.0_60\bin\java.exe
0x00007ffb5dad0000 - 0x00007ffb5dc91000 	C:\Windows\SYSTEM32\ntdll.dll
0x00007ffb5af30000 - 0x00007ffb5afdd000 	C:\Windows\system32\KERNEL32.DLL
0x00007ffb5abe0000 - 0x00007ffb5adc8000 	C:\Windows\system32\KERNELBASE.dll
0x00007ffb5b250000 - 0x00007ffb5b2f7000 	C:\Windows\system32\ADVAPI32.dll
0x00007ffb5b960000 - 0x00007ffb5b9fd000 	C:\Windows\system32\msvcrt.dll
0x00007ffb5aed0000 - 0x00007ffb5af2b000 	C:\Windows\system32\sechost.dll
0x00007ffb5ba00000 - 0x00007ffb5bb1c000 	C:\Windows\system32\RPCRT4.dll
0x00007ffb5b040000 - 0x00007ffb5b196000 	C:\Windows\system32\USER32.dll
0x00007ffb5b450000 - 0x00007ffb5b5d6000 	C:\Windows\system32\GDI32.dll
0x00007ffb4f9d0000 - 0x00007ffb4fc44000 	C:\Windows\WinSxS\amd64_microsoft.windows.common-controls_6595b64144ccf1df_6.0.10586.589_none_a2ddb3caa539acce\COMCTL32.dll
0x00007ffb5d7e0000 - 0x00007ffb5da5d000 	C:\Windows\system32\combase.dll
0x00007ffb5a180000 - 0x00007ffb5a1ea000 	C:\Windows\system32\bcryptPrimitives.dll
0x00007ffb5bb20000 - 0x00007ffb5bb5b000 	C:\Windows\system32\IMM32.DLL
0x00000000561d0000 - 0x00000000562a2000 	C:\Program Files\Java\jdk1.8.0_60\jre\bin\msvcr100.dll
0x0000000056730000 - 0x0000000056fb9000 	C:\Program Files\Java\jdk1.8.0_60\jre\bin\server\jvm.dll
0x00007ffb5d580000 - 0x00007ffb5d588000 	C:\Windows\system32\PSAPI.DLL
0x00007ffb49200000 - 0x00007ffb49209000 	C:\Windows\SYSTEM32\WSOCK32.dll
0x00007ffb5b5e0000 - 0x00007ffb5b64b000 	C:\Windows\system32\WS2_32.dll
0x00007ffb4dee0000 - 0x00007ffb4deea000 	C:\Windows\SYSTEM32\VERSION.dll
0x00007ffb586f0000 - 0x00007ffb58713000 	C:\Windows\SYSTEM32\WINMM.dll
0x00007ffb58690000 - 0x00007ffb586bc000 	C:\Windows\SYSTEM32\WINMMBASE.dll
0x00007ffb5add0000 - 0x00007ffb5ae13000 	C:\Windows\system32\cfgmgr32.dll
0x0000000056640000 - 0x000000005664f000 	C:\Program Files\Java\jdk1.8.0_60\jre\bin\verify.dll
0x0000000056610000 - 0x0000000056639000 	C:\Program Files\Java\jdk1.8.0_60\jre\bin\java.dll
0x00000000565f0000 - 0x0000000056606000 	C:\Program Files\Java\jdk1.8.0_60\jre\bin\zip.dll
0x00007ffb5c000000 - 0x00007ffb5d55c000 	C:\Windows\system32\SHELL32.dll
0x00007ffb5a2b0000 - 0x00007ffb5a8f5000 	C:\Windows\system32\windows.storage.dll
0x00007ffb5d590000 - 0x00007ffb5d5e2000 	C:\Windows\system32\shlwapi.dll
0x00007ffb5a110000 - 0x00007ffb5a11f000 	C:\Windows\system32\kernel.appcore.dll
0x00007ffb5a1f0000 - 0x00007ffb5a2a5000 	C:\Windows\system32\shcore.dll
0x00007ffb5a120000 - 0x00007ffb5a16b000 	C:\Windows\system32\powrprof.dll
0x00007ffb5a0f0000 - 0x00007ffb5a104000 	C:\Windows\system32\profapi.dll

VM Arguments:
jvm_args: -Djava.awt.headless=true -Xmx1024M -Dfile.encoding=windows-1252 -Duser.country=IN -Duser.language=en -Duser.variant 
java_command: com.android.dx.command.Main --dex --force-jumbo --num-threads=4 --multi-dex --output E:\work\HomeImage\app\build\intermediates\transforms\dex\debug\folders\1000\10\com.android.support-support-fragment-24.2.0_e712a0f817898dcd0a681d30abc8b89ce0852229 E:\work\HomeImage\app\build\intermediates\exploded-aar\com.android.support\support-fragment\24.2.0\jars\classes.jar
java_class_path (initial): E:\Android\sdk\build-tools\24.0.2\lib\dx.jar
Launcher Type: SUN_STANDARD

Environment Variables:
PATH=C:\ProgramData\Oracle\Java\javapath;C:\Program Files (x86)\Intel\iCLS Client\;C:\Program Files\Intel\iCLS Client\;C:\Windows\system32;C:\Windows;C:\Windows\System32\Wbem;C:\Windows\System32\WindowsPowerShell\v1.0\;C:\Program Files (x86)\AMD\ATI.ACE\Core-Static;C:\Program Files\Intel\Intel(R) Management Engine Components\DAL;C:\Program Files\Intel\Intel(R) Management Engine Components\IPT;C:\Program Files (x86)\Intel\Intel(R) Management Engine Components\DAL;C:\Program Files (x86)\Intel\Intel(R) Management Engine Components\IPT;E:\Android\sdk\ndk-bundle;E:\Android\sdk\platform-tools;C:\Program Files (x86)\Skype\Phone\;C:\Program Files (x86)\Windows Live\Shared
USERNAME=Family
OS=Windows_NT
PROCESSOR_IDENTIFIER=Intel64 Family 6 Model 69 Stepping 1, GenuineIntel



---------------  S Y S T E M  ---------------

OS: Windows 10.0 , 64 bit Build 10586 (10.0.10586.589)

CPU:total 4 (2 cores per cpu, 2 threads per core) family 6 model 69 stepping 1, cmov, cx8, fxsr, mmx, sse, sse2, sse3, ssse3, sse4.1, sse4.2, popcnt, avx, avx2, aes, clmul, erms, lzcnt, ht, tsc, tscinvbit, bmi1, bmi2

Memory: 4k page, physical 4072408k(392120k free), swap 5832536k(3260k free)

vm_info: Java HotSpot(TM) 64-Bit Server VM (25.60-b23) for windows-amd64 JRE (1.8.0_60-b27), built on Aug  4 2015 11:06:27 by "java_re" with MS VC++ 10.0 (VS2010)

time: Tue Sep 20 12:31:28 2016
elapsed time: 4 seconds (0d 0h 0m 4s)

