#
# There is insufficient memory for the Java Runtime Environment to continue.
# Native memory allocation (malloc) failed to allocate 46096 bytes for Chunk::new
# Possible reasons:
#   The system is out of physical RAM or swap space
#   In 32 bit mode, the process size limit was hit
# Possible solutions:
#   Reduce memory load on the system
#   Increase physical memory or swap space
#   Check if swap backing store is full
#   Use 64 bit Java on a 64 bit OS
#   Decrease Java heap size (-Xmx/-Xms)
#   Decrease number of Java threads
#   Decrease Java thread stack sizes (-Xss)
#   Set larger code cache with -XX:ReservedCodeCacheSize=
# This output file may be truncated or incomplete.
#
#  Out of Memory Error (allocation.cpp:390), pid=3448, tid=5192
#
# JRE version: Java(TM) SE Runtime Environment (8.0_60-b27) (build 1.8.0_60-b27)
# Java VM: Java HotSpot(TM) 64-Bit Server VM (25.60-b23 mixed mode windows-amd64 compressed oops)
# Failed to write core dump. Minidumps are not enabled by default on client versions of Windows
#

---------------  T H R E A D  ---------------

Current thread (0x0000000015690000):  JavaThread "C2 CompilerThread1" daemon [_thread_in_native, id=5192, stack(0x0000000016de0000,0x0000000016ee0000)]

Stack: [0x0000000016de0000,0x0000000016ee0000]
[error occurred during error reporting (printing stack bounds), id 0xc0000005]

Native frames: (J=compiled Java code, j=interpreted, Vv=VM code, C=native code)


Current CompileTask:
C2:   1212  280       4       java.lang.String::equals (81 bytes)


---------------  P R O C E S S  ---------------

Java Threads: ( => current thread )
  0x00000000170f9800 JavaThread "pool-2-thread-4" [_thread_new, id=8488, stack(0x0000000000000000,0x0000000000000000)]
  0x00000000170f8800 JavaThread "pool-2-thread-3" [_thread_new, id=6212, stack(0x0000000000000000,0x0000000000000000)]
  0x00000000170ef000 JavaThread "pool-2-thread-2" [_thread_new, id=2776, stack(0x0000000000000000,0x0000000000000000)]
  0x00000000170ee800 JavaThread "pool-3-thread-1" [_thread_blocked, id=7000, stack(0x00000000176e0000,0x00000000177e0000)]
  0x00000000170a7800 JavaThread "pool-2-thread-1" [_thread_blocked, id=6680, stack(0x00000000175e0000,0x00000000176e0000)]
  0x00000000156ee000 JavaThread "Service Thread" daemon [_thread_blocked, id=8424, stack(0x00000000173e0000,0x00000000174e0000)]
  0x0000000016ee8800 JavaThread "C1 CompilerThread2" daemon [_thread_blocked, id=4280, stack(0x00000000172e0000,0x00000000173e0000)]
=>0x0000000015690000 JavaThread "C2 CompilerThread1" daemon [_thread_in_native, id=5192, stack(0x0000000016de0000,0x0000000016ee0000)]
  0x0000000015689000 JavaThread "C2 CompilerThread0" daemon [_thread_blocked, id=6216, stack(0x0000000016ce0000,0x0000000016de0000)]
  0x0000000015687800 JavaThread "Attach Listener" daemon [_thread_blocked, id=3692, stack(0x0000000016be0000,0x0000000016ce0000)]
  0x0000000015686000 JavaThread "Signal Dispatcher" daemon [_thread_blocked, id=1612, stack(0x0000000016ae0000,0x0000000016be0000)]
  0x0000000002f60800 JavaThread "Finalizer" daemon [_thread_blocked, id=1176, stack(0x0000000016900000,0x0000000016a00000)]
  0x0000000002f5d000 JavaThread "Reference Handler" daemon [_thread_blocked, id=8452, stack(0x0000000016800000,0x0000000016900000)]
  0x0000000002e71000 JavaThread "main" [_thread_in_vm, id=8160, stack(0x0000000001640000,0x0000000001740000)]

Other Threads:
  0x0000000015658000 VMThread [stack: 0x0000000016700000,0x0000000016800000] [id=3284]
  0x0000000016ef9000 WatcherThread [stack: 0x00000000174e0000,0x00000000175e0000] [id=8936]

VM state:synchronizing (normal execution)

VM Mutex/Monitor currently owned by a thread:  ([mutex/lock_event])
[0x00000000030bcab0] Safepoint_lock - owner thread: 0x0000000015658000
[0x00000000030bcb30] Threads_lock - owner thread: 0x0000000015658000
[0x00000000030bca30] Heap_lock - owner thread: 0x0000000002e71000

Heap:
 PSYoungGen      total 18944K, used 8027K [0x00000000eab00000, 0x00000000ec000000, 0x0000000100000000)
  eden space 16384K, 48% used [0x00000000eab00000,0x00000000eb2d6cc0,0x00000000ebb00000)
  from space 2560K, 0% used [0x00000000ebd80000,0x00000000ebd80000,0x00000000ec000000)
  to   space 2560K, 0% used [0x00000000ebb00000,0x00000000ebb00000,0x00000000ebd80000)
 ParOldGen       total 44032K, used 0K [0x00000000c0000000, 0x00000000c2b00000, 0x00000000eab00000)
  object space 44032K, 0% used [0x00000000c0000000,0x00000000c0000000,0x00000000c2b00000)
 Metaspace       used 4864K, capacity 5872K, committed 6016K, reserved 1058816K
  class space    used 540K, capacity 552K, committed 640K, reserved 1048576K

Card table byte_map: [0x0000000012480000,0x0000000012690000] byte_map_base: 0x0000000011e80000

Marking Bits: (ParMarkBitMap*) 0x00000000626ba5b0
 Begin Bits: [0x0000000012af0000, 0x0000000013af0000)
 End Bits:   [0x0000000013af0000, 0x0000000014af0000)

Polling page: 0x0000000000df0000

CodeCache: size=245760Kb used=1755Kb max_used=1755Kb free=244004Kb
 bounds [0x00000000030c0000, 0x0000000003330000, 0x00000000120c0000]
 total_blobs=570 nmethods=305 adapters=178
 compilation: enabled

Compilation events (10 events):
Event: 1.166 Thread 0x0000000016ee8800  276       3       java.util.WeakHashMap::put (162 bytes)
Event: 1.168 Thread 0x0000000016ee8800 nmethod 276 0x0000000003267290 code [0x00000000032674c0, 0x0000000003268358]
Event: 1.168 Thread 0x0000000016ee8800  277       3       java.util.WeakHashMap$Entry::<init> (24 bytes)
Event: 1.168 Thread 0x0000000016ee8800 nmethod 277 0x0000000003268a10 code [0x0000000003268b80, 0x0000000003268eb0]
Event: 1.168 Thread 0x0000000016ee8800  278       3       java.util.zip.ZipFile$ZipFileInflaterInputStream::fill (80 bytes)
Event: 1.169 Thread 0x0000000016ee8800 nmethod 278 0x0000000003269010 code [0x00000000032691a0, 0x0000000003269568]
Event: 1.169 Thread 0x0000000016ee8800  279       1       com.android.dx.ssa.SsaBasicBlock::getIndex (5 bytes)
Event: 1.169 Thread 0x0000000016ee8800 nmethod 279 0x0000000003269750 code [0x00000000032698a0, 0x00000000032699b0]
Event: 1.169 Thread 0x0000000015690000  280       4       java.lang.String::equals (81 bytes)
Event: 1.169 Thread 0x0000000016ee8800  281   !   3       java.util.zip.ZipFile::getInputStream (304 bytes)

GC Heap History (0 events):
No events

Deoptimization events (0 events):
No events

Internal exceptions (2 events):
Event: 0.420 Thread 0x0000000002e71000 Exception <a 'java/lang/NoSuchMethodError': Method sun.misc.Unsafe.defineClass(Ljava/lang/String;[BII)Ljava/lang/Class; name or signature does not match> (0x00000000eab0d5e0) thrown at [C:\re\workspace\8-2-build-windows-amd64-cygwin\jdk8u60\4407\hotspot\sr­Zpw¯æÚ?
Event: 0.420 Thread 0x0000000002e71000 Exception <a 'java/lang/NoSuchMethodError': Method sun.misc.Unsafe.prefetchRead(Ljava/lang/Object;J)V name or signature does not match> (0x00000000eab0d8c8) thrown at [C:\re\workspace\8-2-build-windows-amd64-cygwin\jdk8u60\4407\hotspot\src\share\vm\prims\j

Events (10 events):
Event: 1.166 loading class com/android/dx/util/IntSet
Event: 1.166 loading class com/android/dx/util/IntSet done
Event: 1.167 loading class com/android/dx/util/BitIntSet
Event: 1.167 loading class com/android/dx/util/BitIntSet done
Event: 1.167 loading class com/android/dx/util/IntIterator
Event: 1.167 loading class com/android/dx/util/IntIterator done
Event: 1.168 loading class com/android/dx/util/BitIntSet$1
Event: 1.168 loading class com/android/dx/util/BitIntSet$1 done
Event: 1.169 loading class com/android/dx/ssa/SsaRenamer
Event: 1.169 loading class com/android/dx/ssa/SsaRenamer done


Dynamic libraries:
0x00007ff67a4e0000 - 0x00007ff67a517000 	C:\Program Files\Java\jdk1.8.0_60\bin\java.exe
0x00007ffc7f0e0000 - 0x00007ffc7f2a1000 	C:\Windows\SYSTEM32\ntdll.dll
0x00007ffc7e590000 - 0x00007ffc7e63d000 	C:\Windows\system32\KERNEL32.DLL
0x00007ffc7b810000 - 0x00007ffc7b9f8000 	C:\Windows\system32\KERNELBASE.dll
0x00007ffc7e870000 - 0x00007ffc7e917000 	C:\Windows\system32\ADVAPI32.dll
0x00007ffc7ed60000 - 0x00007ffc7edfd000 	C:\Windows\system32\msvcrt.dll
0x00007ffc7ec90000 - 0x00007ffc7eceb000 	C:\Windows\system32\sechost.dll
0x00007ffc7c5b0000 - 0x00007ffc7c6cc000 	C:\Windows\system32\RPCRT4.dll
0x00007ffc7e920000 - 0x00007ffc7ea76000 	C:\Windows\system32\USER32.dll
0x00007ffc7c6e0000 - 0x00007ffc7c866000 	C:\Windows\system32\GDI32.dll
0x00007ffc6fce0000 - 0x00007ffc6ff54000 	C:\Windows\WinSxS\amd64_microsoft.windows.common-controls_6595b64144ccf1df_6.0.10586.589_none_a2ddb3caa539acce\COMCTL32.dll
0x00007ffc7e310000 - 0x00007ffc7e58d000 	C:\Windows\system32\combase.dll
0x00007ffc7ba00000 - 0x00007ffc7ba6a000 	C:\Windows\system32\bcryptPrimitives.dll
0x00007ffc7ef60000 - 0x00007ffc7ef9b000 	C:\Windows\system32\IMM32.DLL
0x0000000061950000 - 0x0000000061a22000 	C:\Program Files\Java\jdk1.8.0_60\jre\bin\msvcr100.dll
0x0000000061eb0000 - 0x0000000062739000 	C:\Program Files\Java\jdk1.8.0_60\jre\bin\server\jvm.dll
0x00007ffc7ee00000 - 0x00007ffc7ee08000 	C:\Windows\system32\PSAPI.DLL
0x00007ffc6bdd0000 - 0x00007ffc6bdd9000 	C:\Windows\SYSTEM32\WSOCK32.dll
0x00007ffc7e6a0000 - 0x00007ffc7e70b000 	C:\Windows\system32\WS2_32.dll
0x00007ffc79e00000 - 0x00007ffc79e23000 	C:\Windows\SYSTEM32\WINMM.dll
0x00007ffc6f100000 - 0x00007ffc6f10a000 	C:\Windows\SYSTEM32\VERSION.dll
0x00007ffc79cc0000 - 0x00007ffc79cec000 	C:\Windows\SYSTEM32\WINMMBASE.dll
0x00007ffc7ba70000 - 0x00007ffc7bab3000 	C:\Windows\system32\cfgmgr32.dll
0x0000000061dc0000 - 0x0000000061dcf000 	C:\Program Files\Java\jdk1.8.0_60\jre\bin\verify.dll
0x0000000061d90000 - 0x0000000061db9000 	C:\Program Files\Java\jdk1.8.0_60\jre\bin\java.dll
0x0000000061d70000 - 0x0000000061d86000 	C:\Program Files\Java\jdk1.8.0_60\jre\bin\zip.dll
0x00007ffc7c870000 - 0x00007ffc7ddcc000 	C:\Windows\system32\SHELL32.dll
0x00007ffc7bac0000 - 0x00007ffc7c105000 	C:\Windows\system32\windows.storage.dll
0x00007ffc7e200000 - 0x00007ffc7e252000 	C:\Windows\system32\shlwapi.dll
0x00007ffc7b700000 - 0x00007ffc7b70f000 	C:\Windows\system32\kernel.appcore.dll
0x00007ffc7c1c0000 - 0x00007ffc7c275000 	C:\Windows\system32\shcore.dll
0x00007ffc7b730000 - 0x00007ffc7b77b000 	C:\Windows\system32\powrprof.dll
0x00007ffc7b710000 - 0x00007ffc7b724000 	C:\Windows\system32\profapi.dll

VM Arguments:
jvm_args: -Djava.awt.headless=true -Xmx1024M -Dfile.encoding=windows-1252 -Duser.country=IN -Duser.language=en -Duser.variant 
java_command: com.android.dx.command.Main --dex --force-jumbo --num-threads=4 --multi-dex --output E:\work\HomeImage\app\build\intermediates\transforms\dex\debug\folders\1000\10\internal_impl-24.2.0_3eac97e958c3579f6b2908082c340d8edcab2cf3 E:\work\HomeImage\app\build\intermediates\exploded-aar\com.android.support\support-media-compat\24.2.0\jars\libs\internal_impl-24.2.0.jar
java_class_path (initial): E:\Android\sdk\build-tools\24.0.2\lib\dx.jar
Launcher Type: SUN_STANDARD

Environment Variables:
PATH=C:\ProgramData\Oracle\Java\javapath;C:\Program Files (x86)\Intel\iCLS Client\;C:\Program Files\Intel\iCLS Client\;C:\Windows\system32;C:\Windows;C:\Windows\System32\Wbem;C:\Windows\System32\WindowsPowerShell\v1.0\;C:\Program Files (x86)\AMD\ATI.ACE\Core-Static;C:\Program Files\Intel\Intel(R) Management Engine Components\DAL;C:\Program Files\Intel\Intel(R) Management Engine Components\IPT;C:\Program Files (x86)\Intel\Intel(R) Management Engine Components\DAL;C:\Program Files (x86)\Intel\Intel(R) Management Engine Components\IPT;E:\Android\sdk\ndk-bundle;E:\Android\sdk\platform-tools;C:\Program Files (x86)\Skype\Phone\;C:\Program Files (x86)\Windows Live\Shared
USERNAME=Family
OS=Windows_NT
PROCESSOR_IDENTIFIER=Intel64 Family 6 Model 69 Stepping 1, GenuineIntel



---------------  S Y S T E M  ---------------

OS: Windows 10.0 , 64 bit Build 10586 (10.0.10586.589)

CPU:total 4 (2 cores per cpu, 2 threads per core) family 6 model 69 stepping 1, cmov, cx8, fxsr, mmx, sse, sse2, sse3, ssse3, sse4.1, sse4.2, popcnt, avx, avx2, aes, clmul, erms, lzcnt, ht, tsc, tscinvbit, bmi1, bmi2

Memory: 4k page, physical 4072408k(325904k free), swap 5755872k(2056k free)

vm_info: Java HotSpot(TM) 64-Bit Server VM (25.60-b23) for windows-amd64 JRE (1.8.0_60-b27), built on Aug  4 2015 11:06:27 by "java_re" with MS VC++ 10.0 (VS2010)

time: Tue Sep 20 15:00:47 2016
elapsed time: 1 seconds (0d 0h 0m 1s)

