#
# There is insufficient memory for the Java Runtime Environment to continue.
# Native memory allocation (malloc) failed to allocate 32864 bytes for Chunk::new
# Possible reasons:
#   The system is out of physical RAM or swap space
#   In 32 bit mode, the process size limit was hit
# Possible solutions:
#   Reduce memory load on the system
#   Increase physical memory or swap space
#   Check if swap backing store is full
#   Use 64 bit Java on a 64 bit OS
#   Decrease Java heap size (-Xmx/-Xms)
#   Decrease number of Java threads
#   Decrease Java thread stack sizes (-Xss)
#   Set larger code cache with -XX:ReservedCodeCacheSize=
# This output file may be truncated or incomplete.
#
#  Out of Memory Error (allocation.cpp:390), pid=8516, tid=5244
#
# JRE version: Java(TM) SE Runtime Environment (8.0_60-b27) (build 1.8.0_60-b27)
# Java VM: Java HotSpot(TM) 64-Bit Server VM (25.60-b23 mixed mode windows-amd64 compressed oops)
# Failed to write core dump. Minidumps are not enabled by default on client versions of Windows
#

---------------  T H R E A D  ---------------

Current thread (0x0000000014c29800):  JavaThread "C2 CompilerThread1" daemon [_thread_in_native, id=5244, stack(0x0000000016300000,0x0000000016400000)]

Stack: [0x0000000016300000,0x0000000016400000]
[error occurred during error reporting (printing stack bounds), id 0xc0000005]

Native frames: (J=compiled Java code, j=interpreted, Vv=VM code, C=native code)


Current CompileTask:
C2:   6037 2156       4       com.android.dx.dex.code.DalvCode::finishProcessingIfNecessary (69 bytes)


---------------  P R O C E S S  ---------------

Java Threads: ( => current thread )
  0x00000000167ff000 JavaThread "pool-1-thread-1" [_thread_in_Java, id=5380, stack(0x00000000187d0000,0x00000000188d0000)]
  0x0000000016505000 JavaThread "Service Thread" daemon [_thread_blocked, id=4544, stack(0x0000000016900000,0x0000000016a00000)]
  0x0000000014c2c000 JavaThread "C1 CompilerThread2" daemon [_thread_in_native, id=8788, stack(0x0000000016400000,0x0000000016500000)]
=>0x0000000014c29800 JavaThread "C2 CompilerThread1" daemon [_thread_in_native, id=5244, stack(0x0000000016300000,0x0000000016400000)]
  0x0000000014bc8800 JavaThread "C2 CompilerThread0" daemon [_thread_blocked, id=2852, stack(0x0000000016200000,0x0000000016300000)]
  0x0000000014bc6800 JavaThread "Attach Listener" daemon [_thread_blocked, id=1600, stack(0x0000000016100000,0x0000000016200000)]
  0x0000000014bc5000 JavaThread "Signal Dispatcher" daemon [_thread_blocked, id=3768, stack(0x0000000016000000,0x0000000016100000)]
  0x00000000024f6000 JavaThread "Finalizer" daemon [_thread_blocked, id=900, stack(0x0000000015e20000,0x0000000015f20000)]
  0x00000000024ed000 JavaThread "Reference Handler" daemon [_thread_blocked, id=7452, stack(0x0000000015d20000,0x0000000015e20000)]
  0x0000000002401000 JavaThread "main" [_thread_blocked, id=80, stack(0x0000000002300000,0x0000000002400000)]

Other Threads:
  0x0000000014b98000 VMThread [stack: 0x0000000015c20000,0x0000000015d20000] [id=892]
  0x0000000016523000 WatcherThread [stack: 0x0000000016a00000,0x0000000016b00000] [id=7060]

VM state:not at safepoint (normal execution)

VM Mutex/Monitor currently owned by a thread: None

Heap:
 PSYoungGen      total 35328K, used 31155K [0x00000000eab00000, 0x00000000ef000000, 0x0000000100000000)
  eden space 32768K, 87% used [0x00000000eab00000,0x00000000ec6ee1f0,0x00000000ecb00000)
  from space 2560K, 99% used [0x00000000ecb00000,0x00000000ecd7ea98,0x00000000ecd80000)
  to   space 2560K, 0% used [0x00000000eed80000,0x00000000eed80000,0x00000000ef000000)
 ParOldGen       total 44032K, used 7695K [0x00000000c0000000, 0x00000000c2b00000, 0x00000000eab00000)
  object space 44032K, 17% used [0x00000000c0000000,0x00000000c0783e98,0x00000000c2b00000)
 Metaspace       used 6698K, capacity 7512K, committed 7680K, reserved 1056768K
  class space    used 625K, capacity 656K, committed 768K, reserved 1048576K

Card table byte_map: [0x00000000118c0000,0x0000000011ad0000] byte_map_base: 0x00000000112c0000

Marking Bits: (ParMarkBitMap*) 0x00000000626ba5b0
 Begin Bits: [0x0000000012030000, 0x0000000013030000)
 End Bits:   [0x0000000013030000, 0x0000000014030000)

Polling page: 0x0000000000710000

CodeCache: size=245760Kb used=8671Kb max_used=8671Kb free=237088Kb
 bounds [0x0000000002500000, 0x0000000002d90000, 0x0000000011500000]
 total_blobs=2420 nmethods=2149 adapters=183
 compilation: enabled

Compilation events (10 events):
Event: 6.022 Thread 0x0000000014bc8800 nmethod 2165 0x0000000002c6d810 code [0x0000000002c6d940, 0x0000000002c6d9b8]
Event: 6.027 Thread 0x0000000014c2c000 2166       3       com.android.dx.dex.code.form.Form11x::writeTo (22 bytes)
Event: 6.028 Thread 0x0000000014c2c000 nmethod 2166 0x0000000002d80ed0 code [0x0000000002d81080, 0x0000000002d81688]
Event: 6.028 Thread 0x0000000014c2c000 2167       3       com.android.dx.dex.code.InsnFormat::codeUnit (89 bytes)
Event: 6.029 Thread 0x0000000014c2c000 nmethod 2167 0x0000000002d805d0 code [0x0000000002d80780, 0x0000000002d80cb8]
Event: 6.029 Thread 0x0000000014c2c000 2168       3       com.android.dx.dex.code.form.Form22c::writeTo (45 bytes)
Event: 6.030 Thread 0x0000000014c2c000 nmethod 2168 0x0000000002d78bd0 code [0x0000000002d78de0, 0x0000000002d79968]
Event: 6.030 Thread 0x0000000014c2c000 2169       3       com.android.dx.dex.code.HighRegisterPrefix::calculateInsnsIfNecessary (73 bytes)
Event: 6.031 Thread 0x0000000014c2c000 nmethod 2169 0x0000000002d81910 code [0x0000000002d81b40, 0x0000000002d82918]
Event: 6.031 Thread 0x0000000014c2c000 2170       3       com.android.dx.dex.file.CodeItem::writeTo0 (489 bytes)

GC Heap History (6 events):
Event: 0.948 GC heap before
{Heap before GC invocations=1 (full 0):
 PSYoungGen      total 18944K, used 16384K [0x00000000eab00000, 0x00000000ec000000, 0x0000000100000000)
  eden space 16384K, 100% used [0x00000000eab00000,0x00000000ebb00000,0x00000000ebb00000)
  from space 2560K, 0% used [0x00000000ebd80000,0x00000000ebd80000,0x00000000ec000000)
  to   space 2560K, 0% used [0x00000000ebb00000,0x00000000ebb00000,0x00000000ebd80000)
 ParOldGen       total 44032K, used 0K [0x00000000c0000000, 0x00000000c2b00000, 0x00000000eab00000)
  object space 44032K, 0% used [0x00000000c0000000,0x00000000c0000000,0x00000000c2b00000)
 Metaspace       used 5591K, capacity 6576K, committed 6784K, reserved 1056768K
  class space    used 592K, capacity 616K, committed 640K, reserved 1048576K
Event: 0.958 GC heap after
Heap after GC invocations=1 (full 0):
 PSYoungGen      total 18944K, used 2533K [0x00000000eab00000, 0x00000000ed000000, 0x0000000100000000)
  eden space 16384K, 0% used [0x00000000eab00000,0x00000000eab00000,0x00000000ebb00000)
  from space 2560K, 98% used [0x00000000ebb00000,0x00000000ebd79630,0x00000000ebd80000)
  to   space 2560K, 0% used [0x00000000ecd80000,0x00000000ecd80000,0x00000000ed000000)
 ParOldGen       total 44032K, used 1149K [0x00000000c0000000, 0x00000000c2b00000, 0x00000000eab00000)
  object space 44032K, 2% used [0x00000000c0000000,0x00000000c011f780,0x00000000c2b00000)
 Metaspace       used 5591K, capacity 6576K, committed 6784K, reserved 1056768K
  class space    used 592K, capacity 616K, committed 640K, reserved 1048576K
}
Event: 1.449 GC heap before
{Heap before GC invocations=2 (full 0):
 PSYoungGen      total 18944K, used 18917K [0x00000000eab00000, 0x00000000ed000000, 0x0000000100000000)
  eden space 16384K, 100% used [0x00000000eab00000,0x00000000ebb00000,0x00000000ebb00000)
  from space 2560K, 98% used [0x00000000ebb00000,0x00000000ebd79630,0x00000000ebd80000)
  to   space 2560K, 0% used [0x00000000ecd80000,0x00000000ecd80000,0x00000000ed000000)
 ParOldGen       total 44032K, used 1149K [0x00000000c0000000, 0x00000000c2b00000, 0x00000000eab00000)
  object space 44032K, 2% used [0x00000000c0000000,0x00000000c011f780,0x00000000c2b00000)
 Metaspace       used 5998K, capacity 6896K, committed 7040K, reserved 1056768K
  class space    used 600K, capacity 616K, committed 640K, reserved 1048576K
Event: 1.456 GC heap after
Heap after GC invocations=2 (full 0):
 PSYoungGen      total 35328K, used 2538K [0x00000000eab00000, 0x00000000ed000000, 0x0000000100000000)
  eden space 32768K, 0% used [0x00000000eab00000,0x00000000eab00000,0x00000000ecb00000)
  from space 2560K, 99% used [0x00000000ecd80000,0x00000000ecffaab8,0x00000000ed000000)
  to   space 2560K, 0% used [0x00000000ecb00000,0x00000000ecb00000,0x00000000ecd80000)
 ParOldGen       total 44032K, used 2893K [0x00000000c0000000, 0x00000000c2b00000, 0x00000000eab00000)
  object space 44032K, 6% used [0x00000000c0000000,0x00000000c02d3700,0x00000000c2b00000)
 Metaspace       used 5998K, capacity 6896K, committed 7040K, reserved 1056768K
  class space    used 600K, capacity 616K, committed 640K, reserved 1048576K
}
Event: 2.273 GC heap before
{Heap before GC invocations=3 (full 0):
 PSYoungGen      total 35328K, used 35306K [0x00000000eab00000, 0x00000000ed000000, 0x0000000100000000)
  eden space 32768K, 100% used [0x00000000eab00000,0x00000000ecb00000,0x00000000ecb00000)
  from space 2560K, 99% used [0x00000000ecd80000,0x00000000ecffaab8,0x00000000ed000000)
  to   space 2560K, 0% used [0x00000000ecb00000,0x00000000ecb00000,0x00000000ecd80000)
 ParOldGen       total 44032K, used 2893K [0x00000000c0000000, 0x00000000c2b00000, 0x00000000eab00000)
  object space 44032K, 6% used [0x00000000c0000000,0x00000000c02d3700,0x00000000c2b00000)
 Metaspace       used 6249K, capacity 7088K, committed 7296K, reserved 1056768K
  class space    used 602K, capacity 616K, committed 640K, reserved 1048576K
Event: 2.287 GC heap after
Heap after GC invocations=3 (full 0):
 PSYoungGen      total 35328K, used 2554K [0x00000000eab00000, 0x00000000ef000000, 0x0000000100000000)
  eden space 32768K, 0% used [0x00000000eab00000,0x00000000eab00000,0x00000000ecb00000)
  from space 2560K, 99% used [0x00000000ecb00000,0x00000000ecd7ea98,0x00000000ecd80000)
  to   space 2560K, 0% used [0x00000000eed80000,0x00000000eed80000,0x00000000ef000000)
 ParOldGen       total 44032K, used 7695K [0x00000000c0000000, 0x00000000c2b00000, 0x00000000eab00000)
  object space 44032K, 17% used [0x00000000c0000000,0x00000000c0783e98,0x00000000c2b00000)
 Metaspace       used 6249K, capacity 7088K, committed 7296K, reserved 1056768K
  class space    used 602K, capacity 616K, committed 640K, reserved 1048576K
}

Deoptimization events (10 events):
Event: 3.811 Thread 0x00000000167ff000 Uncommon trap: reason=bimorphic action=maybe_recompile pc=0x0000000002c2cde0 method=java.util.HashMap.putVal(ILjava/lang/Object;Ljava/lang/Object;ZZ)Ljava/lang/Object; @ 203
Event: 3.811 Thread 0x00000000167ff000 Uncommon trap: reason=bimorphic action=maybe_recompile pc=0x0000000002c2cde0 method=java.util.HashMap.putVal(ILjava/lang/Object;Ljava/lang/Object;ZZ)Ljava/lang/Object; @ 203
Event: 3.811 Thread 0x00000000167ff000 Uncommon trap: reason=bimorphic action=maybe_recompile pc=0x0000000002c2cde0 method=java.util.HashMap.putVal(ILjava/lang/Object;Ljava/lang/Object;ZZ)Ljava/lang/Object; @ 203
Event: 4.933 Thread 0x00000000167ff000 Uncommon trap: reason=class_check action=maybe_recompile pc=0x00000000027f6d54 method=java.util.Arrays.equals([Ljava/lang/Object;[Ljava/lang/Object;)Z @ 62
Event: 4.934 Thread 0x00000000167ff000 Uncommon trap: reason=class_check action=maybe_recompile pc=0x00000000027f6d54 method=java.util.Arrays.equals([Ljava/lang/Object;[Ljava/lang/Object;)Z @ 62
Event: 4.934 Thread 0x00000000167ff000 Uncommon trap: reason=class_check action=maybe_recompile pc=0x00000000027f6d54 method=java.util.Arrays.equals([Ljava/lang/Object;[Ljava/lang/Object;)Z @ 62
Event: 4.934 Thread 0x00000000167ff000 Uncommon trap: reason=class_check action=maybe_recompile pc=0x00000000027f6d54 method=java.util.Arrays.equals([Ljava/lang/Object;[Ljava/lang/Object;)Z @ 62
Event: 5.108 Thread 0x00000000167ff000 Uncommon trap: reason=unstable_if action=reinterpret pc=0x0000000002bda6cc method=java.util.TreeMap.put(Ljava/lang/Object;Ljava/lang/Object;)Ljava/lang/Object; @ 163
Event: 5.140 Thread 0x00000000167ff000 Uncommon trap: reason=unstable_if action=reinterpret pc=0x0000000002a7d668 method=com.android.dx.rop.code.RegisterSpecSet.equals(Ljava/lang/Object;)Z @ 30
Event: 5.698 Thread 0x00000000167ff000 Uncommon trap: reason=unstable_if action=reinterpret pc=0x0000000002d29a04 method=com.android.dx.util.ByteArrayAnnotatedOutput.writeByte(I)V @ 13

Internal exceptions (3 events):
Event: 0.072 Thread 0x0000000002401000 Exception <a 'java/lang/NoSuchMethodError': Method sun.misc.Unsafe.defineClass(Ljava/lang/String;[BII)Ljava/lang/Class; name or signature does not match> (0x00000000eab0d228) thrown at [C:\re\workspace\8-2-build-windows-amd64-cygwin\jdk8u60\4407\hotspot\sr–üuôñ‡²?
Event: 0.072 Thread 0x0000000002401000 Exception <a 'java/lang/NoSuchMethodError': Method sun.misc.Unsafe.prefetchRead(Ljava/lang/Object;J)V name or signature does not match> (0x00000000eab0d510) thrown at [C:\re\workspace\8-2-build-windows-amd64-cygwin\jdk8u60\4407\hotspot\src\share\vm\prims\jÚ]>Ÿí
Event: 2.014 Thread 0x0000000016b07800 Implicit null exception at 0x00000000027fd0a2 to 0x00000000027fd19a

Events (10 events):
Event: 5.383 loading class com/android/dx/dex/file/DebugInfoEncoder$2 done
Event: 5.679 loading class com/android/dex/EncodedValueCodec
Event: 5.679 loading class com/android/dex/EncodedValueCodec done
Event: 5.692 loading class com/android/dx/dex/file/MapItem
Event: 5.692 loading class com/android/dx/dex/file/MapItem done
Event: 5.698 loading class com/android/dex/DexFormat
Event: 5.698 loading class com/android/dex/DexFormat done
Event: 5.698 Thread 0x00000000167ff000 Uncommon trap: trap_request=0xffffff65 fr.pc=0x0000000002d29a04
Event: 5.698 Thread 0x00000000167ff000 DEOPT PACKING pc=0x0000000002d29a04 sp=0x00000000188ceb50
Event: 5.698 Thread 0x00000000167ff000 DEOPT UNPACKING pc=0x000000000254582a sp=0x00000000188ceb08 mode 2


Dynamic libraries:
0x00007ff67a4e0000 - 0x00007ff67a517000 	C:\Program Files\Java\jdk1.8.0_60\bin\java.exe
0x00007ffc7f0e0000 - 0x00007ffc7f2a1000 	C:\Windows\SYSTEM32\ntdll.dll
0x00007ffc7e590000 - 0x00007ffc7e63d000 	C:\Windows\system32\KERNEL32.DLL
0x00007ffc7b810000 - 0x00007ffc7b9f8000 	C:\Windows\system32\KERNELBASE.dll
0x00007ffc7e870000 - 0x00007ffc7e917000 	C:\Windows\system32\ADVAPI32.dll
0x00007ffc7ed60000 - 0x00007ffc7edfd000 	C:\Windows\system32\msvcrt.dll
0x00007ffc7ec90000 - 0x00007ffc7eceb000 	C:\Windows\system32\sechost.dll
0x00007ffc7c5b0000 - 0x00007ffc7c6cc000 	C:\Windows\system32\RPCRT4.dll
0x00007ffc7e920000 - 0x00007ffc7ea76000 	C:\Windows\system32\USER32.dll
0x00007ffc7c6e0000 - 0x00007ffc7c866000 	C:\Windows\system32\GDI32.dll
0x00007ffc6fce0000 - 0x00007ffc6ff54000 	C:\Windows\WinSxS\amd64_microsoft.windows.common-controls_6595b64144ccf1df_6.0.10586.589_none_a2ddb3caa539acce\COMCTL32.dll
0x00007ffc7e310000 - 0x00007ffc7e58d000 	C:\Windows\system32\combase.dll
0x00007ffc7ba00000 - 0x00007ffc7ba6a000 	C:\Windows\system32\bcryptPrimitives.dll
0x00007ffc7ef60000 - 0x00007ffc7ef9b000 	C:\Windows\system32\IMM32.DLL
0x0000000061950000 - 0x0000000061a22000 	C:\Program Files\Java\jdk1.8.0_60\jre\bin\msvcr100.dll
0x0000000061eb0000 - 0x0000000062739000 	C:\Program Files\Java\jdk1.8.0_60\jre\bin\server\jvm.dll
0x00007ffc7ee00000 - 0x00007ffc7ee08000 	C:\Windows\system32\PSAPI.DLL
0x00007ffc6bdd0000 - 0x00007ffc6bdd9000 	C:\Windows\SYSTEM32\WSOCK32.dll
0x00007ffc79e00000 - 0x00007ffc79e23000 	C:\Windows\SYSTEM32\WINMM.dll
0x00007ffc7e6a0000 - 0x00007ffc7e70b000 	C:\Windows\system32\WS2_32.dll
0x00007ffc6f100000 - 0x00007ffc6f10a000 	C:\Windows\SYSTEM32\VERSION.dll
0x00007ffc79cc0000 - 0x00007ffc79cec000 	C:\Windows\SYSTEM32\WINMMBASE.dll
0x00007ffc7ba70000 - 0x00007ffc7bab3000 	C:\Windows\system32\cfgmgr32.dll
0x0000000061dc0000 - 0x0000000061dcf000 	C:\Program Files\Java\jdk1.8.0_60\jre\bin\verify.dll
0x0000000061d90000 - 0x0000000061db9000 	C:\Program Files\Java\jdk1.8.0_60\jre\bin\java.dll
0x0000000061d70000 - 0x0000000061d86000 	C:\Program Files\Java\jdk1.8.0_60\jre\bin\zip.dll
0x00007ffc7c870000 - 0x00007ffc7ddcc000 	C:\Windows\system32\SHELL32.dll
0x00007ffc7bac0000 - 0x00007ffc7c105000 	C:\Windows\system32\windows.storage.dll
0x00007ffc7e200000 - 0x00007ffc7e252000 	C:\Windows\system32\shlwapi.dll
0x00007ffc7b700000 - 0x00007ffc7b70f000 	C:\Windows\system32\kernel.appcore.dll
0x00007ffc7c1c0000 - 0x00007ffc7c275000 	C:\Windows\system32\shcore.dll
0x00007ffc7b730000 - 0x00007ffc7b77b000 	C:\Windows\system32\powrprof.dll
0x00007ffc7b710000 - 0x00007ffc7b724000 	C:\Windows\system32\profapi.dll

VM Arguments:
jvm_args: -Djava.awt.headless=true -Xmx1024M -Dfile.encoding=windows-1252 -Duser.country=IN -Duser.language=en -Duser.variant 
java_command: com.android.dx.command.Main --dex --force-jumbo --num-threads=4 --multi-dex --output E:\work\HomeImage\app\build\intermediates\transforms\dex\debug\folders\1000\10\internal_impl-24.2.0_caf799c64cd254929e38639941e1fe8103f1bbdc E:\work\HomeImage\app\build\intermediates\exploded-aar\com.android.support\support-compat\24.2.0\jars\libs\internal_impl-24.2.0.jar
java_class_path (initial): E:\Android\sdk\build-tools\24.0.2\lib\dx.jar
Launcher Type: SUN_STANDARD

Environment Variables:
PATH=C:\ProgramData\Oracle\Java\javapath;C:\Program Files (x86)\Intel\iCLS Client\;C:\Program Files\Intel\iCLS Client\;C:\Windows\system32;C:\Windows;C:\Windows\System32\Wbem;C:\Windows\System32\WindowsPowerShell\v1.0\;C:\Program Files (x86)\AMD\ATI.ACE\Core-Static;C:\Program Files\Intel\Intel(R) Management Engine Components\DAL;C:\Program Files\Intel\Intel(R) Management Engine Components\IPT;C:\Program Files (x86)\Intel\Intel(R) Management Engine Components\DAL;C:\Program Files (x86)\Intel\Intel(R) Management Engine Components\IPT;E:\Android\sdk\ndk-bundle;E:\Android\sdk\platform-tools;C:\Program Files (x86)\Skype\Phone\;C:\Program Files (x86)\Windows Live\Shared
USERNAME=Family
OS=Windows_NT
PROCESSOR_IDENTIFIER=Intel64 Family 6 Model 69 Stepping 1, GenuineIntel



---------------  S Y S T E M  ---------------

OS: Windows 10.0 , 64 bit Build 10586 (10.0.10586.589)

CPU:total 4 (2 cores per cpu, 2 threads per core) family 6 model 69 stepping 1, cmov, cx8, fxsr, mmx, sse, sse2, sse3, ssse3, sse4.1, sse4.2, popcnt, avx, avx2, aes, clmul, erms, lzcnt, ht, tsc, tscinvbit, bmi1, bmi2

Memory: 4k page, physical 4072408k(296244k free), swap 5755872k(3044k free)

vm_info: Java HotSpot(TM) 64-Bit Server VM (25.60-b23) for windows-amd64 JRE (1.8.0_60-b27), built on Aug  4 2015 11:06:27 by "java_re" with MS VC++ 10.0 (VS2010)

time: Tue Sep 20 14:54:09 2016
elapsed time: 6 seconds (0d 0h 0m 6s)

