#
# There is insufficient memory for the Java Runtime Environment to continue.
# Native memory allocation (malloc) failed to allocate 32784 bytes for Chunk::new
# Possible reasons:
#   The system is out of physical RAM or swap space
#   In 32 bit mode, the process size limit was hit
# Possible solutions:
#   Reduce memory load on the system
#   Increase physical memory or swap space
#   Check if swap backing store is full
#   Use 64 bit Java on a 64 bit OS
#   Decrease Java heap size (-Xmx/-Xms)
#   Decrease number of Java threads
#   Decrease Java thread stack sizes (-Xss)
#   Set larger code cache with -XX:ReservedCodeCacheSize=
# This output file may be truncated or incomplete.
#
#  Out of Memory Error (allocation.cpp:390), pid=4328, tid=6244
#
# JRE version: Java(TM) SE Runtime Environment (8.0_60-b27) (build 1.8.0_60-b27)
# Java VM: Java HotSpot(TM) 64-Bit Server VM (25.60-b23 mixed mode windows-amd64 compressed oops)
# Failed to write core dump. Minidumps are not enabled by default on client versions of Windows
#

---------------  T H R E A D  ---------------

Current thread (0x0000000014a30000):  JavaThread "C2 CompilerThread1" daemon [_thread_in_native, id=6244, stack(0x0000000016160000,0x0000000016260000)]

Stack: [0x0000000016160000,0x0000000016260000]
[error occurred during error reporting (printing stack bounds), id 0xc0000005]

Native frames: (J=compiled Java code, j=interpreted, Vv=VM code, C=native code)


Current CompileTask:
C2:   1635  969       4       com.android.dx.ssa.NormalSsaInsn::accept (25 bytes)


---------------  P R O C E S S  ---------------

Java Threads: ( => current thread )
  0x00000000165b0000 JavaThread "pool-2-thread-4" [_thread_in_Java, id=4376, stack(0x0000000016d60000,0x0000000016e60000)]
  0x00000000165ad800 JavaThread "pool-2-thread-3" [_thread_in_Java, id=7972, stack(0x0000000016c60000,0x0000000016d60000)]
  0x00000000165aa800 JavaThread "pool-2-thread-2" [_thread_in_Java, id=8592, stack(0x0000000016b60000,0x0000000016c60000)]
  0x00000000164b5800 JavaThread "pool-3-thread-1" [_thread_blocked, id=7316, stack(0x0000000016a60000,0x0000000016b60000)]
  0x00000000164b5000 JavaThread "pool-2-thread-1" [_thread_in_Java, id=7604, stack(0x0000000016960000,0x0000000016a60000)]
  0x0000000016363800 JavaThread "Service Thread" daemon [_thread_blocked, id=3768, stack(0x0000000016760000,0x0000000016860000)]
  0x0000000014a88800 JavaThread "C1 CompilerThread2" daemon [_thread_in_native, id=6680, stack(0x0000000016260000,0x0000000016360000)]
=>0x0000000014a30000 JavaThread "C2 CompilerThread1" daemon [_thread_in_native, id=6244, stack(0x0000000016160000,0x0000000016260000)]
  0x0000000014a29000 JavaThread "C2 CompilerThread0" daemon [_thread_in_native, id=1700, stack(0x0000000016060000,0x0000000016160000)]
  0x0000000014a27800 JavaThread "Attach Listener" daemon [_thread_blocked, id=8520, stack(0x0000000015f60000,0x0000000016060000)]
  0x0000000014a26000 JavaThread "Signal Dispatcher" daemon [_thread_blocked, id=864, stack(0x0000000015e60000,0x0000000015f60000)]
  0x0000000002350800 JavaThread "Finalizer" daemon [_thread_blocked, id=3088, stack(0x0000000015c80000,0x0000000015d80000)]
  0x000000000234d000 JavaThread "Reference Handler" daemon [_thread_blocked, id=3284, stack(0x0000000015b80000,0x0000000015c80000)]
  0x0000000002260800 JavaThread "main" [_thread_blocked, id=7260, stack(0x0000000002000000,0x0000000002100000)]

Other Threads:
  0x00000000149f8000 VMThread [stack: 0x0000000015a80000,0x0000000015b80000] [id=3616]
  0x000000001636b000 WatcherThread [stack: 0x0000000016860000,0x0000000016960000] [id=984]

VM state:not at safepoint (normal execution)

VM Mutex/Monitor currently owned by a thread: None

Heap:
 PSYoungGen      total 18944K, used 7624K [0x00000000eab00000, 0x00000000ec000000, 0x0000000100000000)
  eden space 16384K, 30% used [0x00000000eab00000,0x00000000eaff2220,0x00000000ebb00000)
  from space 2560K, 99% used [0x00000000ebb00000,0x00000000ebd7fff0,0x00000000ebd80000)
  to   space 2560K, 0% used [0x00000000ebd80000,0x00000000ebd80000,0x00000000ec000000)
 ParOldGen       total 44032K, used 1427K [0x00000000c0000000, 0x00000000c2b00000, 0x00000000eab00000)
  object space 44032K, 3% used [0x00000000c0000000,0x00000000c0164cc0,0x00000000c2b00000)
 Metaspace       used 5650K, capacity 6768K, committed 7040K, reserved 1056768K
  class space    used 578K, capacity 616K, committed 640K, reserved 1048576K

Card table byte_map: [0x0000000011720000,0x0000000011930000] byte_map_base: 0x0000000011120000

Marking Bits: (ParMarkBitMap*) 0x000000005c79a5b0
 Begin Bits: [0x0000000011e90000, 0x0000000012e90000)
 End Bits:   [0x0000000012e90000, 0x0000000013e90000)

Polling page: 0x0000000000800000

CodeCache: size=245760Kb used=3969Kb max_used=3969Kb free=241790Kb
 bounds [0x0000000002360000, 0x0000000002750000, 0x0000000011360000]
 total_blobs=1247 nmethods=986 adapters=174
 compilation: enabled

Compilation events (10 events):
Event: 1.632 Thread 0x0000000014a88800 nmethod 960 0x000000000273c690 code [0x000000000273c7e0, 0x000000000273c8f0]
Event: 1.632 Thread 0x0000000014a88800  962       1       com.android.dx.dex.code.RopTranslator::access$200 (5 bytes)
Event: 1.632 Thread 0x0000000014a88800 nmethod 962 0x000000000273c950 code [0x000000000273caa0, 0x000000000273cb90]
Event: 1.632 Thread 0x0000000014a88800  971       1       com.android.dx.rop.code.BasicBlockList$RegCountVisitor::getRegCount (5 bytes)
Event: 1.632 Thread 0x0000000014a88800 nmethod 971 0x000000000273cc10 code [0x000000000273cd60, 0x000000000273ce70]
Event: 1.632 Thread 0x0000000014a88800  974       1       com.android.dx.cf.code.ConcreteMethod::getLocalVariables (5 bytes)
Event: 1.632 Thread 0x0000000014a88800 nmethod 974 0x000000000273ced0 code [0x000000000273d020, 0x000000000273d130]
Event: 1.632 Thread 0x0000000014a88800  987       3       java.util.TreeMap::getEntry (84 bytes)
Event: 1.632 Thread 0x0000000014a88800 nmethod 987 0x000000000273d190 code [0x000000000273d340, 0x000000000273d9c8]
Event: 1.632 Thread 0x0000000014a88800  988       3       com.android.dx.ssa.SsaMethod::forEachBlockDepthFirst (194 bytes)

GC Heap History (2 events):
Event: 1.518 GC heap before
{Heap before GC invocations=1 (full 0):
 PSYoungGen      total 18944K, used 16384K [0x00000000eab00000, 0x00000000ec000000, 0x0000000100000000)
  eden space 16384K, 100% used [0x00000000eab00000,0x00000000ebb00000,0x00000000ebb00000)
  from space 2560K, 0% used [0x00000000ebd80000,0x00000000ebd80000,0x00000000ec000000)
  to   space 2560K, 0% used [0x00000000ebb00000,0x00000000ebb00000,0x00000000ebd80000)
 ParOldGen       total 44032K, used 0K [0x00000000c0000000, 0x00000000c2b00000, 0x00000000eab00000)
  object space 44032K, 0% used [0x00000000c0000000,0x00000000c0000000,0x00000000c2b00000)
 Metaspace       used 5535K, capacity 6704K, committed 6784K, reserved 1056768K
  class space    used 571K, capacity 616K, committed 640K, reserved 1048576K
Event: 1.553 GC heap after
Heap after GC invocations=1 (full 0):
 PSYoungGen      total 18944K, used 2559K [0x00000000eab00000, 0x00000000ec000000, 0x0000000100000000)
  eden space 16384K, 0% used [0x00000000eab00000,0x00000000eab00000,0x00000000ebb00000)
  from space 2560K, 99% used [0x00000000ebb00000,0x00000000ebd7fff0,0x00000000ebd80000)
  to   space 2560K, 0% used [0x00000000ebd80000,0x00000000ebd80000,0x00000000ec000000)
 ParOldGen       total 44032K, used 1427K [0x00000000c0000000, 0x00000000c2b00000, 0x00000000eab00000)
  object space 44032K, 3% used [0x00000000c0000000,0x00000000c0164cc0,0x00000000c2b00000)
 Metaspace       used 5535K, capacity 6704K, committed 6784K, reserved 1056768K
  class space    used 571K, capacity 616K, committed 640K, reserved 1048576K
}

Deoptimization events (8 events):
Event: 0.939 Thread 0x00000000165ad800 Uncommon trap: reason=unstable_if action=reinterpret pc=0x000000000253ebb4 method=java.util.HashMap.getNode(ILjava/lang/Object;)Ljava/util/HashMap$Node; @ 62
Event: 1.261 Thread 0x00000000164b5000 Uncommon trap: reason=unstable_if action=reinterpret pc=0x0000000002586b78 method=java.util.BitSet.ensureCapacity(I)V @ 6
Event: 1.558 Thread 0x00000000165b0000 Uncommon trap: reason=class_check action=maybe_recompile pc=0x0000000002624e14 method=java.util.Collections$UnmodifiableCollection$1.hasNext()Z @ 4
Event: 1.563 Thread 0x00000000165b0000 Uncommon trap: reason=class_check action=maybe_recompile pc=0x0000000002624e14 method=java.util.Collections$UnmodifiableCollection$1.hasNext()Z @ 4
Event: 1.564 Thread 0x00000000165b0000 Uncommon trap: reason=class_check action=maybe_recompile pc=0x0000000002624e14 method=java.util.Collections$UnmodifiableCollection$1.hasNext()Z @ 4
Event: 1.564 Thread 0x00000000165b0000 Uncommon trap: reason=class_check action=maybe_recompile pc=0x0000000002624e14 method=java.util.Collections$UnmodifiableCollection$1.hasNext()Z @ 4
Event: 1.594 Thread 0x00000000165b0000 Uncommon trap: reason=unstable_if action=reinterpret pc=0x00000000026d7b5c method=com.android.dx.ssa.SsaMethod.onSourcesChanged(Lcom/android/dx/ssa/SsaInsn;Lcom/android/dx/rop/code/RegisterSpecList;)V @ 4
Event: 1.617 Thread 0x00000000165aa800 Uncommon trap: reason=null_check action=make_not_entrant pc=0x00000000025cd7b8 method=com.android.dx.ssa.SsaRenamer.getLocalForNewReg(I)Lcom/android/dx/rop/code/LocalItem; @ 19

Internal exceptions (3 events):
Event: 0.120 Thread 0x0000000002260800 Exception <a 'java/lang/NoSuchMethodError': Method sun.misc.Unsafe.defineClass(Ljava/lang/String;[BII)Ljava/lang/Class; name or signature does not match> (0x00000000eab0d520) thrown at [C:\re\workspace\8-2-build-windows-amd64-cygwin\jdk8u60\4407\hotspot\srÅ¯¤úY¥¾?
Event: 0.120 Thread 0x0000000002260800 Exception <a 'java/lang/NoSuchMethodError': Method sun.misc.Unsafe.prefetchRead(Ljava/lang/Object;J)V name or signature does not match> (0x00000000eab0d808) thrown at [C:\re\workspace\8-2-build-windows-amd64-cygwin\jdk8u60\4407\hotspot\src\share\vm\prims\j•?!Ýù?
Event: 1.616 Thread 0x00000000165aa800 Implicit null exception at 0x00000000025cbbea to 0x00000000025cd799

Events (10 events):
Event: 1.564 Thread 0x00000000165b0000 DEOPT PACKING pc=0x0000000002624e14 sp=0x0000000016e5ef60
Event: 1.564 Thread 0x00000000165b0000 DEOPT UNPACKING pc=0x00000000023a582a sp=0x0000000016e5eef8 mode 2
Event: 1.585 loading class com/android/dx/cf/code/SwitchList
Event: 1.585 loading class com/android/dx/cf/code/SwitchList done
Event: 1.594 Thread 0x00000000165b0000 Uncommon trap: trap_request=0xffffff65 fr.pc=0x00000000026d7b5c
Event: 1.594 Thread 0x00000000165b0000 DEOPT PACKING pc=0x00000000026d7b5c sp=0x0000000016e5ed40
Event: 1.594 Thread 0x00000000165b0000 DEOPT UNPACKING pc=0x00000000023a582a sp=0x0000000016e5ec90 mode 2
Event: 1.616 Thread 0x00000000165aa800 Uncommon trap: trap_request=0xfffffff4 fr.pc=0x00000000025cd7b8
Event: 1.617 Thread 0x00000000165aa800 DEOPT PACKING pc=0x00000000025cd7b8 sp=0x0000000016c5e800
Event: 1.617 Thread 0x00000000165aa800 DEOPT UNPACKING pc=0x00000000023a582a sp=0x0000000016c5e6b8 mode 2


Dynamic libraries:
0x00007ff7c5620000 - 0x00007ff7c5657000 	C:\Program Files\Java\jdk1.8.0_60\bin\java.exe
0x00007ff81eea0000 - 0x00007ff81f061000 	C:\Windows\SYSTEM32\ntdll.dll
0x00007ff81ec80000 - 0x00007ff81ed2d000 	C:\Windows\system32\KERNEL32.DLL
0x00007ff81bd10000 - 0x00007ff81bef8000 	C:\Windows\system32\KERNELBASE.dll
0x00007ff81e0c0000 - 0x00007ff81e167000 	C:\Windows\system32\ADVAPI32.dll
0x00007ff81e830000 - 0x00007ff81e8cd000 	C:\Windows\system32\msvcrt.dll
0x00007ff81c5b0000 - 0x00007ff81c60b000 	C:\Windows\system32\sechost.dll
0x00007ff81db70000 - 0x00007ff81dc8c000 	C:\Windows\system32\RPCRT4.dll
0x00007ff81ed30000 - 0x00007ff81ee86000 	C:\Windows\system32\USER32.dll
0x00007ff81de60000 - 0x00007ff81dfe6000 	C:\Windows\system32\GDI32.dll
0x00007ff80ed20000 - 0x00007ff80ef94000 	C:\Windows\WinSxS\amd64_microsoft.windows.common-controls_6595b64144ccf1df_6.0.10586.494_none_a2d8b04ea53e3145\COMCTL32.dll
0x00007ff81e8d0000 - 0x00007ff81eb4d000 	C:\Windows\system32\combase.dll
0x00007ff81b5c0000 - 0x00007ff81b62a000 	C:\Windows\system32\bcryptPrimitives.dll
0x00007ff81c310000 - 0x00007ff81c34b000 	C:\Windows\system32\IMM32.DLL
0x000000005b9f0000 - 0x000000005bac2000 	C:\Program Files\Java\jdk1.8.0_60\jre\bin\msvcr100.dll
0x000000005bf90000 - 0x000000005c819000 	C:\Program Files\Java\jdk1.8.0_60\jre\bin\server\jvm.dll
0x00007ff81e320000 - 0x00007ff81e328000 	C:\Windows\system32\PSAPI.DLL
0x00007ffff3a80000 - 0x00007ffff3a89000 	C:\Windows\SYSTEM32\WSOCK32.dll
0x00007ff81e330000 - 0x00007ff81e39b000 	C:\Windows\system32\WS2_32.dll
0x00007ff819bf0000 - 0x00007ff819c13000 	C:\Windows\SYSTEM32\WINMM.dll
0x00007ff810030000 - 0x00007ff81003a000 	C:\Windows\SYSTEM32\VERSION.dll
0x00007ff819b60000 - 0x00007ff819b8c000 	C:\Windows\SYSTEM32\WINMMBASE.dll
0x00007ff81b570000 - 0x00007ff81b5b3000 	C:\Windows\system32\cfgmgr32.dll
0x000000005bea0000 - 0x000000005beaf000 	C:\Program Files\Java\jdk1.8.0_60\jre\bin\verify.dll
0x000000005be70000 - 0x000000005be99000 	C:\Program Files\Java\jdk1.8.0_60\jre\bin\java.dll
0x000000005be50000 - 0x000000005be66000 	C:\Program Files\Java\jdk1.8.0_60\jre\bin\zip.dll
0x00007ff81c610000 - 0x00007ff81db6c000 	C:\Windows\system32\SHELL32.dll
0x00007ff81b630000 - 0x00007ff81bc75000 	C:\Windows\system32\windows.storage.dll
0x00007ff81c2b0000 - 0x00007ff81c302000 	C:\Windows\system32\shlwapi.dll
0x00007ff81b530000 - 0x00007ff81b53f000 	C:\Windows\system32\kernel.appcore.dll
0x00007ff81bf00000 - 0x00007ff81bfb5000 	C:\Windows\system32\shcore.dll
0x00007ff81b4e0000 - 0x00007ff81b52b000 	C:\Windows\system32\powrprof.dll
0x00007ff81b4c0000 - 0x00007ff81b4d4000 	C:\Windows\system32\profapi.dll

VM Arguments:
jvm_args: -Djava.awt.headless=true -Xmx1024M -Dfile.encoding=windows-1252 -Duser.country=IN -Duser.language=en -Duser.variant 
java_command: com.android.dx.command.Main --dex --force-jumbo --num-threads=4 --multi-dex --output E:\work\HomeImage\app\build\intermediates\transforms\dex\debug\folders\1000\5\slice_1 E:\work\HomeImage\app\build\intermediates\transforms\instantRunSlicer\debug\folders\1\5\slice_1
java_class_path (initial): E:\Android\sdk\build-tools\24.0.2\lib\dx.jar
Launcher Type: SUN_STANDARD

Environment Variables:
PATH=C:\ProgramData\Oracle\Java\javapath;C:\Program Files (x86)\Intel\iCLS Client\;C:\Program Files\Intel\iCLS Client\;C:\Windows\system32;C:\Windows;C:\Windows\System32\Wbem;C:\Windows\System32\WindowsPowerShell\v1.0\;C:\Program Files (x86)\AMD\ATI.ACE\Core-Static;C:\Program Files\Intel\Intel(R) Management Engine Components\DAL;C:\Program Files\Intel\Intel(R) Management Engine Components\IPT;C:\Program Files (x86)\Intel\Intel(R) Management Engine Components\DAL;C:\Program Files (x86)\Intel\Intel(R) Management Engine Components\IPT;E:\Android\sdk\ndk-bundle;E:\Android\sdk\platform-tools;C:\Program Files (x86)\Skype\Phone\;C:\Program Files (x86)\Windows Live\Shared
USERNAME=Family
OS=Windows_NT
PROCESSOR_IDENTIFIER=Intel64 Family 6 Model 69 Stepping 1, GenuineIntel



---------------  S Y S T E M  ---------------

OS: Windows 10.0 , 64 bit Build 10586 (10.0.10586.0)

CPU:total 4 (2 cores per cpu, 2 threads per core) family 6 model 69 stepping 1, cmov, cx8, fxsr, mmx, sse, sse2, sse3, ssse3, sse4.1, sse4.2, popcnt, avx, avx2, aes, clmul, erms, lzcnt, ht, tsc, tscinvbit, bmi1, bmi2

Memory: 4k page, physical 4072408k(537204k free), swap 7498696k(4164k free)

vm_info: Java HotSpot(TM) 64-Bit Server VM (25.60-b23) for windows-amd64 JRE (1.8.0_60-b27), built on Aug  4 2015 11:06:27 by "java_re" with MS VC++ 10.0 (VS2010)

time: Thu Sep 08 14:28:36 2016
elapsed time: 1 seconds (0d 0h 0m 1s)

