#
# There is insufficient memory for the Java Runtime Environment to continue.
# Native memory allocation (malloc) failed to allocate 1042576 bytes for Chunk::new
# Possible reasons:
#   The system is out of physical RAM or swap space
#   In 32 bit mode, the process size limit was hit
# Possible solutions:
#   Reduce memory load on the system
#   Increase physical memory or swap space
#   Check if swap backing store is full
#   Use 64 bit Java on a 64 bit OS
#   Decrease Java heap size (-Xmx/-Xms)
#   Decrease number of Java threads
#   Decrease Java thread stack sizes (-Xss)
#   Set larger code cache with -XX:ReservedCodeCacheSize=
# This output file may be truncated or incomplete.
#
#  Out of Memory Error (allocation.cpp:390), pid=6384, tid=7940
#
# JRE version: Java(TM) SE Runtime Environment (8.0_60-b27) (build 1.8.0_60-b27)
# Java VM: Java HotSpot(TM) 64-Bit Server VM (25.60-b23 mixed mode windows-amd64 compressed oops)
# Failed to write core dump. Minidumps are not enabled by default on client versions of Windows
#

---------------  T H R E A D  ---------------

Current thread (0x000000001538a800):  JavaThread "C2 CompilerThread0" daemon [_thread_in_native, id=7940, stack(0x00000000169c0000,0x0000000016ac0000)]

Stack: [0x00000000169c0000,0x0000000016ac0000]
[error occurred during error reporting (printing stack bounds), id 0xc0000005]

Native frames: (J=compiled Java code, j=interpreted, Vv=VM code, C=native code)


Current CompileTask:
C2:   6576 2009       4       com.android.dx.ssa.SsaConverter::placePhiFunctions (394 bytes)


---------------  P R O C E S S  ---------------

Java Threads: ( => current thread )
  0x0000000017fc2000 JavaThread "pool-1-thread-1" [_thread_in_native, id=2352, stack(0x0000000018f90000,0x0000000019090000)]
  0x0000000016cc3800 JavaThread "Service Thread" daemon [_thread_blocked, id=7320, stack(0x00000000170c0000,0x00000000171c0000)]
  0x00000000153e9800 JavaThread "C1 CompilerThread2" daemon [_thread_blocked, id=976, stack(0x0000000016bc0000,0x0000000016cc0000)]
  0x0000000015391000 JavaThread "C2 CompilerThread1" daemon [_thread_blocked, id=8424, stack(0x0000000016ac0000,0x0000000016bc0000)]
=>0x000000001538a800 JavaThread "C2 CompilerThread0" daemon [_thread_in_native, id=7940, stack(0x00000000169c0000,0x0000000016ac0000)]
  0x0000000015388800 JavaThread "Attach Listener" daemon [_thread_blocked, id=6768, stack(0x00000000168c0000,0x00000000169c0000)]
  0x0000000015387000 JavaThread "Signal Dispatcher" daemon [_thread_blocked, id=3820, stack(0x00000000167c0000,0x00000000168c0000)]
  0x0000000002cb0800 JavaThread "Finalizer" daemon [_thread_blocked, id=1080, stack(0x00000000165e0000,0x00000000166e0000)]
  0x0000000002cad000 JavaThread "Reference Handler" daemon [_thread_blocked, id=4636, stack(0x00000000164e0000,0x00000000165e0000)]
  0x0000000002bc0800 JavaThread "main" [_thread_blocked, id=8968, stack(0x00000000029c0000,0x0000000002ac0000)]

Other Threads:
  0x0000000015358000 VMThread [stack: 0x00000000163e0000,0x00000000164e0000] [id=5136]
  0x0000000016cda000 WatcherThread [stack: 0x00000000171c0000,0x00000000172c0000] [id=3980]

VM state:not at safepoint (normal execution)

VM Mutex/Monitor currently owned by a thread: None

Heap:
 PSYoungGen      total 74240K, used 15098K [0x00000000eab00000, 0x00000000f4600000, 0x0000000100000000)
  eden space 64512K, 8% used [0x00000000eab00000,0x00000000eb0400b8,0x00000000eea00000)
  from space 9728K, 99% used [0x00000000eea00000,0x00000000ef37e788,0x00000000ef380000)
  to   space 14848K, 0% used [0x00000000f3780000,0x00000000f3780000,0x00000000f4600000)
 ParOldGen       total 44032K, used 20264K [0x00000000c0000000, 0x00000000c2b00000, 0x00000000eab00000)
  object space 44032K, 46% used [0x00000000c0000000,0x00000000c13ca3e8,0x00000000c2b00000)
 Metaspace       used 6480K, capacity 7222K, committed 7296K, reserved 1056768K
  class space    used 610K, capacity 622K, committed 640K, reserved 1048576K

Card table byte_map: [0x0000000012080000,0x0000000012290000] byte_map_base: 0x0000000011a80000

Marking Bits: (ParMarkBitMap*) 0x000000005c79a5b0
 Begin Bits: [0x00000000127f0000, 0x00000000137f0000)
 End Bits:   [0x00000000137f0000, 0x00000000147f0000)

Polling page: 0x00000000028c0000

CodeCache: size=245760Kb used=8236Kb max_used=8248Kb free=237523Kb
 bounds [0x0000000002cc0000, 0x00000000034e0000, 0x0000000011cc0000]
 total_blobs=2299 nmethods=2029 adapters=182
 compilation: enabled

Compilation events (10 events):
Event: 6.479 Thread 0x0000000015391000 1830       4       com.android.dx.ssa.SsaRenamer$1::visitBlock (16 bytes)
Event: 6.485 Thread 0x0000000015391000 nmethod 1830 0x00000000034d22d0 code [0x00000000034d2460, 0x00000000034d28a8]
Event: 6.485 Thread 0x0000000015391000 1831       4       com.android.dx.ssa.SsaRenamer$BlockRenamer::<init> (72 bytes)
Event: 6.490 Thread 0x0000000015391000 nmethod 1831 0x00000000034d2c90 code [0x00000000034d2e00, 0x00000000034d31b8]
Event: 6.490 Thread 0x0000000015391000 1967       4       com.android.dx.rop.code.PlainCstInsn::accept (8 bytes)
Event: 6.491 Thread 0x0000000015391000 nmethod 1967 0x0000000003454d90 code [0x0000000003454ec0, 0x0000000003454f38]
Event: 6.491 Thread 0x0000000015391000 1936       4       com.android.dx.rop.cst.StdConstantPool::set (123 bytes)
Event: 6.495 Thread 0x0000000015391000 nmethod 1936 0x00000000034d3450 code [0x00000000034d35c0, 0x00000000034d3898]
Event: 6.495 Thread 0x0000000015391000 1829       4       com.android.dx.ssa.Dominators$DfsWalker::visitBlock (59 bytes)
Event: 6.504 Thread 0x0000000015391000 nmethod 1829 0x00000000034d3bd0 code [0x00000000034d3d40, 0x00000000034d42b8]

GC Heap History (10 events):
Event: 3.168 GC heap before
{Heap before GC invocations=3 (full 0):
 PSYoungGen      total 18944K, used 18919K [0x00000000eab00000, 0x00000000ec000000, 0x0000000100000000)
  eden space 16384K, 100% used [0x00000000eab00000,0x00000000ebb00000,0x00000000ebb00000)
  from space 2560K, 99% used [0x00000000ebd80000,0x00000000ebff9c88,0x00000000ec000000)
  to   space 2560K, 0% used [0x00000000ebb00000,0x00000000ebb00000,0x00000000ebd80000)
 ParOldGen       total 44032K, used 2049K [0x00000000c0000000, 0x00000000c2b00000, 0x00000000eab00000)
  object space 44032K, 4% used [0x00000000c0000000,0x00000000c0200670,0x00000000c2b00000)
 Metaspace       used 6108K, capacity 7024K, committed 7296K, reserved 1056768K
  class space    used 602K, capacity 616K, committed 640K, reserved 1048576K
Event: 3.218 GC heap after
Heap after GC invocations=3 (full 0):
 PSYoungGen      total 18944K, used 2528K [0x00000000eab00000, 0x00000000ed000000, 0x0000000100000000)
  eden space 16384K, 0% used [0x00000000eab00000,0x00000000eab00000,0x00000000ebb00000)
  from space 2560K, 98% used [0x00000000ebb00000,0x00000000ebd78028,0x00000000ebd80000)
  to   space 2560K, 0% used [0x00000000ecd80000,0x00000000ecd80000,0x00000000ed000000)
 ParOldGen       total 44032K, used 4417K [0x00000000c0000000, 0x00000000c2b00000, 0x00000000eab00000)
  object space 44032K, 10% used [0x00000000c0000000,0x00000000c0450630,0x00000000c2b00000)
 Metaspace       used 6108K, capacity 7024K, committed 7296K, reserved 1056768K
  class space    used 602K, capacity 616K, committed 640K, reserved 1048576K
}
Event: 3.745 GC heap before
{Heap before GC invocations=4 (full 0):
 PSYoungGen      total 18944K, used 18912K [0x00000000eab00000, 0x00000000ed000000, 0x0000000100000000)
  eden space 16384K, 100% used [0x00000000eab00000,0x00000000ebb00000,0x00000000ebb00000)
  from space 2560K, 98% used [0x00000000ebb00000,0x00000000ebd78028,0x00000000ebd80000)
  to   space 2560K, 0% used [0x00000000ecd80000,0x00000000ecd80000,0x00000000ed000000)
 ParOldGen       total 44032K, used 4417K [0x00000000c0000000, 0x00000000c2b00000, 0x00000000eab00000)
  object space 44032K, 10% used [0x00000000c0000000,0x00000000c0450630,0x00000000c2b00000)
 Metaspace       used 6194K, capacity 7088K, committed 7296K, reserved 1056768K
  class space    used 602K, capacity 616K, committed 640K, reserved 1048576K
Event: 3.778 GC heap after
Heap after GC invocations=4 (full 0):
 PSYoungGen      total 35328K, used 2528K [0x00000000eab00000, 0x00000000ed000000, 0x0000000100000000)
  eden space 32768K, 0% used [0x00000000eab00000,0x00000000eab00000,0x00000000ecb00000)
  from space 2560K, 98% used [0x00000000ecd80000,0x00000000ecff8028,0x00000000ed000000)
  to   space 2560K, 0% used [0x00000000ecb00000,0x00000000ecb00000,0x00000000ecd80000)
 ParOldGen       total 44032K, used 7122K [0x00000000c0000000, 0x00000000c2b00000, 0x00000000eab00000)
  object space 44032K, 16% used [0x00000000c0000000,0x00000000c06f4970,0x00000000c2b00000)
 Metaspace       used 6194K, capacity 7088K, committed 7296K, reserved 1056768K
  class space    used 602K, capacity 616K, committed 640K, reserved 1048576K
}
Event: 5.027 GC heap before
{Heap before GC invocations=5 (full 0):
 PSYoungGen      total 35328K, used 35296K [0x00000000eab00000, 0x00000000ed000000, 0x0000000100000000)
  eden space 32768K, 100% used [0x00000000eab00000,0x00000000ecb00000,0x00000000ecb00000)
  from space 2560K, 98% used [0x00000000ecd80000,0x00000000ecff8028,0x00000000ed000000)
  to   space 2560K, 0% used [0x00000000ecb00000,0x00000000ecb00000,0x00000000ecd80000)
 ParOldGen       total 44032K, used 7122K [0x00000000c0000000, 0x00000000c2b00000, 0x00000000eab00000)
  object space 44032K, 16% used [0x00000000c0000000,0x00000000c06f4970,0x00000000c2b00000)
 Metaspace       used 6283K, capacity 7152K, committed 7296K, reserved 1056768K
  class space    used 602K, capacity 616K, committed 640K, reserved 1048576K
Event: 5.047 GC heap after
Heap after GC invocations=5 (full 0):
 PSYoungGen      total 35328K, used 2554K [0x00000000eab00000, 0x00000000efc00000, 0x0000000100000000)
  eden space 32768K, 0% used [0x00000000eab00000,0x00000000eab00000,0x00000000ecb00000)
  from space 2560K, 99% used [0x00000000ecb00000,0x00000000ecd7e938,0x00000000ecd80000)
  to   space 8704K, 0% used [0x00000000ef380000,0x00000000ef380000,0x00000000efc00000)
 ParOldGen       total 44032K, used 13021K [0x00000000c0000000, 0x00000000c2b00000, 0x00000000eab00000)
  object space 44032K, 29% used [0x00000000c0000000,0x00000000c0cb75c8,0x00000000c2b00000)
 Metaspace       used 6283K, capacity 7152K, committed 7296K, reserved 1056768K
  class space    used 602K, capacity 616K, committed 640K, reserved 1048576K
}
Event: 5.722 GC heap before
{Heap before GC invocations=6 (full 0):
 PSYoungGen      total 35328K, used 35322K [0x00000000eab00000, 0x00000000efc00000, 0x0000000100000000)
  eden space 32768K, 100% used [0x00000000eab00000,0x00000000ecb00000,0x00000000ecb00000)
  from space 2560K, 99% used [0x00000000ecb00000,0x00000000ecd7e938,0x00000000ecd80000)
  to   space 8704K, 0% used [0x00000000ef380000,0x00000000ef380000,0x00000000efc00000)
 ParOldGen       total 44032K, used 13021K [0x00000000c0000000, 0x00000000c2b00000, 0x00000000eab00000)
  object space 44032K, 29% used [0x00000000c0000000,0x00000000c0cb75c8,0x00000000c2b00000)
 Metaspace       used 6398K, capacity 7216K, committed 7296K, reserved 1056768K
  class space    used 602K, capacity 616K, committed 640K, reserved 1048576K
Event: 5.773 GC heap after
Heap after GC invocations=6 (full 0):
 PSYoungGen      total 73216K, used 7648K [0x00000000eab00000, 0x00000000efe00000, 0x0000000100000000)
  eden space 64512K, 0% used [0x00000000eab00000,0x00000000eab00000,0x00000000eea00000)
  from space 8704K, 87% used [0x00000000ef380000,0x00000000efaf80b8,0x00000000efc00000)
  to   space 9728K, 0% used [0x00000000eea00000,0x00000000eea00000,0x00000000ef380000)
 ParOldGen       total 44032K, used 13021K [0x00000000c0000000, 0x00000000c2b00000, 0x00000000eab00000)
  object space 44032K, 29% used [0x00000000c0000000,0x00000000c0cb75c8,0x00000000c2b00000)
 Metaspace       used 6398K, capacity 7216K, committed 7296K, reserved 1056768K
  class space    used 602K, capacity 616K, committed 640K, reserved 1048576K
}
Event: 6.282 GC heap before
{Heap before GC invocations=7 (full 0):
 PSYoungGen      total 73216K, used 72160K [0x00000000eab00000, 0x00000000efe00000, 0x0000000100000000)
  eden space 64512K, 100% used [0x00000000eab00000,0x00000000eea00000,0x00000000eea00000)
  from space 8704K, 87% used [0x00000000ef380000,0x00000000efaf80b8,0x00000000efc00000)
  to   space 9728K, 0% used [0x00000000eea00000,0x00000000eea00000,0x00000000ef380000)
 ParOldGen       total 44032K, used 13021K [0x00000000c0000000, 0x00000000c2b00000, 0x00000000eab00000)
  object space 44032K, 29% used [0x00000000c0000000,0x00000000c0cb75c8,0x00000000c2b00000)
 Metaspace       used 6412K, capacity 7216K, committed 7296K, reserved 1056768K
  class space    used 602K, capacity 616K, committed 640K, reserved 1048576K
Event: 6.314 GC heap after
Heap after GC invocations=7 (full 0):
 PSYoungGen      total 74240K, used 9721K [0x00000000eab00000, 0x00000000f4600000, 0x0000000100000000)
  eden space 64512K, 0% used [0x00000000eab00000,0x00000000eab00000,0x00000000eea00000)
  from space 9728K, 99% used [0x00000000eea00000,0x00000000ef37e788,0x00000000ef380000)
  to   space 14848K, 0% used [0x00000000f3780000,0x00000000f3780000,0x00000000f4600000)
 ParOldGen       total 44032K, used 20264K [0x00000000c0000000, 0x00000000c2b00000, 0x00000000eab00000)
  object space 44032K, 46% used [0x00000000c0000000,0x00000000c13ca3e8,0x00000000c2b00000)
 Metaspace       used 6412K, capacity 7216K, committed 7296K, reserved 1056768K
  class space    used 602K, capacity 616K, committed 640K, reserved 1048576K
}

Deoptimization events (10 events):
Event: 5.340 Thread 0x0000000016ff7800 Uncommon trap: reason=bimorphic action=maybe_recompile pc=0x0000000003305a20 method=com.android.dx.ssa.LiteralOpUpgrader.tryReplacingWithConstant(Lcom/android/dx/ssa/NormalSsaInsn;)Z @ 62
Event: 5.714 Thread 0x0000000002bc0800 Uncommon trap: reason=unloaded action=reinterpret pc=0x000000000336fcac method=com.android.dx.cf.cst.ConstantPoolParser.parse0(ILjava/util/BitSet;)Lcom/android/dx/rop/cst/Constant; @ 220
Event: 6.090 Thread 0x0000000016f6f800 Uncommon trap: reason=unstable_if action=reinterpret pc=0x0000000002fce0bc method=java.util.HashMap.getNode(ILjava/lang/Object;)Ljava/util/HashMap$Node; @ 84
Event: 6.344 Thread 0x0000000017fc2000 Uncommon trap: reason=class_check action=maybe_recompile pc=0x0000000003224688 method=java.util.Arrays.hashCode([Ljava/lang/Object;)I @ 43
Event: 6.344 Thread 0x0000000017fc2000 Uncommon trap: reason=class_check action=maybe_recompile pc=0x0000000003224688 method=java.util.Arrays.hashCode([Ljava/lang/Object;)I @ 43
Event: 6.344 Thread 0x0000000017fc2000 Uncommon trap: reason=class_check action=maybe_recompile pc=0x0000000003224688 method=java.util.Arrays.hashCode([Ljava/lang/Object;)I @ 43
Event: 6.344 Thread 0x0000000017fc2000 Uncommon trap: reason=class_check action=maybe_recompile pc=0x0000000003224688 method=java.util.Arrays.hashCode([Ljava/lang/Object;)I @ 43
Event: 6.344 Thread 0x0000000017fc2000 Uncommon trap: reason=class_check action=maybe_recompile pc=0x0000000003251af4 method=java.util.Arrays.hashCode([Ljava/lang/Object;)I @ 43
Event: 6.367 Thread 0x0000000017fc2000 Uncommon trap: reason=bimorphic action=maybe_recompile pc=0x000000000319996c method=java.util.HashMap.putVal(ILjava/lang/Object;Ljava/lang/Object;ZZ)Ljava/lang/Object; @ 91
Event: 6.368 Thread 0x0000000017fc2000 Uncommon trap: reason=class_check action=maybe_recompile pc=0x000000000348ee80 method=java.util.HashMap.putVal(ILjava/lang/Object;Ljava/lang/Object;ZZ)Ljava/lang/Object; @ 203

Internal exceptions (4 events):
Event: 1.253 Thread 0x0000000002bc0800 Exception <a 'java/lang/NoSuchMethodError': Method sun.misc.Unsafe.defineClass(Ljava/lang/String;[BII)Ljava/lang/Class; name or signature does not match> (0x00000000eab0d5d8) thrown at [C:\re\workspace\8-2-build-windows-amd64-cygwin\jdk8u60\4407\hotspot\srUˆıÈêÙ?
Event: 1.253 Thread 0x0000000002bc0800 Exception <a 'java/lang/NoSuchMethodError': Method sun.misc.Unsafe.prefetchRead(Ljava/lang/Object;J)V name or signature does not match> (0x00000000eab0d8c0) thrown at [C:\re\workspace\8-2-build-windows-amd64-cygwin\jdk8u60\4407\hotspot\src\share\vm\prims\j”\ÅÑ>^@
Event: 2.796 Thread 0x0000000016f07000 Implicit null exception at 0x00000000030bffa0 to 0x00000000030c1105
Event: 3.696 Thread 0x0000000016f6d000 Implicit null exception at 0x00000000030ce6a2 to 0x00000000030ce79a

Events (10 events):
Event: 6.344 Thread 0x0000000017fc2000 DEOPT UNPACKING pc=0x0000000002d0582a sp=0x000000001908e9d8 mode 2
Event: 6.345 loading class com/android/dx/rop/cst/Zeroes
Event: 6.345 loading class com/android/dx/rop/cst/Zeroes done
Event: 6.367 Thread 0x0000000017fc2000 Uncommon trap: trap_request=0xffffffc6 fr.pc=0x000000000319996c
Event: 6.367 Thread 0x0000000017fc2000 DEOPT PACKING pc=0x000000000319996c sp=0x000000001908eeb0
Event: 6.367 Thread 0x0000000017fc2000 DEOPT UNPACKING pc=0x0000000002d0582a sp=0x000000001908edc0 mode 2
Event: 6.368 Thread 0x0000000017fc2000 Uncommon trap: trap_request=0xffffffde fr.pc=0x000000000348ee80
Event: 6.368 Thread 0x0000000017fc2000 DEOPT PACKING pc=0x000000000348ee80 sp=0x000000001908ee00
Event: 6.368 Thread 0x0000000017fc2000 DEOPT UNPACKING pc=0x0000000002d0582a sp=0x000000001908edb8 mode 2
Event: 6.368 loading class sun/reflect/generics/parser/SignatureParser


Dynamic libraries:
0x00007ff7c5620000 - 0x00007ff7c5657000 	C:\Program Files\Java\jdk1.8.0_60\bin\java.exe
0x00007ff81eea0000 - 0x00007ff81f061000 	C:\Windows\SYSTEM32\ntdll.dll
0x00007ff81ec80000 - 0x00007ff81ed2d000 	C:\Windows\system32\KERNEL32.DLL
0x00007ff81bd10000 - 0x00007ff81bef8000 	C:\Windows\system32\KERNELBASE.dll
0x00007ff81e0c0000 - 0x00007ff81e167000 	C:\Windows\system32\ADVAPI32.dll
0x00007ff81e830000 - 0x00007ff81e8cd000 	C:\Windows\system32\msvcrt.dll
0x00007ff81c5b0000 - 0x00007ff81c60b000 	C:\Windows\system32\sechost.dll
0x00007ff81db70000 - 0x00007ff81dc8c000 	C:\Windows\system32\RPCRT4.dll
0x00007ff81ed30000 - 0x00007ff81ee86000 	C:\Windows\system32\USER32.dll
0x00007ff81de60000 - 0x00007ff81dfe6000 	C:\Windows\system32\GDI32.dll
0x00007ff80ed20000 - 0x00007ff80ef94000 	C:\Windows\WinSxS\amd64_microsoft.windows.common-controls_6595b64144ccf1df_6.0.10586.494_none_a2d8b04ea53e3145\COMCTL32.dll
0x00007ff81e8d0000 - 0x00007ff81eb4d000 	C:\Windows\system32\combase.dll
0x00007ff81b5c0000 - 0x00007ff81b62a000 	C:\Windows\system32\bcryptPrimitives.dll
0x00007ff81c310000 - 0x00007ff81c34b000 	C:\Windows\system32\IMM32.DLL
0x000000005b9f0000 - 0x000000005bac2000 	C:\Program Files\Java\jdk1.8.0_60\jre\bin\msvcr100.dll
0x000000005bf90000 - 0x000000005c819000 	C:\Program Files\Java\jdk1.8.0_60\jre\bin\server\jvm.dll
0x00007ff81e320000 - 0x00007ff81e328000 	C:\Windows\system32\PSAPI.DLL
0x00007ffff3a80000 - 0x00007ffff3a89000 	C:\Windows\SYSTEM32\WSOCK32.dll
0x00007ff81e330000 - 0x00007ff81e39b000 	C:\Windows\system32\WS2_32.dll
0x00007ff819bf0000 - 0x00007ff819c13000 	C:\Windows\SYSTEM32\WINMM.dll
0x00007ff810030000 - 0x00007ff81003a000 	C:\Windows\SYSTEM32\VERSION.dll
0x00007ff819b60000 - 0x00007ff819b8c000 	C:\Windows\SYSTEM32\WINMMBASE.dll
0x00007ff81b570000 - 0x00007ff81b5b3000 	C:\Windows\system32\cfgmgr32.dll
0x000000005bea0000 - 0x000000005beaf000 	C:\Program Files\Java\jdk1.8.0_60\jre\bin\verify.dll
0x000000005be70000 - 0x000000005be99000 	C:\Program Files\Java\jdk1.8.0_60\jre\bin\java.dll
0x000000005be50000 - 0x000000005be66000 	C:\Program Files\Java\jdk1.8.0_60\jre\bin\zip.dll
0x00007ff81c610000 - 0x00007ff81db6c000 	C:\Windows\system32\SHELL32.dll
0x00007ff81b630000 - 0x00007ff81bc75000 	C:\Windows\system32\windows.storage.dll
0x00007ff81c2b0000 - 0x00007ff81c302000 	C:\Windows\system32\shlwapi.dll
0x00007ff81b530000 - 0x00007ff81b53f000 	C:\Windows\system32\kernel.appcore.dll
0x00007ff81bf00000 - 0x00007ff81bfb5000 	C:\Windows\system32\shcore.dll
0x00007ff81b4e0000 - 0x00007ff81b52b000 	C:\Windows\system32\powrprof.dll
0x00007ff81b4c0000 - 0x00007ff81b4d4000 	C:\Windows\system32\profapi.dll

VM Arguments:
jvm_args: -Djava.awt.headless=true -Xmx1024M -Dfile.encoding=windows-1252 -Duser.country=IN -Duser.language=en -Duser.variant 
java_command: com.android.dx.command.Main --dex --force-jumbo --num-threads=4 --multi-dex --output E:\work\HomeImage\app\build\intermediates\transforms\dex\debug\folders\1000\10\com.android.support-support-compat-24.2.0_d497db11b3e24f58950f02df9edbb9d44ce73ad4 E:\work\HomeImage\app\build\intermediates\exploded-aar\com.android.support\support-compat\24.2.0\jars\classes.jar
java_class_path (initial): E:\Android\sdk\build-tools\24.0.2\lib\dx.jar
Launcher Type: SUN_STANDARD

Environment Variables:
PATH=C:\ProgramData\Oracle\Java\javapath;C:\Program Files (x86)\Intel\iCLS Client\;C:\Program Files\Intel\iCLS Client\;C:\Windows\system32;C:\Windows;C:\Windows\System32\Wbem;C:\Windows\System32\WindowsPowerShell\v1.0\;C:\Program Files (x86)\AMD\ATI.ACE\Core-Static;C:\Program Files\Intel\Intel(R) Management Engine Components\DAL;C:\Program Files\Intel\Intel(R) Management Engine Components\IPT;C:\Program Files (x86)\Intel\Intel(R) Management Engine Components\DAL;C:\Program Files (x86)\Intel\Intel(R) Management Engine Components\IPT;E:\Android\sdk\ndk-bundle;E:\Android\sdk\platform-tools;C:\Program Files (x86)\Skype\Phone\;C:\Program Files (x86)\Windows Live\Shared
USERNAME=Family
OS=Windows_NT
PROCESSOR_IDENTIFIER=Intel64 Family 6 Model 69 Stepping 1, GenuineIntel



---------------  S Y S T E M  ---------------

OS: Windows 10.0 , 64 bit Build 10586 (10.0.10586.0)

CPU:total 4 (2 cores per cpu, 2 threads per core) family 6 model 69 stepping 1, cmov, cx8, fxsr, mmx, sse, sse2, sse3, ssse3, sse4.1, sse4.2, popcnt, avx, avx2, aes, clmul, erms, lzcnt, ht, tsc, tscinvbit, bmi1, bmi2

Memory: 4k page, physical 4072408k(368088k free), swap 7498696k(5916k free)

vm_info: Java HotSpot(TM) 64-Bit Server VM (25.60-b23) for windows-amd64 JRE (1.8.0_60-b27), built on Aug  4 2015 11:06:27 by "java_re" with MS VC++ 10.0 (VS2010)

time: Thu Sep 08 14:41:19 2016
elapsed time: 6 seconds (0d 0h 0m 6s)

