#
# There is insufficient memory for the Java Runtime Environment to continue.
# Native memory allocation (malloc) failed to allocate 1349456 bytes for Chunk::new
# Possible reasons:
#   The system is out of physical RAM or swap space
#   In 32 bit mode, the process size limit was hit
# Possible solutions:
#   Reduce memory load on the system
#   Increase physical memory or swap space
#   Check if swap backing store is full
#   Use 64 bit Java on a 64 bit OS
#   Decrease Java heap size (-Xmx/-Xms)
#   Decrease number of Java threads
#   Decrease Java thread stack sizes (-Xss)
#   Set larger code cache with -XX:ReservedCodeCacheSize=
# This output file may be truncated or incomplete.
#
#  Out of Memory Error (allocation.cpp:390), pid=2648, tid=6800
#
# JRE version: Java(TM) SE Runtime Environment (8.0_60-b27) (build 1.8.0_60-b27)
# Java VM: Java HotSpot(TM) 64-Bit Server VM (25.60-b23 mixed mode windows-amd64 compressed oops)
# Failed to write core dump. Minidumps are not enabled by default on client versions of Windows
#

---------------  T H R E A D  ---------------

Current thread (0x0000000014ac9800):  JavaThread "C2 CompilerThread1" daemon [_thread_in_native, id=6800, stack(0x0000000016200000,0x0000000016300000)]

Stack: [0x0000000016200000,0x0000000016300000]
[error occurred during error reporting (printing stack bounds), id 0xc0000005]

Native frames: (J=compiled Java code, j=interpreted, Vv=VM code, C=native code)


Current CompileTask:
C2:   4769 1285   !   4       com.android.dx.cf.code.BytecodeArray::parseInstruction (2764 bytes)


---------------  P R O C E S S  ---------------

Java Threads: ( => current thread )
  0x000000001655f000 JavaThread "pool-2-thread-4" [_thread_in_Java, id=4296, stack(0x0000000016e00000,0x0000000016f00000)]
  0x000000001655e000 JavaThread "pool-2-thread-3" [_thread_in_Java, id=8308, stack(0x0000000016d00000,0x0000000016e00000)]
  0x000000001655d800 JavaThread "pool-2-thread-2" [_thread_in_Java, id=7268, stack(0x0000000016c00000,0x0000000016d00000)]
  0x00000000164a0000 JavaThread "pool-3-thread-1" [_thread_blocked, id=6296, stack(0x0000000016b00000,0x0000000016c00000)]
  0x0000000016490800 JavaThread "pool-2-thread-1" [_thread_in_Java, id=7952, stack(0x0000000016a00000,0x0000000016b00000)]
  0x000000001630c000 JavaThread "Service Thread" daemon [_thread_blocked, id=444, stack(0x0000000016800000,0x0000000016900000)]
  0x0000000016305000 JavaThread "C1 CompilerThread2" daemon [_thread_in_vm, id=7316, stack(0x0000000016700000,0x0000000016800000)]
=>0x0000000014ac9800 JavaThread "C2 CompilerThread1" daemon [_thread_in_native, id=6800, stack(0x0000000016200000,0x0000000016300000)]
  0x0000000014abc000 JavaThread "C2 CompilerThread0" daemon [_thread_in_native, id=492, stack(0x0000000016100000,0x0000000016200000)]
  0x0000000014aba800 JavaThread "Attach Listener" daemon [_thread_blocked, id=9024, stack(0x0000000016000000,0x0000000016100000)]
  0x0000000014ab9800 JavaThread "Signal Dispatcher" daemon [_thread_blocked, id=6056, stack(0x0000000015f00000,0x0000000016000000)]
  0x00000000023e9000 JavaThread "Finalizer" daemon [_thread_blocked, id=8004, stack(0x0000000015d10000,0x0000000015e10000)]
  0x00000000023e0000 JavaThread "Reference Handler" daemon [_thread_blocked, id=7376, stack(0x0000000015c10000,0x0000000015d10000)]
  0x00000000022f1000 JavaThread "main" [_thread_in_Java, id=920, stack(0x00000000021c0000,0x00000000022c0000)]

Other Threads:
  0x0000000014a87000 VMThread [stack: 0x0000000015b10000,0x0000000015c10000] [id=9000]
  0x0000000016314000 WatcherThread [stack: 0x0000000016900000,0x0000000016a00000] [id=9188]

VM state:not at safepoint (normal execution)

VM Mutex/Monitor currently owned by a thread: None

Heap:
 PSYoungGen      total 18944K, used 15160K [0x00000000eab00000, 0x00000000ed000000, 0x0000000100000000)
  eden space 16384K, 77% used [0x00000000eab00000,0x00000000eb7558a8,0x00000000ebb00000)
  from space 2560K, 98% used [0x00000000ebd80000,0x00000000ebff8b08,0x00000000ec000000)
  to   space 2560K, 0% used [0x00000000ebb00000,0x00000000ebb00000,0x00000000ebd80000)
 ParOldGen       total 44032K, used 5012K [0x00000000c0000000, 0x00000000c2b00000, 0x00000000eab00000)
  object space 44032K, 11% used [0x00000000c0000000,0x00000000c04e53d0,0x00000000c2b00000)
 Metaspace       used 6070K, capacity 7024K, committed 7296K, reserved 1056768K
  class space    used 602K, capacity 616K, committed 640K, reserved 1048576K

Card table byte_map: [0x00000000117b0000,0x00000000119c0000] byte_map_base: 0x00000000111b0000

Marking Bits: (ParMarkBitMap*) 0x00000000626ba5b0
 Begin Bits: [0x0000000011f20000, 0x0000000012f20000)
 End Bits:   [0x0000000012f20000, 0x0000000013f20000)

Polling page: 0x0000000000750000

CodeCache: size=245760Kb used=5510Kb max_used=5510Kb free=240249Kb
 bounds [0x00000000023f0000, 0x0000000002960000, 0x00000000113f0000]
 total_blobs=1621 nmethods=1352 adapters=182
 compilation: enabled

Compilation events (10 events):
Event: 4.760 Thread 0x0000000016305000 nmethod 1387 0x000000000294fa10 code [0x000000000294fb60, 0x000000000294fd30]
Event: 4.760 Thread 0x0000000016305000 1388       3       com.android.dx.dex.code.RopTranslator::translateAndGetResult (48 bytes)
Event: 4.761 Thread 0x0000000016305000 nmethod 1388 0x000000000294fdd0 code [0x000000000294ffa0, 0x00000000029504d8]
Event: 4.761 Thread 0x0000000016305000 1389       3       com.android.dx.rop.code.ThrowingInsn::accept (8 bytes)
Event: 4.761 Thread 0x0000000016305000 nmethod 1389 0x0000000002950790 code [0x0000000002950900, 0x0000000002950b28]
Event: 4.763 Thread 0x0000000016305000 1390       3       java.util.Arrays::rangeCheck (74 bytes)
Event: 4.764 Thread 0x0000000016305000 nmethod 1390 0x0000000002950c10 code [0x0000000002950e60, 0x0000000002951bc8]
Event: 4.764 Thread 0x0000000016305000 1391       3       com.android.dx.dex.code.OutputFinisher::hasLocalInfo (20 bytes)
Event: 4.765 Thread 0x0000000016305000 nmethod 1391 0x0000000002952210 code [0x0000000002952380, 0x0000000002952610]
Event: 4.765 Thread 0x0000000016305000 1392       3       com.android.dx.cf.code.ConcreteMethod::<init> (262 bytes)

GC Heap History (4 events):
Event: 4.050 GC heap before
{Heap before GC invocations=1 (full 0):
 PSYoungGen      total 18944K, used 16384K [0x00000000eab00000, 0x00000000ec000000, 0x0000000100000000)
  eden space 16384K, 100% used [0x00000000eab00000,0x00000000ebb00000,0x00000000ebb00000)
  from space 2560K, 0% used [0x00000000ebd80000,0x00000000ebd80000,0x00000000ec000000)
  to   space 2560K, 0% used [0x00000000ebb00000,0x00000000ebb00000,0x00000000ebd80000)
 ParOldGen       total 44032K, used 0K [0x00000000c0000000, 0x00000000c2b00000, 0x00000000eab00000)
  object space 44032K, 0% used [0x00000000c0000000,0x00000000c0000000,0x00000000c2b00000)
 Metaspace       used 5780K, capacity 6768K, committed 7040K, reserved 1056768K
  class space    used 602K, capacity 616K, committed 640K, reserved 1048576K
Event: 4.059 GC heap after
Heap after GC invocations=1 (full 0):
 PSYoungGen      total 18944K, used 2548K [0x00000000eab00000, 0x00000000ec000000, 0x0000000100000000)
  eden space 16384K, 0% used [0x00000000eab00000,0x00000000eab00000,0x00000000ebb00000)
  from space 2560K, 99% used [0x00000000ebb00000,0x00000000ebd7d188,0x00000000ebd80000)
  to   space 2560K, 0% used [0x00000000ebd80000,0x00000000ebd80000,0x00000000ec000000)
 ParOldGen       total 44032K, used 2251K [0x00000000c0000000, 0x00000000c2b00000, 0x00000000eab00000)
  object space 44032K, 5% used [0x00000000c0000000,0x00000000c0232d30,0x00000000c2b00000)
 Metaspace       used 5780K, capacity 6768K, committed 7040K, reserved 1056768K
  class space    used 602K, capacity 616K, committed 640K, reserved 1048576K
}
Event: 4.511 GC heap before
{Heap before GC invocations=2 (full 0):
 PSYoungGen      total 18944K, used 18932K [0x00000000eab00000, 0x00000000ec000000, 0x0000000100000000)
  eden space 16384K, 100% used [0x00000000eab00000,0x00000000ebb00000,0x00000000ebb00000)
  from space 2560K, 99% used [0x00000000ebb00000,0x00000000ebd7d188,0x00000000ebd80000)
  to   space 2560K, 0% used [0x00000000ebd80000,0x00000000ebd80000,0x00000000ec000000)
 ParOldGen       total 44032K, used 2251K [0x00000000c0000000, 0x00000000c2b00000, 0x00000000eab00000)
  object space 44032K, 5% used [0x00000000c0000000,0x00000000c0232d30,0x00000000c2b00000)
 Metaspace       used 5978K, capacity 6896K, committed 7040K, reserved 1056768K
  class space    used 602K, capacity 616K, committed 640K, reserved 1048576K
Event: 4.537 GC heap after
Heap after GC invocations=2 (full 0):
 PSYoungGen      total 18944K, used 2530K [0x00000000eab00000, 0x00000000ed000000, 0x0000000100000000)
  eden space 16384K, 0% used [0x00000000eab00000,0x00000000eab00000,0x00000000ebb00000)
  from space 2560K, 98% used [0x00000000ebd80000,0x00000000ebff8b08,0x00000000ec000000)
  to   space 2560K, 0% used [0x00000000ebb00000,0x00000000ebb00000,0x00000000ebd80000)
 ParOldGen       total 44032K, used 5012K [0x00000000c0000000, 0x00000000c2b00000, 0x00000000eab00000)
  object space 44032K, 11% used [0x00000000c0000000,0x00000000c04e53d0,0x00000000c2b00000)
 Metaspace       used 5978K, capacity 6896K, committed 7040K, reserved 1056768K
  class space    used 602K, capacity 616K, committed 640K, reserved 1048576K
}

Deoptimization events (10 events):
Event: 3.981 Thread 0x000000001655e000 Uncommon trap: reason=unstable_if action=reinterpret pc=0x000000000270f8c4 method=java.util.HashMap.putVal(ILjava/lang/Object;Ljava/lang/Object;ZZ)Ljava/lang/Object; @ 193
Event: 4.353 Thread 0x0000000016490800 Uncommon trap: reason=class_check action=maybe_recompile pc=0x00000000026fc7c8 method=com.android.dx.ssa.NormalSsaInsn.accept(Lcom/android/dx/ssa/SsaInsn$Visitor;)V @ 9
Event: 4.353 Thread 0x0000000016490800 Uncommon trap: reason=class_check action=maybe_recompile pc=0x00000000026f416c method=com.android.dx.ssa.NormalSsaInsn.accept(Lcom/android/dx/ssa/SsaInsn$Visitor;)V @ 9
Event: 4.353 Thread 0x0000000016490800 Uncommon trap: reason=class_check action=maybe_recompile pc=0x00000000026f416c method=com.android.dx.ssa.NormalSsaInsn.accept(Lcom/android/dx/ssa/SsaInsn$Visitor;)V @ 9
Event: 4.353 Thread 0x0000000016490800 Uncommon trap: reason=class_check action=maybe_recompile pc=0x00000000026f416c method=com.android.dx.ssa.NormalSsaInsn.accept(Lcom/android/dx/ssa/SsaInsn$Visitor;)V @ 9
Event: 4.354 Thread 0x0000000016490800 Uncommon trap: reason=class_check action=maybe_recompile pc=0x00000000026fc7c8 method=com.android.dx.ssa.NormalSsaInsn.accept(Lcom/android/dx/ssa/SsaInsn$Visitor;)V @ 9
Event: 4.407 Thread 0x00000000022f1000 Uncommon trap: reason=unloaded action=reinterpret pc=0x00000000026e544c method=com.android.dx.cf.cst.ConstantPoolParser.parse0(ILjava/util/BitSet;)Lcom/android/dx/rop/cst/Constant; @ 176
Event: 4.697 Thread 0x00000000022f1000 Uncommon trap: reason=unstable_if action=reinterpret pc=0x000000000277336c method=com.android.dx.rop.code.RegisterSpecSet.put(Lcom/android/dx/rop/code/RegisterSpec;)V @ 77
Event: 4.697 Thread 0x00000000022f1000 Uncommon trap: reason=unstable_if action=reinterpret pc=0x000000000275ae6c method=com.android.dx.rop.code.RegisterSpecSet.put(Lcom/android/dx/rop/code/RegisterSpec;)V @ 77
Event: 4.750 Thread 0x0000000016490800 Uncommon trap: reason=unstable_if action=reinterpret pc=0x00000000026e145c method=com.android.dx.rop.cst.Constant.compareTo(Lcom/android/dx/rop/cst/Constant;)I @ 12

Internal exceptions (2 events):
Event: 0.135 Thread 0x00000000022f1000 Exception <a 'java/lang/NoSuchMethodError': Method sun.misc.Unsafe.defineClass(Ljava/lang/String;[BII)Ljava/lang/Class; name or signature does not match> (0x00000000eab0d4a8) thrown at [C:\re\workspace\8-2-build-windows-amd64-cygwin\jdk8u60\4407\hotspot\sr›∏m∑^J¡?
Event: 0.135 Thread 0x00000000022f1000 Exception <a 'java/lang/NoSuchMethodError': Method sun.misc.Unsafe.prefetchRead(Ljava/lang/Object;J)V name or signature does not match> (0x00000000eab0d790) thrown at [C:\re\workspace\8-2-build-windows-amd64-cygwin\jdk8u60\4407\hotspot\src\share\vm\prims\j

Events (10 events):
Event: 4.542 Thread 0x000000001655d800 DEOPT UNPACKING pc=0x000000000243787f sp=0x0000000016cfec60 mode 0
Event: 4.697 Thread 0x00000000022f1000 Uncommon trap: trap_request=0xffffff65 fr.pc=0x000000000277336c
Event: 4.697 Thread 0x00000000022f1000 DEOPT PACKING pc=0x000000000277336c sp=0x00000000022be420
Event: 4.697 Thread 0x00000000022f1000 DEOPT UNPACKING pc=0x000000000243582a sp=0x00000000022be3a8 mode 2
Event: 4.697 Thread 0x00000000022f1000 Uncommon trap: trap_request=0xffffff65 fr.pc=0x000000000275ae6c
Event: 4.697 Thread 0x00000000022f1000 DEOPT PACKING pc=0x000000000275ae6c sp=0x00000000022be410
Event: 4.697 Thread 0x00000000022f1000 DEOPT UNPACKING pc=0x000000000243582a sp=0x00000000022be330 mode 2
Event: 4.750 Thread 0x0000000016490800 Uncommon trap: trap_request=0xffffff65 fr.pc=0x00000000026e145c
Event: 4.750 Thread 0x0000000016490800 DEOPT PACKING pc=0x00000000026e145c sp=0x0000000016afe3e0
Event: 4.750 Thread 0x0000000016490800 DEOPT UNPACKING pc=0x000000000243582a sp=0x0000000016afe380 mode 2


Dynamic libraries:
0x00007ff67a4e0000 - 0x00007ff67a517000 	C:\Program Files\Java\jdk1.8.0_60\bin\java.exe
0x00007ffc7f0e0000 - 0x00007ffc7f2a1000 	C:\Windows\SYSTEM32\ntdll.dll
0x00007ffc7e590000 - 0x00007ffc7e63d000 	C:\Windows\system32\KERNEL32.DLL
0x00007ffc7b810000 - 0x00007ffc7b9f8000 	C:\Windows\system32\KERNELBASE.dll
0x00007ffc7e870000 - 0x00007ffc7e917000 	C:\Windows\system32\ADVAPI32.dll
0x00007ffc7ed60000 - 0x00007ffc7edfd000 	C:\Windows\system32\msvcrt.dll
0x00007ffc7ec90000 - 0x00007ffc7eceb000 	C:\Windows\system32\sechost.dll
0x00007ffc7c5b0000 - 0x00007ffc7c6cc000 	C:\Windows\system32\RPCRT4.dll
0x00007ffc7e920000 - 0x00007ffc7ea76000 	C:\Windows\system32\USER32.dll
0x00007ffc7c6e0000 - 0x00007ffc7c866000 	C:\Windows\system32\GDI32.dll
0x00007ffc6fce0000 - 0x00007ffc6ff54000 	C:\Windows\WinSxS\amd64_microsoft.windows.common-controls_6595b64144ccf1df_6.0.10586.589_none_a2ddb3caa539acce\COMCTL32.dll
0x00007ffc7e310000 - 0x00007ffc7e58d000 	C:\Windows\system32\combase.dll
0x00007ffc7ba00000 - 0x00007ffc7ba6a000 	C:\Windows\system32\bcryptPrimitives.dll
0x00007ffc7ef60000 - 0x00007ffc7ef9b000 	C:\Windows\system32\IMM32.DLL
0x0000000061950000 - 0x0000000061a22000 	C:\Program Files\Java\jdk1.8.0_60\jre\bin\msvcr100.dll
0x0000000061eb0000 - 0x0000000062739000 	C:\Program Files\Java\jdk1.8.0_60\jre\bin\server\jvm.dll
0x00007ffc7ee00000 - 0x00007ffc7ee08000 	C:\Windows\system32\PSAPI.DLL
0x00007ffc6bdd0000 - 0x00007ffc6bdd9000 	C:\Windows\SYSTEM32\WSOCK32.dll
0x00007ffc7e6a0000 - 0x00007ffc7e70b000 	C:\Windows\system32\WS2_32.dll
0x00007ffc79e00000 - 0x00007ffc79e23000 	C:\Windows\SYSTEM32\WINMM.dll
0x00007ffc6f100000 - 0x00007ffc6f10a000 	C:\Windows\SYSTEM32\VERSION.dll
0x00007ffc79cc0000 - 0x00007ffc79cec000 	C:\Windows\SYSTEM32\WINMMBASE.dll
0x00007ffc7ba70000 - 0x00007ffc7bab3000 	C:\Windows\system32\cfgmgr32.dll
0x0000000061dc0000 - 0x0000000061dcf000 	C:\Program Files\Java\jdk1.8.0_60\jre\bin\verify.dll
0x0000000061d90000 - 0x0000000061db9000 	C:\Program Files\Java\jdk1.8.0_60\jre\bin\java.dll
0x0000000061d70000 - 0x0000000061d86000 	C:\Program Files\Java\jdk1.8.0_60\jre\bin\zip.dll
0x00007ffc7c870000 - 0x00007ffc7ddcc000 	C:\Windows\system32\SHELL32.dll
0x00007ffc7bac0000 - 0x00007ffc7c105000 	C:\Windows\system32\windows.storage.dll
0x00007ffc7e200000 - 0x00007ffc7e252000 	C:\Windows\system32\shlwapi.dll
0x00007ffc7b700000 - 0x00007ffc7b70f000 	C:\Windows\system32\kernel.appcore.dll
0x00007ffc7c1c0000 - 0x00007ffc7c275000 	C:\Windows\system32\shcore.dll
0x00007ffc7b730000 - 0x00007ffc7b77b000 	C:\Windows\system32\powrprof.dll
0x00007ffc7b710000 - 0x00007ffc7b724000 	C:\Windows\system32\profapi.dll

VM Arguments:
jvm_args: -Djava.awt.headless=true -Xmx1024M -Dfile.encoding=windows-1252 -Duser.country=IN -Duser.language=en -Duser.variant 
java_command: com.android.dx.command.Main --dex --force-jumbo --num-threads=4 --multi-dex --output E:\work\HomeImage\app\build\intermediates\transforms\dex\debug\folders\1000\10\com.android.support-support-fragment-24.2.0_e712a0f817898dcd0a681d30abc8b89ce0852229 E:\work\HomeImage\app\build\intermediates\exploded-aar\com.android.support\support-fragment\24.2.0\jars\classes.jar
java_class_path (initial): E:\Android\sdk\build-tools\24.0.2\lib\dx.jar
Launcher Type: SUN_STANDARD

Environment Variables:
PATH=C:\ProgramData\Oracle\Java\javapath;C:\Program Files (x86)\Intel\iCLS Client\;C:\Program Files\Intel\iCLS Client\;C:\Windows\system32;C:\Windows;C:\Windows\System32\Wbem;C:\Windows\System32\WindowsPowerShell\v1.0\;C:\Program Files (x86)\AMD\ATI.ACE\Core-Static;C:\Program Files\Intel\Intel(R) Management Engine Components\DAL;C:\Program Files\Intel\Intel(R) Management Engine Components\IPT;C:\Program Files (x86)\Intel\Intel(R) Management Engine Components\DAL;C:\Program Files (x86)\Intel\Intel(R) Management Engine Components\IPT;E:\Android\sdk\ndk-bundle;E:\Android\sdk\platform-tools;C:\Program Files (x86)\Skype\Phone\;C:\Program Files (x86)\Windows Live\Shared
USERNAME=Family
OS=Windows_NT
PROCESSOR_IDENTIFIER=Intel64 Family 6 Model 69 Stepping 1, GenuineIntel



---------------  S Y S T E M  ---------------

OS: Windows 10.0 , 64 bit Build 10586 (10.0.10586.589)

CPU:total 4 (2 cores per cpu, 2 threads per core) family 6 model 69 stepping 1, cmov, cx8, fxsr, mmx, sse, sse2, sse3, ssse3, sse4.1, sse4.2, popcnt, avx, avx2, aes, clmul, erms, lzcnt, ht, tsc, tscinvbit, bmi1, bmi2

Memory: 4k page, physical 4072408k(278616k free), swap 5755872k(5140k free)

vm_info: Java HotSpot(TM) 64-Bit Server VM (25.60-b23) for windows-amd64 JRE (1.8.0_60-b27), built on Aug  4 2015 11:06:27 by "java_re" with MS VC++ 10.0 (VS2010)

time: Tue Sep 20 14:54:02 2016
elapsed time: 4 seconds (0d 0h 0m 4s)

