#
# There is insufficient memory for the Java Runtime Environment to continue.
# Native memory allocation (malloc) failed to allocate 1123456 bytes for Chunk::new
# Possible reasons:
#   The system is out of physical RAM or swap space
#   In 32 bit mode, the process size limit was hit
# Possible solutions:
#   Reduce memory load on the system
#   Increase physical memory or swap space
#   Check if swap backing store is full
#   Use 64 bit Java on a 64 bit OS
#   Decrease Java heap size (-Xmx/-Xms)
#   Decrease number of Java threads
#   Decrease Java thread stack sizes (-Xss)
#   Set larger code cache with -XX:ReservedCodeCacheSize=
# This output file may be truncated or incomplete.
#
#  Out of Memory Error (allocation.cpp:390), pid=4020, tid=7104
#
# JRE version: Java(TM) SE Runtime Environment (8.0_60-b27) (build 1.8.0_60-b27)
# Java VM: Java HotSpot(TM) 64-Bit Server VM (25.60-b23 mixed mode windows-amd64 compressed oops)
# Failed to write core dump. Minidumps are not enabled by default on client versions of Windows
#

---------------  T H R E A D  ---------------

Current thread (0x0000000014c40000):  JavaThread "C2 CompilerThread1" daemon [_thread_in_native, id=7104, stack(0x0000000016380000,0x0000000016480000)]

Stack: [0x0000000016380000,0x0000000016480000]
[error occurred during error reporting (printing stack bounds), id 0xc0000005]

Native frames: (J=compiled Java code, j=interpreted, Vv=VM code, C=native code)


Current CompileTask:
C2:   4534 1577       4       com.android.dx.ssa.SCCP::simulateBranch (666 bytes)


---------------  P R O C E S S  ---------------

Java Threads: ( => current thread )
  0x000000001680e000 JavaThread "pool-2-thread-3" [_thread_in_Java, id=8856, stack(0x0000000016e80000,0x0000000016f80000)]
  0x000000001680d000 JavaThread "pool-2-thread-2" [_thread_in_Java, id=6224, stack(0x0000000016d80000,0x0000000016e80000)]
  0x000000001687b000 JavaThread "pool-3-thread-1" [_thread_blocked, id=8976, stack(0x0000000016c80000,0x0000000016d80000)]
  0x0000000016876000 JavaThread "pool-2-thread-1" [_thread_in_Java, id=9172, stack(0x0000000016b80000,0x0000000016c80000)]
  0x000000001658d800 JavaThread "Service Thread" daemon [_thread_blocked, id=6228, stack(0x0000000016980000,0x0000000016a80000)]
  0x0000000014c94000 JavaThread "C1 CompilerThread2" daemon [_thread_blocked, id=2424, stack(0x0000000016480000,0x0000000016580000)]
=>0x0000000014c40000 JavaThread "C2 CompilerThread1" daemon [_thread_in_native, id=7104, stack(0x0000000016380000,0x0000000016480000)]
  0x0000000014c3a800 JavaThread "C2 CompilerThread0" daemon [_thread_in_native, id=7136, stack(0x0000000016280000,0x0000000016380000)]
  0x0000000014c38800 JavaThread "Attach Listener" daemon [_thread_blocked, id=7272, stack(0x0000000016180000,0x0000000016280000)]
  0x0000000014c37800 JavaThread "Signal Dispatcher" daemon [_thread_blocked, id=392, stack(0x0000000016080000,0x0000000016180000)]
  0x0000000002566000 JavaThread "Finalizer" daemon [_thread_blocked, id=6612, stack(0x0000000015ea0000,0x0000000015fa0000)]
  0x000000000255d000 JavaThread "Reference Handler" daemon [_thread_blocked, id=5060, stack(0x0000000015da0000,0x0000000015ea0000)]
  0x0000000002470800 JavaThread "main" [_thread_blocked, id=8972, stack(0x0000000002370000,0x0000000002470000)]

Other Threads:
  0x0000000014c08000 VMThread [stack: 0x0000000015ca0000,0x0000000015da0000] [id=6244]
  0x00000000165a4800 WatcherThread [stack: 0x0000000016a80000,0x0000000016b80000] [id=9068]

VM state:not at safepoint (normal execution)

VM Mutex/Monitor currently owned by a thread: None

Heap:
 PSYoungGen      total 68096K, used 44059K [0x00000000eab00000, 0x00000000ef000000, 0x0000000100000000)
  eden space 65536K, 63% used [0x00000000eab00000,0x00000000ed388d48,0x00000000eeb00000)
  from space 2560K, 99% used [0x00000000eed80000,0x00000000eeffe138,0x00000000ef000000)
  to   space 2560K, 0% used [0x00000000eeb00000,0x00000000eeb00000,0x00000000eed80000)
 ParOldGen       total 44032K, used 14548K [0x00000000c0000000, 0x00000000c2b00000, 0x00000000eab00000)
  object space 44032K, 33% used [0x00000000c0000000,0x00000000c0e35008,0x00000000c2b00000)
 Metaspace       used 6348K, capacity 7128K, committed 7424K, reserved 1056768K
  class space    used 624K, capacity 656K, committed 768K, reserved 1048576K

Card table byte_map: [0x0000000011930000,0x0000000011b40000] byte_map_base: 0x0000000011330000

Marking Bits: (ParMarkBitMap*) 0x000000005c79a5b0
 Begin Bits: [0x00000000120a0000, 0x00000000130a0000)
 End Bits:   [0x00000000130a0000, 0x00000000140a0000)

Polling page: 0x0000000000b60000

CodeCache: size=245760Kb used=6898Kb max_used=6898Kb free=238861Kb
 bounds [0x0000000002570000, 0x0000000002c40000, 0x0000000011570000]
 total_blobs=1907 nmethods=1636 adapters=182
 compilation: enabled

Compilation events (10 events):
Event: 4.088 Thread 0x0000000014c94000 1638       2       com.android.dx.dex.code.OutputCollector::getFinisher (26 bytes)
Event: 4.088 Thread 0x0000000014c94000 nmethod 1638 0x0000000002bd6c10 code [0x0000000002bd6d80, 0x0000000002bd6fb8]
Event: 4.088 Thread 0x0000000014c94000 1639       2       com.android.dx.dex.code.DalvCode::<init> (68 bytes)
Event: 4.088 Thread 0x0000000014c94000 nmethod 1639 0x0000000002bd70d0 code [0x0000000002bd7260, 0x0000000002bd7578]
Event: 4.090 Thread 0x0000000014c94000 1644       2       com.android.dx.dex.cf.CfTranslator::translate0 (259 bytes)
Event: 4.093 Thread 0x0000000014c94000 nmethod 1644 0x0000000002bd76d0 code [0x0000000002bd79c0, 0x0000000002bd8798]
Event: 4.093 Thread 0x0000000014c94000 1645       2       com.android.dx.rop.cst.CstBaseMethodRef::<init> (31 bytes)
Event: 4.094 Thread 0x0000000014c94000 nmethod 1645 0x0000000002bd9bd0 code [0x0000000002bd9d40, 0x0000000002bd9f18]
Event: 4.094 Thread 0x0000000014c94000 1646       2       com.android.dx.rop.code.LocalVariableInfo::<init> (82 bytes)
Event: 4.095 Thread 0x0000000014c94000 nmethod 1646 0x0000000002bda050 code [0x0000000002bda220, 0x0000000002bda7c8]

GC Heap History (8 events):
Event: 0.958 GC heap before
{Heap before GC invocations=1 (full 0):
 PSYoungGen      total 18944K, used 16384K [0x00000000eab00000, 0x00000000ec000000, 0x0000000100000000)
  eden space 16384K, 100% used [0x00000000eab00000,0x00000000ebb00000,0x00000000ebb00000)
  from space 2560K, 0% used [0x00000000ebd80000,0x00000000ebd80000,0x00000000ec000000)
  to   space 2560K, 0% used [0x00000000ebb00000,0x00000000ebb00000,0x00000000ebd80000)
 ParOldGen       total 44032K, used 0K [0x00000000c0000000, 0x00000000c2b00000, 0x00000000eab00000)
  object space 44032K, 0% used [0x00000000c0000000,0x00000000c0000000,0x00000000c2b00000)
 Metaspace       used 5714K, capacity 6640K, committed 6784K, reserved 1056768K
  class space    used 600K, capacity 616K, committed 640K, reserved 1048576K
Event: 1.044 GC heap after
Heap after GC invocations=1 (full 0):
 PSYoungGen      total 18944K, used 2535K [0x00000000eab00000, 0x00000000ed000000, 0x0000000100000000)
  eden space 16384K, 0% used [0x00000000eab00000,0x00000000eab00000,0x00000000ebb00000)
  from space 2560K, 99% used [0x00000000ebb00000,0x00000000ebd79c88,0x00000000ebd80000)
  to   space 2560K, 0% used [0x00000000ecd80000,0x00000000ecd80000,0x00000000ed000000)
 ParOldGen       total 44032K, used 1570K [0x00000000c0000000, 0x00000000c2b00000, 0x00000000eab00000)
  object space 44032K, 3% used [0x00000000c0000000,0x00000000c0188ae0,0x00000000c2b00000)
 Metaspace       used 5714K, capacity 6640K, committed 6784K, reserved 1056768K
  class space    used 600K, capacity 616K, committed 640K, reserved 1048576K
}
Event: 1.886 GC heap before
{Heap before GC invocations=2 (full 0):
 PSYoungGen      total 18944K, used 18919K [0x00000000eab00000, 0x00000000ed000000, 0x0000000100000000)
  eden space 16384K, 100% used [0x00000000eab00000,0x00000000ebb00000,0x00000000ebb00000)
  from space 2560K, 99% used [0x00000000ebb00000,0x00000000ebd79c88,0x00000000ebd80000)
  to   space 2560K, 0% used [0x00000000ecd80000,0x00000000ecd80000,0x00000000ed000000)
 ParOldGen       total 44032K, used 1570K [0x00000000c0000000, 0x00000000c2b00000, 0x00000000eab00000)
  object space 44032K, 3% used [0x00000000c0000000,0x00000000c0188ae0,0x00000000c2b00000)
 Metaspace       used 5990K, capacity 6896K, committed 7040K, reserved 1056768K
  class space    used 602K, capacity 616K, committed 640K, reserved 1048576K
Event: 2.081 GC heap after
Heap after GC invocations=2 (full 0):
 PSYoungGen      total 35328K, used 2547K [0x00000000eab00000, 0x00000000ed000000, 0x0000000100000000)
  eden space 32768K, 0% used [0x00000000eab00000,0x00000000eab00000,0x00000000ecb00000)
  from space 2560K, 99% used [0x00000000ecd80000,0x00000000ecffce10,0x00000000ed000000)
  to   space 2560K, 0% used [0x00000000ecb00000,0x00000000ecb00000,0x00000000ecd80000)
 ParOldGen       total 44032K, used 4308K [0x00000000c0000000, 0x00000000c2b00000, 0x00000000eab00000)
  object space 44032K, 9% used [0x00000000c0000000,0x00000000c0435330,0x00000000c2b00000)
 Metaspace       used 5990K, capacity 6896K, committed 7040K, reserved 1056768K
  class space    used 602K, capacity 616K, committed 640K, reserved 1048576K
}
Event: 3.477 GC heap before
{Heap before GC invocations=3 (full 0):
 PSYoungGen      total 35328K, used 35315K [0x00000000eab00000, 0x00000000ed000000, 0x0000000100000000)
  eden space 32768K, 100% used [0x00000000eab00000,0x00000000ecb00000,0x00000000ecb00000)
  from space 2560K, 99% used [0x00000000ecd80000,0x00000000ecffce10,0x00000000ed000000)
  to   space 2560K, 0% used [0x00000000ecb00000,0x00000000ecb00000,0x00000000ecd80000)
 ParOldGen       total 44032K, used 4308K [0x00000000c0000000, 0x00000000c2b00000, 0x00000000eab00000)
  object space 44032K, 9% used [0x00000000c0000000,0x00000000c0435330,0x00000000c2b00000)
 Metaspace       used 6241K, capacity 7064K, committed 7424K, reserved 1056768K
  class space    used 622K, capacity 656K, committed 768K, reserved 1048576K
Event: 3.498 GC heap after
Heap after GC invocations=3 (full 0):
 PSYoungGen      total 35328K, used 2552K [0x00000000eab00000, 0x00000000ef000000, 0x0000000100000000)
  eden space 32768K, 0% used [0x00000000eab00000,0x00000000eab00000,0x00000000ecb00000)
  from space 2560K, 99% used [0x00000000ecb00000,0x00000000ecd7e110,0x00000000ecd80000)
  to   space 2560K, 0% used [0x00000000eed80000,0x00000000eed80000,0x00000000ef000000)
 ParOldGen       total 44032K, used 9332K [0x00000000c0000000, 0x00000000c2b00000, 0x00000000eab00000)
  object space 44032K, 21% used [0x00000000c0000000,0x00000000c091d360,0x00000000c2b00000)
 Metaspace       used 6241K, capacity 7064K, committed 7424K, reserved 1056768K
  class space    used 622K, capacity 656K, committed 768K, reserved 1048576K
}
Event: 4.023 GC heap before
{Heap before GC invocations=4 (full 0):
 PSYoungGen      total 35328K, used 35320K [0x00000000eab00000, 0x00000000ef000000, 0x0000000100000000)
  eden space 32768K, 100% used [0x00000000eab00000,0x00000000ecb00000,0x00000000ecb00000)
  from space 2560K, 99% used [0x00000000ecb00000,0x00000000ecd7e110,0x00000000ecd80000)
  to   space 2560K, 0% used [0x00000000eed80000,0x00000000eed80000,0x00000000ef000000)
 ParOldGen       total 44032K, used 9332K [0x00000000c0000000, 0x00000000c2b00000, 0x00000000eab00000)
  object space 44032K, 21% used [0x00000000c0000000,0x00000000c091d360,0x00000000c2b00000)
 Metaspace       used 6299K, capacity 7128K, committed 7424K, reserved 1056768K
  class space    used 622K, capacity 656K, committed 768K, reserved 1048576K
Event: 4.051 GC heap after
Heap after GC invocations=4 (full 0):
 PSYoungGen      total 68096K, used 2552K [0x00000000eab00000, 0x00000000ef000000, 0x0000000100000000)
  eden space 65536K, 0% used [0x00000000eab00000,0x00000000eab00000,0x00000000eeb00000)
  from space 2560K, 99% used [0x00000000eed80000,0x00000000eeffe138,0x00000000ef000000)
  to   space 2560K, 0% used [0x00000000eeb00000,0x00000000eeb00000,0x00000000eed80000)
 ParOldGen       total 44032K, used 14548K [0x00000000c0000000, 0x00000000c2b00000, 0x00000000eab00000)
  object space 44032K, 33% used [0x00000000c0000000,0x00000000c0e35008,0x00000000c2b00000)
 Metaspace       used 6299K, capacity 7128K, committed 7424K, reserved 1056768K
  class space    used 622K, capacity 656K, committed 768K, reserved 1048576K
}

Deoptimization events (10 events):
Event: 2.707 Thread 0x000000001680d000 Uncommon trap: reason=class_check action=maybe_recompile pc=0x0000000002a9e968 method=com.android.dx.cf.code.BytecodeArray.parseInstruction(ILcom/android/dx/cf/code/BytecodeArray$Visitor;)I @ 987
Event: 2.708 Thread 0x000000001680d000 Uncommon trap: reason=class_check action=maybe_recompile pc=0x0000000002a9e968 method=com.android.dx.cf.code.BytecodeArray.parseInstruction(ILcom/android/dx/cf/code/BytecodeArray$Visitor;)I @ 987
Event: 2.721 Thread 0x000000001680d000 Uncommon trap: reason=class_check action=maybe_recompile pc=0x0000000002a9e968 method=com.android.dx.cf.code.BytecodeArray.parseInstruction(ILcom/android/dx/cf/code/BytecodeArray$Visitor;)I @ 987
Event: 2.721 Thread 0x000000001680d000 Uncommon trap: reason=class_check action=maybe_recompile pc=0x0000000002a9e968 method=com.android.dx.cf.code.BytecodeArray.parseInstruction(ILcom/android/dx/cf/code/BytecodeArray$Visitor;)I @ 987
Event: 2.776 Thread 0x0000000016876000 Uncommon trap: reason=unstable_if action=reinterpret pc=0x000000000282e2e4 method=com.android.dx.rop.code.LocalItem.hashCode()I @ 25
Event: 2.777 Thread 0x00000000167c4800 Uncommon trap: reason=unstable_if action=reinterpret pc=0x00000000028ad6fc method=com.android.dx.rop.code.RegisterSpec.equals(ILcom/android/dx/rop/type/TypeBearer;Lcom/android/dx/rop/code/LocalItem;)Z @ 42
Event: 2.840 Thread 0x000000001680e000 Uncommon trap: reason=unstable_if action=reinterpret pc=0x0000000002ae1e40 method=com.android.dx.rop.code.LocalItem.hashCode()I @ 25
Event: 3.438 Thread 0x000000001680d000 Uncommon trap: reason=class_check action=maybe_recompile pc=0x0000000002b38878 method=com.android.dx.cf.code.BytecodeArray.parseInstruction(ILcom/android/dx/cf/code/BytecodeArray$Visitor;)I @ 1287
Event: 3.470 Thread 0x000000001680d000 Uncommon trap: reason=class_check action=maybe_recompile pc=0x0000000002b38878 method=com.android.dx.cf.code.BytecodeArray.parseInstruction(ILcom/android/dx/cf/code/BytecodeArray$Visitor;)I @ 1287
Event: 3.782 Thread 0x00000000167c4800 Uncommon trap: reason=unstable_if action=reinterpret pc=0x0000000002b54cb8 method=com.android.dx.rop.code.RegisterSpecSet.localItemToSpec(Lcom/android/dx/rop/code/LocalItem;)Lcom/android/dx/rop/code/RegisterSpec; @ 35

Internal exceptions (6 events):
Event: 0.039 Thread 0x0000000002470800 Exception <a 'java/lang/NoSuchMethodError': Method sun.misc.Unsafe.defineClass(Ljava/lang/String;[BII)Ljava/lang/Class; name or signature does not match> (0x00000000eab0d440) thrown at [C:\re\workspace\8-2-build-windows-amd64-cygwin\jdk8u60\4407\hotspot\sre⁄3∆Î§?
Event: 0.039 Thread 0x0000000002470800 Exception <a 'java/lang/NoSuchMethodError': Method sun.misc.Unsafe.prefetchRead(Ljava/lang/Object;J)V name or signature does not match> (0x00000000eab0d728) thrown at [C:\re\workspace\8-2-build-windows-amd64-cygwin\jdk8u60\4407\hotspot\src\share\vm\prims\jD8êÁ:—@
Event: 2.227 Thread 0x0000000016876000 Exception <a 'java/lang/ArrayIndexOutOfBoundsException': 18> (0x00000000eb1860d8) thrown at [C:\re\workspace\8-2-build-windows-amd64-cygwin\jdk8u60\4407\hotspot\src\share\vm\interpreter\interpreterRuntime.cpp, line 366]
Event: 2.228 Thread 0x0000000016876000 Exception <a 'java/lang/ArrayIndexOutOfBoundsException'> (0x00000000eb187c58) thrown at [C:\re\workspace\8-2-build-windows-amd64-cygwin\jdk8u60\4407\hotspot\src\share\vm\runtime\sharedRuntime.cpp, line 605]
Event: 2.267 Thread 0x0000000016876000 Exception <a 'java/lang/ArrayIndexOutOfBoundsException'> (0x00000000eb188f40) thrown at [C:\re\workspace\8-2-build-windows-amd64-cygwin\jdk8u60\4407\hotspot\src\share\vm\runtime\sharedRuntime.cpp, line 605]
Event: 2.357 Thread 0x000000001680e000 Implicit null exception at 0x0000000002838353 to 0x000000000283a511

Events (10 events):
Event: 3.470 Thread 0x000000001680d000 DEOPT UNPACKING pc=0x00000000025b582a sp=0x0000000016e7eb50 mode 2
Event: 3.473 Executing VM operation: ParallelGCFailedAllocation
Event: 3.499 Executing VM operation: ParallelGCFailedAllocation done
Event: 3.782 Thread 0x00000000167c4800 Uncommon trap: trap_request=0xffffff65 fr.pc=0x0000000002b54cb8
Event: 3.782 Thread 0x00000000167c4800 DEOPT PACKING pc=0x0000000002b54cb8 sp=0x000000001707ee00
Event: 3.782 Thread 0x00000000167c4800 DEOPT UNPACKING pc=0x00000000025b582a sp=0x000000001707ed68 mode 2
Event: 4.023 Executing VM operation: ParallelGCFailedAllocation
Event: 4.051 Executing VM operation: ParallelGCFailedAllocation done
Event: 4.164 Executing VM operation: EnableBiasedLocking
Event: 4.172 Executing VM operation: EnableBiasedLocking done


Dynamic libraries:
0x00007ff7c5620000 - 0x00007ff7c5657000 	C:\Program Files\Java\jdk1.8.0_60\bin\java.exe
0x00007ff81eea0000 - 0x00007ff81f061000 	C:\Windows\SYSTEM32\ntdll.dll
0x00007ff81ec80000 - 0x00007ff81ed2d000 	C:\Windows\system32\KERNEL32.DLL
0x00007ff81bd10000 - 0x00007ff81bef8000 	C:\Windows\system32\KERNELBASE.dll
0x00007ff81e0c0000 - 0x00007ff81e167000 	C:\Windows\system32\ADVAPI32.dll
0x00007ff81e830000 - 0x00007ff81e8cd000 	C:\Windows\system32\msvcrt.dll
0x00007ff81c5b0000 - 0x00007ff81c60b000 	C:\Windows\system32\sechost.dll
0x00007ff81db70000 - 0x00007ff81dc8c000 	C:\Windows\system32\RPCRT4.dll
0x00007ff81ed30000 - 0x00007ff81ee86000 	C:\Windows\system32\USER32.dll
0x00007ff81de60000 - 0x00007ff81dfe6000 	C:\Windows\system32\GDI32.dll
0x00007ff80ed20000 - 0x00007ff80ef94000 	C:\Windows\WinSxS\amd64_microsoft.windows.common-controls_6595b64144ccf1df_6.0.10586.494_none_a2d8b04ea53e3145\COMCTL32.dll
0x00007ff81e8d0000 - 0x00007ff81eb4d000 	C:\Windows\system32\combase.dll
0x00007ff81b5c0000 - 0x00007ff81b62a000 	C:\Windows\system32\bcryptPrimitives.dll
0x00007ff81c310000 - 0x00007ff81c34b000 	C:\Windows\system32\IMM32.DLL
0x000000005b9f0000 - 0x000000005bac2000 	C:\Program Files\Java\jdk1.8.0_60\jre\bin\msvcr100.dll
0x000000005bf90000 - 0x000000005c819000 	C:\Program Files\Java\jdk1.8.0_60\jre\bin\server\jvm.dll
0x00007ff81e320000 - 0x00007ff81e328000 	C:\Windows\system32\PSAPI.DLL
0x00007ffff3a80000 - 0x00007ffff3a89000 	C:\Windows\SYSTEM32\WSOCK32.dll
0x00007ff819bf0000 - 0x00007ff819c13000 	C:\Windows\SYSTEM32\WINMM.dll
0x00007ff81e330000 - 0x00007ff81e39b000 	C:\Windows\system32\WS2_32.dll
0x00007ff810030000 - 0x00007ff81003a000 	C:\Windows\SYSTEM32\VERSION.dll
0x00007ff819b60000 - 0x00007ff819b8c000 	C:\Windows\SYSTEM32\WINMMBASE.dll
0x00007ff81b570000 - 0x00007ff81b5b3000 	C:\Windows\system32\cfgmgr32.dll
0x000000005bea0000 - 0x000000005beaf000 	C:\Program Files\Java\jdk1.8.0_60\jre\bin\verify.dll
0x000000005be70000 - 0x000000005be99000 	C:\Program Files\Java\jdk1.8.0_60\jre\bin\java.dll
0x000000005be50000 - 0x000000005be66000 	C:\Program Files\Java\jdk1.8.0_60\jre\bin\zip.dll
0x00007ff81c610000 - 0x00007ff81db6c000 	C:\Windows\system32\SHELL32.dll
0x00007ff81b630000 - 0x00007ff81bc75000 	C:\Windows\system32\windows.storage.dll
0x00007ff81c2b0000 - 0x00007ff81c302000 	C:\Windows\system32\shlwapi.dll
0x00007ff81b530000 - 0x00007ff81b53f000 	C:\Windows\system32\kernel.appcore.dll
0x00007ff81bf00000 - 0x00007ff81bfb5000 	C:\Windows\system32\shcore.dll
0x00007ff81b4e0000 - 0x00007ff81b52b000 	C:\Windows\system32\powrprof.dll
0x00007ff81b4c0000 - 0x00007ff81b4d4000 	C:\Windows\system32\profapi.dll

VM Arguments:
jvm_args: -Djava.awt.headless=true -Xmx1024M -Dfile.encoding=windows-1252 -Duser.country=IN -Duser.language=en -Duser.variant 
java_command: com.android.dx.command.Main --dex --force-jumbo --num-threads=4 --multi-dex --output E:\work\HomeImage\app\build\intermediates\transforms\dex\debug\folders\1000\10\com.android.support-support-core-ui-24.2.0_13da838ca8c3d26fac2840462fc835bc1b1b46dc E:\work\HomeImage\app\build\intermediates\exploded-aar\com.android.support\support-core-ui\24.2.0\jars\classes.jar
java_class_path (initial): E:\Android\sdk\build-tools\24.0.2\lib\dx.jar
Launcher Type: SUN_STANDARD

Environment Variables:
PATH=C:\ProgramData\Oracle\Java\javapath;C:\Program Files (x86)\Intel\iCLS Client\;C:\Program Files\Intel\iCLS Client\;C:\Windows\system32;C:\Windows;C:\Windows\System32\Wbem;C:\Windows\System32\WindowsPowerShell\v1.0\;C:\Program Files (x86)\AMD\ATI.ACE\Core-Static;C:\Program Files\Intel\Intel(R) Management Engine Components\DAL;C:\Program Files\Intel\Intel(R) Management Engine Components\IPT;C:\Program Files (x86)\Intel\Intel(R) Management Engine Components\DAL;C:\Program Files (x86)\Intel\Intel(R) Management Engine Components\IPT;E:\Android\sdk\ndk-bundle;E:\Android\sdk\platform-tools;C:\Program Files (x86)\Skype\Phone\;C:\Program Files (x86)\Windows Live\Shared
USERNAME=Family
OS=Windows_NT
PROCESSOR_IDENTIFIER=Intel64 Family 6 Model 69 Stepping 1, GenuineIntel



---------------  S Y S T E M  ---------------

OS: Windows 10.0 , 64 bit Build 10586 (10.0.10586.0)

CPU:total 4 (2 cores per cpu, 2 threads per core) family 6 model 69 stepping 1, cmov, cx8, fxsr, mmx, sse, sse2, sse3, ssse3, sse4.1, sse4.2, popcnt, avx, avx2, aes, clmul, erms, lzcnt, ht, tsc, tscinvbit, bmi1, bmi2

Memory: 4k page, physical 4072408k(404412k free), swap 7498696k(7552k free)

vm_info: Java HotSpot(TM) 64-Bit Server VM (25.60-b23) for windows-amd64 JRE (1.8.0_60-b27), built on Aug  4 2015 11:06:27 by "java_re" with MS VC++ 10.0 (VS2010)

time: Thu Sep 08 14:29:07 2016
elapsed time: 4 seconds (0d 0h 0m 4s)

