#
# There is insufficient memory for the Java Runtime Environment to continue.
# Native memory allocation (malloc) failed to allocate 708976 bytes for Chunk::new
# Possible reasons:
#   The system is out of physical RAM or swap space
#   In 32 bit mode, the process size limit was hit
# Possible solutions:
#   Reduce memory load on the system
#   Increase physical memory or swap space
#   Check if swap backing store is full
#   Use 64 bit Java on a 64 bit OS
#   Decrease Java heap size (-Xmx/-Xms)
#   Decrease number of Java threads
#   Decrease Java thread stack sizes (-Xss)
#   Set larger code cache with -XX:ReservedCodeCacheSize=
# This output file may be truncated or incomplete.
#
#  Out of Memory Error (allocation.cpp:390), pid=11516, tid=968
#
# JRE version: Java(TM) SE Runtime Environment (8.0_60-b27) (build 1.8.0_60-b27)
# Java VM: Java HotSpot(TM) 64-Bit Server VM (25.60-b23 mixed mode windows-amd64 compressed oops)
# Failed to write core dump. Minidumps are not enabled by default on client versions of Windows
#

---------------  T H R E A D  ---------------

Current thread (0x0000000014bba800):  JavaThread "C2 CompilerThread0" daemon [_thread_in_native, id=968, stack(0x0000000016120000,0x0000000016220000)]

Stack: [0x0000000016120000,0x0000000016220000]
[error occurred during error reporting (printing stack bounds), id 0xc0000005]

Native frames: (J=compiled Java code, j=interpreted, Vv=VM code, C=native code)


Current CompileTask:
C2:   4137 1256       4       com.android.dx.ssa.SCCP::simulateStmt (481 bytes)


---------------  P R O C E S S  ---------------

Java Threads: ( => current thread )
  0x000000001650a800 JavaThread "pool-2-thread-4" [_thread_blocked, id=1236, stack(0x0000000016e20000,0x0000000016f20000)]
  0x0000000016509800 JavaThread "pool-2-thread-3" [_thread_blocked, id=11012, stack(0x0000000016d20000,0x0000000016e20000)]
  0x0000000016507800 JavaThread "pool-2-thread-2" [_thread_in_vm, id=10948, stack(0x0000000016c20000,0x0000000016d20000)]
  0x00000000164d2000 JavaThread "pool-3-thread-1" [_thread_blocked, id=11536, stack(0x0000000016b20000,0x0000000016c20000)]
  0x00000000164ce000 JavaThread "pool-2-thread-1" [_thread_blocked, id=11836, stack(0x0000000016a20000,0x0000000016b20000)]
  0x0000000014c1e000 JavaThread "Service Thread" daemon [_thread_blocked, id=11488, stack(0x0000000016820000,0x0000000016920000)]
  0x0000000016328800 JavaThread "C1 CompilerThread2" daemon [_thread_in_native, id=9336, stack(0x0000000016720000,0x0000000016820000)]
  0x0000000014bc0000 JavaThread "C2 CompilerThread1" daemon [_thread_in_native, id=5284, stack(0x0000000016220000,0x0000000016320000)]
=>0x0000000014bba800 JavaThread "C2 CompilerThread0" daemon [_thread_in_native, id=968, stack(0x0000000016120000,0x0000000016220000)]
  0x0000000014bb8800 JavaThread "Attach Listener" daemon [_thread_blocked, id=11740, stack(0x0000000016020000,0x0000000016120000)]
  0x0000000014bb7800 JavaThread "Signal Dispatcher" daemon [_thread_blocked, id=10004, stack(0x0000000015f20000,0x0000000016020000)]
  0x00000000024e0800 JavaThread "Finalizer" daemon [_thread_blocked, id=11288, stack(0x0000000015e20000,0x0000000015f20000)]
  0x00000000024dd000 JavaThread "Reference Handler" daemon [_thread_blocked, id=7084, stack(0x0000000015d20000,0x0000000015e20000)]
  0x00000000023f0800 JavaThread "main" [_thread_blocked, id=9828, stack(0x00000000021f0000,0x00000000022f0000)]

Other Threads:
  0x0000000014b88000 VMThread [stack: 0x0000000015c20000,0x0000000015d20000] [id=4128]
  0x0000000016331800 WatcherThread [stack: 0x0000000016920000,0x0000000016a20000] [id=9528]

VM state:not at safepoint (normal execution)

VM Mutex/Monitor currently owned by a thread: None

Heap:
 PSYoungGen      total 18944K, used 14784K [0x00000000eab00000, 0x00000000ed000000, 0x0000000100000000)
  eden space 16384K, 74% used [0x00000000eab00000,0x00000000eb6f26e8,0x00000000ebb00000)
  from space 2560K, 99% used [0x00000000ebb00000,0x00000000ebd7dc78,0x00000000ebd80000)
  to   space 2560K, 0% used [0x00000000ecd80000,0x00000000ecd80000,0x00000000ed000000)
 ParOldGen       total 44032K, used 1501K [0x00000000c0000000, 0x00000000c2b00000, 0x00000000eab00000)
  object space 44032K, 3% used [0x00000000c0000000,0x00000000c01776f0,0x00000000c2b00000)
 Metaspace       used 6006K, capacity 6960K, committed 7040K, reserved 1056768K
  class space    used 601K, capacity 616K, committed 640K, reserved 1048576K

Card table byte_map: [0x00000000118b0000,0x0000000011ac0000] byte_map_base: 0x00000000112b0000

Marking Bits: (ParMarkBitMap*) 0x0000000056f3a5b0
 Begin Bits: [0x0000000012020000, 0x0000000013020000)
 End Bits:   [0x0000000013020000, 0x0000000014020000)

Polling page: 0x0000000000990000

CodeCache: size=245760Kb used=5237Kb max_used=5237Kb free=240523Kb
 bounds [0x00000000024f0000, 0x0000000002a20000, 0x00000000114f0000]
 total_blobs=1526 nmethods=1257 adapters=182
 compilation: enabled

Compilation events (10 events):
Event: 4.076 Thread 0x0000000014bba800 1254       4       java.util.HashMap::put (13 bytes)
Event: 4.076 Thread 0x0000000014bc0000 1255       4       com.android.dx.ssa.SsaRenamer$BlockRenamer::processResultReg (56 bytes)
Event: 4.091 Thread 0x0000000014bba800 nmethod 1254 0x0000000002a093d0 code [0x0000000002a095a0, 0x0000000002a09de8]
Event: 4.091 Thread 0x0000000014bba800 1256       4       com.android.dx.ssa.SCCP::simulateStmt (481 bytes)
Event: 4.093 Thread 0x0000000014bc0000 nmethod 1255 0x0000000002a11050 code [0x0000000002a111e0, 0x0000000002a11a08]
Event: 4.094 Thread 0x0000000016328800 1257       3       com.android.dx.ssa.PhiInsn::predBlocksForReg (73 bytes)
Event: 4.096 Thread 0x0000000016328800 nmethod 1257 0x0000000002a0f1d0 code [0x0000000002a0f440, 0x0000000002a10498]
Event: 4.097 Thread 0x0000000016328800 1258       3       com.android.dx.util.LabeledList::<init> (57 bytes)
Event: 4.098 Thread 0x0000000016328800 nmethod 1258 0x0000000002a12390 code [0x0000000002a125c0, 0x0000000002a13278]
Event: 4.100 Thread 0x0000000014bc0000 1259 %     4       com.android.dx.rop.code.RopMethod::calcPredecessors @ 91 (227 bytes)

GC Heap History (2 events):
Event: 3.154 GC heap before
{Heap before GC invocations=1 (full 0):
 PSYoungGen      total 18944K, used 16384K [0x00000000eab00000, 0x00000000ec000000, 0x0000000100000000)
  eden space 16384K, 100% used [0x00000000eab00000,0x00000000ebb00000,0x00000000ebb00000)
  from space 2560K, 0% used [0x00000000ebd80000,0x00000000ebd80000,0x00000000ec000000)
  to   space 2560K, 0% used [0x00000000ebb00000,0x00000000ebb00000,0x00000000ebd80000)
 ParOldGen       total 44032K, used 0K [0x00000000c0000000, 0x00000000c2b00000, 0x00000000eab00000)
  object space 44032K, 0% used [0x00000000c0000000,0x00000000c0000000,0x00000000c2b00000)
 Metaspace       used 5770K, capacity 6768K, committed 7040K, reserved 1056768K
  class space    used 597K, capacity 616K, committed 640K, reserved 1048576K
Event: 3.324 GC heap after
Heap after GC invocations=1 (full 0):
 PSYoungGen      total 18944K, used 2551K [0x00000000eab00000, 0x00000000ed000000, 0x0000000100000000)
  eden space 16384K, 0% used [0x00000000eab00000,0x00000000eab00000,0x00000000ebb00000)
  from space 2560K, 99% used [0x00000000ebb00000,0x00000000ebd7dc78,0x00000000ebd80000)
  to   space 2560K, 0% used [0x00000000ecd80000,0x00000000ecd80000,0x00000000ed000000)
 ParOldGen       total 44032K, used 1501K [0x00000000c0000000, 0x00000000c2b00000, 0x00000000eab00000)
  object space 44032K, 3% used [0x00000000c0000000,0x00000000c01776f0,0x00000000c2b00000)
 Metaspace       used 5770K, capacity 6768K, committed 7040K, reserved 1056768K
  class space    used 597K, capacity 616K, committed 640K, reserved 1048576K
}

Deoptimization events (10 events):
Event: 2.749 Thread 0x00000000164ce000 Uncommon trap: reason=class_check action=maybe_recompile pc=0x00000000027422b0 method=com.android.dx.ssa.NormalSsaInsn.accept(Lcom/android/dx/ssa/SsaInsn$Visitor;)V @ 9
Event: 2.752 Thread 0x0000000016509800 Uncommon trap: reason=unstable_if action=reinterpret pc=0x0000000002710224 method=java.util.HashMap.getNode(ILjava/lang/Object;)Ljava/util/HashMap$Node; @ 129
Event: 2.784 Thread 0x0000000016509800 Uncommon trap: reason=unstable_if action=reinterpret pc=0x000000000273fb70 method=java.util.BitSet.ensureCapacity(I)V @ 6
Event: 3.070 Thread 0x00000000023f0800 Uncommon trap: reason=unstable_if action=reinterpret pc=0x000000000273f834 method=java.util.BitSet.ensureCapacity(I)V @ 6
Event: 3.070 Thread 0x00000000023f0800 Uncommon trap: reason=unstable_if action=reinterpret pc=0x000000000273efb0 method=java.util.BitSet.nextSetBit(I)I @ 87
Event: 3.399 Thread 0x0000000016507800 Uncommon trap: reason=null_check action=make_not_entrant pc=0x00000000027cfaf0 method=com.android.dx.ssa.SsaRenamer.getLocalForNewReg(I)Lcom/android/dx/rop/code/LocalItem; @ 19
Event: 4.010 Thread 0x0000000016509800 Uncommon trap: reason=unstable_if action=reinterpret pc=0x00000000027dbb5c method=com.android.dx.rop.cst.Constant.compareTo(Lcom/android/dx/rop/cst/Constant;)I @ 12
Event: 4.031 Thread 0x0000000016509800 Uncommon trap: reason=uninitialized action=reinterpret pc=0x00000000029baf5c method=com.android.dx.cf.code.BytecodeArray.parseInstruction(ILcom/android/dx/cf/code/BytecodeArray$Visitor;)I @ 1063
Event: 4.035 Thread 0x0000000016509800 Uncommon trap: reason=bimorphic action=maybe_recompile pc=0x000000000273c730 method=java.util.HashMap.getNode(ILjava/lang/Object;)Ljava/util/HashMap$Node; @ 126
Event: 4.035 Thread 0x0000000016509800 Uncommon trap: reason=class_check action=maybe_recompile pc=0x00000000029aee7c method=java.util.HashMap.putVal(ILjava/lang/Object;Ljava/lang/Object;ZZ)Ljava/lang/Object; @ 203

Internal exceptions (3 events):
Event: 0.130 Thread 0x00000000023f0800 Exception <a 'java/lang/NoSuchMethodError': Method sun.misc.Unsafe.defineClass(Ljava/lang/String;[BII)Ljava/lang/Class; name or signature does not match> (0x00000000eab0d5e8) thrown at [C:\re\workspace\8-2-build-windows-amd64-cygwin\jdk8u60\4407\hotspot\sr°XèΩú¿?
Event: 0.130 Thread 0x00000000023f0800 Exception <a 'java/lang/NoSuchMethodError': Method sun.misc.Unsafe.prefetchRead(Ljava/lang/Object;J)V name or signature does not match> (0x00000000eab0d8d0) thrown at [C:\re\workspace\8-2-build-windows-amd64-cygwin\jdk8u60\4407\hotspot\src\share\vm\prims\jò¿⁄1@
Event: 3.399 Thread 0x0000000016507800 Implicit null exception at 0x00000000027cd8f3 to 0x00000000027cfaad

Events (10 events):
Event: 4.031 Thread 0x0000000016509800 DEOPT PACKING pc=0x00000000029baf5c sp=0x0000000016e1e770
Event: 4.031 Thread 0x0000000016509800 DEOPT UNPACKING pc=0x000000000253582a sp=0x0000000016e1e6f0 mode 2
Event: 4.035 Thread 0x0000000016509800 Uncommon trap: trap_request=0xffffffc6 fr.pc=0x000000000273c730
Event: 4.035 Thread 0x0000000016509800 DEOPT PACKING pc=0x000000000273c730 sp=0x0000000016e1e6d0
Event: 4.035 Thread 0x0000000016509800 DEOPT UNPACKING pc=0x000000000253582a sp=0x0000000016e1e5e8 mode 2
Event: 4.035 Thread 0x0000000016509800 Uncommon trap: trap_request=0xffffffde fr.pc=0x00000000029aee7c
Event: 4.035 Thread 0x0000000016509800 DEOPT PACKING pc=0x00000000029aee7c sp=0x0000000016e1e600
Event: 4.035 Thread 0x0000000016509800 DEOPT UNPACKING pc=0x000000000253582a sp=0x0000000016e1e588 mode 2
Event: 4.066 Executing VM operation: ForceSafepoint
Event: 4.067 Executing VM operation: ForceSafepoint done


Dynamic libraries:
0x00007ff7abe70000 - 0x00007ff7abea7000 	C:\Program Files\Java\jdk1.8.0_60\bin\java.exe
0x00007ffb5dad0000 - 0x00007ffb5dc91000 	C:\Windows\SYSTEM32\ntdll.dll
0x00007ffb5af30000 - 0x00007ffb5afdd000 	C:\Windows\system32\KERNEL32.DLL
0x00007ffb5abe0000 - 0x00007ffb5adc8000 	C:\Windows\system32\KERNELBASE.dll
0x00007ffb5b250000 - 0x00007ffb5b2f7000 	C:\Windows\system32\ADVAPI32.dll
0x00007ffb5b960000 - 0x00007ffb5b9fd000 	C:\Windows\system32\msvcrt.dll
0x00007ffb5aed0000 - 0x00007ffb5af2b000 	C:\Windows\system32\sechost.dll
0x00007ffb5ba00000 - 0x00007ffb5bb1c000 	C:\Windows\system32\RPCRT4.dll
0x00007ffb5b040000 - 0x00007ffb5b196000 	C:\Windows\system32\USER32.dll
0x00007ffb5b450000 - 0x00007ffb5b5d6000 	C:\Windows\system32\GDI32.dll
0x00007ffb4f9d0000 - 0x00007ffb4fc44000 	C:\Windows\WinSxS\amd64_microsoft.windows.common-controls_6595b64144ccf1df_6.0.10586.589_none_a2ddb3caa539acce\COMCTL32.dll
0x00007ffb5d7e0000 - 0x00007ffb5da5d000 	C:\Windows\system32\combase.dll
0x00007ffb5a180000 - 0x00007ffb5a1ea000 	C:\Windows\system32\bcryptPrimitives.dll
0x00007ffb5bb20000 - 0x00007ffb5bb5b000 	C:\Windows\system32\IMM32.DLL
0x00000000561d0000 - 0x00000000562a2000 	C:\Program Files\Java\jdk1.8.0_60\jre\bin\msvcr100.dll
0x0000000056730000 - 0x0000000056fb9000 	C:\Program Files\Java\jdk1.8.0_60\jre\bin\server\jvm.dll
0x00007ffb5d580000 - 0x00007ffb5d588000 	C:\Windows\system32\PSAPI.DLL
0x00007ffb49200000 - 0x00007ffb49209000 	C:\Windows\SYSTEM32\WSOCK32.dll
0x00007ffb5b5e0000 - 0x00007ffb5b64b000 	C:\Windows\system32\WS2_32.dll
0x00007ffb586f0000 - 0x00007ffb58713000 	C:\Windows\SYSTEM32\WINMM.dll
0x00007ffb4dee0000 - 0x00007ffb4deea000 	C:\Windows\SYSTEM32\VERSION.dll
0x00007ffb58690000 - 0x00007ffb586bc000 	C:\Windows\SYSTEM32\WINMMBASE.dll
0x00007ffb5add0000 - 0x00007ffb5ae13000 	C:\Windows\system32\cfgmgr32.dll
0x0000000056640000 - 0x000000005664f000 	C:\Program Files\Java\jdk1.8.0_60\jre\bin\verify.dll
0x0000000056610000 - 0x0000000056639000 	C:\Program Files\Java\jdk1.8.0_60\jre\bin\java.dll
0x00000000565f0000 - 0x0000000056606000 	C:\Program Files\Java\jdk1.8.0_60\jre\bin\zip.dll
0x00007ffb5c000000 - 0x00007ffb5d55c000 	C:\Windows\system32\SHELL32.dll
0x00007ffb5a2b0000 - 0x00007ffb5a8f5000 	C:\Windows\system32\windows.storage.dll
0x00007ffb5d590000 - 0x00007ffb5d5e2000 	C:\Windows\system32\shlwapi.dll
0x00007ffb5a110000 - 0x00007ffb5a11f000 	C:\Windows\system32\kernel.appcore.dll
0x00007ffb5a1f0000 - 0x00007ffb5a2a5000 	C:\Windows\system32\shcore.dll
0x00007ffb5a120000 - 0x00007ffb5a16b000 	C:\Windows\system32\powrprof.dll
0x00007ffb5a0f0000 - 0x00007ffb5a104000 	C:\Windows\system32\profapi.dll

VM Arguments:
jvm_args: -Djava.awt.headless=true -Xmx1024M -Dfile.encoding=windows-1252 -Duser.country=IN -Duser.language=en -Duser.variant 
java_command: com.android.dx.command.Main --dex --force-jumbo --num-threads=4 --multi-dex --output E:\work\HomeImage\app\build\intermediates\transforms\dex\debug\folders\1000\10\com.android.support-support-core-utils-24.2.0_bebe11c5ca97840a980c8e906a1e6a473987595d E:\work\HomeImage\app\build\intermediates\exploded-aar\com.android.support\support-core-utils\24.2.0\jars\classes.jar
java_class_path (initial): E:\Android\sdk\build-tools\24.0.2\lib\dx.jar
Launcher Type: SUN_STANDARD

Environment Variables:
PATH=C:\ProgramData\Oracle\Java\javapath;C:\Program Files (x86)\Intel\iCLS Client\;C:\Program Files\Intel\iCLS Client\;C:\Windows\system32;C:\Windows;C:\Windows\System32\Wbem;C:\Windows\System32\WindowsPowerShell\v1.0\;C:\Program Files (x86)\AMD\ATI.ACE\Core-Static;C:\Program Files\Intel\Intel(R) Management Engine Components\DAL;C:\Program Files\Intel\Intel(R) Management Engine Components\IPT;C:\Program Files (x86)\Intel\Intel(R) Management Engine Components\DAL;C:\Program Files (x86)\Intel\Intel(R) Management Engine Components\IPT;E:\Android\sdk\ndk-bundle;E:\Android\sdk\platform-tools;C:\Program Files (x86)\Skype\Phone\;C:\Program Files (x86)\Windows Live\Shared
USERNAME=Family
OS=Windows_NT
PROCESSOR_IDENTIFIER=Intel64 Family 6 Model 69 Stepping 1, GenuineIntel



---------------  S Y S T E M  ---------------

OS: Windows 10.0 , 64 bit Build 10586 (10.0.10586.589)

CPU:total 4 (2 cores per cpu, 2 threads per core) family 6 model 69 stepping 1, cmov, cx8, fxsr, mmx, sse, sse2, sse3, ssse3, sse4.1, sse4.2, popcnt, avx, avx2, aes, clmul, erms, lzcnt, ht, tsc, tscinvbit, bmi1, bmi2

Memory: 4k page, physical 4072408k(399272k free), swap 5832536k(8280k free)

vm_info: Java HotSpot(TM) 64-Bit Server VM (25.60-b23) for windows-amd64 JRE (1.8.0_60-b27), built on Aug  4 2015 11:06:27 by "java_re" with MS VC++ 10.0 (VS2010)

time: Tue Sep 20 12:31:23 2016
elapsed time: 4 seconds (0d 0h 0m 4s)

