#
# There is insufficient memory for the Java Runtime Environment to continue.
# Native memory allocation (malloc) failed to allocate 764016 bytes for Chunk::new
# Possible reasons:
#   The system is out of physical RAM or swap space
#   In 32 bit mode, the process size limit was hit
# Possible solutions:
#   Reduce memory load on the system
#   Increase physical memory or swap space
#   Check if swap backing store is full
#   Use 64 bit Java on a 64 bit OS
#   Decrease Java heap size (-Xmx/-Xms)
#   Decrease number of Java threads
#   Decrease Java thread stack sizes (-Xss)
#   Set larger code cache with -XX:ReservedCodeCacheSize=
# This output file may be truncated or incomplete.
#
#  Out of Memory Error (allocation.cpp:390), pid=1304, tid=7508
#
# JRE version: Java(TM) SE Runtime Environment (8.0_60-b27) (build 1.8.0_60-b27)
# Java VM: Java HotSpot(TM) 64-Bit Server VM (25.60-b23 mixed mode windows-amd64 compressed oops)
# Failed to write core dump. Minidumps are not enabled by default on client versions of Windows
#

---------------  T H R E A D  ---------------

Current thread (0x0000000014eb0000):  JavaThread "C2 CompilerThread1" daemon [_thread_in_native, id=7508, stack(0x00000000165f0000,0x00000000166f0000)]

Stack: [0x00000000165f0000,0x00000000166f0000]
[error occurred during error reporting (printing stack bounds), id 0xc0000005]

Native frames: (J=compiled Java code, j=interpreted, Vv=VM code, C=native code)


Current CompileTask:
C2:   2295 1331       4       com.android.dx.ssa.SCCP::simulatePhi (169 bytes)


---------------  P R O C E S S  ---------------

Java Threads: ( => current thread )
  0x0000000016a35800 JavaThread "pool-2-thread-4" [_thread_in_Java, id=6036, stack(0x00000000171f0000,0x00000000172f0000)]
  0x0000000016a35000 JavaThread "pool-2-thread-3" [_thread_blocked, id=3900, stack(0x00000000170f0000,0x00000000171f0000)]
  0x000000001692e800 JavaThread "pool-2-thread-2" [_thread_blocked, id=984, stack(0x0000000016ff0000,0x00000000170f0000)]
  0x000000001692c000 JavaThread "pool-3-thread-1" [_thread_blocked, id=8244, stack(0x0000000016ef0000,0x0000000016ff0000)]
  0x0000000016920800 JavaThread "pool-2-thread-1" [_thread_blocked, id=4300, stack(0x0000000016df0000,0x0000000016ef0000)]
  0x00000000167f5800 JavaThread "Service Thread" daemon [_thread_blocked, id=6344, stack(0x0000000016bf0000,0x0000000016cf0000)]
  0x0000000014f0c000 JavaThread "C1 CompilerThread2" daemon [_thread_blocked, id=6628, stack(0x00000000166f0000,0x00000000167f0000)]
=>0x0000000014eb0000 JavaThread "C2 CompilerThread1" daemon [_thread_in_native, id=7508, stack(0x00000000165f0000,0x00000000166f0000)]
  0x0000000014ea9000 JavaThread "C2 CompilerThread0" daemon [_thread_in_native, id=3148, stack(0x00000000164f0000,0x00000000165f0000)]
  0x0000000014ea7800 JavaThread "Attach Listener" daemon [_thread_blocked, id=3064, stack(0x00000000163f0000,0x00000000164f0000)]
  0x0000000014ea6000 JavaThread "Signal Dispatcher" daemon [_thread_blocked, id=4176, stack(0x00000000162f0000,0x00000000163f0000)]
  0x00000000027d0800 JavaThread "Finalizer" daemon [_thread_blocked, id=8620, stack(0x0000000016110000,0x0000000016210000)]
  0x00000000027cd000 JavaThread "Reference Handler" daemon [_thread_blocked, id=9112, stack(0x0000000016010000,0x0000000016110000)]
  0x00000000026e0800 JavaThread "main" [_thread_in_Java, id=8008, stack(0x00000000025e0000,0x00000000026e0000)]

Other Threads:
  0x0000000014e78000 VMThread [stack: 0x0000000015f10000,0x0000000016010000] [id=5404]
  0x0000000016815800 WatcherThread [stack: 0x0000000016cf0000,0x0000000016df0000] [id=5888]

VM state:not at safepoint (normal execution)

VM Mutex/Monitor currently owned by a thread: None

Heap:
 PSYoungGen      total 18944K, used 16877K [0x00000000eab00000, 0x00000000ed000000, 0x0000000100000000)
  eden space 16384K, 87% used [0x00000000eab00000,0x00000000eb900060,0x00000000ebb00000)
  from space 2560K, 99% used [0x00000000ebb00000,0x00000000ebd7b680,0x00000000ebd80000)
  to   space 2560K, 0% used [0x00000000ecd80000,0x00000000ecd80000,0x00000000ed000000)
 ParOldGen       total 44032K, used 7391K [0x00000000c0000000, 0x00000000c2b00000, 0x00000000eab00000)
  object space 44032K, 16% used [0x00000000c0000000,0x00000000c0737c40,0x00000000c2b00000)
 Metaspace       used 5876K, capacity 7024K, committed 7296K, reserved 1056768K
  class space    used 581K, capacity 616K, committed 640K, reserved 1048576K

Card table byte_map: [0x0000000011ba0000,0x0000000011db0000] byte_map_base: 0x00000000115a0000

Marking Bits: (ParMarkBitMap*) 0x000000005c79a5b0
 Begin Bits: [0x0000000012310000, 0x0000000013310000)
 End Bits:   [0x0000000013310000, 0x0000000014310000)

Polling page: 0x0000000000de0000

CodeCache: size=245760Kb used=5771Kb max_used=5783Kb free=239988Kb
 bounds [0x00000000027e0000, 0x0000000002d90000, 0x00000000117e0000]
 total_blobs=1638 nmethods=1376 adapters=175
 compilation: enabled

Compilation events (10 events):
Event: 2.231 Thread 0x0000000014ea9000 nmethod 1385 0x0000000002d81f10 code [0x0000000002d820a0, 0x0000000002d82b18]
Event: 2.231 Thread 0x0000000014ea9000 1390       4       com.android.dx.rop.code.BasicBlockList$RegCountVisitor::visitPlainInsn (6 bytes)
Event: 2.237 Thread 0x0000000014ea9000 nmethod 1390 0x0000000002d6da10 code [0x0000000002d6db60, 0x0000000002d6ddd8]
Event: 2.237 Thread 0x0000000014ea9000 1363       4       com.android.dx.cf.code.ExecutionStack::peek (42 bytes)
Event: 2.238 Thread 0x0000000014ea9000 nmethod 1363 0x0000000002d6d6d0 code [0x0000000002d6d820, 0x0000000002d6d8f8]
Event: 2.238 Thread 0x0000000014ea9000 1360       4       java.lang.String::getChars (62 bytes)
Event: 2.240 Thread 0x0000000014ea9000 nmethod 1360 0x0000000002d6d290 code [0x0000000002d6d3e0, 0x0000000002d6d558]
Event: 2.240 Thread 0x0000000014ea9000 1361       4       java.lang.AbstractStringBuilder::append (50 bytes)
Event: 2.248 Thread 0x0000000014ea9000 nmethod 1361 0x0000000002d7b910 code [0x0000000002d7ba60, 0x0000000002d7be18]
Event: 2.248 Thread 0x0000000014ea9000 1364       4       com.android.dx.cf.code.BaseMachine::getLocalTarget (151 bytes)

GC Heap History (6 events):
Event: 0.838 GC heap before
{Heap before GC invocations=1 (full 0):
 PSYoungGen      total 18944K, used 16384K [0x00000000eab00000, 0x00000000ec000000, 0x0000000100000000)
  eden space 16384K, 100% used [0x00000000eab00000,0x00000000ebb00000,0x00000000ebb00000)
  from space 2560K, 0% used [0x00000000ebd80000,0x00000000ebd80000,0x00000000ec000000)
  to   space 2560K, 0% used [0x00000000ebb00000,0x00000000ebb00000,0x00000000ebd80000)
 ParOldGen       total 44032K, used 0K [0x00000000c0000000, 0x00000000c2b00000, 0x00000000eab00000)
  object space 44032K, 0% used [0x00000000c0000000,0x00000000c0000000,0x00000000c2b00000)
 Metaspace       used 5547K, capacity 6704K, committed 6784K, reserved 1056768K
  class space    used 574K, capacity 616K, committed 640K, reserved 1048576K
Event: 0.846 GC heap after
Heap after GC invocations=1 (full 0):
 PSYoungGen      total 18944K, used 2535K [0x00000000eab00000, 0x00000000ec000000, 0x0000000100000000)
  eden space 16384K, 0% used [0x00000000eab00000,0x00000000eab00000,0x00000000ebb00000)
  from space 2560K, 99% used [0x00000000ebb00000,0x00000000ebd79de8,0x00000000ebd80000)
  to   space 2560K, 0% used [0x00000000ebd80000,0x00000000ebd80000,0x00000000ec000000)
 ParOldGen       total 44032K, used 1832K [0x00000000c0000000, 0x00000000c2b00000, 0x00000000eab00000)
  object space 44032K, 4% used [0x00000000c0000000,0x00000000c01ca398,0x00000000c2b00000)
 Metaspace       used 5547K, capacity 6704K, committed 6784K, reserved 1056768K
  class space    used 574K, capacity 616K, committed 640K, reserved 1048576K
}
Event: 1.330 GC heap before
{Heap before GC invocations=2 (full 0):
 PSYoungGen      total 18944K, used 18919K [0x00000000eab00000, 0x00000000ec000000, 0x0000000100000000)
  eden space 16384K, 100% used [0x00000000eab00000,0x00000000ebb00000,0x00000000ebb00000)
  from space 2560K, 99% used [0x00000000ebb00000,0x00000000ebd79de8,0x00000000ebd80000)
  to   space 2560K, 0% used [0x00000000ebd80000,0x00000000ebd80000,0x00000000ec000000)
 ParOldGen       total 44032K, used 1832K [0x00000000c0000000, 0x00000000c2b00000, 0x00000000eab00000)
  object space 44032K, 4% used [0x00000000c0000000,0x00000000c01ca398,0x00000000c2b00000)
 Metaspace       used 5753K, capacity 6896K, committed 7040K, reserved 1056768K
  class space    used 579K, capacity 616K, committed 640K, reserved 1048576K
Event: 1.390 GC heap after
Heap after GC invocations=2 (full 0):
 PSYoungGen      total 18944K, used 2551K [0x00000000eab00000, 0x00000000ed000000, 0x0000000100000000)
  eden space 16384K, 0% used [0x00000000eab00000,0x00000000eab00000,0x00000000ebb00000)
  from space 2560K, 99% used [0x00000000ebd80000,0x00000000ebffddd8,0x00000000ec000000)
  to   space 2560K, 0% used [0x00000000ebb00000,0x00000000ebb00000,0x00000000ebd80000)
 ParOldGen       total 44032K, used 4838K [0x00000000c0000000, 0x00000000c2b00000, 0x00000000eab00000)
  object space 44032K, 10% used [0x00000000c0000000,0x00000000c04b9810,0x00000000c2b00000)
 Metaspace       used 5753K, capacity 6896K, committed 7040K, reserved 1056768K
  class space    used 579K, capacity 616K, committed 640K, reserved 1048576K
}
Event: 1.741 GC heap before
{Heap before GC invocations=3 (full 0):
 PSYoungGen      total 18944K, used 18935K [0x00000000eab00000, 0x00000000ed000000, 0x0000000100000000)
  eden space 16384K, 100% used [0x00000000eab00000,0x00000000ebb00000,0x00000000ebb00000)
  from space 2560K, 99% used [0x00000000ebd80000,0x00000000ebffddd8,0x00000000ec000000)
  to   space 2560K, 0% used [0x00000000ebb00000,0x00000000ebb00000,0x00000000ebd80000)
 ParOldGen       total 44032K, used 4838K [0x00000000c0000000, 0x00000000c2b00000, 0x00000000eab00000)
  object space 44032K, 10% used [0x00000000c0000000,0x00000000c04b9810,0x00000000c2b00000)
 Metaspace       used 5833K, capacity 6960K, committed 7040K, reserved 1056768K
  class space    used 580K, capacity 616K, committed 640K, reserved 1048576K
Event: 1.804 GC heap after
Heap after GC invocations=3 (full 0):
 PSYoungGen      total 18944K, used 2541K [0x00000000eab00000, 0x00000000ed000000, 0x0000000100000000)
  eden space 16384K, 0% used [0x00000000eab00000,0x00000000eab00000,0x00000000ebb00000)
  from space 2560K, 99% used [0x00000000ebb00000,0x00000000ebd7b680,0x00000000ebd80000)
  to   space 2560K, 0% used [0x00000000ecd80000,0x00000000ecd80000,0x00000000ed000000)
 ParOldGen       total 44032K, used 7391K [0x00000000c0000000, 0x00000000c2b00000, 0x00000000eab00000)
  object space 44032K, 16% used [0x00000000c0000000,0x00000000c0737c40,0x00000000c2b00000)
 Metaspace       used 5833K, capacity 6960K, committed 7040K, reserved 1056768K
  class space    used 580K, capacity 616K, committed 640K, reserved 1048576K
}

Deoptimization events (10 events):
Event: 1.474 Thread 0x00000000026e0800 Uncommon trap: reason=bimorphic action=maybe_recompile pc=0x0000000002a0e1f8 method=java.util.HashMap.getNode(ILjava/lang/Object;)Ljava/util/HashMap$Node; @ 126
Event: 1.474 Thread 0x00000000026e0800 Uncommon trap: reason=bimorphic action=maybe_recompile pc=0x0000000002a0e1f8 method=java.util.HashMap.getNode(ILjava/lang/Object;)Ljava/util/HashMap$Node; @ 126
Event: 1.481 Thread 0x00000000026e0800 Uncommon trap: reason=bimorphic action=maybe_recompile pc=0x0000000002a0e1f8 method=java.util.HashMap.getNode(ILjava/lang/Object;)Ljava/util/HashMap$Node; @ 126
Event: 1.808 Thread 0x0000000016a35800 Uncommon trap: reason=class_check action=maybe_recompile pc=0x0000000002c20f3c method=com.android.dx.ssa.NormalSsaInsn.accept(Lcom/android/dx/ssa/SsaInsn$Visitor;)V @ 9
Event: 1.808 Thread 0x0000000016a35800 Uncommon trap: reason=class_check action=maybe_recompile pc=0x0000000002c20f3c method=com.android.dx.ssa.NormalSsaInsn.accept(Lcom/android/dx/ssa/SsaInsn$Visitor;)V @ 9
Event: 1.808 Thread 0x0000000016a35800 Uncommon trap: reason=class_check action=maybe_recompile pc=0x0000000002c20f3c method=com.android.dx.ssa.NormalSsaInsn.accept(Lcom/android/dx/ssa/SsaInsn$Visitor;)V @ 9
Event: 1.808 Thread 0x0000000016a35800 Uncommon trap: reason=class_check action=maybe_recompile pc=0x0000000002c20f3c method=com.android.dx.ssa.NormalSsaInsn.accept(Lcom/android/dx/ssa/SsaInsn$Visitor;)V @ 9
Event: 1.818 Thread 0x00000000026e0800 Uncommon trap: reason=uninitialized action=reinterpret pc=0x0000000002cdadb4 method=com.android.dx.cf.code.BytecodeArray.parseInstruction(ILcom/android/dx/cf/code/BytecodeArray$Visitor;)I @ 1031
Event: 1.824 Thread 0x00000000026e0800 Uncommon trap: reason=unstable_if action=reinterpret pc=0x0000000002cfc948 method=com.android.dx.ssa.SCCP.simulateStmt(Lcom/android/dx/ssa/SsaInsn;)V @ 53
Event: 1.878 Thread 0x0000000016a35800 Uncommon trap: reason=unstable_if action=reinterpret pc=0x0000000002b7c7fc method=com.android.dx.util.IntList.binarysearch(I)I @ 105

Internal exceptions (2 events):
Event: 0.101 Thread 0x00000000026e0800 Exception <a 'java/lang/NoSuchMethodError': Method sun.misc.Unsafe.defineClass(Ljava/lang/String;[BII)Ljava/lang/Class; name or signature does not match> (0x00000000eab0d328) thrown at [C:\re\workspace\8-2-build-windows-amd64-cygwin\jdk8u60\4407\hotspot\sr¶ö»=o›π?
Event: 0.101 Thread 0x00000000026e0800 Exception <a 'java/lang/NoSuchMethodError': Method sun.misc.Unsafe.prefetchRead(Ljava/lang/Object;J)V name or signature does not match> (0x00000000eab0d610) thrown at [C:\re\workspace\8-2-build-windows-amd64-cygwin\jdk8u60\4407\hotspot\src\share\vm\prims\j

Events (10 events):
Event: 1.824 Thread 0x00000000026e0800 DEOPT UNPACKING pc=0x000000000282582a sp=0x00000000026de268 mode 2
Event: 1.878 Thread 0x0000000016a35800 Uncommon trap: trap_request=0xffffff65 fr.pc=0x0000000002b7c7fc
Event: 1.878 Thread 0x0000000016a35800 DEOPT PACKING pc=0x0000000002b7c7fc sp=0x00000000172eea40
Event: 1.878 Thread 0x0000000016a35800 DEOPT UNPACKING pc=0x000000000282582a sp=0x00000000172ee9b8 mode 2
Event: 2.023 loading class com/android/dx/dex/file/MethodAnnotationStruct
Event: 2.023 loading class com/android/dx/dex/file/MethodAnnotationStruct done
Event: 2.069 Thread 0x0000000016a35800 DEOPT PACKING pc=0x0000000002b12e65 sp=0x00000000172eead0
Event: 2.069 Thread 0x0000000016a35800 DEOPT UNPACKING pc=0x000000000282787f sp=0x00000000172ee8b0 mode 0
Event: 2.199 Thread 0x0000000016a35800 DEOPT PACKING pc=0x0000000002b12e65 sp=0x00000000172eeb30
Event: 2.199 Thread 0x0000000016a35800 DEOPT UNPACKING pc=0x000000000282787f sp=0x00000000172ee920 mode 0


Dynamic libraries:
0x00007ff7c5620000 - 0x00007ff7c5657000 	C:\Program Files\Java\jdk1.8.0_60\bin\java.exe
0x00007ff81eea0000 - 0x00007ff81f061000 	C:\Windows\SYSTEM32\ntdll.dll
0x00007ff81ec80000 - 0x00007ff81ed2d000 	C:\Windows\system32\KERNEL32.DLL
0x00007ff81bd10000 - 0x00007ff81bef8000 	C:\Windows\system32\KERNELBASE.dll
0x00007ff81e0c0000 - 0x00007ff81e167000 	C:\Windows\system32\ADVAPI32.dll
0x00007ff81e830000 - 0x00007ff81e8cd000 	C:\Windows\system32\msvcrt.dll
0x00007ff81c5b0000 - 0x00007ff81c60b000 	C:\Windows\system32\sechost.dll
0x00007ff81db70000 - 0x00007ff81dc8c000 	C:\Windows\system32\RPCRT4.dll
0x00007ff81ed30000 - 0x00007ff81ee86000 	C:\Windows\system32\USER32.dll
0x00007ff81de60000 - 0x00007ff81dfe6000 	C:\Windows\system32\GDI32.dll
0x00007ff80ed20000 - 0x00007ff80ef94000 	C:\Windows\WinSxS\amd64_microsoft.windows.common-controls_6595b64144ccf1df_6.0.10586.494_none_a2d8b04ea53e3145\COMCTL32.dll
0x00007ff81e8d0000 - 0x00007ff81eb4d000 	C:\Windows\system32\combase.dll
0x00007ff81b5c0000 - 0x00007ff81b62a000 	C:\Windows\system32\bcryptPrimitives.dll
0x00007ff81c310000 - 0x00007ff81c34b000 	C:\Windows\system32\IMM32.DLL
0x000000005b9f0000 - 0x000000005bac2000 	C:\Program Files\Java\jdk1.8.0_60\jre\bin\msvcr100.dll
0x000000005bf90000 - 0x000000005c819000 	C:\Program Files\Java\jdk1.8.0_60\jre\bin\server\jvm.dll
0x00007ff81e320000 - 0x00007ff81e328000 	C:\Windows\system32\PSAPI.DLL
0x00007ffff3a80000 - 0x00007ffff3a89000 	C:\Windows\SYSTEM32\WSOCK32.dll
0x00007ff810030000 - 0x00007ff81003a000 	C:\Windows\SYSTEM32\VERSION.dll
0x00007ff819bf0000 - 0x00007ff819c13000 	C:\Windows\SYSTEM32\WINMM.dll
0x00007ff81e330000 - 0x00007ff81e39b000 	C:\Windows\system32\WS2_32.dll
0x0000000000df0000 - 0x0000000000e1c000 	C:\Windows\SYSTEM32\WINMMBASE.dll
0x00007ff81b570000 - 0x00007ff81b5b3000 	C:\Windows\system32\cfgmgr32.dll
0x000000005bea0000 - 0x000000005beaf000 	C:\Program Files\Java\jdk1.8.0_60\jre\bin\verify.dll
0x000000005be70000 - 0x000000005be99000 	C:\Program Files\Java\jdk1.8.0_60\jre\bin\java.dll
0x000000005be50000 - 0x000000005be66000 	C:\Program Files\Java\jdk1.8.0_60\jre\bin\zip.dll
0x00007ff81c610000 - 0x00007ff81db6c000 	C:\Windows\system32\SHELL32.dll
0x00007ff81b630000 - 0x00007ff81bc75000 	C:\Windows\system32\windows.storage.dll
0x00007ff81c2b0000 - 0x00007ff81c302000 	C:\Windows\system32\shlwapi.dll
0x00007ff81b530000 - 0x00007ff81b53f000 	C:\Windows\system32\kernel.appcore.dll
0x00007ff81bf00000 - 0x00007ff81bfb5000 	C:\Windows\system32\shcore.dll
0x00007ff81b4e0000 - 0x00007ff81b52b000 	C:\Windows\system32\powrprof.dll
0x00007ff81b4c0000 - 0x00007ff81b4d4000 	C:\Windows\system32\profapi.dll

VM Arguments:
jvm_args: -Djava.awt.headless=true -Xmx1024M -Dfile.encoding=windows-1252 -Duser.country=IN -Duser.language=en -Duser.variant 
java_command: com.android.dx.command.Main --dex --force-jumbo --num-threads=4 --multi-dex --output E:\work\HomeImage\app\build\intermediates\transforms\dex\debug\folders\1000\5\slice_2 E:\work\HomeImage\app\build\intermediates\transforms\instantRunSlicer\debug\folders\1\5\slice_2
java_class_path (initial): E:\Android\sdk\build-tools\24.0.2\lib\dx.jar
Launcher Type: SUN_STANDARD

Environment Variables:
PATH=C:\ProgramData\Oracle\Java\javapath;C:\Program Files (x86)\Intel\iCLS Client\;C:\Program Files\Intel\iCLS Client\;C:\Windows\system32;C:\Windows;C:\Windows\System32\Wbem;C:\Windows\System32\WindowsPowerShell\v1.0\;C:\Program Files (x86)\AMD\ATI.ACE\Core-Static;C:\Program Files\Intel\Intel(R) Management Engine Components\DAL;C:\Program Files\Intel\Intel(R) Management Engine Components\IPT;C:\Program Files (x86)\Intel\Intel(R) Management Engine Components\DAL;C:\Program Files (x86)\Intel\Intel(R) Management Engine Components\IPT;E:\Android\sdk\ndk-bundle;E:\Android\sdk\platform-tools;C:\Program Files (x86)\Skype\Phone\;C:\Program Files (x86)\Windows Live\Shared
USERNAME=Family
OS=Windows_NT
PROCESSOR_IDENTIFIER=Intel64 Family 6 Model 69 Stepping 1, GenuineIntel



---------------  S Y S T E M  ---------------

OS: Windows 10.0 , 64 bit Build 10586 (10.0.10586.0)

CPU:total 4 (2 cores per cpu, 2 threads per core) family 6 model 69 stepping 1, cmov, cx8, fxsr, mmx, sse, sse2, sse3, ssse3, sse4.1, sse4.2, popcnt, avx, avx2, aes, clmul, erms, lzcnt, ht, tsc, tscinvbit, bmi1, bmi2

Memory: 4k page, physical 4072408k(454512k free), swap 7498696k(7340k free)

vm_info: Java HotSpot(TM) 64-Bit Server VM (25.60-b23) for windows-amd64 JRE (1.8.0_60-b27), built on Aug  4 2015 11:06:27 by "java_re" with MS VC++ 10.0 (VS2010)

time: Thu Sep 08 14:40:28 2016
elapsed time: 2 seconds (0d 0h 0m 2s)

