#
# There is insufficient memory for the Java Runtime Environment to continue.
# Native memory allocation (malloc) failed to allocate 1048576 bytes for AllocateHeap
# Possible reasons:
#   The system is out of physical RAM or swap space
#   In 32 bit mode, the process size limit was hit
# Possible solutions:
#   Reduce memory load on the system
#   Increase physical memory or swap space
#   Check if swap backing store is full
#   Use 64 bit Java on a 64 bit OS
#   Decrease Java heap size (-Xmx/-Xms)
#   Decrease number of Java threads
#   Decrease Java thread stack sizes (-Xss)
#   Set larger code cache with -XX:ReservedCodeCacheSize=
# This output file may be truncated or incomplete.
#
#  Out of Memory Error (memory/allocation.inline.hpp:61), pid=912, tid=8188
#
# JRE version:  (8.0_60-b27) (build )
# Java VM: Java HotSpot(TM) 64-Bit Server VM (25.60-b23 mixed mode windows-amd64 compressed oops)
# Failed to write core dump. Minidumps are not enabled by default on client versions of Windows
#

---------------  T H R E A D  ---------------

Current thread (0x0000000002e40800):  JavaThread "Unknown thread" [_thread_in_vm, id=8188, stack(0x0000000002b60000,0x0000000002c60000)]

Stack: [0x0000000002b60000,0x0000000002c60000]
[error occurred during error reporting (printing stack bounds), id 0xc0000005]

Native frames: (J=compiled Java code, j=interpreted, Vv=VM code, C=native code)


---------------  P R O C E S S  ---------------

Java Threads: ( => current thread )

Other Threads:

=>0x0000000002e40800 (exited) JavaThread "Unknown thread" [_thread_in_vm, id=8188, stack(0x0000000002b60000,0x0000000002c60000)]

VM state:not at safepoint (normal execution)

VM Mutex/Monitor currently owned by a thread: None

Heap:
 PSYoungGen      total 18944K, used 327K [0x00000000eab00000, 0x00000000ec000000, 0x0000000100000000)
  eden space 16384K, 2% used [0x00000000eab00000,0x00000000eab51ec8,0x00000000ebb00000)
  from space 2560K, 0% used [0x00000000ebd80000,0x00000000ebd80000,0x00000000ec000000)
  to   space 2560K, 0% used [0x00000000ebb00000,0x00000000ebb00000,0x00000000ebd80000)
 ParOldGen       total 44032K, used 0K [0x00000000c0000000, 0x00000000c2b00000, 0x00000000eab00000)
  object space 44032K, 0% used [0x00000000c0000000,0x00000000c0000000,0x00000000c2b00000)
 Metaspace       used 767K, capacity 4480K, committed 4480K, reserved 1056768K
  class space    used 75K, capacity 384K, committed 384K, reserved 1048576K

Card table byte_map: [0x0000000012300000,0x0000000012510000] byte_map_base: 0x0000000011d00000

Marking Bits: (ParMarkBitMap*) 0x000000005c79a5b0
 Begin Bits: [0x0000000012a70000, 0x0000000013a70000)
 End Bits:   [0x0000000013a70000, 0x0000000014a70000)

Polling page: 0x0000000001370000

CodeCache: size=245760Kb used=328Kb max_used=328Kb free=245431Kb
 bounds [0x0000000002f40000, 0x00000000031b0000, 0x0000000011f40000]
 total_blobs=57 nmethods=0 adapters=37
 compilation: enabled

Compilation events (0 events):
No events

GC Heap History (0 events):
No events

Deoptimization events (0 events):
No events

Internal exceptions (0 events):
No events

Events (10 events):
Event: 0.494 loading class java/lang/Short
Event: 0.494 loading class java/lang/Short done
Event: 0.494 loading class java/lang/Integer
Event: 0.495 loading class java/lang/Integer done
Event: 0.495 loading class java/lang/Long
Event: 0.495 loading class java/lang/Long done
Event: 0.496 loading class java/lang/NullPointerException
Event: 0.496 loading class java/lang/NullPointerException done
Event: 0.496 loading class java/lang/ArithmeticException
Event: 0.496 loading class java/lang/ArithmeticException done


Dynamic libraries:
0x00007ff7c5620000 - 0x00007ff7c5657000 	C:\Program Files\Java\jdk1.8.0_60\bin\java.exe
0x00007ff81eea0000 - 0x00007ff81f061000 	C:\Windows\SYSTEM32\ntdll.dll
0x00007ff81ec80000 - 0x00007ff81ed2d000 	C:\Windows\system32\KERNEL32.DLL
0x00007ff81bd10000 - 0x00007ff81bef8000 	C:\Windows\system32\KERNELBASE.dll
0x00007ff81e0c0000 - 0x00007ff81e167000 	C:\Windows\system32\ADVAPI32.dll
0x00007ff81e830000 - 0x00007ff81e8cd000 	C:\Windows\system32\msvcrt.dll
0x00007ff81c5b0000 - 0x00007ff81c60b000 	C:\Windows\system32\sechost.dll
0x00007ff81db70000 - 0x00007ff81dc8c000 	C:\Windows\system32\RPCRT4.dll
0x00007ff81ed30000 - 0x00007ff81ee86000 	C:\Windows\system32\USER32.dll
0x00007ff81de60000 - 0x00007ff81dfe6000 	C:\Windows\system32\GDI32.dll
0x00007ff80ed20000 - 0x00007ff80ef94000 	C:\Windows\WinSxS\amd64_microsoft.windows.common-controls_6595b64144ccf1df_6.0.10586.494_none_a2d8b04ea53e3145\COMCTL32.dll
0x00007ff81e8d0000 - 0x00007ff81eb4d000 	C:\Windows\system32\combase.dll
0x00007ff81b5c0000 - 0x00007ff81b62a000 	C:\Windows\system32\bcryptPrimitives.dll
0x00007ff81c310000 - 0x00007ff81c34b000 	C:\Windows\system32\IMM32.DLL
0x000000005b9f0000 - 0x000000005bac2000 	C:\Program Files\Java\jdk1.8.0_60\jre\bin\msvcr100.dll
0x000000005bf90000 - 0x000000005c819000 	C:\Program Files\Java\jdk1.8.0_60\jre\bin\server\jvm.dll
0x00007ff81e320000 - 0x00007ff81e328000 	C:\Windows\system32\PSAPI.DLL
0x00007ffff3a80000 - 0x00007ffff3a89000 	C:\Windows\SYSTEM32\WSOCK32.dll
0x00007ff81e330000 - 0x00007ff81e39b000 	C:\Windows\system32\WS2_32.dll
0x00007ff819bf0000 - 0x00007ff819c13000 	C:\Windows\SYSTEM32\WINMM.dll
0x00007ff810030000 - 0x00007ff81003a000 	C:\Windows\SYSTEM32\VERSION.dll
0x00007ff819b60000 - 0x00007ff819b8c000 	C:\Windows\SYSTEM32\WINMMBASE.dll
0x00007ff81b570000 - 0x00007ff81b5b3000 	C:\Windows\system32\cfgmgr32.dll
0x000000005bea0000 - 0x000000005beaf000 	C:\Program Files\Java\jdk1.8.0_60\jre\bin\verify.dll
0x000000005be70000 - 0x000000005be99000 	C:\Program Files\Java\jdk1.8.0_60\jre\bin\java.dll
0x000000005be50000 - 0x000000005be66000 	C:\Program Files\Java\jdk1.8.0_60\jre\bin\zip.dll

VM Arguments:
jvm_args: -Djava.awt.headless=true -Xmx1024M -Dfile.encoding=windows-1252 -Duser.country=IN -Duser.language=en -Duser.variant 
java_command: com.android.dx.command.Main --dex --force-jumbo --num-threads=4 --multi-dex --output E:\work\HomeImage\app\build\intermediates\transforms\dex\debug\folders\1000\5\slice_6 E:\work\HomeImage\app\build\intermediates\transforms\instantRunSlicer\debug\folders\1\5\slice_6
java_class_path (initial): E:\Android\sdk\build-tools\24.0.2\lib\dx.jar
Launcher Type: SUN_STANDARD

Environment Variables:
PATH=C:\ProgramData\Oracle\Java\javapath;C:\Program Files (x86)\Intel\iCLS Client\;C:\Program Files\Intel\iCLS Client\;C:\Windows\system32;C:\Windows;C:\Windows\System32\Wbem;C:\Windows\System32\WindowsPowerShell\v1.0\;C:\Program Files (x86)\AMD\ATI.ACE\Core-Static;C:\Program Files\Intel\Intel(R) Management Engine Components\DAL;C:\Program Files\Intel\Intel(R) Management Engine Components\IPT;C:\Program Files (x86)\Intel\Intel(R) Management Engine Components\DAL;C:\Program Files (x86)\Intel\Intel(R) Management Engine Components\IPT;E:\Android\sdk\ndk-bundle;E:\Android\sdk\platform-tools;C:\Program Files (x86)\Skype\Phone\;C:\Program Files (x86)\Windows Live\Shared
USERNAME=Family
OS=Windows_NT
PROCESSOR_IDENTIFIER=Intel64 Family 6 Model 69 Stepping 1, GenuineIntel



---------------  S Y S T E M  ---------------

OS: Windows 10.0 , 64 bit Build 10586 (10.0.10586.0)

CPU:total 4 (2 cores per cpu, 2 threads per core) family 6 model 69 stepping 1, cmov, cx8, fxsr, mmx, sse, sse2, sse3, ssse3, sse4.1, sse4.2, popcnt, avx, avx2, aes, clmul, erms, lzcnt, ht, tsc, tscinvbit, bmi1, bmi2

Memory: 4k page, physical 4072408k(383916k free), swap 7498696k(6000k free)

vm_info: Java HotSpot(TM) 64-Bit Server VM (25.60-b23) for windows-amd64 JRE (1.8.0_60-b27), built on Aug  4 2015 11:06:27 by "java_re" with MS VC++ 10.0 (VS2010)

time: Thu Sep 08 14:40:37 2016
elapsed time: 0 seconds (0d 0h 0m 0s)

